{"action":27,"origin":"ac131903","date":"2024-01-20T19:56:15","phones":[],"objects":[],"characters":[],"vehicles":[],"interiors":[],"accounts":[131903],"content":"Conectado desde 192.168.56.1 - 7CFC369BF14E7B5B0D5192186B1891F2","factions":[]}
{"action":27,"origin":"ac131903","date":"2024-01-20T19:56:23","phones":[],"objects":[],"characters":[51711],"vehicles":[],"interiors":[],"accounts":[131903],"content":"Spawned","factions":[]}
{"action":6,"origin":"ch51711","date":"2024-01-20T20:03:32","phones":[],"objects":[],"characters":[51711],"vehicles":[],"interiors":[],"accounts":[],"content":"VEH 419 created with ID -1","factions":[]}
{"action":6,"origin":"ch51711","date":"2024-01-20T20:03:41","phones":[],"objects":[],"characters":[51711],"vehicles":[],"interiors":[],"accounts":[],"content":"VEH 429 created with ID -2","factions":[]}
{"action":31,"origin":"ch51711","date":"2024-01-20T20:03:48","phones":[],"objects":[],"characters":[51711],"vehicles":[-2],"interiors":[],"accounts":[],"content":"STARTED ENGINE","factions":[]}
{"action":40,"origin":"ch51711","date":"2024-01-20T20:06:25","phones":[],"objects":[],"characters":[51711],"vehicles":[],"interiors":[],"accounts":[],"content":"Danny Occean attempts to start the engine but fails.","factions":[]}
{"action":27,"origin":"ac131903","date":"2024-01-20T20:13:34","phones":[],"objects":[],"characters":[51711],"vehicles":[],"interiors":[],"accounts":[131903],"content":"Desconectado (Quit) (Nombre: Danny_Occean)","factions":[]}
{"action":27,"origin":"ac131903","date":"2024-01-20T20:40:40","phones":[],"objects":[],"characters":[],"vehicles":[],"interiors":[],"accounts":[131903],"content":"Conectado desde 192.168.56.1 - 7CFC369BF14E7B5B0D5192186B1891F2","factions":[]}
{"action":27,"origin":"ac131903","date":"2024-01-20T20:40:48","phones":[],"objects":[],"characters":[51711],"vehicles":[],"interiors":[],"accounts":[131903],"content":"Spawned","factions":[]}
{"action":34,"origin":"ch51711","date":"2024-01-20T20:40:52","phones":[],"objects":[],"characters":[51711],"vehicles":[],"interiors":[],"accounts":[],"content":" died","factions":[]}
{"action":4,"origin":"ch51711","date":"2024-01-20T20:41:00","phones":[],"objects":[],"characters":[51711],"vehicles":[],"interiors":[],"accounts":[],"content":"REVIVIDO desde PK","factions":[]}
{"action":27,"origin":"ac131904","date":"2024-01-20T20:43:29","phones":[],"objects":[],"characters":[],"vehicles":[],"interiors":[],"accounts":[131904],"content":"Conectado desde 186.174.200.171 - D07C3066987A767946F05743B08A1FA4","factions":[]}
{"action":27,"origin":"ac131904","date":"2024-01-20T20:43:45","phones":[],"objects":[],"characters":[51713],"vehicles":[],"interiors":[],"accounts":[131904],"content":"Spawned","factions":[]}
{"action":4,"origin":"ch51713","date":"2024-01-20T20:44:06","phones":[],"objects":[],"characters":[51711],"vehicles":[],"interiors":[],"accounts":[],"content":"SETHP 100","factions":[]}
{"action":4,"origin":"ch51713","date":"2024-01-20T20:44:13","phones":[],"objects":[],"characters":[51713],"vehicles":[],"interiors":[],"accounts":[],"content":"SETHP 100","factions":[]}
{"action":6,"origin":"ch51713","date":"2024-01-20T20:45:16","phones":[],"objects":[],"characters":[51713],"vehicles":[],"interiors":[],"accounts":[],"content":"VEH 3319 created with ID -1","factions":[]}
{"action":40,"origin":"ch51713","date":"2024-01-20T20:45:18","phones":[],"objects":[],"characters":[51711,51713],"vehicles":[],"interiors":[],"accounts":[],"content":"500 pesos Presiona la llave para bloquear el vehículo.. ((1469 tetamovil v1))","factions":[]}
{"action":31,"origin":"ch51713","date":"2024-01-20T20:45:18","phones":[],"objects":[],"characters":[],"vehicles":[-1],"interiors":[],"accounts":[],"content":"BLOQUEO DESDE EL EXTERIOR","factions":[]}
{"action":40,"origin":"ch51713","date":"2024-01-20T20:45:21","phones":[],"objects":[],"characters":[51711,51713],"vehicles":[],"interiors":[],"accounts":[],"content":"500 pesos presiona la llave para desbloquear el vehículo. ((1469 tetamovil v1))","factions":[]}
{"action":31,"origin":"ch51713","date":"2024-01-20T20:45:21","phones":[],"objects":[],"characters":[],"vehicles":[-1],"interiors":[],"accounts":[],"content":"DESBLOQUEO DESDE EL EXTERIOR","factions":[]}
{"action":31,"origin":"ch51713","date":"2024-01-20T20:45:24","phones":[],"objects":[],"characters":[51713],"vehicles":[-1],"interiors":[],"accounts":[],"content":"STARTED ENGINE","factions":[]}
{"action":4,"origin":"ch51713","date":"2024-01-20T20:50:28","phones":[],"objects":[],"characters":[51713],"vehicles":[],"interiors":[],"accounts":[],"content":"FREECAM","factions":[]}
{"action":40,"origin":"ch51711","date":"2024-01-20T20:50:50","phones":[],"objects":[],"characters":[51711],"vehicles":[],"interiors":[],"accounts":[],"content":"Danny Occean pierna derecha fue golpeada.","factions":[]}
{"action":40,"origin":"ch51711","date":"2024-01-20T20:50:53","phones":[],"objects":[],"characters":[51711,51713],"vehicles":[],"interiors":[],"accounts":[],"content":"Danny Occean pierna izquierda fue golpeada.","factions":[]}
{"action":4,"origin":"ch51711","date":"2024-01-20T20:50:58","phones":[],"objects":[],"characters":[51711],"vehicles":[],"interiors":[],"accounts":[],"content":"SETHP 100","factions":[]}
{"action":4,"origin":"ch51713","date":"2024-01-20T20:51:13","phones":[],"objects":[],"characters":[51713],"vehicles":[],"interiors":[],"accounts":[],"content":"GIVEITEM Lift Remote 1","factions":[]}
{"action":6,"origin":"ch51713","date":"2024-01-20T20:51:18","phones":[],"objects":[],"characters":[51713],"vehicles":[],"interiors":[],"accounts":[],"content":"VEH 88 created with ID -2","factions":[]}
{"action":31,"origin":"ch51713","date":"2024-01-20T20:51:22","phones":[],"objects":[],"characters":[51713],"vehicles":[-2],"interiors":[],"accounts":[],"content":"STARTED ENGINE","factions":[]}
{"action":40,"origin":"ch51713","date":"2024-01-20T20:52:05","phones":[],"objects":[],"characters":[51711,51713],"vehicles":[],"interiors":[],"accounts":[],"content":"500 pesos Presiona la llave para bloquear el vehículo.. ((2014 Ford F-350 King Ranch))","factions":[]}
{"action":31,"origin":"ch51713","date":"2024-01-20T20:52:05","phones":[],"objects":[],"characters":[],"vehicles":[-2],"interiors":[],"accounts":[],"content":"BLOQUEO DESDE EL EXTERIOR","factions":[]}
{"action":40,"origin":"ch51713","date":"2024-01-20T20:52:09","phones":[],"objects":[],"characters":[51711,51713],"vehicles":[],"interiors":[],"accounts":[],"content":"500 pesos presses the button on the ramp controls raising the car lift.","factions":[]}
{"action":4,"origin":"ch51713","date":"2024-01-20T20:52:36","phones":[],"objects":[],"characters":[51713],"vehicles":[],"interiors":[],"accounts":[],"content":"FREECAM","factions":[]}
{"action":6,"origin":"ch51713","date":"2024-01-20T20:53:43","phones":[],"objects":[],"characters":[51713],"vehicles":[],"interiors":[],"accounts":[],"content":"VEH 980 created with ID -3","factions":[]}
{"action":6,"origin":"ch51713","date":"2024-01-20T20:53:49","phones":[],"objects":[],"characters":[51713],"vehicles":[],"interiors":[],"accounts":[],"content":"VEH 550 created with ID -4","factions":[]}
{"action":40,"origin":"ch51713","date":"2024-01-20T20:55:03","phones":[],"objects":[],"characters":[51713],"vehicles":[],"interiors":[],"accounts":[],"content":"500 pesos presses the button on the ramp controls lowering the car lift.","factions":[]}
{"action":40,"origin":"ch51713","date":"2024-01-20T20:55:08","phones":[],"objects":[],"characters":[51713],"vehicles":[],"interiors":[],"accounts":[],"content":"500 pesos presses the button on the ramp controls raising the car lift.","factions":[]}
{"action":40,"origin":"ch51713","date":"2024-01-20T20:55:08","phones":[],"objects":[],"characters":[51713],"vehicles":[],"interiors":[],"accounts":[],"content":"500 pesos presses the button on the ramp controls lowering the car lift.","factions":[]}
{"action":31,"origin":"ch51713","date":"2024-01-20T20:55:14","phones":[],"objects":[],"characters":[51713],"vehicles":[-4],"interiors":[],"accounts":[],"content":"STARTED ENGINE","factions":[]}
{"action":40,"origin":"ch51713","date":"2024-01-20T20:55:35","phones":[],"objects":[],"characters":[51713],"vehicles":[],"interiors":[],"accounts":[],"content":"500 pesos presses the button on the ramp controls raising the car lift.","factions":[]}
{"action":40,"origin":"ch51713","date":"2024-01-20T20:55:40","phones":[],"objects":[],"characters":[51713],"vehicles":[],"interiors":[],"accounts":[],"content":"500 pesos presses the button on the ramp controls lowering the car lift.","factions":[]}
{"action":40,"origin":"ch51713","date":"2024-01-20T20:55:53","phones":[],"objects":[],"characters":[51713],"vehicles":[],"interiors":[],"accounts":[],"content":"500 pesos presses the button on the ramp controls raising the car lift.","factions":[]}
{"action":40,"origin":"ch51713","date":"2024-01-20T20:55:59","phones":[],"objects":[],"characters":[51713],"vehicles":[],"interiors":[],"accounts":[],"content":"500 pesos presses the button on the ramp controls raising the car lift.","factions":[]}
{"action":40,"origin":"ch51713","date":"2024-01-20T21:07:34","phones":[],"objects":[],"characters":[51711,51713],"vehicles":[],"interiors":[],"accounts":[],"content":"500 pesos presses the button on the ramp controls lowering the car lift.","factions":[]}
{"action":40,"origin":"ch51713","date":"2024-01-20T21:07:43","phones":[],"objects":[],"characters":[51711,51713],"vehicles":[],"interiors":[],"accounts":[],"content":"500 pesos presses the button on the ramp controls raising the car lift.","factions":[]}
{"action":40,"origin":"ch51713","date":"2024-01-20T21:07:45","phones":[],"objects":[],"characters":[51711,51713],"vehicles":[],"interiors":[],"accounts":[],"content":"500 pesos presses the button on the ramp controls lowering the car lift.","factions":[]}
{"action":40,"origin":"ch51713","date":"2024-01-20T21:07:48","phones":[],"objects":[],"characters":[51711,51713],"vehicles":[],"interiors":[],"accounts":[],"content":"500 pesos presses the button on the ramp controls raising the car lift.","factions":[]}
{"action":39,"origin":"ch51713","date":"2024-01-20T21:07:52","phones":[],"objects":[],"characters":[51713],"vehicles":[],"interiors":[],"accounts":[],"content":"500_pesos->player #51711 - Item ID: 151 - Lift Remote @ (1998.52734375, -2369.2412109375, 13.546875) in (int 0, dim 0)","factions":[]}
{"action":40,"origin":"ch51711","date":"2024-01-20T21:08:06","phones":[],"objects":[],"characters":[51711,51713],"vehicles":[],"interiors":[],"accounts":[],"content":"Danny Occean presses the button on the ramp controls lowering the car lift.","factions":[]}
{"action":40,"origin":"ch51711","date":"2024-01-20T21:08:09","phones":[],"objects":[],"characters":[51711,51713],"vehicles":[],"interiors":[],"accounts":[],"content":"Danny Occean presses the button on the ramp controls raising the car lift.","factions":[]}
{"action":39,"origin":"ch51711","date":"2024-01-20T21:08:14","phones":[],"objects":[],"characters":[51711],"vehicles":[],"interiors":[],"accounts":[],"content":"Danny_Occean -> ~World #875622 - Lift Remote - 1 @ (1995.3014, -2370.0625, 12.546875) in (int 0, dim 0)","factions":[]}
{"action":40,"origin":"ch51711","date":"2024-01-20T21:08:14","phones":[],"objects":[],"characters":[51711,51713],"vehicles":[],"interiors":[],"accounts":[],"content":"Danny Occean dropped a Lift Remote.","factions":[]}
{"action":31,"origin":"ch51711","date":"2024-01-20T21:08:25","phones":[],"objects":[],"characters":[51711],"vehicles":[-3],"interiors":[],"accounts":[],"content":"STARTED ENGINE","factions":[]}
{"action":40,"origin":"ch51713","date":"2024-01-20T21:09:24","phones":[],"objects":[],"characters":[51711,51713],"vehicles":[],"interiors":[],"accounts":[],"content":"500 pesos destroyed a Lift Remote.","factions":[]}
{"action":40,"origin":"ch51713","date":"2024-01-20T21:09:25","phones":[],"objects":[],"characters":[51711,51713],"vehicles":[],"interiors":[],"accounts":[],"content":"500 pesos destroyed a Lift Remote.","factions":[]}
{"action":40,"origin":"ch51713","date":"2024-01-20T21:09:26","phones":[],"objects":[],"characters":[51711,51713],"vehicles":[],"interiors":[],"accounts":[],"content":"500 pesos shows everyone a Lift Remote.","factions":[]}
{"action":31,"origin":"ch51711","date":"2024-01-20T21:09:26","phones":[],"objects":[],"characters":[51711],"vehicles":[-4],"interiors":[],"accounts":[],"content":"STARTED ENGINE","factions":[]}
{"action":40,"origin":"ch51713","date":"2024-01-20T21:09:27","phones":[],"objects":[],"characters":[51711,51713],"vehicles":[],"interiors":[],"accounts":[],"content":"500 pesos destroyed a Lift Remote.","factions":[]}
{"action":4,"origin":"ch51713","date":"2024-01-20T21:09:51","phones":[],"objects":[],"characters":[51713],"vehicles":[],"interiors":[],"accounts":[],"content":"FREECAM","factions":[]}
{"action":6,"origin":"ch51713","date":"2024-01-20T21:10:05","phones":[],"objects":[],"characters":[],"vehicles":[29213],"interiors":[],"accounts":[],"content":"BOUGHTNEWCAR DFT-30 (Custom Model ID #264, Price: $29,500)","factions":[]}
{"action":4,"origin":"ch51713","date":"2024-01-20T21:10:15","phones":[],"objects":[],"characters":[51713],"vehicles":[],"interiors":[],"accounts":[],"content":"GIVEITEM Ramp 1","factions":[]}
{"action":4,"origin":"ch51713","date":"2024-01-20T21:10:15","phones":[],"objects":[],"characters":[51713],"vehicles":[],"interiors":[],"accounts":[],"content":"GIVEITEM Ramp 1","factions":[]}
{"action":40,"origin":"ch51713","date":"2024-01-20T21:10:19","phones":[],"objects":[],"characters":[51711,51713],"vehicles":[],"interiors":[],"accounts":[],"content":"500 pesos presiona la llave para desbloquear el vehículo. ((2000 Iveco Cargo Flatbed))","factions":[]}
{"action":31,"origin":"ch51713","date":"2024-01-20T21:10:19","phones":[],"objects":[],"characters":[],"vehicles":[29213],"interiors":[],"accounts":[],"content":"DESBLOQUEO DESDE EL EXTERIOR","factions":[]}
{"action":31,"origin":"ch51713","date":"2024-01-20T21:10:24","phones":[],"objects":[],"characters":[51713],"vehicles":[29213],"interiors":[],"accounts":[],"content":"STARTED ENGINE","factions":[]}
{"action":6,"origin":"ch51711","date":"2024-01-20T21:10:41","phones":[],"objects":[],"characters":[51711],"vehicles":[],"interiors":[],"accounts":[],"content":"VEH 419 created with ID -5","factions":[]}
{"action":40,"origin":"ch51713","date":"2024-01-20T21:10:49","phones":[],"objects":[],"characters":[51711,51713],"vehicles":[],"interiors":[],"accounts":[],"content":"500 pesos puts a Ramp inside the 2000 Iveco Cargo Flatbed.","factions":[]}
{"action":39,"origin":"ch51713","date":"2024-01-20T21:10:49","phones":[],"objects":[],"characters":[51713],"vehicles":[],"interiors":[],"accounts":[],"content":"500_pesos->2000 Iveco Cargo Flatbed #29213 - Item ID: 117 - Ramp @ (2083.3994140625, -2109.205078125, 13.968466758728) in (int 0, dim 0)","factions":[]}
{"action":31,"origin":"ch51711","date":"2024-01-20T21:10:51","phones":[],"objects":[],"characters":[51711],"vehicles":[-5],"interiors":[],"accounts":[],"content":"STARTED ENGINE","factions":[]}
{"action":31,"origin":"ch51711","date":"2024-01-20T21:11:10","phones":[],"objects":[],"characters":[51711],"vehicles":[-5],"interiors":[],"accounts":[],"content":"STARTED ENGINE","factions":[]}
{"action":31,"origin":"ch51711","date":"2024-01-20T21:11:17","phones":[],"objects":[],"characters":[51711],"vehicles":[-5],"interiors":[],"accounts":[],"content":"STARTED ENGINE","factions":[]}
{"action":6,"origin":"ch51711","date":"2024-01-20T21:11:52","phones":[],"objects":[],"characters":[51711],"vehicles":[],"interiors":[],"accounts":[],"content":"VEH 419 created with ID -6","factions":[]}
{"action":6,"origin":"ch51711","date":"2024-01-20T21:12:08","phones":[],"objects":[],"characters":[51711],"vehicles":[],"interiors":[],"accounts":[],"content":"VEH 570 created with ID -7","factions":[]}
{"action":31,"origin":"ch51711","date":"2024-01-20T21:12:12","phones":[],"objects":[],"characters":[51711],"vehicles":[-7],"interiors":[],"accounts":[],"content":"STARTED ENGINE","factions":[]}
{"action":31,"origin":"ch51711","date":"2024-01-20T21:12:23","phones":[],"objects":[],"characters":[51711],"vehicles":[-7],"interiors":[],"accounts":[],"content":"STARTED ENGINE","factions":[]}
{"action":6,"origin":"ch51711","date":"2024-01-20T21:14:25","phones":[],"objects":[],"characters":[51711],"vehicles":[],"interiors":[],"accounts":[],"content":"VEH 1009 created with ID -8","factions":[]}
{"action":31,"origin":"ch51711","date":"2024-01-20T21:14:30","phones":[],"objects":[],"characters":[51711],"vehicles":[-8],"interiors":[],"accounts":[],"content":"STARTED ENGINE","factions":[]}
{"action":40,"origin":"ch51711","date":"2024-01-20T21:15:05","phones":[],"objects":[],"characters":[51711,51713],"vehicles":[],"interiors":[],"accounts":[],"content":"Danny Occean Presiona la llave para bloquear el vehículo.. ((2000 Nissan Integra Type-R))","factions":[]}
{"action":31,"origin":"ch51711","date":"2024-01-20T21:15:05","phones":[],"objects":[],"characters":[],"vehicles":[-8],"interiors":[],"accounts":[],"content":"BLOQUEO DESDE EL EXTERIOR","factions":[]}
{"action":40,"origin":"ch51711","date":"2024-01-20T21:15:08","phones":[],"objects":[],"characters":[51711,51713],"vehicles":[],"interiors":[],"accounts":[],"content":"Danny Occean presiona la llave para desbloquear el vehículo. ((2000 Nissan Integra Type-R))","factions":[]}
{"action":31,"origin":"ch51711","date":"2024-01-20T21:15:08","phones":[],"objects":[],"characters":[],"vehicles":[-8],"interiors":[],"accounts":[],"content":"DESBLOQUEO DESDE EL EXTERIOR","factions":[]}
{"action":31,"origin":"ch51711","date":"2024-01-20T21:15:13","phones":[],"objects":[],"characters":[51711],"vehicles":[-8],"interiors":[],"accounts":[],"content":"STARTED ENGINE","factions":[]}
{"action":4,"origin":"ch51713","date":"2024-01-20T21:15:31","phones":[],"objects":[],"characters":[51713],"vehicles":[],"interiors":[],"accounts":[],"content":"ANN All vehicles repaired by Admin 500_pesos.","factions":[]}
{"action":6,"origin":"ch51713","date":"2024-01-20T21:16:30","phones":[],"objects":[],"characters":[],"vehicles":[29214],"interiors":[],"accounts":[],"content":"BOUGHTNEWCAR Savanna (Custom Model ID #67, Price: $33,459)","factions":[]}
{"action":40,"origin":"ch51713","date":"2024-01-20T21:16:34","phones":[],"objects":[],"characters":[51713],"vehicles":[],"interiors":[],"accounts":[],"content":"500 pesos presiona la llave para desbloquear el vehículo. ((1963 Chevrolet Impala SS))","factions":[]}
{"action":31,"origin":"ch51713","date":"2024-01-20T21:16:34","phones":[],"objects":[],"characters":[],"vehicles":[29214],"interiors":[],"accounts":[],"content":"DESBLOQUEO DESDE EL EXTERIOR","factions":[]}
{"action":31,"origin":"ch51713","date":"2024-01-20T21:16:40","phones":[],"objects":[],"characters":[51713],"vehicles":[29214],"interiors":[],"accounts":[],"content":"STARTED ENGINE","factions":[]}
{"action":4,"origin":"ch51713","date":"2024-01-20T21:16:54","phones":[],"objects":[],"characters":[51713],"vehicles":[],"interiors":[],"accounts":[],"content":"RESETCARSHOP","factions":[]}
{"action":6,"origin":"ch51713","date":"2024-01-20T21:17:00","phones":[],"objects":[],"characters":[],"vehicles":[29215],"interiors":[],"accounts":[],"content":"BOUGHTNEWCAR Windsor (Custom Model ID #284, Price: $28,500)","factions":[]}
{"action":40,"origin":"ch51713","date":"2024-01-20T21:17:01","phones":[],"objects":[],"characters":[51713],"vehicles":[],"interiors":[],"accounts":[],"content":"500 pesos presiona la llave para desbloquear el vehículo. ((1963 Triumph Spitfire))","factions":[]}
{"action":31,"origin":"ch51713","date":"2024-01-20T21:17:01","phones":[],"objects":[],"characters":[],"vehicles":[29215],"interiors":[],"accounts":[],"content":"DESBLOQUEO DESDE EL EXTERIOR","factions":[]}
{"action":31,"origin":"ch51713","date":"2024-01-20T21:17:05","phones":[],"objects":[],"characters":[51713],"vehicles":[29215],"interiors":[],"accounts":[],"content":"STARTED ENGINE","factions":[]}
{"action":27,"origin":"ac131904","date":"2024-01-20T21:17:47","phones":[],"objects":[],"characters":[51713],"vehicles":[],"interiors":[],"accounts":[131904],"content":"Desconectado (Quit) (Nombre: 500_pesos)","factions":[]}
{"action":40,"origin":"ch51711","date":"2024-01-20T21:20:47","phones":[],"objects":[],"characters":[51711],"vehicles":[],"interiors":[],"accounts":[],"content":"Danny Occean pierna izquierda fue golpeada.","factions":[]}
{"action":4,"origin":"ch51711","date":"2024-01-20T21:20:52","phones":[],"objects":[],"characters":[51711],"vehicles":[],"interiors":[],"accounts":[],"content":"SETHP 100","factions":[]}
{"action":27,"origin":"ac131904","date":"2024-01-20T21:23:21","phones":[],"objects":[],"characters":[],"vehicles":[],"interiors":[],"accounts":[131904],"content":"Conectado desde 186.174.200.171 - D07C3066987A767946F05743B08A1FA4","factions":[]}
{"action":27,"origin":"ac131904","date":"2024-01-20T21:23:29","phones":[],"objects":[],"characters":[51713],"vehicles":[],"interiors":[],"accounts":[131904],"content":"Spawned","factions":[]}
{"action":40,"origin":"ch51713","date":"2024-01-20T21:27:55","phones":[],"objects":[],"characters":[51711,51713],"vehicles":[],"interiors":[],"accounts":[],"content":"500 pesos pierna izquierda fue golpeada.","factions":[]}
{"action":4,"origin":"ch51713","date":"2024-01-20T21:28:00","phones":[],"objects":[],"characters":[51713],"vehicles":[],"interiors":[],"accounts":[],"content":"SETHP 100","factions":[]}
{"action":40,"origin":"ch51713","date":"2024-01-20T21:28:08","phones":[],"objects":[],"characters":[51713],"vehicles":[],"interiors":[],"accounts":[],"content":"500 pesos pierna izquierda fue golpeada.","factions":[]}
{"action":4,"origin":"ch51713","date":"2024-01-20T21:28:10","phones":[],"objects":[],"characters":[51713],"vehicles":[],"interiors":[],"accounts":[],"content":"SETHP 100","factions":[]}
{"action":40,"origin":"ch51713","date":"2024-01-20T21:28:18","phones":[],"objects":[],"characters":[51711,51713],"vehicles":[],"interiors":[],"accounts":[],"content":"500 pesos attempts to start the engine but fails.","factions":[]}
{"action":6,"origin":"ch51713","date":"2024-01-20T21:28:20","phones":[],"objects":[],"characters":[51713],"vehicles":[],"interiors":[],"accounts":[],"content":"FIXVEH","factions":[]}
{"action":40,"origin":"ch51713","date":"2024-01-20T21:28:23","phones":[],"objects":[],"characters":[51711,51713],"vehicles":[],"interiors":[],"accounts":[],"content":"500 pesos attempts to start the engine but fails.","factions":[]}
{"action":4,"origin":"ch51713","date":"2024-01-20T21:28:27","phones":[],"objects":[],"characters":[51713],"vehicles":[],"interiors":[],"accounts":[],"content":"ANN All vehicles refuelled by Admin 500_pesos.","factions":[]}
{"action":6,"origin":"ch51713","date":"2024-01-20T21:28:27","phones":[],"objects":[],"characters":[51713],"vehicles":[],"interiors":[],"accounts":[],"content":"FUELVEHS","factions":[]}
{"action":40,"origin":"ch51713","date":"2024-01-20T21:28:30","phones":[],"objects":[],"characters":[51711,51713],"vehicles":[],"interiors":[],"accounts":[],"content":"500 pesos attempts to start the engine but fails.","factions":[]}
{"action":6,"origin":"ch51713","date":"2024-01-20T21:28:33","phones":[],"objects":[],"characters":[51713],"vehicles":[],"interiors":[],"accounts":[],"content":"FIXVEH","factions":[]}
{"action":40,"origin":"ch51713","date":"2024-01-20T21:28:36","phones":[],"objects":[],"characters":[51711,51713],"vehicles":[],"interiors":[],"accounts":[],"content":"500 pesos attempts to start the engine but fails.","factions":[]}
{"action":6,"origin":"ch51713","date":"2024-01-20T21:28:41","phones":[],"objects":[],"characters":[51713],"vehicles":[],"interiors":[],"accounts":[],"content":"FUELVEH","factions":[]}
{"action":40,"origin":"ch51713","date":"2024-01-20T21:29:14","phones":[],"objects":[],"characters":[51713],"vehicles":[],"interiors":[],"accounts":[],"content":"500 pesos bloquea las puertas del vehículo.","factions":[]}
{"action":40,"origin":"ch51713","date":"2024-01-20T21:29:52","phones":[],"objects":[],"characters":[51711,51713],"vehicles":[],"interiors":[],"accounts":[],"content":"500 pesos desbloquea las puertas del vehículo.","factions":[]}
{"action":4,"origin":"ch51713","date":"2024-01-20T21:36:29","phones":[],"objects":[],"characters":[51711],"vehicles":[],"interiors":[],"accounts":[],"content":"GIVEITEM Hotdog 1","factions":[]}
{"action":4,"origin":"ch51713","date":"2024-01-20T21:36:29","phones":[],"objects":[],"characters":[51711],"vehicles":[],"interiors":[],"accounts":[],"content":"GIVEITEM Hotdog 1","factions":[]}
{"action":4,"origin":"ch51713","date":"2024-01-20T21:36:29","phones":[],"objects":[],"characters":[51711],"vehicles":[],"interiors":[],"accounts":[],"content":"GIVEITEM Hotdog 1","factions":[]}
{"action":4,"origin":"ch51713","date":"2024-01-20T21:36:29","phones":[],"objects":[],"characters":[51711],"vehicles":[],"interiors":[],"accounts":[],"content":"GIVEITEM Hotdog 1","factions":[]}
{"action":4,"origin":"ch51713","date":"2024-01-20T21:36:29","phones":[],"objects":[],"characters":[51711],"vehicles":[],"interiors":[],"accounts":[],"content":"GIVEITEM Hotdog 1","factions":[]}
{"action":4,"origin":"ch51713","date":"2024-01-20T21:36:29","phones":[],"objects":[],"characters":[51711],"vehicles":[],"interiors":[],"accounts":[],"content":"GIVEITEM Hotdog 1","factions":[]}
{"action":4,"origin":"ch51713","date":"2024-01-20T21:36:29","phones":[],"objects":[],"characters":[51711],"vehicles":[],"interiors":[],"accounts":[],"content":"GIVEITEM Hotdog 1","factions":[]}
{"action":4,"origin":"ch51713","date":"2024-01-20T21:36:29","phones":[],"objects":[],"characters":[51711],"vehicles":[],"interiors":[],"accounts":[],"content":"GIVEITEM Hotdog 1","factions":[]}
{"action":4,"origin":"ch51713","date":"2024-01-20T21:36:29","phones":[],"objects":[],"characters":[51711],"vehicles":[],"interiors":[],"accounts":[],"content":"GIVEITEM Hotdog 1","factions":[]}
{"action":4,"origin":"ch51713","date":"2024-01-20T21:36:29","phones":[],"objects":[],"characters":[51711],"vehicles":[],"interiors":[],"accounts":[],"content":"GIVEITEM Hotdog 1","factions":[]}
{"action":4,"origin":"ch51713","date":"2024-01-20T21:36:30","phones":[],"objects":[],"characters":[51711],"vehicles":[],"interiors":[],"accounts":[],"content":"GIVEITEM Hotdog 1","factions":[]}
{"action":4,"origin":"ch51713","date":"2024-01-20T21:36:30","phones":[],"objects":[],"characters":[51711],"vehicles":[],"interiors":[],"accounts":[],"content":"GIVEITEM Hotdog 1","factions":[]}
{"action":4,"origin":"ch51713","date":"2024-01-20T21:36:30","phones":[],"objects":[],"characters":[51711],"vehicles":[],"interiors":[],"accounts":[],"content":"GIVEITEM Hotdog 1","factions":[]}
{"action":4,"origin":"ch51711","date":"2024-01-20T21:36:39","phones":[],"objects":[],"characters":[51711],"vehicles":[],"interiors":[],"accounts":[],"content":"SETSKIN 167 CLOTHING ","factions":[]}
{"action":40,"origin":"ch51711","date":"2024-01-20T21:36:47","phones":[],"objects":[],"characters":[51711,51713],"vehicles":[],"interiors":[],"accounts":[],"content":"Danny Occean prepara el completo","factions":[]}
{"action":12,"origin":"ch51711","date":"2024-01-20T21:36:52","phones":[],"objects":[],"characters":[51711,51713],"vehicles":[],"interiors":[],"accounts":[],"content":"pene","factions":[]}
{"action":14,"origin":"ch51711","date":"2024-01-20T21:36:54","phones":[],"objects":[],"characters":[51711,51713],"vehicles":[],"interiors":[],"accounts":[],"content":"l","factions":[]}
{"action":40,"origin":"ch51711","date":"2024-01-20T21:37:03","phones":[],"objects":[],"characters":[51711,51713],"vehicles":[],"interiors":[],"accounts":[],"content":"Danny Occean prepara el completo","factions":[]}
{"action":12,"origin":"ch51713","date":"2024-01-20T21:37:12","phones":[],"objects":[],"characters":[51711,51713],"vehicles":[],"interiors":[],"accounts":[],"content":"a","factions":[]}
{"action":40,"origin":"ch51711","date":"2024-01-20T21:37:16","phones":[],"objects":[],"characters":[51711,51713],"vehicles":[],"interiors":[],"accounts":[],"content":"Danny Occean le echa un pendejo de los cocos","factions":[]}
{"action":40,"origin":"ch51711","date":"2024-01-20T21:37:24","phones":[],"objects":[],"characters":[51711,51713],"vehicles":[],"interiors":[],"accounts":[],"content":"Danny Occean saca la paltA","factions":[]}
{"action":40,"origin":"ch51711","date":"2024-01-20T21:37:40","phones":[],"objects":[],"characters":[51711,51713],"vehicles":[],"interiors":[],"accounts":[],"content":"Danny Occean lo mete al rayador de palta automatico","factions":[]}
{"action":40,"origin":"ch51711","date":"2024-01-20T21:38:03","phones":[],"objects":[],"characters":[51711,51713],"vehicles":[],"interiors":[],"accounts":[],"content":"Danny Occean le entrega el completo","factions":[]}
{"action":14,"origin":"ch51711","date":"2024-01-20T21:38:08","phones":[],"objects":[],"characters":[51711,51713],"vehicles":[],"interiors":[],"accounts":[],"content":"lo recibe?","factions":[]}
{"action":14,"origin":"ch51713","date":"2024-01-20T21:38:14","phones":[],"objects":[],"characters":[51711,51713],"vehicles":[],"interiors":[],"accounts":[],"content":"no","factions":[]}
{"action":39,"origin":"ch51711","date":"2024-01-20T21:38:25","phones":[],"objects":[],"characters":[51711],"vehicles":[],"interiors":[],"accounts":[],"content":"Danny_Occean -> ~World #875623 - Hotdog - 1 @ (1928.0308, -2084.4009, 13.551374) in (int 0, dim 0)","factions":[]}
{"action":40,"origin":"ch51711","date":"2024-01-20T21:38:25","phones":[],"objects":[],"characters":[51711,51713],"vehicles":[],"interiors":[],"accounts":[],"content":"Danny Occean dropped a Hotdog.","factions":[]}
{"action":39,"origin":"ch51713","date":"2024-01-20T21:38:29","phones":[],"objects":[875623],"characters":[],"vehicles":[],"interiors":[],"accounts":[],"content":"~World #875623 @ (1928.0307617188, -2084.4008789062, 13.561373710632) in (int 0, dim 0) ->500_pesos - Hotdog - 1","factions":[]}
{"action":40,"origin":"ch51713","date":"2024-01-20T21:38:29","phones":[],"objects":[],"characters":[51711,51713],"vehicles":[],"interiors":[],"accounts":[],"content":"500 pesos bends over and picks up a Hotdog.","factions":[]}
{"action":40,"origin":"ch51713","date":"2024-01-20T21:38:32","phones":[],"objects":[],"characters":[51711,51713],"vehicles":[],"interiors":[],"accounts":[],"content":"500 pesos eats a hotdog.","factions":[]}
{"action":39,"origin":"ch51713","date":"2024-01-20T21:38:35","phones":[],"objects":[],"characters":[51713],"vehicles":[],"interiors":[],"accounts":[],"content":"500_pesos -> ~World #875624 - Ramp - 1 @ (1927.9243, -2084.6541, 13.551374) in (int 0, dim 0)","factions":[]}
{"action":40,"origin":"ch51713","date":"2024-01-20T21:38:35","phones":[],"objects":[],"characters":[51711,51713],"vehicles":[],"interiors":[],"accounts":[],"content":"500 pesos dropped a Ramp.","factions":[]}
{"action":39,"origin":"ch51713","date":"2024-01-20T21:38:37","phones":[],"objects":[875624],"characters":[],"vehicles":[],"interiors":[],"accounts":[],"content":"~World #875624 @ (1927.9243164062, -2084.6540527344, 13.65137386322) in (int 0, dim 0) ->500_pesos - Ramp - 1","factions":[]}
{"action":40,"origin":"ch51713","date":"2024-01-20T21:38:37","phones":[],"objects":[],"characters":[51711,51713],"vehicles":[],"interiors":[],"accounts":[],"content":"500 pesos bends over and picks up a Ramp.","factions":[]}
{"action":39,"origin":"ch51711","date":"2024-01-20T21:38:48","phones":[],"objects":[],"characters":[51711],"vehicles":[],"interiors":[],"accounts":[],"content":"Danny_Occean -> ~World #875625 - Hotdog - 1 @ (1928.0603, -2085.3162, 13.551374) in (int 0, dim 0)","factions":[]}
{"action":40,"origin":"ch51711","date":"2024-01-20T21:38:48","phones":[],"objects":[],"characters":[51711,51713],"vehicles":[],"interiors":[],"accounts":[],"content":"Danny Occean dropped a Hotdog.","factions":[]}
{"action":39,"origin":"ch51711","date":"2024-01-20T21:38:50","phones":[],"objects":[],"characters":[51711],"vehicles":[],"interiors":[],"accounts":[],"content":"Danny_Occean->player #51711 - Item ID: 1 - Hotdog @ (1927.1279296875, -2084.74609375, 13.582624435425) in (int 0, dim 0)","factions":[]}
{"action":39,"origin":"ch51711","date":"2024-01-20T21:38:52","phones":[],"objects":[],"characters":[51711],"vehicles":[],"interiors":[],"accounts":[],"content":"Danny_Occean -> ~World #875626 - Hotdog - 1 @ (1928.1475, -2083.9587, 13.551374) in (int 0, dim 0)","factions":[]}
{"action":40,"origin":"ch51711","date":"2024-01-20T21:38:52","phones":[],"objects":[],"characters":[51711,51713],"vehicles":[],"interiors":[],"accounts":[],"content":"Danny Occean dropped a Hotdog.","factions":[]}
{"action":39,"origin":"ch51713","date":"2024-01-20T21:38:54","phones":[],"objects":[875625],"characters":[],"vehicles":[],"interiors":[],"accounts":[],"content":"~World #875625 @ (1928.0603027344, -2085.3161621094, 13.561373710632) in (int 0, dim 0) ->500_pesos - Hotdog - 1","factions":[]}
{"action":40,"origin":"ch51713","date":"2024-01-20T21:38:54","phones":[],"objects":[],"characters":[51711,51713],"vehicles":[],"interiors":[],"accounts":[],"content":"500 pesos bends over and picks up a Hotdog.","factions":[]}
{"action":39,"origin":"ch51713","date":"2024-01-20T21:38:55","phones":[],"objects":[875626],"characters":[],"vehicles":[],"interiors":[],"accounts":[],"content":"~World #875626 @ (1928.1474609375, -2083.9587402344, 13.561373710632) in (int 0, dim 0) ->500_pesos - Hotdog - 1","factions":[]}
{"action":40,"origin":"ch51713","date":"2024-01-20T21:38:55","phones":[],"objects":[],"characters":[51711,51713],"vehicles":[],"interiors":[],"accounts":[],"content":"500 pesos bends over and picks up a Hotdog.","factions":[]}
{"action":40,"origin":"ch51711","date":"2024-01-20T21:38:58","phones":[],"objects":[],"characters":[51711,51713],"vehicles":[],"interiors":[],"accounts":[],"content":"Danny Occean eats a hotdog.","factions":[]}
{"action":40,"origin":"ch51711","date":"2024-01-20T21:39:00","phones":[],"objects":[],"characters":[51711,51713],"vehicles":[],"interiors":[],"accounts":[],"content":"Danny Occean wraps a red bandana around their head.","factions":[]}
{"action":40,"origin":"ch51711","date":"2024-01-20T21:39:05","phones":[],"objects":[],"characters":[51711,51713],"vehicles":[],"interiors":[],"accounts":[],"content":"Danny Occean removes a red bandana from their head.","factions":[]}
{"action":36,"origin":"ch51711","date":"2024-01-20T21:42:10","phones":[],"objects":[],"characters":[51711],"vehicles":[],"interiors":[],"accounts":[],"content":"bought WEAPON - 33:mp9Z0u1Zmo98N8c8mugwOucR0V:Rifle de caza:0","factions":[]}
{"action":36,"origin":"ch51711","date":"2024-01-20T21:42:39","phones":[],"objects":[],"characters":[51711],"vehicles":[],"interiors":[],"accounts":[],"content":"bought WEAPON - 25:mt9Z0u1Zmo98N8WMmugwOucR0V:Escopeta:0","factions":[]}
{"action":36,"origin":"ch51711","date":"2024-01-20T21:42:40","phones":[],"objects":[],"characters":[51711],"vehicles":[],"interiors":[],"accounts":[],"content":"bought WEAPON - 24:OF9Z0u1Zmo98N8cwmugwOucR0V:Pistola Desert Eagle:0","factions":[]}
{"action":36,"origin":"ch51711","date":"2024-01-20T21:42:57","phones":[],"objects":[],"characters":[51711],"vehicles":[],"interiors":[],"accounts":[],"content":"bought AMMO - 1:25:Oo9Z0u1Zmo98N81qmugwOucR0V","factions":[]}
{"action":36,"origin":"ch51711","date":"2024-01-20T21:42:58","phones":[],"objects":[],"characters":[51711],"vehicles":[],"interiors":[],"accounts":[],"content":"bought AMMO - 4:20:0vbr0ubq0u5r0t9Ym85tmHWVOu0","factions":[]}
{"action":36,"origin":"ch51711","date":"2024-01-20T21:42:58","phones":[],"objects":[],"characters":[51711],"vehicles":[],"interiors":[],"accounts":[],"content":"bought AMMO - 1:25:0ubr0ubq0u5r0t9Ym85tmHWVOu0","factions":[]}
{"action":36,"origin":"ch51711","date":"2024-01-20T21:42:59","phones":[],"objects":[],"characters":[51711],"vehicles":[],"interiors":[],"accounts":[],"content":"bought AMMO - 5:20:0Hbr0ubq0u5r0t9Rm85tmHWVOu0","factions":[]}
{"action":36,"origin":"ch51711","date":"2024-01-20T21:43:00","phones":[],"objects":[],"characters":[51711],"vehicles":[],"interiors":[],"accounts":[],"content":"bought AMMO - 4:20:08br0ubq0u5r0t9VOv5tmHWVOu0","factions":[]}
{"action":36,"origin":"ch51711","date":"2024-01-20T21:43:01","phones":[],"objects":[],"characters":[51711],"vehicles":[],"interiors":[],"accounts":[],"content":"bought AMMO - 2:30:mvbr0ubq0u5r0t9ZOv5tmHWVOu0","factions":[]}
{"action":36,"origin":"ch51711","date":"2024-01-20T21:43:01","phones":[],"objects":[],"characters":[51711],"vehicles":[],"interiors":[],"accounts":[],"content":"bought AMMO - 3:30:mubr0ubq0u5r0t9ZOv5tmHWVOu0","factions":[]}
{"action":40,"origin":"ch51711","date":"2024-01-20T21:43:19","phones":[],"objects":[],"characters":[51711,51713],"vehicles":[],"interiors":[],"accounts":[],"content":"Danny Occean reloads his Pistola Desert Eagle.","factions":[]}
{"action":40,"origin":"ch51713","date":"2024-01-20T21:43:32","phones":[],"objects":[],"characters":[51711,51713],"vehicles":[],"interiors":[],"accounts":[],"content":"500 pesos la cabeza fue volada.","factions":[]}
{"action":34,"origin":"ch51713","date":"2024-01-20T21:43:32","phones":[],"objects":[],"characters":[51713,51711],"vehicles":[],"interiors":[],"accounts":[],"content":" fue asesinado por Danny Occean (Deagle)","factions":[]}
{"action":39,"origin":"ch51711","date":"2024-01-20T21:43:33","phones":[],"objects":[],"characters":[51711],"vehicles":[],"interiors":[],"accounts":[],"content":"Danny_Occean -> ~World #875627 - Shell Casing - .45 casing @ (1931.0861, -2084.0215, 12.589451) in (int 0, dim 0)","factions":[]}
{"action":40,"origin":"ch51711","date":"2024-01-20T21:43:33","phones":[],"objects":[],"characters":[51711,51713],"vehicles":[],"interiors":[],"accounts":[],"content":"Danny Occean reloads his Pistola Desert Eagle.","factions":[]}
{"action":13,"origin":"ch51711","date":"2024-01-20T21:43:41","phones":[],"objects":[],"characters":[51711,51713],"vehicles":[],"interiors":[],"accounts":[],"content":"You'd hear a series of loud pistol gunshots echoing throughout the vicinity","factions":[]}
{"action":39,"origin":"ch51711","date":"2024-01-20T21:43:42","phones":[],"objects":[],"characters":[51711],"vehicles":[],"interiors":[],"accounts":[],"content":"Danny_Occean -> ~World #875628 - Shell Casing - .45 casing @ (1930.9907, -2082.2354, 12.582624) in (int 0, dim 0)","factions":[]}
{"action":4,"origin":"ch51711","date":"2024-01-20T21:44:22","phones":[],"objects":[],"characters":[51713],"vehicles":[],"interiors":[],"accounts":[],"content":"SETSKIN 167 CLOTHING ","factions":[]}
{"action":4,"origin":"ch51711","date":"2024-01-20T21:44:26","phones":[],"objects":[],"characters":[51713],"vehicles":[],"interiors":[],"accounts":[],"content":"REVIVIDO desde PK","factions":[]}
{"action":13,"origin":"ch51711","date":"2024-01-20T21:44:53","phones":[],"objects":[],"characters":[51711,51713],"vehicles":[],"interiors":[],"accounts":[],"content":"You'd hear a series of loud pistol gunshots echoing throughout the vicinity","factions":[]}
{"action":39,"origin":"ch51711","date":"2024-01-20T21:44:54","phones":[],"objects":[],"characters":[51711],"vehicles":[],"interiors":[],"accounts":[],"content":"Danny_Occean -> ~World #875629 - Shell Casing - 2 casings of .45 @ (1965.3696, -2095.4089, 12.382813) in (int 0, dim 0)","factions":[]}
{"action":40,"origin":"ch51713","date":"2024-01-20T21:44:56","phones":[],"objects":[],"characters":[51711,51713],"vehicles":[],"interiors":[],"accounts":[],"content":"500 pesos la cabeza fue volada.","factions":[]}
{"action":34,"origin":"ch51713","date":"2024-01-20T21:44:56","phones":[],"objects":[],"characters":[51713,51711],"vehicles":[],"interiors":[],"accounts":[],"content":" fue asesinado por Danny Occean (Deagle)","factions":[]}
{"action":39,"origin":"ch51711","date":"2024-01-20T21:44:57","phones":[],"objects":[],"characters":[51711],"vehicles":[],"interiors":[],"accounts":[],"content":"Danny_Occean -> ~World #875630 - Shell Casing - 2 casings of .45 @ (1965.8527, -2095.6646, 12.382813) in (int 0, dim 0)","factions":[]}
{"action":4,"origin":"ch51713","date":"2024-01-20T21:45:03","phones":[],"objects":[],"characters":[51713],"vehicles":[],"interiors":[],"accounts":[],"content":"REVIVIDO desde PK","factions":[]}
{"action":39,"origin":"ch51713","date":"2024-01-20T21:47:33","phones":[],"objects":[],"characters":[51713],"vehicles":[],"interiors":[],"accounts":[],"content":"500_pesos -> ~World #875631 - Hotdog - 1 @ (1934.1412, -2144.436, 14.610984) in (int 0, dim 0)","factions":[]}
{"action":40,"origin":"ch51713","date":"2024-01-20T21:47:33","phones":[],"objects":[],"characters":[51713],"vehicles":[],"interiors":[],"accounts":[],"content":"500 pesos dropped a Hotdog.","factions":[]}
{"action":39,"origin":"ch51713","date":"2024-01-20T21:47:53","phones":[],"objects":[],"characters":[51713],"vehicles":[],"interiors":[],"accounts":[],"content":"500_pesos -> ~World #875632 - Hotdog - 1 @ (1933.7937, -2146.8325, 14.358615) in (int 0, dim 0)","factions":[]}
{"action":40,"origin":"ch51713","date":"2024-01-20T21:47:53","phones":[],"objects":[],"characters":[51711,51713],"vehicles":[],"interiors":[],"accounts":[],"content":"500 pesos dropped a Hotdog.","factions":[]}
{"action":39,"origin":"ch51713","date":"2024-01-20T21:47:56","phones":[],"objects":[875632],"characters":[],"vehicles":[],"interiors":[],"accounts":[],"content":"~World #875632 @ (1933.7937011719, -2146.8325195312, 14.368615150452) in (int 0, dim 0) ->500_pesos - Hotdog - 1","factions":[]}
{"action":40,"origin":"ch51713","date":"2024-01-20T21:47:56","phones":[],"objects":[],"characters":[51711,51713],"vehicles":[],"interiors":[],"accounts":[],"content":"500 pesos bends over and picks up a Hotdog.","factions":[]}
{"action":39,"origin":"ch51713","date":"2024-01-20T21:47:57","phones":[],"objects":[875631],"characters":[],"vehicles":[],"interiors":[],"accounts":[],"content":"~World #875631 @ (1934.1412353516, -2144.4360351562, 14.620984077454) in (int 0, dim 0) ->500_pesos - Hotdog - 1","factions":[]}
{"action":40,"origin":"ch51713","date":"2024-01-20T21:47:57","phones":[],"objects":[],"characters":[51711,51713],"vehicles":[],"interiors":[],"accounts":[],"content":"500 pesos bends over and picks up a Hotdog.","factions":[]}
{"action":4,"origin":"ch51713","date":"2024-01-20T21:48:26","phones":[],"objects":[],"characters":[51713],"vehicles":[],"interiors":[],"accounts":[],"content":"FREECAM","factions":[]}
{"action":39,"origin":"ch51713","date":"2024-01-20T21:48:43","phones":[],"objects":[],"characters":[51713],"vehicles":[],"interiors":[],"accounts":[],"content":"500_pesos -> ~World #875633 - Hotdog - 1 @ (1930.4225, -2138.561, 14.76174) in (int 0, dim 0)","factions":[]}
{"action":40,"origin":"ch51713","date":"2024-01-20T21:48:43","phones":[],"objects":[],"characters":[51711,51713],"vehicles":[],"interiors":[],"accounts":[],"content":"500 pesos dropped a Hotdog.","factions":[]}
{"action":39,"origin":"ch51713","date":"2024-01-20T21:49:05","phones":[],"objects":[875633],"characters":[],"vehicles":[],"interiors":[],"accounts":[],"content":"~World #875633 @ (1930.4224853516, -2138.5610351562, 14.771739959717) in (int 0, dim 0) ->500_pesos - Hotdog - 1","factions":[]}
{"action":40,"origin":"ch51713","date":"2024-01-20T21:49:05","phones":[],"objects":[],"characters":[51711,51713],"vehicles":[],"interiors":[],"accounts":[],"content":"500 pesos bends over and picks up a Hotdog.","factions":[]}
{"action":40,"origin":"ch51711","date":"2024-01-20T22:01:45","phones":[],"objects":[],"characters":[51711,51713],"vehicles":[],"interiors":[],"accounts":[],"content":"Danny Occean Presiona la llave para bloquear el vehículo.. ((1963 Triumph Spitfire))","factions":[]}
{"action":31,"origin":"ch51711","date":"2024-01-20T22:01:45","phones":[],"objects":[],"characters":[],"vehicles":[29215],"interiors":[],"accounts":[],"content":"BLOQUEO DESDE EL EXTERIOR","factions":[]}
{"action":40,"origin":"ch51711","date":"2024-01-20T22:01:46","phones":[],"objects":[],"characters":[51711,51713],"vehicles":[],"interiors":[],"accounts":[],"content":"Danny Occean presiona la llave para desbloquear el vehículo. ((1963 Triumph Spitfire))","factions":[]}
{"action":31,"origin":"ch51711","date":"2024-01-20T22:01:46","phones":[],"objects":[],"characters":[],"vehicles":[29215],"interiors":[],"accounts":[],"content":"DESBLOQUEO DESDE EL EXTERIOR","factions":[]}
{"action":6,"origin":"ch51713","date":"2024-01-20T22:02:36","phones":[],"objects":[],"characters":[51711],"vehicles":[29215],"interiors":[],"accounts":[],"content":"BLOWVEH","factions":[]}
{"action":34,"origin":"ch51711","date":"2024-01-20T22:02:36","phones":[],"objects":[],"characters":[51711],"vehicles":[],"interiors":[],"accounts":[],"content":" died","factions":[]}
{"action":40,"origin":"ch51713","date":"2024-01-20T22:02:36","phones":[],"objects":[],"characters":[51711,51713],"vehicles":[],"interiors":[],"accounts":[],"content":"500 pesos pierna izquierda fue golpeada.","factions":[]}
{"action":4,"origin":"ch51713","date":"2024-01-20T22:02:57","phones":[],"objects":[],"characters":[51713],"vehicles":[],"interiors":[],"accounts":[],"content":"SETHP 100","factions":[]}
{"action":7,"origin":"ch51713","date":"2024-01-20T22:03:12","phones":[],"objects":[],"characters":[51713],"vehicles":[],"interiors":[],"accounts":[],"content":"Español:  \/delshop 11086","factions":[]}
{"action":7,"origin":"ch51713","date":"2024-01-20T22:03:15","phones":[],"objects":[],"characters":[51713],"vehicles":[],"interiors":[],"accounts":[],"content":"Español:  \/delshop 11086","factions":[]}
{"action":4,"origin":"ch51713","date":"2024-01-20T22:03:51","phones":[],"objects":[],"characters":[51713],"vehicles":[],"interiors":[],"accounts":[],"content":"FREECAM","factions":[]}
{"action":4,"origin":"ch51713","date":"2024-01-20T22:09:32","phones":[],"objects":[],"characters":[51713],"vehicles":[],"interiors":[],"accounts":[],"content":"FREECAM","factions":[]}
{"action":27,"origin":"ac131904","date":"2024-01-20T22:10:28","phones":[],"objects":[],"characters":[0],"vehicles":[],"interiors":[],"accounts":[131904],"content":"Fue a la selección de personajes.","factions":[]}
{"action":27,"origin":"ac131904","date":"2024-01-20T22:10:34","phones":[],"objects":[],"characters":[0],"vehicles":[],"interiors":[],"accounts":[131904],"content":"Desconectado (Quit) (Nombre: CLStreet.Player.2995)","factions":[]}
{"action":27,"origin":"ac131904","date":"2024-01-20T22:11:57","phones":[],"objects":[],"characters":[],"vehicles":[],"interiors":[],"accounts":[131904],"content":"Conectado desde 186.174.200.171 - D07C3066987A767946F05743B08A1FA4","factions":[]}
{"action":27,"origin":"ac131904","date":"2024-01-20T22:13:41","phones":[],"objects":[],"characters":[51718],"vehicles":[],"interiors":[],"accounts":[131904],"content":"Creada","factions":[]}
{"action":27,"origin":"ac131904","date":"2024-01-20T22:13:42","phones":[],"objects":[],"characters":[51718],"vehicles":[],"interiors":[],"accounts":[131904],"content":"Spawned","factions":[]}
{"action":4,"origin":"ch51718","date":"2024-01-20T22:14:06","phones":[],"objects":[],"characters":[51718],"vehicles":[],"interiors":[],"accounts":[],"content":"FREECAM","factions":[]}
{"action":37,"origin":"ch51718","date":"2024-01-20T22:14:54","phones":[],"objects":[],"characters":[],"vehicles":[],"interiors":[73],"accounts":[],"content":"ADDINTERIOR T:1 I:1 C:1","factions":[]}
{"action":31,"origin":"ch51718","date":"2024-01-20T22:14:57","phones":[],"objects":[],"characters":[51718],"vehicles":[],"interiors":[73],"accounts":[],"content":"ENTERED","factions":[]}
{"action":31,"origin":"ch51718","date":"2024-01-20T22:15:01","phones":[],"objects":[],"characters":[51718],"vehicles":[],"interiors":[73],"accounts":[],"content":"EXITED","factions":[]}
{"action":37,"origin":"ch51718","date":"2024-01-20T22:15:16","phones":[],"objects":[],"characters":[],"vehicles":[],"interiors":[73],"accounts":[],"content":"BUYPROPERTY $1","factions":[]}
{"action":31,"origin":"ch51718","date":"2024-01-20T22:15:18","phones":[],"objects":[],"characters":[51718],"vehicles":[],"interiors":[73],"accounts":[],"content":"ENTERED","factions":[]}
{"action":4,"origin":"ch51718","date":"2024-01-20T22:15:26","phones":[],"objects":[],"characters":[],"vehicles":[],"interiors":[73],"accounts":[],"content":"SETINTERIORID 1","factions":[]}
{"action":4,"origin":"ch51718","date":"2024-01-20T22:15:27","phones":[],"objects":[],"characters":[],"vehicles":[],"interiors":[73],"accounts":[],"content":"SETINTERIORID 2","factions":[]}
{"action":4,"origin":"ch51718","date":"2024-01-20T22:15:31","phones":[],"objects":[],"characters":[],"vehicles":[],"interiors":[73],"accounts":[],"content":"SETINTERIORID 30","factions":[]}
{"action":4,"origin":"ch51718","date":"2024-01-20T22:15:34","phones":[],"objects":[],"characters":[],"vehicles":[],"interiors":[73],"accounts":[],"content":"SETINTERIORID 31","factions":[]}
{"action":4,"origin":"ch51718","date":"2024-01-20T22:15:47","phones":[],"objects":[],"characters":[],"vehicles":[],"interiors":[73],"accounts":[],"content":"SETINTERIORID 33","factions":[]}
{"action":4,"origin":"ch51718","date":"2024-01-20T22:15:49","phones":[],"objects":[],"characters":[],"vehicles":[],"interiors":[73],"accounts":[],"content":"SETINTERIORID 34","factions":[]}
{"action":4,"origin":"ch51718","date":"2024-01-20T22:15:51","phones":[],"objects":[],"characters":[],"vehicles":[],"interiors":[73],"accounts":[],"content":"SETINTERIORID 35","factions":[]}
{"action":4,"origin":"ch51718","date":"2024-01-20T22:15:57","phones":[],"objects":[],"characters":[],"vehicles":[],"interiors":[73],"accounts":[],"content":"SETINTERIORID 40","factions":[]}
{"action":4,"origin":"ch51718","date":"2024-01-20T22:16:00","phones":[],"objects":[],"characters":[],"vehicles":[],"interiors":[73],"accounts":[],"content":"SETINTERIORID 41","factions":[]}
{"action":4,"origin":"ch51718","date":"2024-01-20T22:16:04","phones":[],"objects":[],"characters":[],"vehicles":[],"interiors":[73],"accounts":[],"content":"SETINTERIORID 40","factions":[]}
{"action":4,"origin":"ch51718","date":"2024-01-20T22:17:29","phones":[],"objects":[],"characters":[51718],"vehicles":[],"interiors":[],"accounts":[],"content":"FREECAM","factions":[]}
{"action":4,"origin":"ch51718","date":"2024-01-20T22:17:38","phones":[],"objects":[],"characters":[],"vehicles":[],"interiors":[73],"accounts":[],"content":"SETINTERIORID 42","factions":[]}
{"action":4,"origin":"ch51718","date":"2024-01-20T22:17:44","phones":[],"objects":[],"characters":[],"vehicles":[],"interiors":[73],"accounts":[],"content":"SETINTERIORID 43","factions":[]}
{"action":4,"origin":"ch51718","date":"2024-01-20T22:17:47","phones":[],"objects":[],"characters":[],"vehicles":[],"interiors":[73],"accounts":[],"content":"SETINTERIORID 44","factions":[]}
{"action":4,"origin":"ch51718","date":"2024-01-20T22:17:49","phones":[],"objects":[],"characters":[],"vehicles":[],"interiors":[73],"accounts":[],"content":"SETINTERIORID 43","factions":[]}
{"action":4,"origin":"ch51718","date":"2024-01-20T22:18:12","phones":[],"objects":[],"characters":[],"vehicles":[],"interiors":[73],"accounts":[],"content":"SETINTERIORID 44","factions":[]}
{"action":4,"origin":"ch51718","date":"2024-01-20T22:18:15","phones":[],"objects":[],"characters":[],"vehicles":[],"interiors":[73],"accounts":[],"content":"SETINTERIORID 45","factions":[]}
{"action":4,"origin":"ch51718","date":"2024-01-20T22:18:17","phones":[],"objects":[],"characters":[],"vehicles":[],"interiors":[73],"accounts":[],"content":"SETINTERIORID 46","factions":[]}
{"action":4,"origin":"ch51718","date":"2024-01-20T22:18:21","phones":[],"objects":[],"characters":[],"vehicles":[],"interiors":[73],"accounts":[],"content":"SETINTERIORID 47","factions":[]}
{"action":31,"origin":"ch51718","date":"2024-01-20T22:19:11","phones":[],"objects":[],"characters":[51718],"vehicles":[],"interiors":[73],"accounts":[],"content":"EXITED","factions":[]}
{"action":4,"origin":"ch51718","date":"2024-01-20T22:20:08","phones":[],"objects":[],"characters":[51718],"vehicles":[],"interiors":[],"accounts":[],"content":"GIVEWEAPON Colt 45 mp9Y0u1Zmo9ZN8QVOvhwOucR0V","factions":[]}
{"action":4,"origin":"ch51718","date":"2024-01-20T22:20:42","phones":[],"objects":[],"characters":[51718],"vehicles":[],"interiors":[],"accounts":[],"content":"GIVEWEAPON Rocket Launcher mt9Y0u1Zmo9ZN8gBOvhwOucR0V","factions":[]}
{"action":4,"origin":"ch51718","date":"2024-01-20T22:21:06","phones":[],"objects":[],"characters":[51718],"vehicles":[],"interiors":[],"accounts":[],"content":"GIVEWEAPON M4 OF9Y0u1Zmo9ZN8DwOvhwOucR0V","factions":[]}
{"action":4,"origin":"ch51718","date":"2024-01-20T22:21:30","phones":[],"objects":[],"characters":[51718],"vehicles":[],"interiors":[],"accounts":[],"content":"GIVEWEAPON Deagle mp9Y0u1Zmo9ZN8cROvhwOucR0V","factions":[]}
{"action":4,"origin":"ch51711","date":"2024-01-20T22:25:56","phones":[],"objects":[],"characters":[51711],"vehicles":[],"interiors":[],"accounts":[],"content":"REVIVIDO desde PK","factions":[]}
{"action":34,"origin":"ch51711","date":"2024-01-20T22:26:22","phones":[],"objects":[],"characters":[51711],"vehicles":[],"interiors":[],"accounts":[],"content":" died","factions":[]}
{"action":7,"origin":"ch51718","date":"2024-01-20T22:26:25","phones":[],"objects":[],"characters":[51718],"vehicles":[],"interiors":[],"accounts":[],"content":"Español: XDDDDD","factions":[]}
{"action":7,"origin":"ch51718","date":"2024-01-20T22:26:27","phones":[],"objects":[],"characters":[51718],"vehicles":[],"interiors":[],"accounts":[],"content":"Español: XDDDDD","factions":[]}
{"action":7,"origin":"ch51718","date":"2024-01-20T22:26:28","phones":[],"objects":[],"characters":[51718],"vehicles":[],"interiors":[],"accounts":[],"content":"Español: XDDDDDD","factions":[]}
{"action":7,"origin":"ch51718","date":"2024-01-20T22:26:30","phones":[],"objects":[],"characters":[51718],"vehicles":[],"interiors":[],"accounts":[],"content":"Español: XDDDD","factions":[]}
{"action":7,"origin":"ch51718","date":"2024-01-20T22:26:30","phones":[],"objects":[],"characters":[51718],"vehicles":[],"interiors":[],"accounts":[],"content":"Español: XDDDD","factions":[]}
{"action":7,"origin":"ch51718","date":"2024-01-20T22:26:30","phones":[],"objects":[],"characters":[51718],"vehicles":[],"interiors":[],"accounts":[],"content":"Español: XDDDD","factions":[]}
{"action":7,"origin":"ch51718","date":"2024-01-20T22:26:31","phones":[],"objects":[],"characters":[51718],"vehicles":[],"interiors":[],"accounts":[],"content":"Español: XDDDD","factions":[]}
{"action":7,"origin":"ch51718","date":"2024-01-20T22:26:31","phones":[],"objects":[],"characters":[51718],"vehicles":[],"interiors":[],"accounts":[],"content":"Español: XDDDD","factions":[]}
{"action":7,"origin":"ch51718","date":"2024-01-20T22:26:31","phones":[],"objects":[],"characters":[51718],"vehicles":[],"interiors":[],"accounts":[],"content":"Español: XDDDD","factions":[]}
{"action":40,"origin":"ch51718","date":"2024-01-20T22:27:59","phones":[],"objects":[],"characters":[51711,51718],"vehicles":[],"interiors":[],"accounts":[],"content":"Tit Adict switches the firing mode to semi-auto.","factions":[]}
{"action":40,"origin":"ch51718","date":"2024-01-20T22:28:05","phones":[],"objects":[],"characters":[51711,51718],"vehicles":[],"interiors":[],"accounts":[],"content":"Tit Adict switches the firing mode to full-auto.","factions":[]}
{"action":31,"origin":"ch51718","date":"2024-01-20T22:30:34","phones":[],"objects":[],"characters":[51718],"vehicles":[],"interiors":[73],"accounts":[],"content":"ENTERED","factions":[]}
{"action":4,"origin":"ch51718","date":"2024-01-20T22:30:57","phones":[],"objects":[],"characters":[],"vehicles":[],"interiors":[73],"accounts":[],"content":"SETINTERIORID 50","factions":[]}
{"action":4,"origin":"ch51718","date":"2024-01-20T22:31:02","phones":[],"objects":[],"characters":[],"vehicles":[],"interiors":[73],"accounts":[],"content":"SETINTERIORID 43","factions":[]}
{"action":4,"origin":"ch51718","date":"2024-01-20T22:31:05","phones":[],"objects":[],"characters":[],"vehicles":[],"interiors":[73],"accounts":[],"content":"SETINTERIORID 47","factions":[]}
{"action":4,"origin":"ch51718","date":"2024-01-20T22:31:09","phones":[],"objects":[],"characters":[],"vehicles":[],"interiors":[73],"accounts":[],"content":"SETINTERIORID 48","factions":[]}
{"action":4,"origin":"ch51718","date":"2024-01-20T22:31:11","phones":[],"objects":[],"characters":[],"vehicles":[],"interiors":[73],"accounts":[],"content":"SETINTERIORID 49","factions":[]}
{"action":4,"origin":"ch51718","date":"2024-01-20T22:31:17","phones":[],"objects":[],"characters":[],"vehicles":[],"interiors":[73],"accounts":[],"content":"SETINTERIORID 51","factions":[]}
{"action":4,"origin":"ch51718","date":"2024-01-20T22:31:19","phones":[],"objects":[],"characters":[],"vehicles":[],"interiors":[73],"accounts":[],"content":"SETINTERIORID 52","factions":[]}
{"action":4,"origin":"ch51718","date":"2024-01-20T22:31:21","phones":[],"objects":[],"characters":[],"vehicles":[],"interiors":[73],"accounts":[],"content":"SETINTERIORID 53","factions":[]}
{"action":4,"origin":"ch51718","date":"2024-01-20T22:31:24","phones":[],"objects":[],"characters":[],"vehicles":[],"interiors":[73],"accounts":[],"content":"SETINTERIORID 54","factions":[]}
{"action":4,"origin":"ch51718","date":"2024-01-20T22:31:27","phones":[],"objects":[],"characters":[],"vehicles":[],"interiors":[73],"accounts":[],"content":"SETINTERIORID 55","factions":[]}
{"action":4,"origin":"ch51718","date":"2024-01-20T22:31:36","phones":[],"objects":[],"characters":[],"vehicles":[],"interiors":[73],"accounts":[],"content":"SETINTERIORID 56","factions":[]}
{"action":4,"origin":"ch51718","date":"2024-01-20T22:31:42","phones":[],"objects":[],"characters":[],"vehicles":[],"interiors":[73],"accounts":[],"content":"SETINTERIORID 57","factions":[]}
{"action":4,"origin":"ch51718","date":"2024-01-20T22:31:44","phones":[],"objects":[],"characters":[],"vehicles":[],"interiors":[73],"accounts":[],"content":"SETINTERIORID 56","factions":[]}
{"action":4,"origin":"ch51718","date":"2024-01-20T22:31:53","phones":[],"objects":[],"characters":[],"vehicles":[],"interiors":[73],"accounts":[],"content":"SETINTERIORID 58","factions":[]}
{"action":4,"origin":"ch51718","date":"2024-01-20T22:31:57","phones":[],"objects":[],"characters":[],"vehicles":[],"interiors":[73],"accounts":[],"content":"SETINTERIORID 59","factions":[]}
{"action":4,"origin":"ch51718","date":"2024-01-20T22:32:01","phones":[],"objects":[],"characters":[],"vehicles":[],"interiors":[73],"accounts":[],"content":"SETINTERIORID 60","factions":[]}
{"action":4,"origin":"ch51718","date":"2024-01-20T22:32:04","phones":[],"objects":[],"characters":[],"vehicles":[],"interiors":[73],"accounts":[],"content":"SETINTERIORID 61","factions":[]}
{"action":4,"origin":"ch51718","date":"2024-01-20T22:32:06","phones":[],"objects":[],"characters":[],"vehicles":[],"interiors":[73],"accounts":[],"content":"SETINTERIORID 62","factions":[]}
{"action":4,"origin":"ch51718","date":"2024-01-20T22:32:08","phones":[],"objects":[],"characters":[],"vehicles":[],"interiors":[73],"accounts":[],"content":"SETINTERIORID 63","factions":[]}
{"action":4,"origin":"ch51718","date":"2024-01-20T22:32:11","phones":[],"objects":[],"characters":[],"vehicles":[],"interiors":[73],"accounts":[],"content":"SETINTERIORID 64","factions":[]}
{"action":4,"origin":"ch51718","date":"2024-01-20T22:32:13","phones":[],"objects":[],"characters":[],"vehicles":[],"interiors":[73],"accounts":[],"content":"SETINTERIORID 65","factions":[]}
{"action":4,"origin":"ch51718","date":"2024-01-20T22:32:15","phones":[],"objects":[],"characters":[],"vehicles":[],"interiors":[73],"accounts":[],"content":"SETINTERIORID 64","factions":[]}
{"action":4,"origin":"ch51718","date":"2024-01-20T22:32:21","phones":[],"objects":[],"characters":[51718],"vehicles":[],"interiors":[],"accounts":[],"content":"FREECAM","factions":[]}
{"action":4,"origin":"ch51718","date":"2024-01-20T22:33:18","phones":[],"objects":[],"characters":[],"vehicles":[],"interiors":[73],"accounts":[],"content":"SETINTERIORID 66","factions":[]}
{"action":4,"origin":"ch51718","date":"2024-01-20T22:33:19","phones":[],"objects":[],"characters":[],"vehicles":[],"interiors":[73],"accounts":[],"content":"SETINTERIORID 66","factions":[]}
{"action":4,"origin":"ch51718","date":"2024-01-20T22:33:21","phones":[],"objects":[],"characters":[],"vehicles":[],"interiors":[73],"accounts":[],"content":"SETINTERIORID 65","factions":[]}
{"action":4,"origin":"ch51718","date":"2024-01-20T22:33:25","phones":[],"objects":[],"characters":[],"vehicles":[],"interiors":[73],"accounts":[],"content":"SETINTERIORID 10","factions":[]}
{"action":4,"origin":"ch51718","date":"2024-01-20T22:33:42","phones":[],"objects":[],"characters":[],"vehicles":[],"interiors":[73],"accounts":[],"content":"SETINTERIORID 11","factions":[]}
{"action":4,"origin":"ch51718","date":"2024-01-20T22:33:44","phones":[],"objects":[],"characters":[],"vehicles":[],"interiors":[73],"accounts":[],"content":"SETINTERIORID 12","factions":[]}
{"action":4,"origin":"ch51718","date":"2024-01-20T22:33:46","phones":[],"objects":[],"characters":[],"vehicles":[],"interiors":[73],"accounts":[],"content":"SETINTERIORID 13","factions":[]}
{"action":4,"origin":"ch51718","date":"2024-01-20T22:34:43","phones":[],"objects":[],"characters":[],"vehicles":[],"interiors":[73],"accounts":[],"content":"SETINTERIORID 13","factions":[]}
{"action":4,"origin":"ch51718","date":"2024-01-20T22:34:44","phones":[],"objects":[],"characters":[],"vehicles":[],"interiors":[73],"accounts":[],"content":"SETINTERIORID 14","factions":[]}
{"action":4,"origin":"ch51718","date":"2024-01-20T22:34:45","phones":[],"objects":[],"characters":[],"vehicles":[],"interiors":[73],"accounts":[],"content":"SETINTERIORID 15","factions":[]}
{"action":4,"origin":"ch51718","date":"2024-01-20T22:34:47","phones":[],"objects":[],"characters":[],"vehicles":[],"interiors":[73],"accounts":[],"content":"SETINTERIORID 16","factions":[]}
{"action":4,"origin":"ch51718","date":"2024-01-20T22:34:48","phones":[],"objects":[],"characters":[],"vehicles":[],"interiors":[73],"accounts":[],"content":"SETINTERIORID 17","factions":[]}
{"action":4,"origin":"ch51718","date":"2024-01-20T22:34:49","phones":[],"objects":[],"characters":[],"vehicles":[],"interiors":[73],"accounts":[],"content":"SETINTERIORID 18","factions":[]}
{"action":4,"origin":"ch51718","date":"2024-01-20T22:34:52","phones":[],"objects":[],"characters":[],"vehicles":[],"interiors":[73],"accounts":[],"content":"SETINTERIORID 19","factions":[]}
{"action":4,"origin":"ch51718","date":"2024-01-20T22:34:54","phones":[],"objects":[],"characters":[],"vehicles":[],"interiors":[73],"accounts":[],"content":"SETINTERIORID 20","factions":[]}
{"action":4,"origin":"ch51718","date":"2024-01-20T22:34:55","phones":[],"objects":[],"characters":[],"vehicles":[],"interiors":[73],"accounts":[],"content":"SETINTERIORID 21","factions":[]}
{"action":4,"origin":"ch51718","date":"2024-01-20T22:34:57","phones":[],"objects":[],"characters":[],"vehicles":[],"interiors":[73],"accounts":[],"content":"SETINTERIORID 22","factions":[]}
{"action":4,"origin":"ch51718","date":"2024-01-20T22:34:58","phones":[],"objects":[],"characters":[],"vehicles":[],"interiors":[73],"accounts":[],"content":"SETINTERIORID 23","factions":[]}
{"action":4,"origin":"ch51718","date":"2024-01-20T22:35:00","phones":[],"objects":[],"characters":[],"vehicles":[],"interiors":[73],"accounts":[],"content":"SETINTERIORID 24","factions":[]}
{"action":4,"origin":"ch51718","date":"2024-01-20T22:35:05","phones":[],"objects":[],"characters":[],"vehicles":[],"interiors":[73],"accounts":[],"content":"SETINTERIORID 26","factions":[]}
{"action":4,"origin":"ch51718","date":"2024-01-20T22:35:08","phones":[],"objects":[],"characters":[],"vehicles":[],"interiors":[73],"accounts":[],"content":"SETINTERIORID 25","factions":[]}
{"action":4,"origin":"ch51718","date":"2024-01-20T22:35:12","phones":[],"objects":[],"characters":[],"vehicles":[],"interiors":[73],"accounts":[],"content":"SETINTERIORID 27","factions":[]}
{"action":4,"origin":"ch51718","date":"2024-01-20T22:35:18","phones":[],"objects":[],"characters":[],"vehicles":[],"interiors":[73],"accounts":[],"content":"SETINTERIORID 28","factions":[]}
{"action":4,"origin":"ch51718","date":"2024-01-20T22:35:28","phones":[],"objects":[],"characters":[],"vehicles":[],"interiors":[73],"accounts":[],"content":"SETINTERIORID 29","factions":[]}
{"action":4,"origin":"ch51718","date":"2024-01-20T22:35:32","phones":[],"objects":[],"characters":[],"vehicles":[],"interiors":[73],"accounts":[],"content":"SETINTERIORID 30","factions":[]}
{"action":4,"origin":"ch51718","date":"2024-01-20T22:35:34","phones":[],"objects":[],"characters":[],"vehicles":[],"interiors":[73],"accounts":[],"content":"SETINTERIORID 31","factions":[]}
{"action":4,"origin":"ch51718","date":"2024-01-20T22:35:36","phones":[],"objects":[],"characters":[],"vehicles":[],"interiors":[73],"accounts":[],"content":"SETINTERIORID 32","factions":[]}
{"action":4,"origin":"ch51718","date":"2024-01-20T22:35:38","phones":[],"objects":[],"characters":[],"vehicles":[],"interiors":[73],"accounts":[],"content":"SETINTERIORID 33","factions":[]}
{"action":4,"origin":"ch51718","date":"2024-01-20T22:35:40","phones":[],"objects":[],"characters":[],"vehicles":[],"interiors":[73],"accounts":[],"content":"SETINTERIORID 34","factions":[]}
{"action":4,"origin":"ch51718","date":"2024-01-20T22:35:43","phones":[],"objects":[],"characters":[],"vehicles":[],"interiors":[73],"accounts":[],"content":"SETINTERIORID 35","factions":[]}
{"action":4,"origin":"ch51718","date":"2024-01-20T22:35:44","phones":[],"objects":[],"characters":[],"vehicles":[],"interiors":[73],"accounts":[],"content":"SETINTERIORID 36","factions":[]}
{"action":4,"origin":"ch51718","date":"2024-01-20T22:35:46","phones":[],"objects":[],"characters":[],"vehicles":[],"interiors":[73],"accounts":[],"content":"SETINTERIORID 37","factions":[]}
{"action":4,"origin":"ch51718","date":"2024-01-20T22:35:50","phones":[],"objects":[],"characters":[51718],"vehicles":[],"interiors":[],"accounts":[],"content":"FREECAM","factions":[]}
{"action":4,"origin":"ch51718","date":"2024-01-20T22:35:58","phones":[],"objects":[],"characters":[],"vehicles":[],"interiors":[73],"accounts":[],"content":"SETINTERIORID 38","factions":[]}
{"action":4,"origin":"ch51718","date":"2024-01-20T22:36:11","phones":[],"objects":[],"characters":[],"vehicles":[],"interiors":[73],"accounts":[],"content":"SETINTERIORID 39","factions":[]}
{"action":4,"origin":"ch51718","date":"2024-01-20T22:36:14","phones":[],"objects":[],"characters":[],"vehicles":[],"interiors":[73],"accounts":[],"content":"SETINTERIORID 40","factions":[]}
{"action":4,"origin":"ch51718","date":"2024-01-20T22:36:18","phones":[],"objects":[],"characters":[],"vehicles":[],"interiors":[73],"accounts":[],"content":"SETINTERIORID 70","factions":[]}
{"action":4,"origin":"ch51718","date":"2024-01-20T22:36:23","phones":[],"objects":[],"characters":[],"vehicles":[],"interiors":[73],"accounts":[],"content":"SETINTERIORID 50","factions":[]}
{"action":4,"origin":"ch51718","date":"2024-01-20T22:36:24","phones":[],"objects":[],"characters":[],"vehicles":[],"interiors":[73],"accounts":[],"content":"SETINTERIORID 51","factions":[]}
{"action":4,"origin":"ch51718","date":"2024-01-20T22:36:26","phones":[],"objects":[],"characters":[],"vehicles":[],"interiors":[73],"accounts":[],"content":"SETINTERIORID 52","factions":[]}
{"action":4,"origin":"ch51718","date":"2024-01-20T22:36:27","phones":[],"objects":[],"characters":[],"vehicles":[],"interiors":[73],"accounts":[],"content":"SETINTERIORID 53","factions":[]}
{"action":4,"origin":"ch51718","date":"2024-01-20T22:36:28","phones":[],"objects":[],"characters":[],"vehicles":[],"interiors":[73],"accounts":[],"content":"SETINTERIORID 54","factions":[]}
{"action":4,"origin":"ch51718","date":"2024-01-20T22:36:29","phones":[],"objects":[],"characters":[],"vehicles":[],"interiors":[73],"accounts":[],"content":"SETINTERIORID 55","factions":[]}
{"action":4,"origin":"ch51718","date":"2024-01-20T22:36:30","phones":[],"objects":[],"characters":[],"vehicles":[],"interiors":[73],"accounts":[],"content":"SETINTERIORID 56","factions":[]}
{"action":4,"origin":"ch51718","date":"2024-01-20T22:36:33","phones":[],"objects":[],"characters":[],"vehicles":[],"interiors":[73],"accounts":[],"content":"SETINTERIORID 60","factions":[]}
{"action":4,"origin":"ch51718","date":"2024-01-20T22:36:36","phones":[],"objects":[],"characters":[],"vehicles":[],"interiors":[73],"accounts":[],"content":"SETINTERIORID 61","factions":[]}
{"action":4,"origin":"ch51718","date":"2024-01-20T22:36:37","phones":[],"objects":[],"characters":[],"vehicles":[],"interiors":[73],"accounts":[],"content":"SETINTERIORID 62","factions":[]}
{"action":4,"origin":"ch51718","date":"2024-01-20T22:36:38","phones":[],"objects":[],"characters":[],"vehicles":[],"interiors":[73],"accounts":[],"content":"SETINTERIORID 63","factions":[]}
{"action":4,"origin":"ch51718","date":"2024-01-20T22:36:40","phones":[],"objects":[],"characters":[],"vehicles":[],"interiors":[73],"accounts":[],"content":"SETINTERIORID 65","factions":[]}
{"action":4,"origin":"ch51718","date":"2024-01-20T22:36:43","phones":[],"objects":[],"characters":[],"vehicles":[],"interiors":[73],"accounts":[],"content":"SETINTERIORID 67","factions":[]}
{"action":4,"origin":"ch51718","date":"2024-01-20T22:36:47","phones":[],"objects":[],"characters":[],"vehicles":[],"interiors":[73],"accounts":[],"content":"SETINTERIORID 68","factions":[]}
{"action":4,"origin":"ch51718","date":"2024-01-20T22:36:49","phones":[],"objects":[],"characters":[],"vehicles":[],"interiors":[73],"accounts":[],"content":"SETINTERIORID 69","factions":[]}
{"action":4,"origin":"ch51718","date":"2024-01-20T22:37:24","phones":[],"objects":[],"characters":[],"vehicles":[],"interiors":[73],"accounts":[],"content":"SETINTERIORID 70","factions":[]}
{"action":4,"origin":"ch51718","date":"2024-01-20T22:37:25","phones":[],"objects":[],"characters":[],"vehicles":[],"interiors":[73],"accounts":[],"content":"SETINTERIORID 71","factions":[]}
{"action":4,"origin":"ch51718","date":"2024-01-20T22:37:27","phones":[],"objects":[],"characters":[],"vehicles":[],"interiors":[73],"accounts":[],"content":"SETINTERIORID 72","factions":[]}
{"action":4,"origin":"ch51718","date":"2024-01-20T22:37:28","phones":[],"objects":[],"characters":[],"vehicles":[],"interiors":[73],"accounts":[],"content":"SETINTERIORID 73","factions":[]}
{"action":4,"origin":"ch51718","date":"2024-01-20T22:37:28","phones":[],"objects":[],"characters":[],"vehicles":[],"interiors":[73],"accounts":[],"content":"SETINTERIORID 74","factions":[]}
{"action":4,"origin":"ch51718","date":"2024-01-20T22:37:29","phones":[],"objects":[],"characters":[],"vehicles":[],"interiors":[73],"accounts":[],"content":"SETINTERIORID 75","factions":[]}
{"action":4,"origin":"ch51718","date":"2024-01-20T22:37:30","phones":[],"objects":[],"characters":[],"vehicles":[],"interiors":[73],"accounts":[],"content":"SETINTERIORID 77","factions":[]}
{"action":4,"origin":"ch51718","date":"2024-01-20T22:37:31","phones":[],"objects":[],"characters":[],"vehicles":[],"interiors":[73],"accounts":[],"content":"SETINTERIORID 78","factions":[]}
{"action":4,"origin":"ch51718","date":"2024-01-20T22:37:33","phones":[],"objects":[],"characters":[],"vehicles":[],"interiors":[73],"accounts":[],"content":"SETINTERIORID 79","factions":[]}
{"action":4,"origin":"ch51718","date":"2024-01-20T22:37:37","phones":[],"objects":[],"characters":[],"vehicles":[],"interiors":[73],"accounts":[],"content":"SETINTERIORID 80","factions":[]}
{"action":4,"origin":"ch51718","date":"2024-01-20T22:37:39","phones":[],"objects":[],"characters":[],"vehicles":[],"interiors":[73],"accounts":[],"content":"SETINTERIORID 81","factions":[]}
{"action":4,"origin":"ch51718","date":"2024-01-20T22:37:40","phones":[],"objects":[],"characters":[],"vehicles":[],"interiors":[73],"accounts":[],"content":"SETINTERIORID 82","factions":[]}
{"action":4,"origin":"ch51718","date":"2024-01-20T22:37:41","phones":[],"objects":[],"characters":[],"vehicles":[],"interiors":[73],"accounts":[],"content":"SETINTERIORID 83","factions":[]}
{"action":7,"origin":"ch51718","date":"2024-01-20T22:37:42","phones":[],"objects":[],"characters":[51718],"vehicles":[],"interiors":[73],"accounts":[],"content":"Español: 4","factions":[]}
{"action":4,"origin":"ch51718","date":"2024-01-20T22:37:47","phones":[],"objects":[],"characters":[],"vehicles":[],"interiors":[73],"accounts":[],"content":"SETINTERIORID 85","factions":[]}
{"action":4,"origin":"ch51718","date":"2024-01-20T22:37:48","phones":[],"objects":[],"characters":[],"vehicles":[],"interiors":[73],"accounts":[],"content":"SETINTERIORID 84","factions":[]}
{"action":4,"origin":"ch51718","date":"2024-01-20T22:37:56","phones":[],"objects":[],"characters":[],"vehicles":[],"interiors":[73],"accounts":[],"content":"SETINTERIORID 85","factions":[]}
{"action":4,"origin":"ch51718","date":"2024-01-20T22:38:00","phones":[],"objects":[],"characters":[],"vehicles":[],"interiors":[73],"accounts":[],"content":"SETINTERIORID 86","factions":[]}
{"action":4,"origin":"ch51718","date":"2024-01-20T22:38:04","phones":[],"objects":[],"characters":[],"vehicles":[],"interiors":[73],"accounts":[],"content":"SETINTERIORID 87","factions":[]}
{"action":4,"origin":"ch51718","date":"2024-01-20T22:38:08","phones":[],"objects":[],"characters":[],"vehicles":[],"interiors":[73],"accounts":[],"content":"SETINTERIORID 88","factions":[]}
{"action":4,"origin":"ch51718","date":"2024-01-20T22:38:11","phones":[],"objects":[],"characters":[],"vehicles":[],"interiors":[73],"accounts":[],"content":"SETINTERIORID 89","factions":[]}
{"action":4,"origin":"ch51718","date":"2024-01-20T22:38:14","phones":[],"objects":[],"characters":[],"vehicles":[],"interiors":[73],"accounts":[],"content":"SETINTERIORID 90","factions":[]}
{"action":4,"origin":"ch51718","date":"2024-01-20T22:40:04","phones":[],"objects":[],"characters":[],"vehicles":[],"interiors":[73],"accounts":[],"content":"SETINTERIORID 91","factions":[]}
{"action":4,"origin":"ch51718","date":"2024-01-20T22:40:07","phones":[],"objects":[],"characters":[],"vehicles":[],"interiors":[73],"accounts":[],"content":"SETINTERIORID 92","factions":[]}
{"action":31,"origin":"ch51718","date":"2024-01-20T22:41:15","phones":[],"objects":[],"characters":[51718],"vehicles":[],"interiors":[73],"accounts":[],"content":"EXITED","factions":[]}
{"action":37,"origin":"ch51718","date":"2024-01-20T22:41:58","phones":[],"objects":[],"characters":[],"vehicles":[],"interiors":[73],"accounts":[],"content":"DELETEINTERIOR 73","factions":[]}
{"action":4,"origin":"ch51718","date":"2024-01-20T22:42:42","phones":[],"objects":[],"characters":[51711],"vehicles":[],"interiors":[],"accounts":[],"content":"REVIVIDO desde PK","factions":[]}
{"action":34,"origin":"ch51711","date":"2024-01-20T22:42:54","phones":[],"objects":[],"characters":[51711],"vehicles":[],"interiors":[],"accounts":[],"content":" died","factions":[]}
{"action":4,"origin":"ch51718","date":"2024-01-20T22:44:09","phones":[],"objects":[],"characters":[51718],"vehicles":[],"interiors":[],"accounts":[],"content":"FREECAM","factions":[]}
{"action":40,"origin":"ch51718","date":"2024-01-20T22:52:59","phones":[],"objects":[],"characters":[51718],"vehicles":[],"interiors":[],"accounts":[],"content":"Tit Adict presiona la llave para desbloquear el vehículo. ((2014 Ford F-350 King Ranch))","factions":[]}
{"action":31,"origin":"ch51718","date":"2024-01-20T22:52:59","phones":[],"objects":[],"characters":[],"vehicles":[-2],"interiors":[],"accounts":[],"content":"DESBLOQUEO DESDE EL EXTERIOR","factions":[]}
{"action":31,"origin":"ch51718","date":"2024-01-20T22:53:05","phones":[],"objects":[],"characters":[51718],"vehicles":[-2],"interiors":[],"accounts":[],"content":"STARTED ENGINE","factions":[]}
{"action":27,"origin":"ac131906","date":"2024-01-20T22:58:03","phones":[],"objects":[],"characters":[],"vehicles":[],"interiors":[],"accounts":[131906],"content":"Conectado desde 207.248.204.207 - BEE5DD1153B1EF069DFB2D20CAAC61F3","factions":[]}
{"action":27,"origin":"ac131906","date":"2024-01-20T22:58:12","phones":[],"objects":[],"characters":[51716],"vehicles":[],"interiors":[],"accounts":[131906],"content":"Spawned","factions":[]}
{"action":7,"origin":"ch51718","date":"2024-01-20T22:58:15","phones":[],"objects":[],"characters":[51718],"vehicles":[],"interiors":[],"accounts":[],"content":"Español: LEVANTA LA RAJA","factions":[]}
{"action":4,"origin":"ch51716","date":"2024-01-20T22:58:49","phones":[],"objects":[],"characters":[51716],"vehicles":[],"interiors":[],"accounts":[],"content":"SETHP 100","factions":[]}
{"action":40,"origin":"ch51716","date":"2024-01-20T22:59:20","phones":[],"objects":[],"characters":[51718,51716],"vehicles":[],"interiors":[],"accounts":[],"content":"Trial Joaquin pierna derecha fue golpeada.","factions":[]}
{"action":4,"origin":"ch51716","date":"2024-01-20T23:00:12","phones":[],"objects":[],"characters":[51716],"vehicles":[],"interiors":[],"accounts":[],"content":"SETHP 100","factions":[]}
{"action":4,"origin":"ch51718","date":"2024-01-20T23:00:12","phones":[],"objects":[],"characters":[51716],"vehicles":[],"interiors":[],"accounts":[],"content":"AHEAL 100","factions":[]}
{"action":6,"origin":"ch51718","date":"2024-01-20T23:00:50","phones":[],"objects":[],"characters":[51718],"vehicles":[],"interiors":[],"accounts":[],"content":"FUELVEH","factions":[]}
{"action":6,"origin":"ch51716","date":"2024-01-20T23:02:34","phones":[],"objects":[],"characters":[51716],"vehicles":[],"interiors":[],"accounts":[],"content":"FIXVEH","factions":[]}
{"action":40,"origin":"ch51718","date":"2024-01-20T23:03:02","phones":[],"objects":[],"characters":[51718,51716],"vehicles":[],"interiors":[],"accounts":[],"content":"Tit Adict bloquea las puertas del vehículo.","factions":[]}
{"action":4,"origin":"ch51718","date":"2024-01-20T23:03:05","phones":[],"objects":[],"characters":[51718],"vehicles":[],"interiors":[],"accounts":[],"content":"FREECAM","factions":[]}
{"action":6,"origin":"ch51716","date":"2024-01-20T23:03:54","phones":[],"objects":[],"characters":[51716],"vehicles":[-2],"interiors":[],"accounts":[],"content":"FIXVEH","factions":[]}
{"action":6,"origin":"ch51716","date":"2024-01-20T23:04:28","phones":[],"objects":[],"characters":[51716],"vehicles":[-2],"interiors":[],"accounts":[],"content":"FIXVEH","factions":[]}
{"action":4,"origin":"ch51718","date":"2024-01-20T23:04:56","phones":[],"objects":[],"characters":[51718],"vehicles":[],"interiors":[],"accounts":[],"content":"ANN All vehicles repaired by Admin Tit_Adict.","factions":[]}
{"action":4,"origin":"ch51718","date":"2024-01-20T23:05:14","phones":[],"objects":[],"characters":[51718],"vehicles":[],"interiors":[],"accounts":[],"content":"GIVEITEM Portable GPS 1","factions":[]}
{"action":4,"origin":"ch51718","date":"2024-01-20T23:07:23","phones":[],"objects":[],"characters":[51718],"vehicles":[],"interiors":[],"accounts":[],"content":"RESETCARSHOP","factions":[]}
{"action":4,"origin":"ch51718","date":"2024-01-20T23:07:50","phones":[],"objects":[],"characters":[51718],"vehicles":[],"interiors":[],"accounts":[],"content":"RESETCARSHOP","factions":[]}
{"action":6,"origin":"ch51718","date":"2024-01-20T23:08:00","phones":[],"objects":[],"characters":[],"vehicles":[29216],"interiors":[],"accounts":[],"content":"BOUGHTNEWCAR Super GT (Custom Model ID #646, Price: $52,000)","factions":[]}
{"action":40,"origin":"ch51718","date":"2024-01-20T23:08:04","phones":[],"objects":[],"characters":[51718,51716],"vehicles":[],"interiors":[],"accounts":[],"content":"Tit Adict presiona la llave para desbloquear el vehículo. ((1990 Mitsubishi 3000 GT))","factions":[]}
{"action":31,"origin":"ch51718","date":"2024-01-20T23:08:04","phones":[],"objects":[],"characters":[],"vehicles":[29216],"interiors":[],"accounts":[],"content":"DESBLOQUEO DESDE EL EXTERIOR","factions":[]}
{"action":31,"origin":"ch51718","date":"2024-01-20T23:08:08","phones":[],"objects":[],"characters":[51718],"vehicles":[29216],"interiors":[],"accounts":[],"content":"STARTED ENGINE","factions":[]}
{"action":40,"origin":"ch51718","date":"2024-01-20T23:08:16","phones":[],"objects":[],"characters":[51718],"vehicles":[],"interiors":[],"accounts":[],"content":"Tit Adict buckles in their seatbelt.","factions":[]}
{"action":4,"origin":"ch51718","date":"2024-01-20T23:09:52","phones":[],"objects":[],"characters":[51718],"vehicles":[],"interiors":[],"accounts":[],"content":"RESETCARSHOP","factions":[]}
{"action":4,"origin":"ch51716","date":"2024-01-20T23:10:22","phones":[],"objects":[],"characters":[51716],"vehicles":[],"interiors":[],"accounts":[],"content":"RESETCARSHOP","factions":[]}
{"action":4,"origin":"ch51716","date":"2024-01-20T23:10:48","phones":[],"objects":[],"characters":[51716],"vehicles":[],"interiors":[],"accounts":[],"content":"RESETCARSHOP","factions":[]}
{"action":40,"origin":"ch51718","date":"2024-01-20T23:10:58","phones":[],"objects":[],"characters":[51718,51716],"vehicles":[],"interiors":[],"accounts":[],"content":"Tit Adict unbuckles their seatbelt.","factions":[]}
{"action":6,"origin":"ch51718","date":"2024-01-20T23:11:04","phones":[],"objects":[],"characters":[],"vehicles":[29217],"interiors":[],"accounts":[],"content":"BOUGHTNEWCAR Buffalo (Custom Model ID #144, Price: $41,610)","factions":[]}
{"action":40,"origin":"ch51718","date":"2024-01-20T23:11:07","phones":[],"objects":[],"characters":[51718,51716],"vehicles":[],"interiors":[],"accounts":[],"content":"Tit Adict presiona la llave para desbloquear el vehículo. ((2014 Ford Mustang GT))","factions":[]}
{"action":31,"origin":"ch51718","date":"2024-01-20T23:11:07","phones":[],"objects":[],"characters":[],"vehicles":[29217],"interiors":[],"accounts":[],"content":"DESBLOQUEO DESDE EL EXTERIOR","factions":[]}
{"action":6,"origin":"ch51716","date":"2024-01-20T23:11:12","phones":[],"objects":[],"characters":[],"vehicles":[29218],"interiors":[],"accounts":[],"content":"BOUGHTNEWCAR Sabre (Custom Model ID #190, Price: $39,999)","factions":[]}
{"action":31,"origin":"ch51718","date":"2024-01-20T23:11:15","phones":[],"objects":[],"characters":[51718],"vehicles":[29217],"interiors":[],"accounts":[],"content":"STARTED ENGINE","factions":[]}
{"action":40,"origin":"ch51716","date":"2024-01-20T23:11:21","phones":[],"objects":[],"characters":[51718,51716],"vehicles":[],"interiors":[],"accounts":[],"content":"Trial Joaquin presiona la llave para desbloquear el vehículo. ((1969 Dodge Charger R\/T))","factions":[]}
{"action":31,"origin":"ch51716","date":"2024-01-20T23:11:21","phones":[],"objects":[],"characters":[],"vehicles":[29218],"interiors":[],"accounts":[],"content":"DESBLOQUEO DESDE EL EXTERIOR","factions":[]}
{"action":40,"origin":"ch51718","date":"2024-01-20T23:11:28","phones":[],"objects":[],"characters":[51718],"vehicles":[],"interiors":[],"accounts":[],"content":"Tit Adict buckles in their seatbelt.","factions":[]}
{"action":31,"origin":"ch51716","date":"2024-01-20T23:11:29","phones":[],"objects":[],"characters":[51716],"vehicles":[29218],"interiors":[],"accounts":[],"content":"STARTED ENGINE","factions":[]}
{"action":40,"origin":"ch51716","date":"2024-01-20T23:11:38","phones":[],"objects":[],"characters":[51716],"vehicles":[],"interiors":[],"accounts":[],"content":"Trial Joaquin buckles in their seatbelt.","factions":[]}
{"action":6,"origin":"ch51718","date":"2024-01-20T23:13:33","phones":[],"objects":[],"characters":[51716],"vehicles":[29218],"interiors":[],"accounts":[],"content":"FIXVEH","factions":[]}
{"action":6,"origin":"ch51718","date":"2024-01-20T23:13:34","phones":[],"objects":[],"characters":[51718],"vehicles":[29217],"interiors":[],"accounts":[],"content":"FIXVEH","factions":[]}
{"action":4,"origin":"ch51718","date":"2024-01-20T23:13:36","phones":[],"objects":[],"characters":[51718],"vehicles":[],"interiors":[],"accounts":[],"content":"AHEAL 100","factions":[]}
{"action":6,"origin":"ch51718","date":"2024-01-20T23:16:37","phones":[],"objects":[],"characters":[51718],"vehicles":[29217],"interiors":[],"accounts":[],"content":"FIXVEH","factions":[]}
{"action":6,"origin":"ch51718","date":"2024-01-20T23:16:38","phones":[],"objects":[],"characters":[51716],"vehicles":[29218],"interiors":[],"accounts":[],"content":"FIXVEH","factions":[]}
{"action":6,"origin":"ch51716","date":"2024-01-20T23:16:38","phones":[],"objects":[],"characters":[51716],"vehicles":[29218],"interiors":[],"accounts":[],"content":"FIXVEH","factions":[]}
{"action":31,"origin":"ch51718","date":"2024-01-20T23:16:39","phones":[],"objects":[],"characters":[51718],"vehicles":[29217],"interiors":[],"accounts":[],"content":"STARTED ENGINE","factions":[]}
{"action":6,"origin":"ch51716","date":"2024-01-20T23:21:12","phones":[],"objects":[],"characters":[51716],"vehicles":[29218],"interiors":[],"accounts":[],"content":"FIXVEH","factions":[]}
{"action":6,"origin":"ch51716","date":"2024-01-20T23:21:37","phones":[],"objects":[],"characters":[51716],"vehicles":[29218],"interiors":[],"accounts":[],"content":"FIXVEH","factions":[]}
{"action":31,"origin":"ch51716","date":"2024-01-20T23:21:38","phones":[],"objects":[],"characters":[51716],"vehicles":[29218],"interiors":[],"accounts":[],"content":"STARTED ENGINE","factions":[]}
{"action":6,"origin":"ch51716","date":"2024-01-20T23:21:46","phones":[],"objects":[],"characters":[51716],"vehicles":[29218],"interiors":[],"accounts":[],"content":"FIXVEH","factions":[]}
{"action":27,"origin":"ac131906","date":"2024-01-20T23:22:17","phones":[],"objects":[],"characters":[51716],"vehicles":[],"interiors":[],"accounts":[131906],"content":"Desconectado (Quit) (Nombre: Trial_Joaquin)","factions":[]}
{"action":27,"origin":"ac131904","date":"2024-01-20T23:22:50","phones":[],"objects":[],"characters":[51718],"vehicles":[],"interiors":[],"accounts":[131904],"content":"Desconectado (Quit) (Nombre: Tit_Adict)","factions":[]}
{"action":4,"origin":"ch51711","date":"2024-01-21T01:25:13","phones":[],"objects":[],"characters":[51711],"vehicles":[],"interiors":[],"accounts":[],"content":"REVIVIDO desde PK","factions":[]}
