{"action":8,"origin":"ch51717","date":"2024-01-18T00:00:58","phones":[],"objects":[],"characters":[51716,51717],"vehicles":[],"interiors":[],"accounts":[],"content":"\/bind 0 freecam","factions":[]}
{"action":4,"origin":"ch51717","date":"2024-01-18T00:01:43","phones":[],"objects":[],"characters":[51717],"vehicles":[],"interiors":[],"accounts":[],"content":"FREECAM","factions":[]}
{"action":6,"origin":"ch51716","date":"2024-01-18T00:02:00","phones":[],"objects":[],"characters":[51716],"vehicles":[],"interiors":[],"accounts":[],"content":"VEH 880 created with ID -6","factions":[]}
{"action":31,"origin":"ch51716","date":"2024-01-18T00:02:05","phones":[],"objects":[],"characters":[51716],"vehicles":[-6],"interiors":[],"accounts":[],"content":"STARTED ENGINE","factions":[]}
{"action":40,"origin":"ch51716","date":"2024-01-18T00:02:09","phones":[],"objects":[],"characters":[51716],"vehicles":[],"interiors":[],"accounts":[],"content":"Trial Joaquin buckles in their seatbelt.","factions":[]}
{"action":40,"origin":"ch51716","date":"2024-01-18T00:02:09","phones":[],"objects":[],"characters":[51716],"vehicles":[],"interiors":[],"accounts":[],"content":"Trial Joaquin unbuckles their seatbelt.","factions":[]}
{"action":40,"origin":"ch51716","date":"2024-01-18T00:02:11","phones":[],"objects":[],"characters":[51716],"vehicles":[],"interiors":[],"accounts":[],"content":"Trial Joaquin buckles in their seatbelt.","factions":[]}
{"action":6,"origin":"ch51716","date":"2024-01-18T00:04:34","phones":[],"objects":[],"characters":[51716],"vehicles":[-6],"interiors":[],"accounts":[],"content":"FIXVEH","factions":[]}
{"action":31,"origin":"ch51716","date":"2024-01-18T00:04:36","phones":[],"objects":[],"characters":[51716],"vehicles":[-6],"interiors":[],"accounts":[],"content":"STARTED ENGINE","factions":[]}
{"action":40,"origin":"ch51717","date":"2024-01-18T00:05:16","phones":[],"objects":[],"characters":[51716,51717],"vehicles":[],"interiors":[],"accounts":[],"content":"Carlos Smith pierna derecha fue golpeada.","factions":[]}
{"action":6,"origin":"ch51716","date":"2024-01-18T00:05:23","phones":[],"objects":[],"characters":[51716],"vehicles":[-6],"interiors":[],"accounts":[],"content":"FIXVEH","factions":[]}
{"action":40,"origin":"ch51711","date":"2024-01-18T00:05:33","phones":[],"objects":[],"characters":[51711,51716,51717],"vehicles":[],"interiors":[],"accounts":[],"content":"Danny Occean buckles in their seatbelt.","factions":[]}
{"action":40,"origin":"ch51711","date":"2024-01-18T00:05:34","phones":[],"objects":[],"characters":[51711,51716,51717],"vehicles":[],"interiors":[],"accounts":[],"content":"Danny Occean unbuckles their seatbelt.","factions":[]}
{"action":40,"origin":"ch51711","date":"2024-01-18T00:05:34","phones":[],"objects":[],"characters":[51711,51716,51717],"vehicles":[],"interiors":[],"accounts":[],"content":"Danny Occean buckles in their seatbelt.","factions":[]}
{"action":40,"origin":"ch51711","date":"2024-01-18T00:05:38","phones":[],"objects":[],"characters":[51711,51716,51717],"vehicles":[],"interiors":[],"accounts":[],"content":"Danny Occean unbuckles their seatbelt.","factions":[]}
{"action":40,"origin":"ch51711","date":"2024-01-18T00:05:38","phones":[],"objects":[],"characters":[51711,51716,51717],"vehicles":[],"interiors":[],"accounts":[],"content":"Danny Occean buckles in their seatbelt.","factions":[]}
{"action":4,"origin":"ch51717","date":"2024-01-18T00:05:41","phones":[],"objects":[],"characters":[51717],"vehicles":[],"interiors":[],"accounts":[],"content":"SETHP 100","factions":[]}
{"action":4,"origin":"ch51717","date":"2024-01-18T00:05:46","phones":[],"objects":[],"characters":[51717],"vehicles":[],"interiors":[],"accounts":[],"content":"FREECAM","factions":[]}
{"action":40,"origin":"ch51717","date":"2024-01-18T00:06:00","phones":[],"objects":[],"characters":[51711,51716,51717],"vehicles":[],"interiors":[],"accounts":[],"content":"Carlos Smith buckles in their seatbelt.","factions":[]}
{"action":4,"origin":"ch51717","date":"2024-01-18T00:06:25","phones":[],"objects":[],"characters":[51717],"vehicles":[],"interiors":[],"accounts":[],"content":"SETHP 100","factions":[]}
{"action":4,"origin":"ch51717","date":"2024-01-18T00:06:33","phones":[],"objects":[],"characters":[51711],"vehicles":[],"interiors":[],"accounts":[],"content":"SETHP 100","factions":[]}
{"action":4,"origin":"ch51717","date":"2024-01-18T00:06:37","phones":[],"objects":[],"characters":[51716],"vehicles":[],"interiors":[],"accounts":[],"content":"SETHP 100","factions":[]}
{"action":4,"origin":"ch51717","date":"2024-01-18T00:07:13","phones":[],"objects":[],"characters":[51711],"vehicles":[],"interiors":[],"accounts":[],"content":"FREEZE","factions":[]}
{"action":40,"origin":"ch51711","date":"2024-01-18T00:07:19","phones":[],"objects":[],"characters":[51711,51716,51717],"vehicles":[],"interiors":[],"accounts":[],"content":"Danny Occean unbuckles their seatbelt.","factions":[]}
{"action":4,"origin":"ch51717","date":"2024-01-18T00:07:19","phones":[],"objects":[],"characters":[51711],"vehicles":[],"interiors":[],"accounts":[],"content":"UNFREEZE","factions":[]}
{"action":4,"origin":"ch51716","date":"2024-01-18T00:07:20","phones":[],"objects":[],"characters":[51716],"vehicles":[],"interiors":[],"accounts":[],"content":"UNFREEZE","factions":[]}
{"action":6,"origin":"ch51717","date":"2024-01-18T00:07:22","phones":[],"objects":[],"characters":[51717],"vehicles":[-6],"interiors":[],"accounts":[],"content":"FIXVEH","factions":[]}
{"action":31,"origin":"ch51716","date":"2024-01-18T00:07:24","phones":[],"objects":[],"characters":[51716],"vehicles":[-6],"interiors":[],"accounts":[],"content":"STARTED ENGINE","factions":[]}
{"action":40,"origin":"ch51717","date":"2024-01-18T00:07:35","phones":[],"objects":[],"characters":[51716,51717],"vehicles":[],"interiors":[],"accounts":[],"content":"Carlos Smith unbuckles their seatbelt.","factions":[]}
{"action":6,"origin":"ch51716","date":"2024-01-18T00:07:48","phones":[],"objects":[],"characters":[51716],"vehicles":[],"interiors":[],"accounts":[],"content":" Updated vehicle #880 from library.","factions":[]}
{"action":6,"origin":"ch51716","date":"2024-01-18T00:09:08","phones":[],"objects":[],"characters":[51716],"vehicles":[],"interiors":[],"accounts":[],"content":" Updated vehicle #642 from library.","factions":[]}
{"action":6,"origin":"ch51716","date":"2024-01-18T00:09:54","phones":[],"objects":[],"characters":[51716],"vehicles":[],"interiors":[],"accounts":[],"content":" Updated vehicle #270 from library.","factions":[]}
{"action":4,"origin":"ch51717","date":"2024-01-18T00:10:57","phones":[],"objects":[],"characters":[51717],"vehicles":[],"interiors":[],"accounts":[],"content":"FREECAM","factions":[]}
{"action":6,"origin":"ch51716","date":"2024-01-18T00:12:00","phones":[],"objects":[],"characters":[51716],"vehicles":[],"interiors":[],"accounts":[],"content":" Updated vehicle #250 from library.","factions":[]}
{"action":6,"origin":"ch51717","date":"2024-01-18T00:12:07","phones":[],"objects":[],"characters":[51717],"vehicles":[],"interiors":[],"accounts":[],"content":"VEH 880 created with ID -7","factions":[]}
{"action":31,"origin":"ch51717","date":"2024-01-18T00:12:14","phones":[],"objects":[],"characters":[51717],"vehicles":[-7],"interiors":[],"accounts":[],"content":"STARTED ENGINE","factions":[]}
{"action":40,"origin":"ch51717","date":"2024-01-18T00:12:15","phones":[],"objects":[],"characters":[51717],"vehicles":[],"interiors":[],"accounts":[],"content":"Carlos Smith buckles in their seatbelt.","factions":[]}
{"action":4,"origin":"ch51717","date":"2024-01-18T00:13:17","phones":[],"objects":[],"characters":[51711],"vehicles":[],"interiors":[],"accounts":[],"content":"FREEZE","factions":[]}
{"action":4,"origin":"ch51716","date":"2024-01-18T00:13:21","phones":[],"objects":[],"characters":[51716],"vehicles":[],"interiors":[],"accounts":[],"content":"UNFREEZE","factions":[]}
{"action":6,"origin":"ch51716","date":"2024-01-18T00:13:34","phones":[],"objects":[],"characters":[51716],"vehicles":[-6],"interiors":[],"accounts":[],"content":"FIXVEH","factions":[]}
{"action":31,"origin":"ch51716","date":"2024-01-18T00:13:35","phones":[],"objects":[],"characters":[51716],"vehicles":[-6],"interiors":[],"accounts":[],"content":"STARTED ENGINE","factions":[]}
{"action":6,"origin":"ch51717","date":"2024-01-18T00:14:05","phones":[],"objects":[],"characters":[51717],"vehicles":[-7],"interiors":[],"accounts":[],"content":"FIXVEH","factions":[]}
{"action":31,"origin":"ch51717","date":"2024-01-18T00:14:06","phones":[],"objects":[],"characters":[51717],"vehicles":[-7],"interiors":[],"accounts":[],"content":"STARTED ENGINE","factions":[]}
{"action":6,"origin":"ch51716","date":"2024-01-18T00:14:53","phones":[],"objects":[],"characters":[51716],"vehicles":[-6],"interiors":[],"accounts":[],"content":"FIXVEH","factions":[]}
{"action":31,"origin":"ch51716","date":"2024-01-18T00:14:55","phones":[],"objects":[],"characters":[51716],"vehicles":[-6],"interiors":[],"accounts":[],"content":"STARTED ENGINE","factions":[]}
{"action":4,"origin":"ch51711","date":"2024-01-18T00:15:00","phones":[],"objects":[],"characters":[51717],"vehicles":[],"interiors":[],"accounts":[],"content":"SETHP 100","factions":[]}
{"action":4,"origin":"ch51711","date":"2024-01-18T00:15:02","phones":[],"objects":[],"characters":[51711],"vehicles":[],"interiors":[],"accounts":[],"content":"SETHP 100","factions":[]}
{"action":4,"origin":"ch51711","date":"2024-01-18T00:15:05","phones":[],"objects":[],"characters":[51711],"vehicles":[],"interiors":[],"accounts":[],"content":"FREEZE","factions":[]}
{"action":4,"origin":"ch51711","date":"2024-01-18T00:15:07","phones":[],"objects":[],"characters":[51711],"vehicles":[],"interiors":[],"accounts":[],"content":"FREEZE","factions":[]}
{"action":4,"origin":"ch51711","date":"2024-01-18T00:15:13","phones":[],"objects":[],"characters":[51711],"vehicles":[],"interiors":[],"accounts":[],"content":"UNFREEZE","factions":[]}
{"action":40,"origin":"ch51717","date":"2024-01-18T00:15:17","phones":[],"objects":[],"characters":[51717],"vehicles":[],"interiors":[],"accounts":[],"content":"Carlos Smith unbuckles their seatbelt.","factions":[]}
{"action":27,"origin":"ac131906","date":"2024-01-18T00:15:53","phones":[],"objects":[],"characters":[51716],"vehicles":[],"interiors":[],"accounts":[131906],"content":"Disconnected (Quit) (Name: Trial_Joaquin)","factions":[]}
{"action":6,"origin":"ch51717","date":"2024-01-18T00:19:19","phones":[],"objects":[],"characters":[51717],"vehicles":[],"interiors":[],"accounts":[],"content":"VEH 932 created with ID -8","factions":[]}
{"action":27,"origin":"ac131904","date":"2024-01-18T00:21:33","phones":[],"objects":[],"characters":[51717],"vehicles":[],"interiors":[],"accounts":[131904],"content":"Disconnected (Quit) (Name: Carlos_Smith)","factions":[]}
{"action":27,"origin":"ac131904","date":"2024-01-18T00:22:06","phones":[],"objects":[],"characters":[],"vehicles":[],"interiors":[],"accounts":[131904],"content":"Connected from 186.172.17.253 - D07C3066987A767946F05743B08A1FA4","factions":[]}
{"action":27,"origin":"ac131904","date":"2024-01-18T00:22:14","phones":[],"objects":[],"characters":[51713],"vehicles":[],"interiors":[],"accounts":[131904],"content":"Spawned","factions":[]}
{"action":6,"origin":"ch51713","date":"2024-01-18T00:22:33","phones":[],"objects":[],"characters":[51713],"vehicles":[],"interiors":[],"accounts":[],"content":"VEH 932 created with ID -9","factions":[]}
{"action":31,"origin":"ch51713","date":"2024-01-18T00:22:50","phones":[],"objects":[],"characters":[51713],"vehicles":[-9],"interiors":[],"accounts":[],"content":"STARTED ENGINE","factions":[]}
{"action":40,"origin":"ch51713","date":"2024-01-18T00:24:08","phones":[],"objects":[],"characters":[51713],"vehicles":[],"interiors":[],"accounts":[],"content":"500 pesos buckles in their seatbelt.","factions":[]}
{"action":40,"origin":"ch51713","date":"2024-01-18T00:26:06","phones":[],"objects":[],"characters":[51713],"vehicles":[],"interiors":[],"accounts":[],"content":"500 pesos unbuckles their seatbelt.","factions":[]}
{"action":37,"origin":"ch51711","date":"2024-01-18T00:28:52","phones":[],"objects":[],"characters":[],"vehicles":[],"interiors":[14],"accounts":[],"content":"BUYPROPERTY $40000","factions":[]}
{"action":31,"origin":"ch51711","date":"2024-01-18T00:28:53","phones":[],"objects":[],"characters":[51711],"vehicles":[],"interiors":[14],"accounts":[],"content":"ENTERED","factions":[]}
{"action":31,"origin":"ch51711","date":"2024-01-18T00:28:56","phones":[],"objects":[],"characters":[51711],"vehicles":[],"interiors":[14],"accounts":[],"content":"EXITED","factions":[]}
{"action":4,"origin":"ch51713","date":"2024-01-18T00:33:33","phones":[],"objects":[],"characters":[51713],"vehicles":[],"interiors":[],"accounts":[],"content":"RESETCARSHOP","factions":[]}
{"action":6,"origin":"ch51711","date":"2024-01-18T00:33:57","phones":[],"objects":[],"characters":[],"vehicles":[29205],"interiors":[],"accounts":[],"content":"BOUGHTNEWCAR Premier (Custom Model ID #561, Price: $21,500)","factions":[]}
{"action":6,"origin":"ch51711","date":"2024-01-18T00:34:05","phones":[],"objects":[],"characters":[],"vehicles":[29206],"interiors":[],"accounts":[],"content":"BOUGHTNEWCAR Merit (Custom Model ID #856, Price: $17,500)","factions":[]}
{"action":6,"origin":"ch51711","date":"2024-01-18T00:35:07","phones":[],"objects":[],"characters":[],"vehicles":[29207],"interiors":[],"accounts":[],"content":"BOUGHTNEWCAR Sentinel (Custom Model ID #793, Price: $22,500)","factions":[]}
{"action":6,"origin":"ch51711","date":"2024-01-18T00:35:15","phones":[],"objects":[],"characters":[],"vehicles":[29208],"interiors":[],"accounts":[],"content":"BOUGHTNEWCAR Alpha (Custom Model ID #520, Price: $23,950)","factions":[]}
{"action":6,"origin":"ch51713","date":"2024-01-18T00:36:50","phones":[],"objects":[],"characters":[],"vehicles":[29140],"interiors":[],"accounts":[],"content":"DELVEH","factions":[]}
{"action":6,"origin":"ch51713","date":"2024-01-18T00:36:51","phones":[],"objects":[],"characters":[],"vehicles":[29141],"interiors":[],"accounts":[],"content":"DELVEH","factions":[]}
{"action":6,"origin":"ch51713","date":"2024-01-18T00:36:59","phones":[],"objects":[],"characters":[],"vehicles":[29205],"interiors":[],"accounts":[],"content":"DELVEH","factions":[]}
{"action":6,"origin":"ch51713","date":"2024-01-18T00:37:03","phones":[],"objects":[],"characters":[],"vehicles":[29206],"interiors":[],"accounts":[],"content":"DELVEH","factions":[]}
{"action":6,"origin":"ch51713","date":"2024-01-18T00:37:06","phones":[],"objects":[],"characters":[],"vehicles":[29207],"interiors":[],"accounts":[],"content":"DELVEH","factions":[]}
{"action":6,"origin":"ch51713","date":"2024-01-18T00:37:09","phones":[],"objects":[],"characters":[],"vehicles":[29208],"interiors":[],"accounts":[],"content":"DELVEH","factions":[]}
{"action":27,"origin":"ac131904","date":"2024-01-18T00:37:46","phones":[],"objects":[],"characters":[51713],"vehicles":[],"interiors":[],"accounts":[131904],"content":"Disconnected (Quit) (Name: 500_pesos)","factions":[]}
{"action":27,"origin":"ac131904","date":"2024-01-18T00:53:06","phones":[],"objects":[],"characters":[],"vehicles":[],"interiors":[],"accounts":[131904],"content":"Connected from 186.172.17.253 - D07C3066987A767946F05743B08A1FA4","factions":[]}
{"action":27,"origin":"ac131904","date":"2024-01-18T00:53:14","phones":[],"objects":[],"characters":[51713],"vehicles":[],"interiors":[],"accounts":[131904],"content":"Spawned","factions":[]}
{"action":6,"origin":"ch51711","date":"2024-01-18T00:58:41","phones":[],"objects":[],"characters":[],"vehicles":[29209],"interiors":[],"accounts":[],"content":"BOUGHTNEWCAR Rancher (Custom Model ID #773, Price: $13,450)","factions":[]}
{"action":40,"origin":"ch51711","date":"2024-01-18T00:58:44","phones":[],"objects":[],"characters":[51711,51713],"vehicles":[],"interiors":[],"accounts":[],"content":"Danny Occean presiona la llave para desbloquear el vehículo. ((1984 Land Rover Defender 90))","factions":[]}
{"action":31,"origin":"ch51711","date":"2024-01-18T00:58:44","phones":[],"objects":[],"characters":[],"vehicles":[29209],"interiors":[],"accounts":[],"content":"DESBLOQUEO DESDE EL EXTERIOR","factions":[]}
{"action":31,"origin":"ch51711","date":"2024-01-18T00:58:49","phones":[],"objects":[],"characters":[51711],"vehicles":[29209],"interiors":[],"accounts":[],"content":"STARTED ENGINE","factions":[]}
{"action":4,"origin":"ch51713","date":"2024-01-18T01:01:05","phones":[],"objects":[],"characters":[51713],"vehicles":[],"interiors":[],"accounts":[],"content":"RESETCARSHOP","factions":[]}
{"action":4,"origin":"ch51713","date":"2024-01-18T01:01:28","phones":[],"objects":[],"characters":[51713],"vehicles":[],"interiors":[],"accounts":[],"content":"RESETCARSHOP","factions":[]}
{"action":4,"origin":"ch51713","date":"2024-01-18T01:02:19","phones":[],"objects":[],"characters":[51713],"vehicles":[],"interiors":[],"accounts":[],"content":"FREECAM","factions":[]}
{"action":4,"origin":"ch51713","date":"2024-01-18T01:02:55","phones":[],"objects":[],"characters":[51713],"vehicles":[],"interiors":[],"accounts":[],"content":"RESETCARSHOP","factions":[]}
{"action":6,"origin":"ch51713","date":"2024-01-18T01:03:57","phones":[],"objects":[],"characters":[],"vehicles":[29210],"interiors":[],"accounts":[],"content":"BOUGHTNEWCAR Landstalker (Custom Model ID #250, Price: $3,000,000)","factions":[]}
{"action":40,"origin":"ch51713","date":"2024-01-18T01:04:01","phones":[],"objects":[],"characters":[51713],"vehicles":[],"interiors":[],"accounts":[],"content":"500 pesos presiona la llave para desbloquear el vehículo. ((1992 Jeep Cherokee))","factions":[]}
{"action":31,"origin":"ch51713","date":"2024-01-18T01:04:01","phones":[],"objects":[],"characters":[],"vehicles":[29210],"interiors":[],"accounts":[],"content":"DESBLOQUEO DESDE EL EXTERIOR","factions":[]}
{"action":31,"origin":"ch51713","date":"2024-01-18T01:04:06","phones":[],"objects":[],"characters":[51713],"vehicles":[29210],"interiors":[],"accounts":[],"content":"STARTED ENGINE","factions":[]}
{"action":40,"origin":"ch51713","date":"2024-01-18T01:04:23","phones":[],"objects":[],"characters":[51713],"vehicles":[],"interiors":[],"accounts":[],"content":"500 pesos buckles in their seatbelt.","factions":[]}
{"action":4,"origin":"ch51713","date":"2024-01-18T01:04:34","phones":[],"objects":[],"characters":[51713],"vehicles":[],"interiors":[],"accounts":[],"content":"RESETCARSHOP","factions":[]}
{"action":40,"origin":"ch51713","date":"2024-01-18T01:04:37","phones":[],"objects":[],"characters":[51713],"vehicles":[],"interiors":[],"accounts":[],"content":"500 pesos unbuckles their seatbelt.","factions":[]}
{"action":4,"origin":"ch51713","date":"2024-01-18T01:05:13","phones":[],"objects":[],"characters":[51713],"vehicles":[],"interiors":[],"accounts":[],"content":"GIVEITEM Token (( Vehicle Token )) 1","factions":[]}
{"action":4,"origin":"ch51713","date":"2024-01-18T01:05:53","phones":[],"objects":[],"characters":[51713],"vehicles":[],"interiors":[],"accounts":[],"content":"RESETCARSHOP","factions":[]}
{"action":4,"origin":"ch51713","date":"2024-01-18T01:06:42","phones":[],"objects":[],"characters":[51713],"vehicles":[],"interiors":[],"accounts":[],"content":"RESETCARSHOP","factions":[]}
{"action":6,"origin":"ch51713","date":"2024-01-18T01:06:50","phones":[],"objects":[],"characters":[],"vehicles":[29211],"interiors":[],"accounts":[],"content":"BOUGHTNEWCAR Landstalker (Custom Model ID #250, Price: $3,000,000)","factions":[]}
{"action":40,"origin":"ch51713","date":"2024-01-18T01:06:53","phones":[],"objects":[],"characters":[51713],"vehicles":[],"interiors":[],"accounts":[],"content":"500 pesos presiona la llave para desbloquear el vehículo. ((1992 Jeep Cherokee))","factions":[]}
{"action":31,"origin":"ch51713","date":"2024-01-18T01:06:53","phones":[],"objects":[],"characters":[],"vehicles":[29211],"interiors":[],"accounts":[],"content":"DESBLOQUEO DESDE EL EXTERIOR","factions":[]}
{"action":31,"origin":"ch51713","date":"2024-01-18T01:06:57","phones":[],"objects":[],"characters":[51713],"vehicles":[29211],"interiors":[],"accounts":[],"content":"STARTED ENGINE","factions":[]}
{"action":6,"origin":"ch51713","date":"2024-01-18T01:30:18","phones":[],"objects":[],"characters":[],"vehicles":[29212],"interiors":[],"accounts":[],"content":"BOUGHTNEWCAR Windsor (Custom Model ID #284, Price: $28,500)","factions":[]}
{"action":40,"origin":"ch51713","date":"2024-01-18T01:30:23","phones":[],"objects":[],"characters":[51713],"vehicles":[],"interiors":[],"accounts":[],"content":"500 pesos presiona la llave para desbloquear el vehículo. ((1963 Triumph Spitfire))","factions":[]}
{"action":31,"origin":"ch51713","date":"2024-01-18T01:30:23","phones":[],"objects":[],"characters":[],"vehicles":[29212],"interiors":[],"accounts":[],"content":"DESBLOQUEO DESDE EL EXTERIOR","factions":[]}
{"action":31,"origin":"ch51713","date":"2024-01-18T01:31:12","phones":[],"objects":[],"characters":[51713],"vehicles":[29212],"interiors":[],"accounts":[],"content":"STARTED ENGINE","factions":[]}
{"action":4,"origin":"ch51713","date":"2024-01-18T01:34:05","phones":[],"objects":[],"characters":[51713],"vehicles":[],"interiors":[],"accounts":[],"content":"FREECAM","factions":[]}
{"action":6,"origin":"ch51713","date":"2024-01-18T01:34:12","phones":[],"objects":[],"characters":[51713],"vehicles":[],"interiors":[],"accounts":[],"content":"VEH 759 created with ID -10","factions":[]}
{"action":31,"origin":"ch51713","date":"2024-01-18T01:34:44","phones":[],"objects":[],"characters":[51713],"vehicles":[-10],"interiors":[],"accounts":[],"content":"STARTED ENGINE","factions":[]}
{"action":4,"origin":"ch51713","date":"2024-01-18T01:44:04","phones":[],"objects":[],"characters":[51713],"vehicles":[],"interiors":[],"accounts":[],"content":"RESETCARSHOP","factions":[]}
{"action":6,"origin":"ch51713","date":"2024-01-18T01:44:11","phones":[],"objects":[],"characters":[51713],"vehicles":[],"interiors":[],"accounts":[],"content":"VEH 760 created with ID -11","factions":[]}
{"action":4,"origin":"ch51713","date":"2024-01-18T01:47:52","phones":[],"objects":[],"characters":[51713],"vehicles":[],"interiors":[],"accounts":[],"content":"SETHP 100","factions":[]}
{"action":6,"origin":"ch51713","date":"2024-01-18T01:48:46","phones":[],"objects":[],"characters":[51713],"vehicles":[-11],"interiors":[],"accounts":[],"content":"FIXVEH","factions":[]}
{"action":31,"origin":"ch51713","date":"2024-01-18T01:48:47","phones":[],"objects":[],"characters":[51713],"vehicles":[-11],"interiors":[],"accounts":[],"content":"STARTED ENGINE","factions":[]}
{"action":40,"origin":"ch51711","date":"2024-01-18T01:50:19","phones":[],"objects":[],"characters":[51711,51713],"vehicles":[],"interiors":[],"accounts":[],"content":"Danny Occean pierna izquierda fue golpeada.","factions":[]}
{"action":34,"origin":"ch51711","date":"2024-01-18T01:50:24","phones":[],"objects":[],"characters":[51711],"vehicles":[],"interiors":[],"accounts":[],"content":" died","factions":[]}
{"action":4,"origin":"ch51711","date":"2024-01-18T01:50:29","phones":[],"objects":[],"characters":[51711],"vehicles":[],"interiors":[],"accounts":[],"content":"REVIVIDO desde PK","factions":[]}
{"action":6,"origin":"ch51711","date":"2024-01-18T01:50:41","phones":[],"objects":[],"characters":[51713],"vehicles":[-11],"interiors":[],"accounts":[],"content":"FIXVEH","factions":[]}
{"action":6,"origin":"ch51713","date":"2024-01-18T01:50:42","phones":[],"objects":[],"characters":[51713],"vehicles":[-11],"interiors":[],"accounts":[],"content":"FIXVEH","factions":[]}
{"action":8,"origin":"ch51713","date":"2024-01-18T01:51:58","phones":[],"objects":[],"characters":[51713],"vehicles":[],"interiors":[],"accounts":[],"content":"\/veh 760","factions":[]}
{"action":6,"origin":"ch51713","date":"2024-01-18T01:52:56","phones":[],"objects":[],"characters":[51713],"vehicles":[],"interiors":[],"accounts":[],"content":"VEH 759 created with ID -12","factions":[]}
{"action":6,"origin":"ch51711","date":"2024-01-18T01:54:15","phones":[],"objects":[],"characters":[51711],"vehicles":[],"interiors":[],"accounts":[],"content":"VEH 250 created with ID -13","factions":[]}
{"action":31,"origin":"ch51711","date":"2024-01-18T01:54:21","phones":[],"objects":[],"characters":[51711],"vehicles":[-13],"interiors":[],"accounts":[],"content":"STARTED ENGINE","factions":[]}
{"action":27,"origin":"ac131904","date":"2024-01-18T01:54:54","phones":[],"objects":[],"characters":[51713],"vehicles":[],"interiors":[],"accounts":[131904],"content":"Disconnected (Timed out) (Name: 500_pesos)","factions":[]}
{"action":27,"origin":"ac131904","date":"2024-01-18T01:55:44","phones":[],"objects":[],"characters":[],"vehicles":[],"interiors":[],"accounts":[131904],"content":"Connected from 186.175.149.206 - D07C3066987A767946F05743B08A1FA4","factions":[]}
{"action":27,"origin":"ac131904","date":"2024-01-18T01:55:53","phones":[],"objects":[],"characters":[51713],"vehicles":[],"interiors":[],"accounts":[131904],"content":"Spawned","factions":[]}
{"action":4,"origin":"ch51711","date":"2024-01-18T01:56:10","phones":[],"objects":[],"characters":[51711],"vehicles":[],"interiors":[],"accounts":[],"content":"SETHP 100","factions":[]}
{"action":6,"origin":"ch51713","date":"2024-01-18T01:56:56","phones":[],"objects":[],"characters":[51713],"vehicles":[],"interiors":[],"accounts":[],"content":"VEH 765 created with ID -14","factions":[]}
{"action":6,"origin":"ch51713","date":"2024-01-18T01:57:20","phones":[],"objects":[],"characters":[],"vehicles":[29204],"interiors":[],"accounts":[],"content":"CarShop Delete","factions":[]}
{"action":6,"origin":"ch51713","date":"2024-01-18T01:57:20","phones":[],"objects":[],"characters":[],"vehicles":[29209],"interiors":[],"accounts":[],"content":"CarShop Delete","factions":[]}
{"action":6,"origin":"ch51713","date":"2024-01-18T01:57:20","phones":[],"objects":[],"characters":[],"vehicles":[29210],"interiors":[],"accounts":[],"content":"CarShop Delete","factions":[]}
{"action":6,"origin":"ch51713","date":"2024-01-18T01:57:20","phones":[],"objects":[],"characters":[],"vehicles":[29211],"interiors":[],"accounts":[],"content":"CarShop Delete","factions":[]}
{"action":6,"origin":"ch51713","date":"2024-01-18T01:57:20","phones":[],"objects":[],"characters":[],"vehicles":[29212],"interiors":[],"accounts":[],"content":"CarShop Delete","factions":[]}
{"action":31,"origin":"ch51713","date":"2024-01-18T01:58:00","phones":[],"objects":[],"characters":[51713],"vehicles":[-14],"interiors":[],"accounts":[],"content":"STARTED ENGINE","factions":[]}
{"action":40,"origin":"ch51713","date":"2024-01-18T01:58:04","phones":[],"objects":[],"characters":[51713],"vehicles":[],"interiors":[],"accounts":[],"content":"500 pesos bloquea las puertas del vehículo.","factions":[]}
{"action":31,"origin":"ch51713","date":"2024-01-18T01:58:04","phones":[],"objects":[],"characters":[],"vehicles":[-14],"interiors":[],"accounts":[],"content":"BLOQUEA DESDE DENTRO","factions":[]}
{"action":40,"origin":"ch51713","date":"2024-01-18T02:02:00","phones":[],"objects":[],"characters":[51713],"vehicles":[],"interiors":[],"accounts":[],"content":"500 pesos desbloquea las puertas del vehículo.","factions":[]}
{"action":31,"origin":"ch51713","date":"2024-01-18T02:02:00","phones":[],"objects":[],"characters":[],"vehicles":[-14],"interiors":[],"accounts":[],"content":"DESBLOQUEA DESDE EL INTERIOR","factions":[]}
{"action":4,"origin":"ch51713","date":"2024-01-18T02:02:10","phones":[],"objects":[],"characters":[51713],"vehicles":[],"interiors":[],"accounts":[],"content":"FREECAM","factions":[]}
{"action":40,"origin":"ch51711","date":"2024-01-18T02:02:24","phones":[],"objects":[],"characters":[51711],"vehicles":[],"interiors":[],"accounts":[],"content":"Danny Occean locks the vehicle doors.","factions":[]}
{"action":40,"origin":"ch51711","date":"2024-01-18T02:02:26","phones":[],"objects":[],"characters":[51711],"vehicles":[],"interiors":[],"accounts":[],"content":"Danny Occean unlocks the vehicle doors.","factions":[]}
{"action":40,"origin":"ch51713","date":"2024-01-18T02:02:29","phones":[],"objects":[],"characters":[51713],"vehicles":[],"interiors":[],"accounts":[],"content":"500 pesos Presiona la llave para bloquear el vehículo.. ((1998 Bombardier Learjet 45))","factions":[]}
{"action":31,"origin":"ch51713","date":"2024-01-18T02:02:29","phones":[],"objects":[],"characters":[],"vehicles":[-14],"interiors":[],"accounts":[],"content":"BLOQUEO DESDE EL EXTERIOR","factions":[]}
{"action":40,"origin":"ch51713","date":"2024-01-18T02:02:30","phones":[],"objects":[],"characters":[51713],"vehicles":[],"interiors":[],"accounts":[],"content":"500 pesos presiona la llave para desbloquear el vehículo. ((1998 Bombardier Learjet 45))","factions":[]}
{"action":31,"origin":"ch51713","date":"2024-01-18T02:02:30","phones":[],"objects":[],"characters":[],"vehicles":[-14],"interiors":[],"accounts":[],"content":"DESBLOQUEO DESDE EL EXTERIOR","factions":[]}
{"action":6,"origin":"ch51713","date":"2024-01-18T02:03:15","phones":[],"objects":[],"characters":[51713],"vehicles":[],"interiors":[],"accounts":[],"content":"VEH 457 created with ID -15","factions":[]}
{"action":40,"origin":"ch51711","date":"2024-01-18T02:03:23","phones":[],"objects":[],"characters":[51711,51713],"vehicles":[],"interiors":[],"accounts":[],"content":"Danny Occean Presiona la llave para bloquear el vehículo.. ((1936 Douglas DC-3))","factions":[]}
{"action":31,"origin":"ch51711","date":"2024-01-18T02:03:23","phones":[],"objects":[],"characters":[],"vehicles":[-15],"interiors":[],"accounts":[],"content":"BLOQUEO DESDE EL EXTERIOR","factions":[]}
{"action":40,"origin":"ch51711","date":"2024-01-18T02:03:25","phones":[],"objects":[],"characters":[51711,51713],"vehicles":[],"interiors":[],"accounts":[],"content":"Danny Occean presiona la llave para desbloquear el vehículo. ((1936 Douglas DC-3))","factions":[]}
{"action":31,"origin":"ch51711","date":"2024-01-18T02:03:25","phones":[],"objects":[],"characters":[],"vehicles":[-15],"interiors":[],"accounts":[],"content":"DESBLOQUEO DESDE EL EXTERIOR","factions":[]}
{"action":6,"origin":"ch51713","date":"2024-01-18T02:04:07","phones":[],"objects":[],"characters":[51713],"vehicles":[],"interiors":[],"accounts":[],"content":"VEH 762 created with ID -16","factions":[]}
{"action":31,"origin":"ch51711","date":"2024-01-18T02:04:46","phones":[],"objects":[],"characters":[51711],"vehicles":[-16],"interiors":[],"accounts":[],"content":"STARTED ENGINE","factions":[]}
{"action":40,"origin":"ch51713","date":"2024-01-18T02:04:57","phones":[],"objects":[],"characters":[51711,51713],"vehicles":[],"interiors":[],"accounts":[],"content":"500 pesos buckles in their seatbelt.","factions":[]}
{"action":40,"origin":"ch51713","date":"2024-01-18T02:06:00","phones":[],"objects":[],"characters":[51711,51713],"vehicles":[],"interiors":[],"accounts":[],"content":"500 pesos unbuckles their seatbelt.","factions":[]}
{"action":6,"origin":"ch51713","date":"2024-01-18T02:08:43","phones":[],"objects":[],"characters":[51713],"vehicles":[],"interiors":[],"accounts":[],"content":" Created new vehicle #3323 in library.","factions":[]}
{"action":27,"origin":"ac131904","date":"2024-01-18T02:09:24","phones":[],"objects":[],"characters":[51713],"vehicles":[],"interiors":[],"accounts":[131904],"content":"Disconnected (Quit) (Name: 500_pesos)","factions":[]}
{"action":27,"origin":"ac131904","date":"2024-01-18T02:10:59","phones":[],"objects":[],"characters":[],"vehicles":[],"interiors":[],"accounts":[131904],"content":"Connected from 186.175.149.206 - D07C3066987A767946F05743B08A1FA4","factions":[]}
{"action":27,"origin":"ac131904","date":"2024-01-18T02:11:08","phones":[],"objects":[],"characters":[51713],"vehicles":[],"interiors":[],"accounts":[131904],"content":"Spawned","factions":[]}
{"action":6,"origin":"ch51713","date":"2024-01-18T02:11:16","phones":[],"objects":[],"characters":[51713],"vehicles":[],"interiors":[],"accounts":[],"content":"VEH 3323 created with ID -17","factions":[]}
{"action":31,"origin":"ch51713","date":"2024-01-18T02:12:24","phones":[],"objects":[],"characters":[51713],"vehicles":[-17],"interiors":[],"accounts":[],"content":"STARTED ENGINE","factions":[]}
{"action":27,"origin":"ac131903","date":"2024-01-18T02:13:35","phones":[],"objects":[],"characters":[51711],"vehicles":[],"interiors":[],"accounts":[131903],"content":"Disconnected (Quit) (Name: Danny_Occean)","factions":[]}
{"action":4,"origin":"ch51713","date":"2024-01-18T02:14:37","phones":[],"objects":[],"characters":[51713],"vehicles":[],"interiors":[],"accounts":[],"content":"RESETCARSHOP","factions":[]}
{"action":6,"origin":"ch51713","date":"2024-01-18T02:14:39","phones":[],"objects":[],"characters":[51713],"vehicles":[],"interiors":[],"accounts":[],"content":"VEH 565 created with ID -18","factions":[]}
{"action":31,"origin":"ch51713","date":"2024-01-18T02:14:59","phones":[],"objects":[],"characters":[51713],"vehicles":[-18],"interiors":[],"accounts":[],"content":"STARTED ENGINE","factions":[]}
{"action":27,"origin":"ac131903","date":"2024-01-18T02:15:38","phones":[],"objects":[],"characters":[],"vehicles":[],"interiors":[],"accounts":[131903],"content":"Connected from 192.168.56.1 - 7CFC369BF14E7B5B0D5192186B1891F2","factions":[]}
{"action":6,"origin":"ch51713","date":"2024-01-18T02:15:47","phones":[],"objects":[],"characters":[51713],"vehicles":[],"interiors":[],"accounts":[],"content":"VEH 946 created with ID -19","factions":[]}
{"action":27,"origin":"ac131903","date":"2024-01-18T02:15:49","phones":[],"objects":[],"characters":[51714],"vehicles":[],"interiors":[],"accounts":[131903],"content":"Spawned","factions":[]}
{"action":31,"origin":"ch51713","date":"2024-01-18T02:16:53","phones":[],"objects":[],"characters":[51713],"vehicles":[-18],"interiors":[],"accounts":[],"content":"STARTED ENGINE","factions":[]}
{"action":6,"origin":"ch51713","date":"2024-01-18T02:17:56","phones":[],"objects":[],"characters":[51713],"vehicles":[],"interiors":[],"accounts":[],"content":" Created new vehicle #3324 in library.","factions":[]}
{"action":31,"origin":"ch51713","date":"2024-01-18T02:18:00","phones":[],"objects":[],"characters":[51713],"vehicles":[-20],"interiors":[],"accounts":[],"content":"STARTED ENGINE","factions":[]}
{"action":40,"origin":"ch51713","date":"2024-01-18T02:18:02","phones":[],"objects":[],"characters":[51713],"vehicles":[],"interiors":[],"accounts":[],"content":"500 pesos buckles in their seatbelt.","factions":[]}
{"action":6,"origin":"ch51713","date":"2024-01-18T02:18:47","phones":[],"objects":[],"characters":[51713],"vehicles":[-20],"interiors":[],"accounts":[],"content":"FIXVEH","factions":[]}
{"action":6,"origin":"ch51713","date":"2024-01-18T02:19:11","phones":[],"objects":[],"characters":[51713],"vehicles":[-20],"interiors":[],"accounts":[],"content":"FIXVEH","factions":[]}
{"action":4,"origin":"ch51713","date":"2024-01-18T02:19:23","phones":[],"objects":[],"characters":[51713],"vehicles":[],"interiors":[],"accounts":[],"content":"SETHP 100","factions":[]}
{"action":4,"origin":"ch51713","date":"2024-01-18T02:20:24","phones":[],"objects":[],"characters":[51713],"vehicles":[],"interiors":[],"accounts":[],"content":"SETHP 100","factions":[]}
{"action":34,"origin":"ch51714","date":"2024-01-18T02:20:54","phones":[],"objects":[],"characters":[51714],"vehicles":[],"interiors":[],"accounts":[],"content":" got killed by an unknown source","factions":[]}
{"action":4,"origin":"ch51714","date":"2024-01-18T02:21:01","phones":[],"objects":[],"characters":[51714],"vehicles":[],"interiors":[],"accounts":[],"content":"REVIVIDO desde PK","factions":[]}
{"action":4,"origin":"ch51713","date":"2024-01-18T02:21:13","phones":[],"objects":[],"characters":[51713],"vehicles":[],"interiors":[],"accounts":[],"content":"SETHP 100","factions":[]}
{"action":4,"origin":"ch51713","date":"2024-01-18T02:21:27","phones":[],"objects":[],"characters":[51713],"vehicles":[],"interiors":[],"accounts":[],"content":"SETHP 100","factions":[]}
{"action":4,"origin":"ch51713","date":"2024-01-18T02:21:34","phones":[],"objects":[],"characters":[51713],"vehicles":[],"interiors":[],"accounts":[],"content":"SETHP 100","factions":[]}
{"action":40,"origin":"ch51714","date":"2024-01-18T02:21:53","phones":[],"objects":[],"characters":[51713,51714],"vehicles":[],"interiors":[],"accounts":[],"content":"Susana Bielnamida pierna derecha fue golpeada.","factions":[]}
{"action":6,"origin":"ch51713","date":"2024-01-18T02:21:57","phones":[],"objects":[],"characters":[51713],"vehicles":[-20],"interiors":[],"accounts":[],"content":"FIXVEH","factions":[]}
{"action":31,"origin":"ch51713","date":"2024-01-18T02:21:59","phones":[],"objects":[],"characters":[51713],"vehicles":[-20],"interiors":[],"accounts":[],"content":"STARTED ENGINE","factions":[]}
{"action":4,"origin":"ch51714","date":"2024-01-18T02:22:22","phones":[],"objects":[],"characters":[51714],"vehicles":[],"interiors":[],"accounts":[],"content":"SETHP 100","factions":[]}
{"action":6,"origin":"ch51713","date":"2024-01-18T02:22:27","phones":[],"objects":[],"characters":[51713],"vehicles":[-20],"interiors":[],"accounts":[],"content":"FIXVEH","factions":[]}
{"action":4,"origin":"ch51713","date":"2024-01-18T02:22:32","phones":[],"objects":[],"characters":[51713],"vehicles":[],"interiors":[],"accounts":[],"content":"SETHP 100","factions":[]}
{"action":4,"origin":"ch51713","date":"2024-01-18T02:22:39","phones":[],"objects":[],"characters":[51713],"vehicles":[],"interiors":[],"accounts":[],"content":"SETHP 100","factions":[]}
{"action":6,"origin":"ch51713","date":"2024-01-18T02:22:40","phones":[],"objects":[],"characters":[51713],"vehicles":[-20],"interiors":[],"accounts":[],"content":"FIXVEH","factions":[]}
{"action":4,"origin":"ch51713","date":"2024-01-18T02:23:14","phones":[],"objects":[],"characters":[51713],"vehicles":[],"interiors":[],"accounts":[],"content":"SETHP 100","factions":[]}
{"action":27,"origin":"ac131903","date":"2024-01-18T02:23:50","phones":[],"objects":[],"characters":[51714],"vehicles":[],"interiors":[],"accounts":[131903],"content":"Disconnected (Quit) (Name: Susana_Bielnamida)","factions":[]}
{"action":27,"origin":"ac131904","date":"2024-01-18T02:24:27","phones":[],"objects":[],"characters":[51713],"vehicles":[],"interiors":[],"accounts":[131904],"content":"Disconnected (Quit) (Name: 500_pesos)","factions":[]}
{"action":27,"origin":"ac131903","date":"2024-01-18T13:08:22","phones":[],"objects":[],"characters":[],"vehicles":[],"interiors":[],"accounts":[131903],"content":"Connected from 192.168.56.1 - 7CFC369BF14E7B5B0D5192186B1891F2","factions":[]}
{"action":27,"origin":"ac131903","date":"2024-01-18T13:15:52","phones":[],"objects":[],"characters":[],"vehicles":[],"interiors":[],"accounts":[131903],"content":"Connected from 192.168.56.1 - 7CFC369BF14E7B5B0D5192186B1891F2","factions":[]}
{"action":27,"origin":"ac131903","date":"2024-01-18T13:17:26","phones":[],"objects":[],"characters":[],"vehicles":[],"interiors":[],"accounts":[131903],"content":"Connected from 192.168.56.1 - 7CFC369BF14E7B5B0D5192186B1891F2","factions":[]}
{"action":27,"origin":"ac131903","date":"2024-01-18T13:18:06","phones":[],"objects":[],"characters":[],"vehicles":[],"interiors":[],"accounts":[131903],"content":"Connected from 192.168.56.1 - 7CFC369BF14E7B5B0D5192186B1891F2","factions":[]}
{"action":27,"origin":"ac131903","date":"2024-01-18T13:18:28","phones":[],"objects":[],"characters":[51711],"vehicles":[],"interiors":[],"accounts":[131903],"content":"Spawned","factions":[]}
{"action":27,"origin":"ac131903","date":"2024-01-18T16:28:47","phones":[],"objects":[],"characters":[0],"vehicles":[],"interiors":[],"accounts":[131903],"content":"Went to character selection","factions":[]}
{"action":27,"origin":"ac131903","date":"2024-01-18T16:28:55","phones":[],"objects":[],"characters":[51711],"vehicles":[],"interiors":[],"accounts":[131903],"content":"Spawned","factions":[]}
{"action":27,"origin":"ac131903","date":"2024-01-18T16:29:03","phones":[],"objects":[],"characters":[0],"vehicles":[],"interiors":[],"accounts":[131903],"content":"Went to character selection","factions":[]}
{"action":27,"origin":"ac131903","date":"2024-01-18T16:29:11","phones":[],"objects":[],"characters":[51711],"vehicles":[],"interiors":[],"accounts":[131903],"content":"Spawned","factions":[]}
