{"action":27,"origin":"ac131903","date":"2023-12-25T20:31:33","phones":[],"objects":[],"characters":[],"vehicles":[],"interiors":[],"accounts":[131903],"content":"Connected from 192.168.56.1 - 7CFC369BF14E7B5B0D5192186B1891F2","factions":[]}
{"action":27,"origin":"ac131903","date":"2023-12-25T20:31:43","phones":[],"objects":[],"characters":[51711],"vehicles":[],"interiors":[],"accounts":[131903],"content":"Spawned","factions":[]}
{"action":34,"origin":"ch51711","date":"2023-12-25T20:31:43","phones":[],"objects":[],"characters":[51711],"vehicles":[],"interiors":[],"accounts":[],"content":" died","factions":[]}
{"action":4,"origin":"ch51711","date":"2023-12-25T20:34:55","phones":[],"objects":[],"characters":[51711],"vehicles":[],"interiors":[],"accounts":[],"content":"CHANGENAME Adic toalpico -> Danny_Occean","factions":[]}
{"action":27,"origin":"ac131904","date":"2023-12-25T20:35:01","phones":[],"objects":[],"characters":[],"vehicles":[],"interiors":[],"accounts":[131904],"content":"Connected from 186.173.247.37 - D07C3066987A767946F05743B08A1FA4","factions":[]}
{"action":4,"origin":"ch0","date":"2023-12-25T20:35:03","phones":[],"objects":[],"characters":[51711],"vehicles":[],"interiors":[],"accounts":[],"content":"CHANGENAME Danny Occean -> Adic_toalpico","factions":[]}
{"action":27,"origin":"ac131904","date":"2023-12-25T20:35:09","phones":[],"objects":[],"characters":[51713],"vehicles":[],"interiors":[],"accounts":[131904],"content":"Spawned","factions":[]}
{"action":6,"origin":"ch51713","date":"2023-12-25T20:35:19","phones":[],"objects":[],"characters":[51713],"vehicles":[],"interiors":[],"accounts":[],"content":"VEH 3320 created with ID -1","factions":[]}
{"action":31,"origin":"ch51713","date":"2023-12-25T20:35:25","phones":[],"objects":[],"characters":[51713],"vehicles":[-1],"interiors":[],"accounts":[],"content":"STARTED ENGINE","factions":[]}
{"action":40,"origin":"ch51713","date":"2023-12-25T20:35:41","phones":[],"objects":[],"characters":[51711,51713],"vehicles":[],"interiors":[],"accounts":[],"content":"500 pesos buckles in their seatbelt.","factions":[]}
{"action":40,"origin":"ch51711","date":"2023-12-25T20:36:03","phones":[],"objects":[],"characters":[51711,51713],"vehicles":[],"interiors":[],"accounts":[],"content":"Adic toalpico buckles in their seatbelt.","factions":[]}
{"action":4,"origin":"ch51711","date":"2023-12-25T20:36:41","phones":[],"objects":[],"characters":[51711],"vehicles":[],"interiors":[],"accounts":[],"content":"SETHP 100","factions":[]}
{"action":7,"origin":"ch51713","date":"2023-12-25T20:38:13","phones":[],"objects":[],"characters":[51713,51711],"vehicles":[],"interiors":[],"accounts":[],"content":"Español: Asd","factions":[]}
{"action":7,"origin":"ch51711","date":"2023-12-25T20:38:13","phones":[],"objects":[],"characters":[51711,51713],"vehicles":[],"interiors":[],"accounts":[],"content":"Español: Asdads","factions":[]}
{"action":4,"origin":"ch51711","date":"2023-12-25T20:38:18","phones":[],"objects":[],"characters":[51711],"vehicles":[],"interiors":[],"accounts":[],"content":"CHANGENAME Adic toalpico -> Danny_Occean","factions":[]}
{"action":4,"origin":"ch51713","date":"2023-12-25T20:38:22","phones":[],"objects":[],"characters":[51711],"vehicles":[],"interiors":[],"accounts":[],"content":"CHANGENAME Danny Occean -> Adic_toalpico","factions":[]}
{"action":4,"origin":"ch51711","date":"2023-12-25T20:38:26","phones":[],"objects":[],"characters":[51711],"vehicles":[],"interiors":[],"accounts":[],"content":"CHANGENAME Adic toalpico -> Danny_Occean","factions":[]}
{"action":6,"origin":"ch51713","date":"2023-12-25T20:38:40","phones":[],"objects":[],"characters":[],"vehicles":[29152],"interiors":[],"accounts":[],"content":"CarShop Delete","factions":[]}
{"action":6,"origin":"ch51713","date":"2023-12-25T20:38:40","phones":[],"objects":[],"characters":[],"vehicles":[29192],"interiors":[],"accounts":[],"content":"CarShop Delete","factions":[]}
{"action":6,"origin":"ch51713","date":"2023-12-25T20:38:40","phones":[],"objects":[],"characters":[],"vehicles":[29200],"interiors":[],"accounts":[],"content":"CarShop Delete","factions":[]}
{"action":6,"origin":"ch51713","date":"2023-12-25T20:38:40","phones":[],"objects":[],"characters":[],"vehicles":[29191],"interiors":[],"accounts":[],"content":"CarShop Delete","factions":[]}
{"action":4,"origin":"ch51713","date":"2023-12-25T20:38:40","phones":[],"objects":[],"characters":[51711],"vehicles":[],"interiors":[],"accounts":[],"content":"CHANGENAME Danny Occean -> Adic_toalpico","factions":[]}
{"action":26,"origin":"ch51711","date":"2023-12-25T20:39:09","phones":[],"objects":[],"characters":[51711],"vehicles":[],"interiors":[],"accounts":[],"content":"Purchase logs: Customized country flags typing icon - Cost: -150 GCs","factions":[]}
{"action":4,"origin":"ch51711","date":"2023-12-25T20:39:12","phones":[],"objects":[],"characters":[51711],"vehicles":[],"interiors":[],"accounts":[],"content":"CHANGENAME Adic toalpico -> Danny_Occean","factions":[]}
{"action":6,"origin":"ch51713","date":"2023-12-25T20:40:02","phones":[],"objects":[],"characters":[51711],"vehicles":[-1],"interiors":[],"accounts":[],"content":"FIXVEH","factions":[]}
{"action":6,"origin":"ch51713","date":"2023-12-25T20:40:06","phones":[],"objects":[],"characters":[51711],"vehicles":[-1],"interiors":[],"accounts":[],"content":"FIXVEH","factions":[]}
{"action":31,"origin":"ch51713","date":"2023-12-25T20:40:06","phones":[],"objects":[],"characters":[51713],"vehicles":[-1],"interiors":[],"accounts":[],"content":"STARTED ENGINE","factions":[]}
{"action":4,"origin":"ch51713","date":"2023-12-25T20:40:12","phones":[],"objects":[],"characters":[51713],"vehicles":[],"interiors":[],"accounts":[],"content":"FREEZE","factions":[]}
{"action":4,"origin":"ch51711","date":"2023-12-25T20:40:28","phones":[],"objects":[],"characters":[51713],"vehicles":[],"interiors":[],"accounts":[],"content":"FREEZE","factions":[]}
{"action":4,"origin":"ch51713","date":"2023-12-25T20:40:28","phones":[],"objects":[],"characters":[51713],"vehicles":[],"interiors":[],"accounts":[],"content":"UNFREEZE","factions":[]}
{"action":4,"origin":"ch51711","date":"2023-12-25T20:40:40","phones":[],"objects":[],"characters":[51711],"vehicles":[],"interiors":[],"accounts":[],"content":"SETHP 100","factions":[]}
{"action":4,"origin":"ch51713","date":"2023-12-25T20:41:06","phones":[],"objects":[],"characters":[51713],"vehicles":[],"interiors":[],"accounts":[],"content":"ANN a","factions":[]}
{"action":4,"origin":"ch51713","date":"2023-12-25T20:41:08","phones":[],"objects":[],"characters":[51713],"vehicles":[],"interiors":[],"accounts":[],"content":"ANN a","factions":[]}
{"action":4,"origin":"ch51713","date":"2023-12-25T20:41:08","phones":[],"objects":[],"characters":[51713],"vehicles":[],"interiors":[],"accounts":[],"content":"ANN a","factions":[]}
{"action":4,"origin":"ch51713","date":"2023-12-25T20:41:08","phones":[],"objects":[],"characters":[51713],"vehicles":[],"interiors":[],"accounts":[],"content":"ANN a","factions":[]}
{"action":4,"origin":"ch51713","date":"2023-12-25T20:41:08","phones":[],"objects":[],"characters":[51713],"vehicles":[],"interiors":[],"accounts":[],"content":"ANN a","factions":[]}
{"action":4,"origin":"ch51713","date":"2023-12-25T20:41:08","phones":[],"objects":[],"characters":[51713],"vehicles":[],"interiors":[],"accounts":[],"content":"ANN a","factions":[]}
{"action":4,"origin":"ch51713","date":"2023-12-25T20:41:08","phones":[],"objects":[],"characters":[51713],"vehicles":[],"interiors":[],"accounts":[],"content":"ANN a","factions":[]}
{"action":4,"origin":"ch51713","date":"2023-12-25T20:41:15","phones":[],"objects":[],"characters":[51713],"vehicles":[],"interiors":[],"accounts":[],"content":"SETHP 100","factions":[]}
{"action":6,"origin":"ch51711","date":"2023-12-25T20:41:20","phones":[],"objects":[],"characters":[51713],"vehicles":[-1],"interiors":[],"accounts":[],"content":"FIXVEH","factions":[]}
{"action":40,"origin":"ch51713","date":"2023-12-25T20:41:35","phones":[],"objects":[],"characters":[51711,51713],"vehicles":[],"interiors":[],"accounts":[],"content":"500 pesos unbuckles their seatbelt.","factions":[]}
{"action":40,"origin":"ch51711","date":"2023-12-25T20:41:36","phones":[],"objects":[],"characters":[51711,51713],"vehicles":[],"interiors":[],"accounts":[],"content":"Danny Occean unbuckles their seatbelt.","factions":[]}
{"action":6,"origin":"ch51713","date":"2023-12-25T20:41:53","phones":[],"objects":[],"characters":[51713],"vehicles":[],"interiors":[],"accounts":[],"content":" Created new vehicle #3322 in library.","factions":[]}
{"action":31,"origin":"ch51713","date":"2023-12-25T20:42:27","phones":[],"objects":[],"characters":[51713],"vehicles":[-2],"interiors":[],"accounts":[],"content":"STARTED ENGINE","factions":[]}
{"action":40,"origin":"ch51713","date":"2023-12-25T20:42:30","phones":[],"objects":[],"characters":[51713],"vehicles":[],"interiors":[],"accounts":[],"content":"500 pesos buckles in their seatbelt.","factions":[]}
{"action":6,"origin":"ch51713","date":"2023-12-25T20:43:10","phones":[],"objects":[],"characters":[51713],"vehicles":[-2],"interiors":[],"accounts":[],"content":"FIXVEH","factions":[]}
{"action":4,"origin":"ch51711","date":"2023-12-25T20:43:47","phones":[],"objects":[],"characters":[51711],"vehicles":[],"interiors":[],"accounts":[],"content":"SET INTO FACTION LEADER","factions":[192]}
{"action":6,"origin":"ch51713","date":"2023-12-25T20:43:47","phones":[],"objects":[],"characters":[51713],"vehicles":[-2],"interiors":[],"accounts":[],"content":"FIXVEH","factions":[]}
{"action":4,"origin":"ch51713","date":"2023-12-25T20:43:50","phones":[],"objects":[],"characters":[51713],"vehicles":[],"interiors":[],"accounts":[],"content":"SETHP 100","factions":[]}
{"action":4,"origin":"ch51713","date":"2023-12-25T20:43:53","phones":[],"objects":[],"characters":[51713],"vehicles":[-2],"interiors":[],"accounts":[],"content":"N\/A","factions":[]}
{"action":4,"origin":"ch51713","date":"2023-12-25T20:44:20","phones":[],"objects":[],"characters":[51713],"vehicles":[],"interiors":[],"accounts":[],"content":"SETHP 100","factions":[]}
{"action":6,"origin":"ch51713","date":"2023-12-25T20:44:23","phones":[],"objects":[],"characters":[51713],"vehicles":[-2],"interiors":[],"accounts":[],"content":"FIXVEH","factions":[]}
{"action":34,"origin":"ch51713","date":"2023-12-25T20:44:39","phones":[],"objects":[],"characters":[51713],"vehicles":[],"interiors":[],"accounts":[],"content":" died","factions":[]}
{"action":4,"origin":"ch51713","date":"2023-12-25T20:44:49","phones":[],"objects":[],"characters":[51713],"vehicles":[],"interiors":[],"accounts":[],"content":"REVIVIDO desde PK","factions":[]}
{"action":6,"origin":"ch51713","date":"2023-12-25T20:44:58","phones":[],"objects":[],"characters":[51713],"vehicles":[-2],"interiors":[],"accounts":[],"content":"FIXVEH","factions":[]}
{"action":31,"origin":"ch51713","date":"2023-12-25T20:45:00","phones":[],"objects":[],"characters":[51713],"vehicles":[-2],"interiors":[],"accounts":[],"content":"STARTED ENGINE","factions":[]}
{"action":40,"origin":"ch51713","date":"2023-12-25T20:45:01","phones":[],"objects":[],"characters":[51713],"vehicles":[],"interiors":[],"accounts":[],"content":"500 pesos buckles in their seatbelt.","factions":[]}
{"action":34,"origin":"ch51713","date":"2023-12-25T20:45:06","phones":[],"objects":[],"characters":[51713],"vehicles":[],"interiors":[],"accounts":[],"content":" died","factions":[]}
{"action":4,"origin":"ch51713","date":"2023-12-25T20:45:08","phones":[],"objects":[],"characters":[51713],"vehicles":[],"interiors":[],"accounts":[],"content":"REVIVIDO desde PK","factions":[]}
{"action":6,"origin":"ch51713","date":"2023-12-25T20:45:14","phones":[],"objects":[],"characters":[51713],"vehicles":[-2],"interiors":[],"accounts":[],"content":"FIXVEH","factions":[]}
{"action":6,"origin":"ch51713","date":"2023-12-25T20:45:16","phones":[],"objects":[],"characters":[51713],"vehicles":[],"interiors":[],"accounts":[],"content":"CHANGED HANDLINGS OF ALL INSTANCES OF VEHICLE SHOP ID #3322","factions":[]}
{"action":6,"origin":"ch51713","date":"2023-12-25T20:45:17","phones":[],"objects":[],"characters":[51713],"vehicles":[],"interiors":[],"accounts":[],"content":"RELOADED 0 INSTANCES OF VEHICLE SHOP ID #3322 IN GAME","factions":[]}
{"action":4,"origin":"ch51713","date":"2023-12-25T20:45:25","phones":[],"objects":[],"characters":[51713],"vehicles":[],"interiors":[],"accounts":[],"content":"FREECAM","factions":[]}
{"action":6,"origin":"ch51713","date":"2023-12-25T20:45:30","phones":[],"objects":[],"characters":[51713],"vehicles":[],"interiors":[],"accounts":[],"content":"VEH 3322 created with ID -3","factions":[]}
{"action":31,"origin":"ch51713","date":"2023-12-25T20:45:41","phones":[],"objects":[],"characters":[51713],"vehicles":[-3],"interiors":[],"accounts":[],"content":"STARTED ENGINE","factions":[]}
{"action":40,"origin":"ch51713","date":"2023-12-25T20:45:42","phones":[],"objects":[],"characters":[51711,51713],"vehicles":[],"interiors":[],"accounts":[],"content":"500 pesos buckles in their seatbelt.","factions":[]}
{"action":40,"origin":"ch51711","date":"2023-12-25T20:45:44","phones":[],"objects":[],"characters":[51711,51713],"vehicles":[],"interiors":[],"accounts":[],"content":"Danny Occean rolls their windows up.","factions":[]}
{"action":34,"origin":"ch51711","date":"2023-12-25T20:45:45","phones":[],"objects":[],"characters":[51711],"vehicles":[],"interiors":[],"accounts":[],"content":" died","factions":[]}
{"action":6,"origin":"ch51713","date":"2023-12-25T20:45:55","phones":[],"objects":[],"characters":[51713],"vehicles":[],"interiors":[],"accounts":[],"content":"VEH 3322 created with ID -4","factions":[]}
{"action":6,"origin":"ch51713","date":"2023-12-25T20:46:00","phones":[],"objects":[],"characters":[51713],"vehicles":[-3],"interiors":[],"accounts":[],"content":"FIXVEH","factions":[]}
{"action":4,"origin":"ch51713","date":"2023-12-25T20:46:25","phones":[],"objects":[],"characters":[51713],"vehicles":[],"interiors":[],"accounts":[],"content":"SETHP 100","factions":[]}
{"action":34,"origin":"ch51713","date":"2023-12-25T20:46:36","phones":[],"objects":[],"characters":[51713],"vehicles":[],"interiors":[],"accounts":[],"content":" died","factions":[]}
{"action":4,"origin":"ch51713","date":"2023-12-25T20:46:40","phones":[],"objects":[],"characters":[51713],"vehicles":[],"interiors":[],"accounts":[],"content":"REVIVIDO desde PK","factions":[]}
{"action":4,"origin":"ch51711","date":"2023-12-25T20:49:23","phones":[],"objects":[],"characters":[],"vehicles":[],"interiors":[],"accounts":[],"content":"MAKE FACTION","factions":[193]}
{"action":4,"origin":"ch51711","date":"2023-12-25T20:50:22","phones":[],"objects":[],"characters":[51711],"vehicles":[],"interiors":[],"accounts":[],"content":"SET INTO FACTION LEADER","factions":[2]}
{"action":4,"origin":"ch51711","date":"2023-12-25T20:50:35","phones":[],"objects":[],"characters":[51711],"vehicles":[],"interiors":[],"accounts":[],"content":"SET INTO FACTION LEADER","factions":[2]}
{"action":4,"origin":"ch51711","date":"2023-12-25T20:52:43","phones":[],"objects":[],"characters":[51711],"vehicles":[],"interiors":[],"accounts":[],"content":"SET INTO FACTION LEADER","factions":[2]}
{"action":27,"origin":"ac131903","date":"2023-12-25T20:53:50","phones":[],"objects":[],"characters":[0],"vehicles":[],"interiors":[],"accounts":[131903],"content":"Went to character selection","factions":[]}
{"action":27,"origin":"ac131903","date":"2023-12-25T20:53:54","phones":[],"objects":[],"characters":[51711],"vehicles":[],"interiors":[],"accounts":[131903],"content":"Spawned","factions":[]}
{"action":27,"origin":"ac131903","date":"2023-12-25T20:54:12","phones":[],"objects":[],"characters":[0],"vehicles":[],"interiors":[],"accounts":[131903],"content":"Went to character selection","factions":[]}
{"action":27,"origin":"ac131903","date":"2023-12-25T20:54:17","phones":[],"objects":[],"characters":[51714],"vehicles":[],"interiors":[],"accounts":[131903],"content":"Spawned","factions":[]}
{"action":4,"origin":"ch51714","date":"2023-12-25T20:54:19","phones":[],"objects":[],"characters":[51714],"vehicles":[],"interiors":[],"accounts":[],"content":"SET INTO FACTION LEADER","factions":[2]}
{"action":4,"origin":"ch51714","date":"2023-12-25T20:54:48","phones":[],"objects":[],"characters":[51714],"vehicles":[],"interiors":[],"accounts":[],"content":"SET TO FACTION","factions":[2]}
{"action":4,"origin":"ch51714","date":"2023-12-25T20:55:14","phones":[],"objects":[],"characters":[],"vehicles":[],"interiors":[],"accounts":[],"content":"DELETE FACTION","factions":[2]}
{"action":4,"origin":"ch51714","date":"2023-12-25T20:55:53","phones":[],"objects":[],"characters":[],"vehicles":[],"interiors":[],"accounts":[],"content":"MAKE FACTION","factions":[194]}
{"action":4,"origin":"ch51714","date":"2023-12-25T20:57:51","phones":[],"objects":[],"characters":[],"vehicles":[],"interiors":[],"accounts":[],"content":"DELETE FACTION","factions":[194]}
{"action":4,"origin":"ch51714","date":"2023-12-25T20:58:05","phones":[],"objects":[],"characters":[],"vehicles":[],"interiors":[],"accounts":[],"content":"MAKE FACTION","factions":[195]}
{"action":4,"origin":"ch51714","date":"2023-12-25T20:58:54","phones":[],"objects":[],"characters":[],"vehicles":[],"interiors":[],"accounts":[],"content":"DELETE FACTION","factions":[195]}
{"action":4,"origin":"ch51714","date":"2023-12-25T20:59:07","phones":[],"objects":[],"characters":[],"vehicles":[],"interiors":[],"accounts":[],"content":"MAKE FACTION","factions":[196]}
{"action":4,"origin":"ch51714","date":"2023-12-25T20:59:43","phones":[],"objects":[],"characters":[],"vehicles":[],"interiors":[],"accounts":[],"content":"DELETE FACTION","factions":[196]}
{"action":4,"origin":"ch51714","date":"2023-12-25T21:00:04","phones":[],"objects":[],"characters":[],"vehicles":[],"interiors":[],"accounts":[],"content":"MAKE FACTION","factions":[197]}
{"action":27,"origin":"ac131903","date":"2023-12-25T21:01:40","phones":[],"objects":[],"characters":[0],"vehicles":[],"interiors":[],"accounts":[131903],"content":"Went to character selection","factions":[]}
{"action":27,"origin":"ac131903","date":"2023-12-25T21:01:45","phones":[],"objects":[],"characters":[51711],"vehicles":[],"interiors":[],"accounts":[131903],"content":"Spawned","factions":[]}
{"action":4,"origin":"ch51711","date":"2023-12-25T21:02:03","phones":[],"objects":[],"characters":[51711],"vehicles":[],"interiors":[],"accounts":[],"content":"SET INTO FACTION LEADER","factions":[197]}
{"action":27,"origin":"ac131903","date":"2023-12-25T21:04:15","phones":[],"objects":[],"characters":[0],"vehicles":[],"interiors":[],"accounts":[131903],"content":"Went to character selection","factions":[]}
{"action":27,"origin":"ac131903","date":"2023-12-25T21:04:20","phones":[],"objects":[],"characters":[51714],"vehicles":[],"interiors":[],"accounts":[131903],"content":"Spawned","factions":[]}
{"action":27,"origin":"ac131903","date":"2023-12-25T21:04:22","phones":[],"objects":[],"characters":[0],"vehicles":[],"interiors":[],"accounts":[131903],"content":"Went to character selection","factions":[]}
{"action":27,"origin":"ac131903","date":"2023-12-25T21:04:26","phones":[],"objects":[],"characters":[51711],"vehicles":[],"interiors":[],"accounts":[131903],"content":"Spawned","factions":[]}
{"action":40,"origin":"ch51711","date":"2023-12-25T21:04:30","phones":[],"objects":[],"characters":[51711],"vehicles":[],"interiors":[],"accounts":[],"content":"Danny Occean pierna derecha fue golpeada.","factions":[]}
{"action":27,"origin":"ac131903","date":"2023-12-25T21:05:48","phones":[],"objects":[],"characters":[0],"vehicles":[],"interiors":[],"accounts":[131903],"content":"Went to character selection","factions":[]}
{"action":27,"origin":"ac131903","date":"2023-12-25T21:06:16","phones":[],"objects":[],"characters":[51711],"vehicles":[],"interiors":[],"accounts":[131903],"content":"Spawned","factions":[]}
{"action":6,"origin":"ch51713","date":"2023-12-25T21:06:55","phones":[],"objects":[],"characters":[51713],"vehicles":[],"interiors":[],"accounts":[],"content":"VEH 3322 created with ID -5","factions":[]}
{"action":31,"origin":"ch51713","date":"2023-12-25T21:07:00","phones":[],"objects":[],"characters":[51713],"vehicles":[-5],"interiors":[],"accounts":[],"content":"STARTED ENGINE","factions":[]}
{"action":40,"origin":"ch51713","date":"2023-12-25T21:07:01","phones":[],"objects":[],"characters":[51713],"vehicles":[],"interiors":[],"accounts":[],"content":"500 pesos buckles in their seatbelt.","factions":[]}
{"action":4,"origin":"ch51713","date":"2023-12-25T21:07:25","phones":[],"objects":[],"characters":[51713],"vehicles":[],"interiors":[],"accounts":[],"content":"SETHP 100","factions":[]}
{"action":6,"origin":"ch51713","date":"2023-12-25T21:07:31","phones":[],"objects":[],"characters":[51713],"vehicles":[-5],"interiors":[],"accounts":[],"content":"FIXVEH","factions":[]}
{"action":31,"origin":"ch51713","date":"2023-12-25T21:07:33","phones":[],"objects":[],"characters":[51713],"vehicles":[-5],"interiors":[],"accounts":[],"content":"STARTED ENGINE","factions":[]}
{"action":6,"origin":"ch51713","date":"2023-12-25T21:07:53","phones":[],"objects":[],"characters":[51713],"vehicles":[-5],"interiors":[],"accounts":[],"content":"FIXVEH","factions":[]}
{"action":6,"origin":"ch51713","date":"2023-12-25T21:08:04","phones":[],"objects":[],"characters":[51713],"vehicles":[-5],"interiors":[],"accounts":[],"content":"FIXVEH","factions":[]}
{"action":4,"origin":"ch51713","date":"2023-12-25T21:08:05","phones":[],"objects":[],"characters":[51713],"vehicles":[],"interiors":[],"accounts":[],"content":"SETHP 100","factions":[]}
{"action":4,"origin":"ch51713","date":"2023-12-25T21:08:29","phones":[],"objects":[],"characters":[51713],"vehicles":[],"interiors":[],"accounts":[],"content":"SETHP 100","factions":[]}
{"action":4,"origin":"ch51713","date":"2023-12-25T21:08:39","phones":[],"objects":[],"characters":[51713],"vehicles":[],"interiors":[],"accounts":[],"content":"SETHP 100","factions":[]}
{"action":4,"origin":"ch51713","date":"2023-12-25T21:08:48","phones":[],"objects":[],"characters":[51713],"vehicles":[],"interiors":[],"accounts":[],"content":"SETHP 100","factions":[]}
{"action":6,"origin":"ch51713","date":"2023-12-25T21:08:49","phones":[],"objects":[],"characters":[51713],"vehicles":[-5],"interiors":[],"accounts":[],"content":"FIXVEH","factions":[]}
{"action":31,"origin":"ch51713","date":"2023-12-25T21:08:49","phones":[],"objects":[],"characters":[51713],"vehicles":[-5],"interiors":[],"accounts":[],"content":"STARTED ENGINE","factions":[]}
{"action":6,"origin":"ch51713","date":"2023-12-25T21:09:01","phones":[],"objects":[],"characters":[51713],"vehicles":[-5],"interiors":[],"accounts":[],"content":"FIXVEH","factions":[]}
{"action":4,"origin":"ch51713","date":"2023-12-25T21:09:04","phones":[],"objects":[],"characters":[51713],"vehicles":[],"interiors":[],"accounts":[],"content":"SETHP 100","factions":[]}
{"action":4,"origin":"ch51713","date":"2023-12-25T21:09:22","phones":[],"objects":[],"characters":[51713],"vehicles":[],"interiors":[],"accounts":[],"content":"SETHP 100","factions":[]}
{"action":4,"origin":"ch51713","date":"2023-12-25T21:09:44","phones":[],"objects":[],"characters":[51713],"vehicles":[],"interiors":[],"accounts":[],"content":"SETHP 100","factions":[]}
{"action":4,"origin":"ch51713","date":"2023-12-25T21:10:30","phones":[],"objects":[],"characters":[51713],"vehicles":[],"interiors":[],"accounts":[],"content":"SET TO FACTION","factions":[192]}
{"action":34,"origin":"ch51713","date":"2023-12-25T21:11:07","phones":[],"objects":[],"characters":[51713],"vehicles":[],"interiors":[],"accounts":[],"content":" died","factions":[]}
{"action":4,"origin":"ch51713","date":"2023-12-25T21:11:17","phones":[],"objects":[],"characters":[51713],"vehicles":[],"interiors":[],"accounts":[],"content":"REVIVIDO desde PK","factions":[]}
{"action":40,"origin":"ch51713","date":"2023-12-25T21:11:58","phones":[],"objects":[],"characters":[51713],"vehicles":[],"interiors":[],"accounts":[],"content":"500 pesos buckles in their seatbelt.","factions":[]}
{"action":34,"origin":"ch51713","date":"2023-12-25T21:12:06","phones":[],"objects":[],"characters":[51713],"vehicles":[],"interiors":[],"accounts":[],"content":" died","factions":[]}
{"action":4,"origin":"ch51713","date":"2023-12-25T21:12:08","phones":[],"objects":[],"characters":[51713],"vehicles":[],"interiors":[],"accounts":[],"content":"REVIVIDO desde PK","factions":[]}
{"action":6,"origin":"ch51713","date":"2023-12-25T21:12:19","phones":[],"objects":[],"characters":[51713],"vehicles":[],"interiors":[],"accounts":[],"content":"VEH 3322 created with ID -6","factions":[]}
{"action":4,"origin":"ch51713","date":"2023-12-25T21:14:51","phones":[],"objects":[],"characters":[],"vehicles":[],"interiors":[],"accounts":[],"content":"MAKE FACTION","factions":[198]}
{"action":4,"origin":"ch51713","date":"2023-12-25T21:15:15","phones":[],"objects":[],"characters":[51713],"vehicles":[],"interiors":[],"accounts":[],"content":"SET TO FACTION","factions":[198]}
{"action":4,"origin":"ch51713","date":"2023-12-25T21:15:37","phones":[],"objects":[],"characters":[51713],"vehicles":[],"interiors":[],"accounts":[],"content":"SET TO FACTION RANK 20","factions":[198]}
{"action":4,"origin":"ch51713","date":"2023-12-25T21:16:42","phones":[],"objects":[],"characters":[51713],"vehicles":[],"interiors":[],"accounts":[],"content":"SET TO FACTION RANK 1","factions":[198]}
{"action":40,"origin":"ch51713","date":"2023-12-25T21:17:23","phones":[],"objects":[],"characters":[51713],"vehicles":[],"interiors":[],"accounts":[],"content":"500 pesos attempts to start the engine but fails.","factions":[]}
{"action":6,"origin":"ch51713","date":"2023-12-25T21:17:27","phones":[],"objects":[],"characters":[51713],"vehicles":[-5],"interiors":[],"accounts":[],"content":"FIXVEH","factions":[]}
{"action":31,"origin":"ch51713","date":"2023-12-25T21:17:29","phones":[],"objects":[],"characters":[51713],"vehicles":[-5],"interiors":[],"accounts":[],"content":"STARTED ENGINE","factions":[]}
{"action":40,"origin":"ch51713","date":"2023-12-25T21:17:33","phones":[],"objects":[],"characters":[51713],"vehicles":[],"interiors":[],"accounts":[],"content":"500 pesos buckles in their seatbelt.","factions":[]}
{"action":34,"origin":"ch51713","date":"2023-12-25T21:17:50","phones":[],"objects":[],"characters":[51713],"vehicles":[],"interiors":[],"accounts":[],"content":" died","factions":[]}
{"action":4,"origin":"ch51713","date":"2023-12-25T21:17:54","phones":[],"objects":[],"characters":[51713],"vehicles":[],"interiors":[],"accounts":[],"content":"REVIVIDO desde PK","factions":[]}
{"action":31,"origin":"ch51713","date":"2023-12-25T21:18:23","phones":[],"objects":[],"characters":[51713],"vehicles":[-6],"interiors":[],"accounts":[],"content":"STARTED ENGINE","factions":[]}
{"action":40,"origin":"ch51713","date":"2023-12-25T21:18:24","phones":[],"objects":[],"characters":[51713],"vehicles":[],"interiors":[],"accounts":[],"content":"500 pesos buckles in their seatbelt.","factions":[]}
{"action":4,"origin":"ch51713","date":"2023-12-25T21:18:59","phones":[],"objects":[],"characters":[51713],"vehicles":[],"interiors":[],"accounts":[],"content":"SETHP 100","factions":[]}
{"action":34,"origin":"ch51713","date":"2023-12-25T21:19:17","phones":[],"objects":[],"characters":[51713],"vehicles":[],"interiors":[],"accounts":[],"content":" died","factions":[]}
{"action":4,"origin":"ch51713","date":"2023-12-25T21:19:19","phones":[],"objects":[],"characters":[51713],"vehicles":[],"interiors":[],"accounts":[],"content":"REVIVIDO desde PK","factions":[]}
{"action":40,"origin":"ch51713","date":"2023-12-25T21:19:52","phones":[],"objects":[],"characters":[51713],"vehicles":[],"interiors":[],"accounts":[],"content":"500 pesos attempts to start the engine but fails.","factions":[]}
{"action":6,"origin":"ch51713","date":"2023-12-25T21:19:56","phones":[],"objects":[],"characters":[51713],"vehicles":[-6],"interiors":[],"accounts":[],"content":"FIXVEH","factions":[]}
{"action":31,"origin":"ch51713","date":"2023-12-25T21:19:56","phones":[],"objects":[],"characters":[51713],"vehicles":[-6],"interiors":[],"accounts":[],"content":"STARTED ENGINE","factions":[]}
{"action":40,"origin":"ch51713","date":"2023-12-25T21:19:59","phones":[],"objects":[],"characters":[51713],"vehicles":[],"interiors":[],"accounts":[],"content":"500 pesos buckles in their seatbelt.","factions":[]}
{"action":34,"origin":"ch51713","date":"2023-12-25T21:20:08","phones":[],"objects":[],"characters":[51713],"vehicles":[],"interiors":[],"accounts":[],"content":" died","factions":[]}
{"action":4,"origin":"ch51713","date":"2023-12-25T21:20:13","phones":[],"objects":[],"characters":[51713],"vehicles":[],"interiors":[],"accounts":[],"content":"REVIVIDO desde PK","factions":[]}
{"action":6,"origin":"ch51713","date":"2023-12-25T21:20:32","phones":[],"objects":[],"characters":[51713],"vehicles":[],"interiors":[],"accounts":[],"content":"VEH 3322 created with ID -7","factions":[]}
{"action":31,"origin":"ch51713","date":"2023-12-25T21:20:37","phones":[],"objects":[],"characters":[51713],"vehicles":[-7],"interiors":[],"accounts":[],"content":"STARTED ENGINE","factions":[]}
{"action":40,"origin":"ch51713","date":"2023-12-25T21:20:39","phones":[],"objects":[],"characters":[51713],"vehicles":[],"interiors":[],"accounts":[],"content":"500 pesos buckles in their seatbelt.","factions":[]}
{"action":4,"origin":"ch51713","date":"2023-12-25T21:20:47","phones":[],"objects":[],"characters":[51713],"vehicles":[],"interiors":[],"accounts":[],"content":"SETHP 100","factions":[]}
{"action":6,"origin":"ch51713","date":"2023-12-25T21:20:52","phones":[],"objects":[],"characters":[51713],"vehicles":[-7],"interiors":[],"accounts":[],"content":"FIXVEH","factions":[]}
{"action":31,"origin":"ch51713","date":"2023-12-25T21:20:53","phones":[],"objects":[],"characters":[51713],"vehicles":[-7],"interiors":[],"accounts":[],"content":"STARTED ENGINE","factions":[]}
{"action":6,"origin":"ch51713","date":"2023-12-25T21:21:01","phones":[],"objects":[],"characters":[51713],"vehicles":[-7],"interiors":[],"accounts":[],"content":"FIXVEH","factions":[]}
{"action":4,"origin":"ch51713","date":"2023-12-25T21:21:02","phones":[],"objects":[],"characters":[51713],"vehicles":[],"interiors":[],"accounts":[],"content":"SETHP 100","factions":[]}
{"action":4,"origin":"ch51713","date":"2023-12-25T21:21:32","phones":[],"objects":[],"characters":[51713],"vehicles":[],"interiors":[],"accounts":[],"content":"SETHP 100","factions":[]}
{"action":34,"origin":"ch51713","date":"2023-12-25T21:21:49","phones":[],"objects":[],"characters":[51713],"vehicles":[],"interiors":[],"accounts":[],"content":" died","factions":[]}
{"action":4,"origin":"ch51713","date":"2023-12-25T21:21:57","phones":[],"objects":[],"characters":[51713],"vehicles":[],"interiors":[],"accounts":[],"content":"REVIVIDO desde PK","factions":[]}
{"action":6,"origin":"ch51713","date":"2023-12-25T21:22:05","phones":[],"objects":[],"characters":[51713],"vehicles":[],"interiors":[],"accounts":[],"content":"VEH 3322 created with ID -8","factions":[]}
{"action":31,"origin":"ch51713","date":"2023-12-25T21:22:26","phones":[],"objects":[],"characters":[51713],"vehicles":[-8],"interiors":[],"accounts":[],"content":"STARTED ENGINE","factions":[]}
{"action":40,"origin":"ch51713","date":"2023-12-25T21:22:27","phones":[],"objects":[],"characters":[51713],"vehicles":[],"interiors":[],"accounts":[],"content":"500 pesos buckles in their seatbelt.","factions":[]}
{"action":27,"origin":"ac131903","date":"2023-12-25T21:22:33","phones":[],"objects":[],"characters":[0],"vehicles":[],"interiors":[],"accounts":[131903],"content":"Went to character selection","factions":[]}
{"action":27,"origin":"ac131903","date":"2023-12-25T21:22:38","phones":[],"objects":[],"characters":[51711],"vehicles":[],"interiors":[],"accounts":[131903],"content":"Spawned","factions":[]}
{"action":34,"origin":"ch51713","date":"2023-12-25T21:22:58","phones":[],"objects":[],"characters":[51713],"vehicles":[],"interiors":[],"accounts":[],"content":" died","factions":[]}
{"action":4,"origin":"ch51713","date":"2023-12-25T21:22:59","phones":[],"objects":[],"characters":[51713],"vehicles":[],"interiors":[],"accounts":[],"content":"REVIVIDO desde PK","factions":[]}
{"action":6,"origin":"ch51713","date":"2023-12-25T21:23:08","phones":[],"objects":[],"characters":[51713],"vehicles":[-8],"interiors":[],"accounts":[],"content":"FIXVEH","factions":[]}
{"action":31,"origin":"ch51713","date":"2023-12-25T21:23:09","phones":[],"objects":[],"characters":[51713],"vehicles":[-8],"interiors":[],"accounts":[],"content":"STARTED ENGINE","factions":[]}
{"action":40,"origin":"ch51713","date":"2023-12-25T21:23:10","phones":[],"objects":[],"characters":[51713],"vehicles":[],"interiors":[],"accounts":[],"content":"500 pesos buckles in their seatbelt.","factions":[]}
{"action":4,"origin":"ch51713","date":"2023-12-25T21:23:56","phones":[],"objects":[],"characters":[51713],"vehicles":[],"interiors":[],"accounts":[],"content":"SET INTO FACTION LEADER","factions":[198]}
{"action":40,"origin":"ch51713","date":"2023-12-25T21:24:20","phones":[],"objects":[],"characters":[51713],"vehicles":[],"interiors":[],"accounts":[],"content":"500 pesos unbuckles their seatbelt.","factions":[]}
{"action":35,"origin":"ch51713","date":"2023-12-25T21:25:22","phones":[],"objects":[],"characters":[],"vehicles":[],"interiors":[],"accounts":[],"content":"Added location, Name:asd Database ID:1 x:2601.2893 y:907.4411 z:6.734375 radius:10 interior:0 dimension:0","factions":[198]}
{"action":35,"origin":"ch51713","date":"2023-12-25T21:25:43","phones":[],"objects":[],"characters":[],"vehicles":[],"interiors":[],"accounts":[],"content":"Revised location ID #1 x:2601.2893 y:907.4411 z:6.734375 radius:10 interior:0 dimension:0","factions":[198]}
{"action":35,"origin":"ch51713","date":"2023-12-25T21:25:56","phones":[],"objects":[],"characters":[],"vehicles":[],"interiors":[],"accounts":[],"content":"Revised location ID #1 x:2601.2893 y:907.4411 z:6.734375 radius:3 interior:0 dimension:0","factions":[198]}
{"action":35,"origin":"ch51711","date":"2023-12-25T21:25:56","phones":[],"objects":[],"characters":[],"vehicles":[],"interiors":[],"accounts":[],"content":"Added location, Name:Carabinero Database ID:2 x:2436.3228 y:-1617.1373 z:27.124678 radius:10 interior:0 dimension:0","factions":[197]}
{"action":35,"origin":"ch51713","date":"2023-12-25T21:26:22","phones":[],"objects":[],"characters":[],"vehicles":[],"interiors":[],"accounts":[],"content":"Revised location ID #1 x:2601.2893 y:907.4411 z:6.734375 radius:10 interior:0 dimension:0","factions":[198]}
{"action":35,"origin":"ch51713","date":"2023-12-25T21:26:30","phones":[],"objects":[],"characters":[],"vehicles":[],"interiors":[],"accounts":[],"content":"Revised location ID #1 x:2597.7856 y:903.23181 z:6.734375 radius:10 interior:0 dimension:0","factions":[198]}
{"action":4,"origin":"ch51713","date":"2023-12-25T21:26:32","phones":[],"objects":[],"characters":[51713],"vehicles":[],"interiors":[],"accounts":[],"content":"ANN a","factions":[]}
{"action":4,"origin":"ch51713","date":"2023-12-25T21:26:33","phones":[],"objects":[],"characters":[51713],"vehicles":[],"interiors":[],"accounts":[],"content":"ANN a","factions":[]}
{"action":35,"origin":"ch51713","date":"2023-12-25T21:26:53","phones":[],"objects":[],"characters":[],"vehicles":[],"interiors":[],"accounts":[],"content":"Added duty tetitas gan Database ID #1","factions":[198]}
{"action":35,"origin":"ch51713","date":"2023-12-25T21:27:16","phones":[],"objects":[],"characters":[],"vehicles":[],"interiors":[],"accounts":[],"content":"Revised duty tetitas gan Database ID #1","factions":[198]}
{"action":35,"origin":"ch51713","date":"2023-12-25T21:27:59","phones":[],"objects":[],"characters":[],"vehicles":[],"interiors":[],"accounts":[],"content":"Added location, Name:asd Database ID:3 x:2597.7856 y:903.23181 z:6.734375 radius:10 interior:0 dimension:0","factions":[198]}
{"action":4,"origin":"ch51711","date":"2023-12-25T21:28:03","phones":[],"objects":[],"characters":[51711],"vehicles":[],"interiors":[],"accounts":[],"content":"SET INTO FACTION LEADER","factions":[198]}
{"action":35,"origin":"ch51713","date":"2023-12-25T21:28:07","phones":[],"objects":[],"characters":[],"vehicles":[],"interiors":[],"accounts":[],"content":"Revised duty tetitas gan Database ID #1","factions":[198]}
{"action":35,"origin":"ch51713","date":"2023-12-25T21:29:05","phones":[],"objects":[],"characters":[],"vehicles":[],"interiors":[],"accounts":[],"content":"Revised duty tetitas gan Database ID #1","factions":[198]}
{"action":4,"origin":"ch51711","date":"2023-12-25T21:29:12","phones":[],"objects":[],"characters":[],"vehicles":[],"interiors":[],"accounts":[],"content":"DELETE FACTION","factions":[197]}
{"action":4,"origin":"ch51711","date":"2023-12-25T21:30:11","phones":[],"objects":[],"characters":[51711],"vehicles":[],"interiors":[],"accounts":[],"content":"SETHP 100","factions":[]}
{"action":4,"origin":"ch51713","date":"2023-12-25T21:30:23","phones":[],"objects":[],"characters":[51713],"vehicles":[],"interiors":[],"accounts":[],"content":"FREEZE","factions":[]}
{"action":4,"origin":"ch51713","date":"2023-12-25T21:30:23","phones":[],"objects":[],"characters":[51713],"vehicles":[],"interiors":[],"accounts":[],"content":"FREECAM","factions":[]}
{"action":4,"origin":"ch51713","date":"2023-12-25T21:31:12","phones":[],"objects":[],"characters":[51713],"vehicles":[],"interiors":[],"accounts":[],"content":"FREECAM","factions":[]}
{"action":6,"origin":"ch51713","date":"2023-12-25T21:36:16","phones":[],"objects":[],"characters":[51711],"vehicles":[-8],"interiors":[],"accounts":[],"content":"FIXVEH","factions":[]}
{"action":31,"origin":"ch51713","date":"2023-12-25T21:36:17","phones":[],"objects":[],"characters":[51713],"vehicles":[-8],"interiors":[],"accounts":[],"content":"STARTED ENGINE","factions":[]}
{"action":40,"origin":"ch51713","date":"2023-12-25T21:36:17","phones":[],"objects":[],"characters":[51711,51713],"vehicles":[],"interiors":[],"accounts":[],"content":"500 pesos buckles in their seatbelt.","factions":[]}
{"action":6,"origin":"ch51713","date":"2023-12-25T21:36:42","phones":[],"objects":[],"characters":[51713],"vehicles":[-8],"interiors":[],"accounts":[],"content":"FIXVEH","factions":[]}
{"action":4,"origin":"ch51713","date":"2023-12-25T21:37:26","phones":[],"objects":[],"characters":[51713],"vehicles":[],"interiors":[],"accounts":[],"content":"SETHP 100","factions":[]}
{"action":40,"origin":"ch51713","date":"2023-12-25T21:38:10","phones":[],"objects":[],"characters":[51711,51713],"vehicles":[],"interiors":[],"accounts":[],"content":"500 pesos unbuckles their seatbelt.","factions":[]}
{"action":31,"origin":"ch51713","date":"2023-12-25T21:38:13","phones":[],"objects":[],"characters":[51713],"vehicles":[],"interiors":[7],"accounts":[],"content":"ENTERED","factions":[]}
{"action":31,"origin":"ch51713","date":"2023-12-25T21:39:29","phones":[],"objects":[],"characters":[51713],"vehicles":[],"interiors":[7],"accounts":[],"content":"EXITED","factions":[]}
{"action":40,"origin":"ch51713","date":"2023-12-25T21:39:38","phones":[],"objects":[],"characters":[51713],"vehicles":[],"interiors":[],"accounts":[],"content":"500 pesos buckles in their seatbelt.","factions":[]}
{"action":4,"origin":"ch51713","date":"2023-12-25T21:40:39","phones":[],"objects":[],"characters":[51713],"vehicles":[],"interiors":[],"accounts":[],"content":"SETHP 100","factions":[]}
{"action":4,"origin":"ch51713","date":"2023-12-25T21:41:05","phones":[],"objects":[],"characters":[51713],"vehicles":[],"interiors":[],"accounts":[],"content":"SETHP 100","factions":[]}
{"action":4,"origin":"ch51713","date":"2023-12-25T21:41:25","phones":[],"objects":[],"characters":[51713],"vehicles":[],"interiors":[],"accounts":[],"content":"SETHP 100","factions":[]}
{"action":27,"origin":"ac131903","date":"2023-12-25T21:41:31","phones":[],"objects":[],"characters":[0],"vehicles":[],"interiors":[],"accounts":[131903],"content":"Went to character selection","factions":[]}
{"action":27,"origin":"ac131903","date":"2023-12-25T21:41:37","phones":[],"objects":[],"characters":[51711],"vehicles":[],"interiors":[],"accounts":[131903],"content":"Spawned","factions":[]}
{"action":4,"origin":"ch51713","date":"2023-12-25T21:41:39","phones":[],"objects":[],"characters":[51713],"vehicles":[],"interiors":[],"accounts":[],"content":"SETHP 100","factions":[]}
{"action":27,"origin":"ac131904","date":"2023-12-25T21:41:49","phones":[],"objects":[],"characters":[0],"vehicles":[],"interiors":[],"accounts":[131904],"content":"Went to character selection","factions":[]}
{"action":27,"origin":"ac131904","date":"2023-12-25T21:41:54","phones":[],"objects":[],"characters":[51712],"vehicles":[],"interiors":[],"accounts":[131904],"content":"Spawned","factions":[]}
{"action":4,"origin":"ch51712","date":"2023-12-25T21:43:10","phones":[],"objects":[],"characters":[],"vehicles":[],"interiors":[],"accounts":[],"content":"MAKE FACTION","factions":[1]}
{"action":4,"origin":"ch51712","date":"2023-12-25T21:43:25","phones":[],"objects":[],"characters":[51712],"vehicles":[],"interiors":[],"accounts":[],"content":"SETHP 100","factions":[]}
{"action":31,"origin":"ch51712","date":"2023-12-25T21:43:47","phones":[],"objects":[],"characters":[51712],"vehicles":[],"interiors":[7],"accounts":[],"content":"ENTERED","factions":[]}
{"action":4,"origin":"ch51712","date":"2023-12-25T21:44:10","phones":[],"objects":[],"characters":[51712],"vehicles":[],"interiors":[],"accounts":[],"content":"FREECAM","factions":[]}
{"action":4,"origin":"ch51711","date":"2023-12-25T21:45:13","phones":[],"objects":[],"characters":[51711],"vehicles":[],"interiors":[],"accounts":[],"content":"SET INTO FACTION LEADER","factions":[1]}
{"action":4,"origin":"ch51712","date":"2023-12-25T21:45:22","phones":[],"objects":[],"characters":[51712],"vehicles":[],"interiors":[],"accounts":[],"content":"SET INTO FACTION LEADER","factions":[1]}
{"action":31,"origin":"ch51711","date":"2023-12-25T21:46:09","phones":[],"objects":[],"characters":[51711],"vehicles":[],"interiors":[7],"accounts":[],"content":"ENTERED","factions":[]}
{"action":4,"origin":"ch51712","date":"2023-12-25T21:46:29","phones":[],"objects":[],"characters":[51712],"vehicles":[],"interiors":[],"accounts":[],"content":"FREECAM","factions":[]}
{"action":4,"origin":"ch51712","date":"2023-12-25T21:47:00","phones":[],"objects":[],"characters":[51712],"vehicles":[],"interiors":[],"accounts":[],"content":"ANN a","factions":[]}
{"action":4,"origin":"ch51712","date":"2023-12-25T21:49:44","phones":[],"objects":[],"characters":[51712],"vehicles":[],"interiors":[],"accounts":[],"content":"FREECAM","factions":[]}
{"action":4,"origin":"ch51712","date":"2023-12-25T21:50:23","phones":[],"objects":[],"characters":[51712],"vehicles":[],"interiors":[],"accounts":[],"content":"FREECAM","factions":[]}
{"action":35,"origin":"ch51711","date":"2023-12-25T21:50:51","phones":[],"objects":[],"characters":[],"vehicles":[],"interiors":[],"accounts":[],"content":"Revised location ID #129 x:237.35481 y:112.34339 z:1003.2188 radius:10 interior:10 dimension:7","factions":[1]}
{"action":35,"origin":"ch51711","date":"2023-12-25T21:51:00","phones":[],"objects":[],"characters":[],"vehicles":[],"interiors":[],"accounts":[],"content":"Revised location ID #134 x:237.40645 y:113.77448 z:1003.2188 radius:10 interior:10 dimension:7","factions":[1]}
{"action":35,"origin":"ch51712","date":"2023-12-25T21:51:12","phones":[],"objects":[],"characters":[],"vehicles":[],"interiors":[],"accounts":[],"content":"Revised location ID #134 x:220.55655 y:109.71239 z:1003.2188 radius:10 interior:10 dimension:7","factions":[1]}
{"action":35,"origin":"ch51712","date":"2023-12-25T21:51:19","phones":[],"objects":[],"characters":[],"vehicles":[],"interiors":[],"accounts":[],"content":"Revised location ID #129 x:220.55655 y:109.71239 z:1003.2188 radius:10 interior:10 dimension:7","factions":[1]}
{"action":40,"origin":"ch51711","date":"2023-12-25T21:52:23","phones":[],"objects":[],"characters":[51711,51712],"vehicles":[],"interiors":[],"accounts":[],"content":"Danny Occean turns the computer on.","factions":[]}
{"action":40,"origin":"ch51712","date":"2023-12-25T21:52:39","phones":[],"objects":[],"characters":[51711,51712],"vehicles":[],"interiors":[],"accounts":[],"content":"Tetalover69 destroyed a Colt-45 Pistol.","factions":[]}
{"action":40,"origin":"ch51712","date":"2023-12-25T21:52:39","phones":[],"objects":[],"characters":[51711,51712],"vehicles":[],"interiors":[],"accounts":[],"content":"Tetalover69 destroyed a Country Rifle.","factions":[]}
{"action":40,"origin":"ch51712","date":"2023-12-25T21:52:40","phones":[],"objects":[],"characters":[51711,51712],"vehicles":[],"interiors":[],"accounts":[],"content":"Tetalover69 destroyed a tetitas launcher.","factions":[]}
{"action":40,"origin":"ch51712","date":"2023-12-25T21:52:40","phones":[],"objects":[],"characters":[51711,51712],"vehicles":[],"interiors":[],"accounts":[],"content":"Tetalover69 destroyed a Katana.","factions":[]}
{"action":40,"origin":"ch51712","date":"2023-12-25T21:52:41","phones":[],"objects":[],"characters":[51711,51712],"vehicles":[],"interiors":[],"accounts":[],"content":"Tetalover69 destroyed a si.","factions":[]}
{"action":40,"origin":"ch51712","date":"2023-12-25T21:52:42","phones":[],"objects":[],"characters":[51711,51712],"vehicles":[],"interiors":[],"accounts":[],"content":"Tetalover69 destroyed a 5.56mm Ammopack.","factions":[]}
{"action":40,"origin":"ch51712","date":"2023-12-25T21:52:42","phones":[],"objects":[],"characters":[51711,51712],"vehicles":[],"interiors":[],"accounts":[],"content":"Tetalover69 destroyed a 5.56mm Ammopack.","factions":[]}
{"action":40,"origin":"ch51712","date":"2023-12-25T21:52:42","phones":[],"objects":[],"characters":[51711,51712],"vehicles":[],"interiors":[],"accounts":[],"content":"Tetalover69 destroyed a 5.56mm Ammopack.","factions":[]}
{"action":40,"origin":"ch51712","date":"2023-12-25T21:52:43","phones":[],"objects":[],"characters":[51711,51712],"vehicles":[],"interiors":[],"accounts":[],"content":"Tetalover69 destroyed a 7.62mm Ammopack.","factions":[]}
{"action":40,"origin":"ch51712","date":"2023-12-25T21:52:43","phones":[],"objects":[],"characters":[51711,51712],"vehicles":[],"interiors":[],"accounts":[],"content":"Tetalover69 destroyed a 7.62mm Ammopack.","factions":[]}
{"action":40,"origin":"ch51712","date":"2023-12-25T21:52:43","phones":[],"objects":[],"characters":[51711,51712],"vehicles":[],"interiors":[],"accounts":[],"content":"Tetalover69 destroyed a 7.62mm Ammopack.","factions":[]}
{"action":40,"origin":"ch51712","date":"2023-12-25T21:52:43","phones":[],"objects":[],"characters":[51711,51712],"vehicles":[],"interiors":[],"accounts":[],"content":"Tetalover69 destroyed a Shell Casing.","factions":[]}
{"action":40,"origin":"ch51712","date":"2023-12-25T21:52:44","phones":[],"objects":[],"characters":[51711,51712],"vehicles":[],"interiors":[],"accounts":[],"content":"Tetalover69 destroyed a 12 Gauge Ammopack.","factions":[]}
{"action":40,"origin":"ch51712","date":"2023-12-25T21:52:44","phones":[],"objects":[],"characters":[51711,51712],"vehicles":[],"interiors":[],"accounts":[],"content":"Tetalover69 destroyed a 12 Gauge Ammopack.","factions":[]}
{"action":40,"origin":"ch51712","date":"2023-12-25T21:52:44","phones":[],"objects":[],"characters":[51711,51712],"vehicles":[],"interiors":[],"accounts":[],"content":"Tetalover69 destroyed a 12 Gauge Ammopack.","factions":[]}
{"action":40,"origin":"ch51712","date":"2023-12-25T21:52:44","phones":[],"objects":[],"characters":[51711,51712],"vehicles":[],"interiors":[],"accounts":[],"content":"Tetalover69 destroyed a 12 Gauge Ammopack.","factions":[]}
{"action":40,"origin":"ch51712","date":"2023-12-25T21:52:45","phones":[],"objects":[],"characters":[51711,51712],"vehicles":[],"interiors":[],"accounts":[],"content":"Tetalover69 destroyed a 12 Gauge Ammopack.","factions":[]}
{"action":4,"origin":"ch51712","date":"2023-12-25T21:53:04","phones":[],"objects":[],"characters":[51712],"vehicles":[],"interiors":[],"accounts":[],"content":"ANN a","factions":[]}
{"action":40,"origin":"ch51712","date":"2023-12-25T21:53:21","phones":[],"objects":[],"characters":[51711,51712],"vehicles":[],"interiors":[],"accounts":[],"content":"Tetalover69 destroyed a Grab Kick Fighting for Dummies.","factions":[]}
{"action":40,"origin":"ch51712","date":"2023-12-25T21:53:22","phones":[],"objects":[],"characters":[51711,51712],"vehicles":[],"interiors":[],"accounts":[],"content":"Tetalover69 destroyed a Boxing for Dummies.","factions":[]}
{"action":40,"origin":"ch51712","date":"2023-12-25T21:53:23","phones":[],"objects":[],"characters":[51711,51712],"vehicles":[],"interiors":[],"accounts":[],"content":"Tetalover69 destroyed a Shell Casing.","factions":[]}
{"action":40,"origin":"ch51712","date":"2023-12-25T21:53:23","phones":[],"objects":[],"characters":[51711,51712],"vehicles":[],"interiors":[],"accounts":[],"content":"Tetalover69 destroyed a Shell Casing.","factions":[]}
{"action":40,"origin":"ch51712","date":"2023-12-25T21:53:24","phones":[],"objects":[],"characters":[51711,51712],"vehicles":[],"interiors":[],"accounts":[],"content":"Tetalover69 destroyed a Shell Casing.","factions":[]}
{"action":40,"origin":"ch51712","date":"2023-12-25T21:53:24","phones":[],"objects":[],"characters":[51711,51712],"vehicles":[],"interiors":[],"accounts":[],"content":"Tetalover69 destroyed a Shell Casing.","factions":[]}
{"action":40,"origin":"ch51712","date":"2023-12-25T21:53:26","phones":[],"objects":[],"characters":[51711,51712],"vehicles":[],"interiors":[],"accounts":[],"content":"Tetalover69 destroyed a Duffle Bag.","factions":[]}
{"action":4,"origin":"ch51712","date":"2023-12-25T21:56:54","phones":[],"objects":[],"characters":[],"vehicles":[],"interiors":[],"accounts":[],"content":"EDIT FACTION","factions":[1]}
{"action":4,"origin":"ch51712","date":"2023-12-25T21:58:39","phones":[],"objects":[],"characters":[],"vehicles":[],"interiors":[],"accounts":[],"content":"EDIT FACTION","factions":[1]}
{"action":4,"origin":"ch51712","date":"2023-12-25T22:00:55","phones":[],"objects":[],"characters":[51711],"vehicles":[],"interiors":[],"accounts":[],"content":"SETHP 100","factions":[]}
{"action":13,"origin":"ch51712","date":"2023-12-25T22:01:18","phones":[],"objects":[],"characters":[51711,51712],"vehicles":[],"interiors":[],"accounts":[],"content":"You'd hear a series of loud sub-machine gun gunshots echoing throughout the vicinity","factions":[]}
{"action":39,"origin":"ch51712","date":"2023-12-25T22:01:19","phones":[],"objects":[],"characters":[51712],"vehicles":[],"interiors":[],"accounts":[],"content":"Tetalover69 -> ~World #875615 - Shell Casing - 6 casings of 9mm @ (219.76553, 111.41826, 1002.2188) in (int 10, dim 7)","factions":[]}
{"action":39,"origin":"ch51712","date":"2023-12-25T22:01:20","phones":[],"objects":[],"characters":[51712],"vehicles":[],"interiors":[],"accounts":[],"content":"Tetalover69 -> ~World #875616 - Shell Casing - .45 casing @ (219.70657, 111.44517, 1002.2188) in (int 10, dim 7)","factions":[]}
{"action":39,"origin":"ch51712","date":"2023-12-25T22:01:26","phones":[],"objects":[875616],"characters":[],"vehicles":[],"interiors":[],"accounts":[],"content":"~World #875616 @ (219.70657348633, 111.4451675415, 1002.2188110352) in (int 10, dim 7) ->Tetalover69 - Shell Casing - .45 casing","factions":[]}
{"action":40,"origin":"ch51712","date":"2023-12-25T22:01:26","phones":[],"objects":[],"characters":[51711,51712],"vehicles":[],"interiors":[],"accounts":[],"content":"Tetalover69 bends over and picks up a Shell Casing.","factions":[]}
{"action":39,"origin":"ch51712","date":"2023-12-25T22:01:26","phones":[],"objects":[875615],"characters":[],"vehicles":[],"interiors":[],"accounts":[],"content":"~World #875615 @ (219.76553344727, 111.41825866699, 1002.2188110352) in (int 10, dim 7) ->Tetalover69 - Shell Casing - 6 casings of 9mm","factions":[]}
{"action":40,"origin":"ch51712","date":"2023-12-25T22:01:26","phones":[],"objects":[],"characters":[51711,51712],"vehicles":[],"interiors":[],"accounts":[],"content":"Tetalover69 bends over and picks up a Shell Casing.","factions":[]}
{"action":40,"origin":"ch51712","date":"2023-12-25T22:01:32","phones":[],"objects":[],"characters":[51711,51712],"vehicles":[],"interiors":[],"accounts":[],"content":"Tetalover69 eats a donut.","factions":[]}
{"action":40,"origin":"ch51712","date":"2023-12-25T22:01:32","phones":[],"objects":[],"characters":[51711,51712],"vehicles":[],"interiors":[],"accounts":[],"content":"Tetalover69 drinks a cup of coffee.","factions":[]}
{"action":39,"origin":"ch51711","date":"2023-12-25T22:01:45","phones":[],"objects":[],"characters":[51711],"vehicles":[],"interiors":[],"accounts":[],"content":"Danny_Occean -> ~World #875617 - Shell Casing - .45 casing @ (219.72844, 109.70721, 1002.2188) in (int 10, dim 7)","factions":[]}
{"action":4,"origin":"ch51712","date":"2023-12-25T22:01:59","phones":[],"objects":[],"characters":[51712],"vehicles":[],"interiors":[],"accounts":[],"content":"FREEZE","factions":[]}
{"action":4,"origin":"ch51712","date":"2023-12-25T22:02:01","phones":[],"objects":[],"characters":[51712],"vehicles":[],"interiors":[],"accounts":[],"content":"FREEZE","factions":[]}
{"action":4,"origin":"ch51712","date":"2023-12-25T22:02:08","phones":[],"objects":[],"characters":[51712],"vehicles":[],"interiors":[],"accounts":[],"content":"UNFREEZE","factions":[]}
{"action":13,"origin":"ch51711","date":"2023-12-25T22:02:52","phones":[],"objects":[],"characters":[51711,51712],"vehicles":[],"interiors":[],"accounts":[],"content":"You'd hear a series of loud sub-machine gun gunshots echoing throughout the vicinity","factions":[]}
{"action":39,"origin":"ch51711","date":"2023-12-25T22:02:53","phones":[],"objects":[],"characters":[51711],"vehicles":[],"interiors":[],"accounts":[],"content":"Danny_Occean -> ~World #875618 - Shell Casing - 9 casings of 9mm @ (221.85063, 109.41925, 1002.2188) in (int 10, dim 7)","factions":[]}
{"action":39,"origin":"ch51711","date":"2023-12-25T22:03:01","phones":[],"objects":[875617],"characters":[],"vehicles":[],"interiors":[],"accounts":[],"content":"~World #875617 @ (219.72843933105, 109.70720672607, 1002.2188110352) in (int 10, dim 7) ->Danny_Occean - Shell Casing - .45 casing","factions":[]}
{"action":40,"origin":"ch51711","date":"2023-12-25T22:03:01","phones":[],"objects":[],"characters":[51711,51712],"vehicles":[],"interiors":[],"accounts":[],"content":"Danny Occean bends over and picks up a Shell Casing.","factions":[]}
{"action":39,"origin":"ch51711","date":"2023-12-25T22:03:06","phones":[],"objects":[875618],"characters":[],"vehicles":[],"interiors":[],"accounts":[],"content":"~World #875618 @ (221.85063171387, 109.41925048828, 1002.2188110352) in (int 10, dim 7) ->Danny_Occean - Shell Casing - 9 casings of 9mm","factions":[]}
{"action":40,"origin":"ch51711","date":"2023-12-25T22:03:06","phones":[],"objects":[],"characters":[51711,51712],"vehicles":[],"interiors":[],"accounts":[],"content":"Danny Occean bends over and picks up a Shell Casing.","factions":[]}
{"action":40,"origin":"ch51712","date":"2023-12-25T22:03:21","phones":[],"objects":[],"characters":[51711,51712],"vehicles":[],"interiors":[],"accounts":[],"content":"Tetalover69 throws a flashbang.","factions":[]}
{"action":40,"origin":"ch51712","date":"2023-12-25T22:03:25","phones":[],"objects":[],"characters":[51711,51712],"vehicles":[],"interiors":[],"accounts":[],"content":"Tetalover69 drinks a cup of coffee.","factions":[]}
{"action":40,"origin":"ch51712","date":"2023-12-25T22:03:26","phones":[],"objects":[],"characters":[51711,51712],"vehicles":[],"interiors":[],"accounts":[],"content":"Tetalover69 eats a donut.","factions":[]}
{"action":40,"origin":"ch51712","date":"2023-12-25T22:03:28","phones":[],"objects":[],"characters":[51711,51712],"vehicles":[],"interiors":[],"accounts":[],"content":"Tetalover69 destroyed a Shell Casing.","factions":[]}
{"action":40,"origin":"ch51712","date":"2023-12-25T22:03:28","phones":[],"objects":[],"characters":[51711,51712],"vehicles":[],"interiors":[],"accounts":[],"content":"Tetalover69 destroyed a Shell Casing.","factions":[]}
{"action":31,"origin":"ch51712","date":"2023-12-25T22:03:40","phones":[],"objects":[],"characters":[],"vehicles":[],"interiors":[7],"accounts":[],"content":"LOCK INTERIOR","factions":[]}
{"action":31,"origin":"ch51712","date":"2023-12-25T22:03:41","phones":[],"objects":[],"characters":[],"vehicles":[],"interiors":[7],"accounts":[],"content":"UNLOCK INTERIOR","factions":[]}
{"action":31,"origin":"ch51712","date":"2023-12-25T22:03:42","phones":[],"objects":[],"characters":[],"vehicles":[],"interiors":[7],"accounts":[],"content":"LOCK INTERIOR","factions":[]}
{"action":39,"origin":"ch51712","date":"2023-12-25T22:03:58","phones":[],"objects":[],"characters":[51712],"vehicles":[],"interiors":[],"accounts":[],"content":"Tetalover69 -> ~World #875619 - Door Ram -  @ (246.57759, 106.94533, 1003.4158) in (int 10, dim 7)","factions":[]}
{"action":40,"origin":"ch51712","date":"2023-12-25T22:03:58","phones":[],"objects":[],"characters":[51711,51712],"vehicles":[],"interiors":[],"accounts":[],"content":"Tetalover69 dropped a Door Ram.","factions":[]}
{"action":13,"origin":"ch51711","date":"2023-12-25T22:03:58","phones":[],"objects":[],"characters":[51711,51712],"vehicles":[],"interiors":[],"accounts":[],"content":"You'd hear a series of loud rifle gunshots echoing throughout the vicinity","factions":[]}
{"action":39,"origin":"ch51711","date":"2023-12-25T22:03:59","phones":[],"objects":[],"characters":[51711],"vehicles":[],"interiors":[],"accounts":[],"content":"Danny_Occean -> ~World #875620 - Shell Casing - 2 casings of 7.62mm @ (226.70566, 119.43684, 1002.2188) in (int 10, dim 7)","factions":[]}
{"action":39,"origin":"ch51712","date":"2023-12-25T22:04:01","phones":[],"objects":[875619],"characters":[],"vehicles":[],"interiors":[],"accounts":[],"content":"~World #875619 @ (246.57759094238, 106.94532775879, 1003.4658203125) in (int 10, dim 7) ->Tetalover69 - Door Ram - ","factions":[]}
{"action":40,"origin":"ch51712","date":"2023-12-25T22:04:01","phones":[],"objects":[],"characters":[51711,51712],"vehicles":[],"interiors":[],"accounts":[],"content":"Tetalover69 bends over and picks up a Door Ram.","factions":[]}
{"action":31,"origin":"ch51712","date":"2023-12-25T22:04:04","phones":[],"objects":[],"characters":[],"vehicles":[],"interiors":[7],"accounts":[],"content":"UNLOCK INTERIOR","factions":[]}
{"action":39,"origin":"ch51712","date":"2023-12-25T22:23:48","phones":[],"objects":[875620],"characters":[],"vehicles":[],"interiors":[],"accounts":[],"content":"~World #875620 @ (226.70565795898, 119.43683624268, 1002.2188110352) in (int 10, dim 7) ->Tetalover69 - Shell Casing - 2 casings of 7.62mm","factions":[]}
{"action":40,"origin":"ch51712","date":"2023-12-25T22:23:48","phones":[],"objects":[],"characters":[51711,51712],"vehicles":[],"interiors":[],"accounts":[],"content":"Tetalover69 bends over and picks up a Shell Casing.","factions":[]}
{"action":13,"origin":"ch51712","date":"2023-12-25T22:24:19","phones":[],"objects":[],"characters":[51711,51712],"vehicles":[],"interiors":[],"accounts":[],"content":"You'd hear a series of loud sub-machine gun gunshots echoing throughout the vicinity","factions":[]}
{"action":40,"origin":"ch51711","date":"2023-12-25T22:24:19","phones":[],"objects":[],"characters":[51711,51712],"vehicles":[],"interiors":[],"accounts":[],"content":"Danny Occean la cabeza fue volada.","factions":[]}
{"action":34,"origin":"ch51711","date":"2023-12-25T22:24:19","phones":[],"objects":[],"characters":[51711,51712],"vehicles":[],"interiors":[],"accounts":[],"content":" fue asesinado por Tetalover69 (MP5)","factions":[]}
{"action":39,"origin":"ch51712","date":"2023-12-25T22:24:20","phones":[],"objects":[],"characters":[51712],"vehicles":[],"interiors":[],"accounts":[],"content":"Tetalover69 -> ~World #875621 - Shell Casing - 2 casings of 9mm @ (245.64655, 113.6042, 1002.2188) in (int 10, dim 7)","factions":[]}
{"action":39,"origin":"ch51712","date":"2023-12-25T22:24:22","phones":[],"objects":[875621],"characters":[],"vehicles":[],"interiors":[],"accounts":[],"content":"~World #875621 @ (245.64654541016, 113.60420227051, 1002.2188110352) in (int 10, dim 7) ->Tetalover69 - Shell Casing - 2 casings of 9mm","factions":[]}
{"action":40,"origin":"ch51712","date":"2023-12-25T22:24:22","phones":[],"objects":[],"characters":[51711,51712],"vehicles":[],"interiors":[],"accounts":[],"content":"Tetalover69 bends over and picks up a Shell Casing.","factions":[]}
{"action":31,"origin":"ch51712","date":"2023-12-25T22:24:25","phones":[],"objects":[],"characters":[51712],"vehicles":[],"interiors":[7],"accounts":[],"content":"EXITED","factions":[]}
{"action":31,"origin":"ch51712","date":"2023-12-25T22:25:18","phones":[],"objects":[],"characters":[51712],"vehicles":[],"interiors":[7],"accounts":[],"content":"ENTERED","factions":[]}
{"action":31,"origin":"ch51712","date":"2023-12-25T22:25:38","phones":[],"objects":[],"characters":[51712],"vehicles":[],"interiors":[7],"accounts":[],"content":"EXITED","factions":[]}
{"action":39,"origin":"ch51712","date":"2023-12-25T22:25:52","phones":[],"objects":[875590],"characters":[],"vehicles":[],"interiors":[],"accounts":[],"content":"~World #875590 @ (1539, -1678.1600341797, 12.546899795532) in (int 0, dim 0) ->Tetalover69 - Shell Casing - 33 casings of 7.62mm","factions":[]}
{"action":40,"origin":"ch51712","date":"2023-12-25T22:25:52","phones":[],"objects":[],"characters":[51712],"vehicles":[],"interiors":[],"accounts":[],"content":"Tetalover69 bends over and picks up a Shell Casing.","factions":[]}
{"action":40,"origin":"ch51712","date":"2023-12-25T22:25:57","phones":[],"objects":[],"characters":[51712],"vehicles":[],"interiors":[],"accounts":[],"content":"Tetalover69 destroyed a Shell Casing.","factions":[]}
{"action":40,"origin":"ch51712","date":"2023-12-25T22:25:57","phones":[],"objects":[],"characters":[51712],"vehicles":[],"interiors":[],"accounts":[],"content":"Tetalover69 destroyed a Shell Casing.","factions":[]}
{"action":40,"origin":"ch51712","date":"2023-12-25T22:25:57","phones":[],"objects":[],"characters":[51712],"vehicles":[],"interiors":[],"accounts":[],"content":"Tetalover69 destroyed a Shell Casing.","factions":[]}
{"action":40,"origin":"ch51712","date":"2023-12-25T22:26:12","phones":[],"objects":[],"characters":[51712],"vehicles":[],"interiors":[],"accounts":[],"content":"Tetalover69 pierna izquierda fue golpeada.","factions":[]}
{"action":34,"origin":"ch51712","date":"2023-12-25T22:26:14","phones":[],"objects":[],"characters":[51712],"vehicles":[],"interiors":[],"accounts":[],"content":" died","factions":[]}
{"action":4,"origin":"ch51712","date":"2023-12-25T22:26:20","phones":[],"objects":[],"characters":[51712],"vehicles":[],"interiors":[],"accounts":[],"content":"REVIVIDO desde PK","factions":[]}
{"action":31,"origin":"ch51712","date":"2023-12-25T22:26:51","phones":[],"objects":[],"characters":[51712],"vehicles":[],"interiors":[14],"accounts":[],"content":"ENTERED","factions":[]}
{"action":37,"origin":"ch51712","date":"2023-12-25T22:26:51","phones":[],"objects":[],"characters":[],"vehicles":[],"interiors":[14],"accounts":[],"content":"gotohouse","factions":[]}
{"action":31,"origin":"ch51712","date":"2023-12-25T22:26:58","phones":[],"objects":[],"characters":[51712],"vehicles":[],"interiors":[14],"accounts":[],"content":"ENTERED","factions":[]}
{"action":31,"origin":"ch51712","date":"2023-12-25T22:27:01","phones":[],"objects":[],"characters":[51712],"vehicles":[],"interiors":[14],"accounts":[],"content":"EXITED","factions":[]}
{"action":37,"origin":"ch51712","date":"2023-12-25T22:27:13","phones":[],"objects":[],"characters":[],"vehicles":[],"interiors":[14],"accounts":[],"content":"FORCESELL 14","factions":[]}
{"action":37,"origin":"ch51712","date":"2023-12-25T22:27:13","phones":[],"objects":[],"characters":[],"vehicles":[],"interiors":[14],"accounts":[],"content":"FORCESELL 14","factions":[]}
{"action":31,"origin":"ch51712","date":"2023-12-25T22:27:20","phones":[],"objects":[],"characters":[51712],"vehicles":[],"interiors":[43],"accounts":[],"content":"ENTERED","factions":[]}
{"action":37,"origin":"ch51712","date":"2023-12-25T22:27:20","phones":[],"objects":[],"characters":[],"vehicles":[],"interiors":[43],"accounts":[],"content":"gotohouse","factions":[]}
{"action":4,"origin":"ch51712","date":"2023-12-25T22:27:28","phones":[],"objects":[],"characters":[51711],"vehicles":[],"interiors":[],"accounts":[],"content":"ONLINE CHECK","factions":[]}
{"action":4,"origin":"ch51712","date":"2023-12-25T22:27:43","phones":[],"objects":[],"characters":[51711],"vehicles":[],"interiors":[],"accounts":[],"content":"ONLINE CHECK","factions":[]}
{"action":37,"origin":"ch51712","date":"2023-12-25T22:28:21","phones":[],"objects":[],"characters":[],"vehicles":[],"interiors":[43],"accounts":[],"content":"FORCESELL 43","factions":[]}
{"action":37,"origin":"ch51712","date":"2023-12-25T22:28:21","phones":[],"objects":[],"characters":[],"vehicles":[],"interiors":[43],"accounts":[],"content":"FORCESELL 43","factions":[]}
{"action":31,"origin":"ch51712","date":"2023-12-25T22:28:31","phones":[],"objects":[],"characters":[51712],"vehicles":[],"interiors":[61],"accounts":[],"content":"ENTERED","factions":[]}
{"action":37,"origin":"ch51712","date":"2023-12-25T22:28:31","phones":[],"objects":[],"characters":[],"vehicles":[],"interiors":[61],"accounts":[],"content":"gotohouse","factions":[]}
{"action":31,"origin":"ch51712","date":"2023-12-25T22:28:38","phones":[],"objects":[],"characters":[51712],"vehicles":[],"interiors":[61],"accounts":[],"content":"ENTERED","factions":[]}
{"action":31,"origin":"ch51712","date":"2023-12-25T22:28:42","phones":[],"objects":[],"characters":[51712],"vehicles":[],"interiors":[61],"accounts":[],"content":"EXITED","factions":[]}
{"action":31,"origin":"ch51712","date":"2023-12-25T22:29:11","phones":[],"objects":[],"characters":[51712],"vehicles":[],"interiors":[9],"accounts":[],"content":"ENTERED","factions":[]}
{"action":37,"origin":"ch51712","date":"2023-12-25T22:29:11","phones":[],"objects":[],"characters":[],"vehicles":[],"interiors":[9],"accounts":[],"content":"gotohouse","factions":[]}
{"action":31,"origin":"ch51712","date":"2023-12-25T22:29:17","phones":[],"objects":[],"characters":[51712],"vehicles":[],"interiors":[9],"accounts":[],"content":"ENTERED","factions":[]}
{"action":4,"origin":"ch51712","date":"2023-12-25T22:29:37","phones":[],"objects":[],"characters":[51712],"vehicles":[],"interiors":[],"accounts":[],"content":"FREECAM","factions":[]}
{"action":31,"origin":"ch51712","date":"2023-12-25T22:29:55","phones":[],"objects":[],"characters":[51712],"vehicles":[],"interiors":[72],"accounts":[],"content":"ENTERED","factions":[]}
{"action":37,"origin":"ch51712","date":"2023-12-25T22:29:55","phones":[],"objects":[],"characters":[],"vehicles":[],"interiors":[72],"accounts":[],"content":"gotohouse","factions":[]}
{"action":4,"origin":"ch51712","date":"2023-12-25T22:30:03","phones":[],"objects":[],"characters":[51712],"vehicles":[],"interiors":[],"accounts":[],"content":"FREECAM","factions":[]}
{"action":4,"origin":"ch51712","date":"2023-12-25T22:30:18","phones":[],"objects":[],"characters":[51712],"vehicles":[],"interiors":[],"accounts":[],"content":"FREECAM","factions":[]}
{"action":4,"origin":"ch51712","date":"2023-12-25T22:30:27","phones":[],"objects":[],"characters":[51712],"vehicles":[],"interiors":[],"accounts":[],"content":"FREECAM","factions":[]}
{"action":4,"origin":"ch51712","date":"2023-12-25T22:30:36","phones":[],"objects":[],"characters":[51712],"vehicles":[],"interiors":[],"accounts":[],"content":"FREECAM","factions":[]}
{"action":31,"origin":"ch51712","date":"2023-12-25T22:31:03","phones":[],"objects":[],"characters":[51712],"vehicles":[],"interiors":[72],"accounts":[],"content":"ENTERED","factions":[]}
{"action":37,"origin":"ch51712","date":"2023-12-25T22:31:03","phones":[],"objects":[],"characters":[],"vehicles":[],"interiors":[72],"accounts":[],"content":"gotohouse","factions":[]}
{"action":4,"origin":"ch51712","date":"2023-12-25T22:31:17","phones":[],"objects":[],"characters":[51712],"vehicles":[],"interiors":[],"accounts":[],"content":"FREECAM","factions":[]}
{"action":37,"origin":"ch51712","date":"2023-12-25T22:31:30","phones":[],"objects":[],"characters":[],"vehicles":[],"interiors":[72],"accounts":[],"content":"SETINTERIORENTRANCE (0\/0) 1928.58203125\/-1776.734375\/13.546875","factions":[]}
{"action":31,"origin":"ch51712","date":"2023-12-25T22:31:32","phones":[],"objects":[],"characters":[51712],"vehicles":[],"interiors":[72],"accounts":[],"content":"ENTERED","factions":[]}
{"action":31,"origin":"ch51712","date":"2023-12-25T22:31:39","phones":[],"objects":[],"characters":[51712],"vehicles":[],"interiors":[72],"accounts":[],"content":"EXITED","factions":[]}
{"action":4,"origin":"ch51712","date":"2023-12-25T22:31:42","phones":[],"objects":[],"characters":[51712],"vehicles":[],"interiors":[],"accounts":[],"content":"FREECAM","factions":[]}
{"action":31,"origin":"ch51712","date":"2023-12-25T22:32:02","phones":[],"objects":[],"characters":[51712],"vehicles":[],"interiors":[72],"accounts":[],"content":"ENTERED","factions":[]}
{"action":31,"origin":"ch51712","date":"2023-12-25T22:32:03","phones":[],"objects":[],"characters":[51712],"vehicles":[],"interiors":[72],"accounts":[],"content":"EXITED","factions":[]}
{"action":31,"origin":"ch51712","date":"2023-12-25T22:32:51","phones":[],"objects":[],"characters":[51712],"vehicles":[],"interiors":[62],"accounts":[],"content":"ENTERED","factions":[]}
{"action":37,"origin":"ch51712","date":"2023-12-25T22:32:51","phones":[],"objects":[],"characters":[],"vehicles":[],"interiors":[62],"accounts":[],"content":"gotohouse","factions":[]}
{"action":31,"origin":"ch51712","date":"2023-12-25T22:32:56","phones":[],"objects":[],"characters":[51712],"vehicles":[],"interiors":[62],"accounts":[],"content":"ENTERED","factions":[]}
{"action":31,"origin":"ch51712","date":"2023-12-25T22:32:58","phones":[],"objects":[],"characters":[51712],"vehicles":[],"interiors":[62],"accounts":[],"content":"EXITED","factions":[]}
{"action":31,"origin":"ch51712","date":"2023-12-25T22:33:32","phones":[],"objects":[],"characters":[51712],"vehicles":[],"interiors":[65],"accounts":[],"content":"ENTERED","factions":[]}
{"action":37,"origin":"ch51712","date":"2023-12-25T22:33:32","phones":[],"objects":[],"characters":[],"vehicles":[],"interiors":[65],"accounts":[],"content":"gotohouse","factions":[]}
{"action":31,"origin":"ch51712","date":"2023-12-25T22:33:36","phones":[],"objects":[],"characters":[51712],"vehicles":[],"interiors":[65],"accounts":[],"content":"ENTERED","factions":[]}
{"action":31,"origin":"ch51712","date":"2023-12-25T22:33:46","phones":[],"objects":[],"characters":[51712],"vehicles":[],"interiors":[65],"accounts":[],"content":"EXITED","factions":[]}
{"action":4,"origin":"ch51712","date":"2023-12-25T22:33:56","phones":[],"objects":[],"characters":[51712],"vehicles":[],"interiors":[],"accounts":[],"content":"FREECAM","factions":[]}
{"action":31,"origin":"ch51712","date":"2023-12-25T22:34:04","phones":[],"objects":[],"characters":[51712],"vehicles":[],"interiors":[6],"accounts":[],"content":"ENTERED","factions":[]}
{"action":37,"origin":"ch51712","date":"2023-12-25T22:34:04","phones":[],"objects":[],"characters":[],"vehicles":[],"interiors":[6],"accounts":[],"content":"gotohouse","factions":[]}
{"action":31,"origin":"ch51712","date":"2023-12-25T22:34:14","phones":[],"objects":[],"characters":[51712],"vehicles":[],"interiors":[6],"accounts":[],"content":"ENTERED","factions":[]}
{"action":31,"origin":"ch51712","date":"2023-12-25T22:34:26","phones":[],"objects":[],"characters":[51712],"vehicles":[],"interiors":[66],"accounts":[],"content":"ENTERED","factions":[]}
{"action":37,"origin":"ch51712","date":"2023-12-25T22:34:26","phones":[],"objects":[],"characters":[],"vehicles":[],"interiors":[66],"accounts":[],"content":"gotohouse","factions":[]}
{"action":31,"origin":"ch51712","date":"2023-12-25T22:34:31","phones":[],"objects":[],"characters":[51712],"vehicles":[],"interiors":[66],"accounts":[],"content":"ENTERED","factions":[]}
{"action":31,"origin":"ch51712","date":"2023-12-25T22:34:43","phones":[],"objects":[],"characters":[51712],"vehicles":[],"interiors":[66],"accounts":[],"content":"EXITED","factions":[]}
{"action":31,"origin":"ch51712","date":"2023-12-25T22:35:14","phones":[],"objects":[],"characters":[51712],"vehicles":[],"interiors":[6],"accounts":[],"content":"ENTERED","factions":[]}
{"action":31,"origin":"ch51712","date":"2023-12-25T22:35:16","phones":[],"objects":[],"characters":[51712],"vehicles":[],"interiors":[61],"accounts":[],"content":"ENTERED","factions":[]}
{"action":37,"origin":"ch51712","date":"2023-12-25T22:35:16","phones":[],"objects":[],"characters":[],"vehicles":[],"interiors":[61],"accounts":[],"content":"gotohouse","factions":[]}
{"action":37,"origin":"ch51712","date":"2023-12-25T22:35:27","phones":[],"objects":[],"characters":[],"vehicles":[],"interiors":[61],"accounts":[],"content":"FORCESELL 61","factions":[]}
{"action":37,"origin":"ch51712","date":"2023-12-25T22:35:27","phones":[],"objects":[],"characters":[],"vehicles":[],"interiors":[61],"accounts":[],"content":"FORCESELL 61","factions":[]}
{"action":31,"origin":"ch51712","date":"2023-12-25T22:35:38","phones":[],"objects":[],"characters":[51712],"vehicles":[],"interiors":[7],"accounts":[],"content":"ENTERED","factions":[]}
{"action":37,"origin":"ch51712","date":"2023-12-25T22:35:38","phones":[],"objects":[],"characters":[],"vehicles":[],"interiors":[7],"accounts":[],"content":"gotohouse","factions":[]}
{"action":31,"origin":"ch51712","date":"2023-12-25T22:35:41","phones":[],"objects":[],"characters":[51712],"vehicles":[],"interiors":[7],"accounts":[],"content":"ENTERED","factions":[]}
{"action":31,"origin":"ch51712","date":"2023-12-25T22:35:43","phones":[],"objects":[],"characters":[51712],"vehicles":[],"interiors":[7],"accounts":[],"content":"EXITED","factions":[]}
{"action":31,"origin":"ch51712","date":"2023-12-25T22:35:57","phones":[],"objects":[],"characters":[51712],"vehicles":[],"interiors":[9],"accounts":[],"content":"ENTERED","factions":[]}
{"action":37,"origin":"ch51712","date":"2023-12-25T22:35:57","phones":[],"objects":[],"characters":[],"vehicles":[],"interiors":[9],"accounts":[],"content":"gotohouse","factions":[]}
{"action":4,"origin":"ch51712","date":"2023-12-25T22:36:09","phones":[],"objects":[],"characters":[51712],"vehicles":[],"interiors":[],"accounts":[],"content":"FREECAM","factions":[]}
{"action":31,"origin":"ch51712","date":"2023-12-25T22:37:10","phones":[],"objects":[],"characters":[51712],"vehicles":[],"interiors":[7],"accounts":[],"content":"EXITED","factions":[]}
{"action":31,"origin":"ch51712","date":"2023-12-25T22:37:13","phones":[],"objects":[],"characters":[51712],"vehicles":[],"interiors":[7],"accounts":[],"content":"ENTERED","factions":[]}
{"action":31,"origin":"ch51712","date":"2023-12-25T22:37:42","phones":[],"objects":[],"characters":[51712],"vehicles":[],"interiors":[7],"accounts":[],"content":"EXITED","factions":[]}
{"action":31,"origin":"ch51712","date":"2023-12-25T22:37:45","phones":[],"objects":[],"characters":[51712],"vehicles":[],"interiors":[7],"accounts":[],"content":"ENTERED","factions":[]}
{"action":31,"origin":"ch51712","date":"2023-12-25T22:37:48","phones":[],"objects":[],"characters":[51712],"vehicles":[],"interiors":[7],"accounts":[],"content":"EXITED","factions":[]}
{"action":31,"origin":"ch51712","date":"2023-12-25T22:40:22","phones":[],"objects":[],"characters":[51712],"vehicles":[],"interiors":[4],"accounts":[],"content":"ENTERED","factions":[]}
{"action":31,"origin":"ch51712","date":"2023-12-25T22:41:13","phones":[],"objects":[],"characters":[51712],"vehicles":[],"interiors":[4],"accounts":[],"content":"EXITED","factions":[]}
{"action":31,"origin":"ch51712","date":"2023-12-25T22:41:44","phones":[],"objects":[],"characters":[51712],"vehicles":[],"interiors":[4],"accounts":[],"content":"ENTERED","factions":[]}
{"action":27,"origin":"ac131904","date":"2023-12-25T22:42:42","phones":[],"objects":[],"characters":[0],"vehicles":[],"interiors":[],"accounts":[131904],"content":"Went to character selection","factions":[]}
{"action":27,"origin":"ac131904","date":"2023-12-25T22:43:38","phones":[],"objects":[],"characters":[51717],"vehicles":[],"interiors":[],"accounts":[131904],"content":"Created","factions":[]}
{"action":27,"origin":"ac131904","date":"2023-12-25T22:43:38","phones":[],"objects":[],"characters":[51717],"vehicles":[],"interiors":[],"accounts":[131904],"content":"Spawned","factions":[]}
{"action":27,"origin":"ac131904","date":"2023-12-25T22:44:04","phones":[],"objects":[],"characters":[51717],"vehicles":[],"interiors":[],"accounts":[131904],"content":"Disconnected (Quit) (Name: Carlos_Smith)","factions":[]}
{"action":27,"origin":"ac131903","date":"2023-12-25T22:53:04","phones":[],"objects":[],"characters":[51711],"vehicles":[],"interiors":[],"accounts":[131903],"content":"Disconnected (Quit) (Name: Danny_Occean)","factions":[]}
{"action":27,"origin":"ac131903","date":"2023-12-25T22:54:05","phones":[],"objects":[],"characters":[],"vehicles":[],"interiors":[],"accounts":[131903],"content":"Connected from 192.168.56.1 - 7CFC369BF14E7B5B0D5192186B1891F2","factions":[]}
{"action":27,"origin":"ac131904","date":"2023-12-25T22:54:08","phones":[],"objects":[],"characters":[],"vehicles":[],"interiors":[],"accounts":[131904],"content":"Connected from 186.173.247.37 - D07C3066987A767946F05743B08A1FA4","factions":[]}
{"action":27,"origin":"ac131903","date":"2023-12-25T22:54:12","phones":[],"objects":[],"characters":[51711],"vehicles":[],"interiors":[],"accounts":[131903],"content":"Spawned","factions":[]}
{"action":27,"origin":"ac131904","date":"2023-12-25T22:54:15","phones":[],"objects":[],"characters":[51717],"vehicles":[],"interiors":[],"accounts":[131904],"content":"Spawned","factions":[]}
{"action":31,"origin":"ch51711","date":"2023-12-25T22:54:45","phones":[],"objects":[],"characters":[51711],"vehicles":[],"interiors":[4],"accounts":[],"content":"ENTERED","factions":[]}
{"action":31,"origin":"ch51717","date":"2023-12-25T22:54:56","phones":[],"objects":[],"characters":[51717],"vehicles":[],"interiors":[4],"accounts":[],"content":"ENTERED","factions":[]}
{"action":31,"origin":"ch51711","date":"2023-12-25T22:54:57","phones":[],"objects":[],"characters":[51711],"vehicles":[],"interiors":[4],"accounts":[],"content":"ENTERED","factions":[]}
{"action":31,"origin":"ch51717","date":"2023-12-25T22:55:27","phones":[],"objects":[],"characters":[51717],"vehicles":[],"interiors":[4],"accounts":[],"content":"EXITED","factions":[]}
{"action":31,"origin":"ch51711","date":"2023-12-25T22:55:27","phones":[],"objects":[],"characters":[51711],"vehicles":[],"interiors":[4],"accounts":[],"content":"EXITED","factions":[]}
{"action":31,"origin":"ch51717","date":"2023-12-25T22:55:58","phones":[],"objects":[],"characters":[51717],"vehicles":[],"interiors":[4],"accounts":[],"content":"ENTERED","factions":[]}
{"action":31,"origin":"ch51717","date":"2023-12-25T22:56:22","phones":[],"objects":[],"characters":[51717],"vehicles":[],"interiors":[4],"accounts":[],"content":"EXITED","factions":[]}
{"action":3,"origin":"ch51711","date":"2023-12-25T22:57:35","phones":[],"objects":[],"characters":[51717,51711],"vehicles":[],"interiors":[],"accounts":[],"content":"aa","factions":[]}
{"action":31,"origin":"ch51717","date":"2023-12-25T22:59:49","phones":[],"objects":[],"characters":[51717],"vehicles":[],"interiors":[66],"accounts":[],"content":"ENTERED","factions":[]}
{"action":37,"origin":"ch51717","date":"2023-12-25T22:59:49","phones":[],"objects":[],"characters":[],"vehicles":[],"interiors":[66],"accounts":[],"content":"gotohouse","factions":[]}
{"action":31,"origin":"ch51717","date":"2023-12-25T22:59:53","phones":[],"objects":[],"characters":[51717],"vehicles":[],"interiors":[9],"accounts":[],"content":"ENTERED","factions":[]}
{"action":37,"origin":"ch51717","date":"2023-12-25T22:59:53","phones":[],"objects":[],"characters":[],"vehicles":[],"interiors":[9],"accounts":[],"content":"gotohouse","factions":[]}
{"action":31,"origin":"ch51711","date":"2023-12-25T22:59:58","phones":[],"objects":[],"characters":[51711],"vehicles":[],"interiors":[9],"accounts":[],"content":"ENTERED","factions":[]}
{"action":31,"origin":"ch51717","date":"2023-12-25T22:59:59","phones":[],"objects":[],"characters":[51717],"vehicles":[],"interiors":[9],"accounts":[],"content":"ENTERED","factions":[]}
{"action":4,"origin":"ch51717","date":"2023-12-25T23:01:13","phones":[],"objects":[],"characters":[],"vehicles":[],"interiors":[9],"accounts":[],"content":"SETINTERIORID 1","factions":[]}
{"action":8,"origin":"ch51717","date":"2023-12-25T23:01:17","phones":[],"objects":[],"characters":[51717,51711],"vehicles":[],"interiors":[],"accounts":[],"content":"\/setintid 1","factions":[]}
{"action":4,"origin":"ch51717","date":"2023-12-25T23:01:20","phones":[],"objects":[],"characters":[51717],"vehicles":[],"interiors":[],"accounts":[],"content":"FREECAM","factions":[]}
{"action":4,"origin":"ch51717","date":"2023-12-25T23:01:31","phones":[],"objects":[],"characters":[],"vehicles":[],"interiors":[9],"accounts":[],"content":"SETINTERIORID 2","factions":[]}
{"action":4,"origin":"ch51717","date":"2023-12-25T23:02:00","phones":[],"objects":[],"characters":[],"vehicles":[],"interiors":[9],"accounts":[],"content":"SETINTERIORID 3","factions":[]}
{"action":31,"origin":"ch51717","date":"2023-12-25T23:02:07","phones":[],"objects":[],"characters":[],"vehicles":[],"interiors":[9],"accounts":[],"content":"LOCK INTERIOR","factions":[]}
{"action":31,"origin":"ch51717","date":"2023-12-25T23:02:08","phones":[],"objects":[],"characters":[],"vehicles":[],"interiors":[9],"accounts":[],"content":"UNLOCK INTERIOR","factions":[]}
{"action":4,"origin":"ch51711","date":"2023-12-25T23:02:20","phones":[],"objects":[],"characters":[51711],"vehicles":[],"interiors":[],"accounts":[],"content":"FREECAM","factions":[]}
{"action":6,"origin":"ch51717","date":"2023-12-25T23:02:23","phones":[],"objects":[],"characters":[],"vehicles":[29169],"interiors":[],"accounts":[],"content":"gotoveh","factions":[]}
{"action":31,"origin":"ch51711","date":"2023-12-25T23:02:38","phones":[],"objects":[],"characters":[51711],"vehicles":[29169],"interiors":[],"accounts":[],"content":"STARTED ENGINE","factions":[]}
{"action":4,"origin":"ch51717","date":"2023-12-25T23:02:45","phones":[],"objects":[],"characters":[51711],"vehicles":[],"interiors":[],"accounts":[],"content":"RECON","factions":[]}
{"action":8,"origin":"ch51717","date":"2023-12-25T23:02:49","phones":[],"objects":[],"characters":[51717,51711],"vehicles":[],"interiors":[],"accounts":[],"content":"puto","factions":[]}
{"action":4,"origin":"ch51717","date":"2023-12-25T23:02:59","phones":[],"objects":[],"characters":[51711],"vehicles":[],"interiors":[],"accounts":[],"content":"ONLINE CHECK","factions":[]}
{"action":31,"origin":"ch51711","date":"2023-12-25T23:03:45","phones":[],"objects":[],"characters":[51711],"vehicles":[],"interiors":[7],"accounts":[],"content":"ENTERED","factions":[]}
{"action":31,"origin":"ch51711","date":"2023-12-25T23:03:47","phones":[],"objects":[],"characters":[51711],"vehicles":[],"interiors":[7],"accounts":[],"content":"EXITED","factions":[]}
{"action":40,"origin":"ch51717","date":"2023-12-25T23:10:19","phones":[],"objects":[],"characters":[51717],"vehicles":[],"interiors":[],"accounts":[],"content":"Carlos Smith pierna izquierda fue golpeada.","factions":[]}
{"action":4,"origin":"ch51717","date":"2023-12-25T23:10:30","phones":[],"objects":[],"characters":[51711],"vehicles":[],"interiors":[],"accounts":[],"content":"SETHP 100","factions":[]}
{"action":4,"origin":"ch51717","date":"2023-12-25T23:10:36","phones":[],"objects":[],"characters":[51717],"vehicles":[],"interiors":[],"accounts":[],"content":"SETHP 100","factions":[]}
{"action":31,"origin":"ch51717","date":"2023-12-25T23:10:48","phones":[],"objects":[],"characters":[51717],"vehicles":[],"interiors":[4],"accounts":[],"content":"ENTERED","factions":[]}
{"action":31,"origin":"ch51717","date":"2023-12-25T23:23:13","phones":[],"objects":[],"characters":[51717],"vehicles":[],"interiors":[4],"accounts":[],"content":"EXITED","factions":[]}
{"action":31,"origin":"ch51717","date":"2023-12-25T23:24:51","phones":[],"objects":[],"characters":[51717],"vehicles":[],"interiors":[4],"accounts":[],"content":"ENTERED","factions":[]}
{"action":31,"origin":"ch51717","date":"2023-12-25T23:26:07","phones":[],"objects":[],"characters":[51717],"vehicles":[],"interiors":[4],"accounts":[],"content":"EXITED","factions":[]}
{"action":40,"origin":"ch51717","date":"2023-12-25T23:26:11","phones":[],"objects":[],"characters":[51717],"vehicles":[],"interiors":[],"accounts":[],"content":"Carlos Smith puts a Motocross Helmet over their head.","factions":[]}
{"action":6,"origin":"ch51717","date":"2023-12-25T23:26:46","phones":[],"objects":[],"characters":[],"vehicles":[29201],"interiors":[],"accounts":[],"content":"SPAWNVEH 'Faggio' CIVILLIAN","factions":[]}
{"action":40,"origin":"ch51717","date":"2023-12-25T23:26:49","phones":[],"objects":[],"characters":[51717],"vehicles":[],"interiors":[],"accounts":[],"content":"Carlos Smith secures their helmet.","factions":[]}
{"action":31,"origin":"ch51717","date":"2023-12-25T23:26:50","phones":[],"objects":[],"characters":[51717],"vehicles":[29201],"interiors":[],"accounts":[],"content":"STARTED ENGINE","factions":[]}
{"action":40,"origin":"ch51717","date":"2023-12-25T23:27:02","phones":[],"objects":[],"characters":[51717],"vehicles":[],"interiors":[],"accounts":[],"content":"Carlos Smith removes their helmet.","factions":[]}
{"action":6,"origin":"ch51717","date":"2023-12-25T23:28:23","phones":[],"objects":[],"characters":[],"vehicles":[29202],"interiors":[],"accounts":[],"content":"SPAWNVEH 'Sanchez' CIVILLIAN","factions":[]}
{"action":31,"origin":"ch51717","date":"2023-12-25T23:28:27","phones":[],"objects":[],"characters":[51717],"vehicles":[29202],"interiors":[],"accounts":[],"content":"STARTED ENGINE","factions":[]}
{"action":40,"origin":"ch51717","date":"2023-12-25T23:28:39","phones":[],"objects":[],"characters":[51717],"vehicles":[],"interiors":[],"accounts":[],"content":"Carlos Smith puts a Motocross Helmet over their head.","factions":[]}
{"action":31,"origin":"ch51717","date":"2023-12-25T23:37:24","phones":[],"objects":[],"characters":[51717],"vehicles":[],"interiors":[4],"accounts":[],"content":"ENTERED","factions":[]}
{"action":4,"origin":"ch51717","date":"2023-12-25T23:37:45","phones":[],"objects":[],"characters":[51717],"vehicles":[],"interiors":[],"accounts":[],"content":"GIVEMONEY 10000","factions":[]}
{"action":25,"origin":"ch51711","date":"2023-12-25T23:37:45","phones":[],"objects":[],"characters":[51717],"vehicles":[],"interiors":[],"accounts":[],"content":"PAY 100000","factions":[]}
{"action":40,"origin":"ch51711","date":"2023-12-25T23:37:45","phones":[],"objects":[],"characters":[51717,51711],"vehicles":[],"interiors":[],"accounts":[],"content":"Danny Occean toma algunos billetes de dólar de his cartera y se los da a Carlos Smith.","factions":[]}
{"action":31,"origin":"ch51717","date":"2023-12-25T23:39:20","phones":[],"objects":[],"characters":[51717],"vehicles":[],"interiors":[4],"accounts":[],"content":"EXITED","factions":[]}
{"action":31,"origin":"ch51711","date":"2023-12-25T23:39:22","phones":[],"objects":[],"characters":[51711],"vehicles":[],"interiors":[4],"accounts":[],"content":"EXITED","factions":[]}
{"action":27,"origin":"ac131903","date":"2023-12-25T23:39:24","phones":[],"objects":[],"characters":[51711],"vehicles":[],"interiors":[],"accounts":[131903],"content":"Disconnected (Quit) (Name: Danny_Occean)","factions":[]}
{"action":6,"origin":"ch51717","date":"2023-12-25T23:39:37","phones":[],"objects":[],"characters":[],"vehicles":[29203],"interiors":[],"accounts":[],"content":"SPAWNVEH 'Manana' CIVILLIAN","factions":[]}
{"action":31,"origin":"ch51717","date":"2023-12-25T23:39:43","phones":[],"objects":[],"characters":[51717],"vehicles":[29203],"interiors":[],"accounts":[],"content":"STARTED ENGINE","factions":[]}
{"action":40,"origin":"ch51717","date":"2023-12-25T23:39:50","phones":[],"objects":[],"characters":[51717],"vehicles":[],"interiors":[],"accounts":[],"content":"Carlos Smith buckles in their seatbelt.","factions":[]}
{"action":27,"origin":"ac131904","date":"2023-12-25T23:44:59","phones":[],"objects":[],"characters":[51717],"vehicles":[],"interiors":[],"accounts":[131904],"content":"Disconnected (Quit) (Name: Carlos_Smith)","factions":[]}
