{"action":27,"origin":"ac131903","date":"2024-01-17T22:59:08","phones":[],"objects":[],"characters":[],"vehicles":[],"interiors":[],"accounts":[131903],"content":"Connected from 192.168.56.1 - 7CFC369BF14E7B5B0D5192186B1891F2","factions":[]}
{"action":27,"origin":"ac131903","date":"2024-01-17T22:59:16","phones":[],"objects":[],"characters":[51711],"vehicles":[],"interiors":[],"accounts":[131903],"content":"Spawned","factions":[]}
{"action":6,"origin":"SYSTEM","date":"2024-01-17T23:00:23","phones":[],"objects":[],"characters":[],"vehicles":[29142],"interiors":[],"accounts":[],"content":"Deleted by Inactivity Scanner. Reason: Inactive Vehicle | Last used 29 days ago while parking outdoors","factions":[]}
{"action":6,"origin":"SYSTEM","date":"2024-01-17T23:00:23","phones":[],"objects":[],"characters":[],"vehicles":[29146],"interiors":[],"accounts":[],"content":"Deleted by Inactivity Scanner. Reason: Inactive Vehicle | Last used 29 days ago while parking outdoors","factions":[]}
{"action":6,"origin":"SYSTEM","date":"2024-01-17T23:00:23","phones":[],"objects":[],"characters":[],"vehicles":[29148],"interiors":[],"accounts":[],"content":"Deleted by Inactivity Scanner. Reason: Inactive Vehicle | Last used 29 days ago while parking outdoors","factions":[]}
{"action":6,"origin":"SYSTEM","date":"2024-01-17T23:00:23","phones":[],"objects":[],"characters":[],"vehicles":[29153],"interiors":[],"accounts":[],"content":"Deleted by Inactivity Scanner. Reason: Inactive Vehicle | Last used 29 days ago while parking outdoors","factions":[]}
{"action":6,"origin":"SYSTEM","date":"2024-01-17T23:00:23","phones":[],"objects":[],"characters":[],"vehicles":[29155],"interiors":[],"accounts":[],"content":"Deleted by Inactivity Scanner. Reason: Inactive Vehicle | Last used 29 days ago while parking outdoors","factions":[]}
{"action":6,"origin":"SYSTEM","date":"2024-01-17T23:00:23","phones":[],"objects":[],"characters":[],"vehicles":[29157],"interiors":[],"accounts":[],"content":"Deleted by Inactivity Scanner. Reason: Inactive Vehicle | Last used 29 days ago while parking outdoors","factions":[]}
{"action":6,"origin":"SYSTEM","date":"2024-01-17T23:00:23","phones":[],"objects":[],"characters":[],"vehicles":[29159],"interiors":[],"accounts":[],"content":"Deleted by Inactivity Scanner. Reason: Inactive Vehicle | Last used 29 days ago while parking outdoors","factions":[]}
{"action":6,"origin":"SYSTEM","date":"2024-01-17T23:00:23","phones":[],"objects":[],"characters":[],"vehicles":[29161],"interiors":[],"accounts":[],"content":"Deleted by Inactivity Scanner. Reason: Inactive Vehicle | Last used 28 days ago while parking outdoors","factions":[]}
{"action":6,"origin":"SYSTEM","date":"2024-01-17T23:00:23","phones":[],"objects":[],"characters":[],"vehicles":[29147],"interiors":[],"accounts":[],"content":"Deleted by Inactivity Scanner. Reason: Inactive Vehicle | Last used 29 days ago while parking outdoors","factions":[]}
{"action":6,"origin":"SYSTEM","date":"2024-01-17T23:00:23","phones":[],"objects":[],"characters":[],"vehicles":[29156],"interiors":[],"accounts":[],"content":"Deleted by Inactivity Scanner. Reason: Inactive Vehicle | Last used 29 days ago while parking outdoors","factions":[]}
{"action":6,"origin":"SYSTEM","date":"2024-01-17T23:00:23","phones":[],"objects":[],"characters":[],"vehicles":[29160],"interiors":[],"accounts":[],"content":"Deleted by Inactivity Scanner. Reason: Inactive Vehicle | Last used 29 days ago while parking outdoors","factions":[]}
{"action":6,"origin":"SYSTEM","date":"2024-01-17T23:00:23","phones":[],"objects":[],"characters":[],"vehicles":[29163],"interiors":[],"accounts":[],"content":"Deleted by Inactivity Scanner. Reason: Inactive Vehicle | Last used 28 days ago while parking outdoors","factions":[]}
{"action":6,"origin":"SYSTEM","date":"2024-01-17T23:00:23","phones":[],"objects":[],"characters":[],"vehicles":[29165],"interiors":[],"accounts":[],"content":"Deleted by Inactivity Scanner. Reason: Inactive Vehicle | Last used 28 days ago while parking outdoors","factions":[]}
{"action":6,"origin":"SYSTEM","date":"2024-01-17T23:00:23","phones":[],"objects":[],"characters":[],"vehicles":[29167],"interiors":[],"accounts":[],"content":"Deleted by Inactivity Scanner. Reason: Inactive Vehicle | Last used 28 days ago while parking outdoors","factions":[]}
{"action":6,"origin":"SYSTEM","date":"2024-01-17T23:00:23","phones":[],"objects":[],"characters":[],"vehicles":[29169],"interiors":[],"accounts":[],"content":"Deleted by Inactivity Scanner. Reason: Inactive Vehicle | Last used 22 days ago while parking outdoors","factions":[]}
{"action":6,"origin":"SYSTEM","date":"2024-01-17T23:00:23","phones":[],"objects":[],"characters":[],"vehicles":[29171],"interiors":[],"accounts":[],"content":"Deleted by Inactivity Scanner. Reason: Inactive Vehicle | Last used 28 days ago while parking outdoors","factions":[]}
{"action":6,"origin":"SYSTEM","date":"2024-01-17T23:00:23","phones":[],"objects":[],"characters":[],"vehicles":[29143],"interiors":[],"accounts":[],"content":"Deleted by Inactivity Scanner. Reason: Inactive Vehicle | Last used 29 days ago while parking outdoors","factions":[]}
{"action":6,"origin":"SYSTEM","date":"2024-01-17T23:00:23","phones":[],"objects":[],"characters":[],"vehicles":[29154],"interiors":[],"accounts":[],"content":"Deleted by Inactivity Scanner. Reason: Inactive Vehicle | Last used 29 days ago while parking outdoors","factions":[]}
{"action":6,"origin":"SYSTEM","date":"2024-01-17T23:00:23","phones":[],"objects":[],"characters":[],"vehicles":[29162],"interiors":[],"accounts":[],"content":"Deleted by Inactivity Scanner. Reason: Inactive Vehicle | Last used 28 days ago while parking outdoors","factions":[]}
{"action":6,"origin":"SYSTEM","date":"2024-01-17T23:00:23","phones":[],"objects":[],"characters":[],"vehicles":[29166],"interiors":[],"accounts":[],"content":"Deleted by Inactivity Scanner. Reason: Inactive Vehicle | Last used 28 days ago while parking outdoors","factions":[]}
{"action":6,"origin":"SYSTEM","date":"2024-01-17T23:00:23","phones":[],"objects":[],"characters":[],"vehicles":[29170],"interiors":[],"accounts":[],"content":"Deleted by Inactivity Scanner. Reason: Inactive Vehicle | Last used 28 days ago while parking outdoors","factions":[]}
{"action":6,"origin":"SYSTEM","date":"2024-01-17T23:00:23","phones":[],"objects":[],"characters":[],"vehicles":[29149],"interiors":[],"accounts":[],"content":"Deleted by Inactivity Scanner. Reason: Inactive Vehicle | Last used 29 days ago while parking outdoors","factions":[]}
{"action":6,"origin":"SYSTEM","date":"2024-01-17T23:00:23","phones":[],"objects":[],"characters":[],"vehicles":[29164],"interiors":[],"accounts":[],"content":"Deleted by Inactivity Scanner. Reason: Inactive Vehicle | Last used 28 days ago while parking outdoors","factions":[]}
{"action":6,"origin":"SYSTEM","date":"2024-01-17T23:00:23","phones":[],"objects":[],"characters":[],"vehicles":[29172],"interiors":[],"accounts":[],"content":"Deleted by Inactivity Scanner. Reason: Inactive Vehicle | Last used 28 days ago while parking outdoors","factions":[]}
{"action":6,"origin":"SYSTEM","date":"2024-01-17T23:00:23","phones":[],"objects":[],"characters":[],"vehicles":[29193],"interiors":[],"accounts":[],"content":"Deleted by Inactivity Scanner. Reason: Inactive Vehicle | Last used 28 days ago while parking outdoors","factions":[]}
{"action":6,"origin":"SYSTEM","date":"2024-01-17T23:00:23","phones":[],"objects":[],"characters":[],"vehicles":[29158],"interiors":[],"accounts":[],"content":"Deleted by Inactivity Scanner. Reason: Inactive Vehicle | Last used 29 days ago while parking outdoors","factions":[]}
{"action":6,"origin":"SYSTEM","date":"2024-01-17T23:00:23","phones":[],"objects":[],"characters":[],"vehicles":[29195],"interiors":[],"accounts":[],"content":"Deleted by Inactivity Scanner. Reason: Inactive Vehicle | Last used 28 days ago while parking outdoors","factions":[]}
{"action":6,"origin":"SYSTEM","date":"2024-01-17T23:00:23","phones":[],"objects":[],"characters":[],"vehicles":[29197],"interiors":[],"accounts":[],"content":"Deleted by Inactivity Scanner. Reason: Inactive Vehicle | Last used 28 days ago while parking outdoors","factions":[]}
{"action":6,"origin":"SYSTEM","date":"2024-01-17T23:00:23","phones":[],"objects":[],"characters":[],"vehicles":[29199],"interiors":[],"accounts":[],"content":"Deleted by Inactivity Scanner. Reason: Inactive Vehicle | Last used 28 days ago while parking outdoors","factions":[]}
{"action":6,"origin":"SYSTEM","date":"2024-01-17T23:00:23","phones":[],"objects":[],"characters":[],"vehicles":[29168],"interiors":[],"accounts":[],"content":"Deleted by Inactivity Scanner. Reason: Inactive Vehicle | Last used 28 days ago while parking outdoors","factions":[]}
{"action":6,"origin":"SYSTEM","date":"2024-01-17T23:00:23","phones":[],"objects":[],"characters":[],"vehicles":[29194],"interiors":[],"accounts":[],"content":"Deleted by Inactivity Scanner. Reason: Inactive Vehicle | Last used 28 days ago while parking outdoors","factions":[]}
{"action":6,"origin":"SYSTEM","date":"2024-01-17T23:00:23","phones":[],"objects":[],"characters":[],"vehicles":[29198],"interiors":[],"accounts":[],"content":"Deleted by Inactivity Scanner. Reason: Inactive Vehicle | Last used 28 days ago while parking outdoors","factions":[]}
{"action":6,"origin":"SYSTEM","date":"2024-01-17T23:00:23","phones":[],"objects":[],"characters":[],"vehicles":[29196],"interiors":[],"accounts":[],"content":"Deleted by Inactivity Scanner. Reason: Inactive Vehicle | Last used 28 days ago while parking outdoors","factions":[]}
{"action":27,"origin":"ac131903","date":"2024-01-17T23:09:13","phones":[],"objects":[],"characters":[],"vehicles":[],"interiors":[],"accounts":[131903],"content":"Connected from 192.168.56.1 - 7CFC369BF14E7B5B0D5192186B1891F2","factions":[]}
{"action":27,"origin":"ac131903","date":"2024-01-17T23:09:21","phones":[],"objects":[],"characters":[51711],"vehicles":[],"interiors":[],"accounts":[131903],"content":"Spawned","factions":[]}
{"action":27,"origin":"ac131904","date":"2024-01-17T23:11:09","phones":[],"objects":[],"characters":[],"vehicles":[],"interiors":[],"accounts":[131904],"content":"Connected from 186.172.17.253 - D07C3066987A767946F05743B08A1FA4","factions":[]}
{"action":27,"origin":"ac131904","date":"2024-01-17T23:11:17","phones":[],"objects":[],"characters":[51713],"vehicles":[],"interiors":[],"accounts":[131904],"content":"Spawned","factions":[]}
{"action":6,"origin":"ch51713","date":"2024-01-17T23:11:31","phones":[],"objects":[],"characters":[],"vehicles":[29204],"interiors":[],"accounts":[],"content":"BOUGHTNEWCAR ZR-350 (Custom Model ID #103, Price: $28,500)","factions":[]}
{"action":27,"origin":"ac131906","date":"2024-01-17T23:11:39","phones":[],"objects":[],"characters":[],"vehicles":[],"interiors":[],"accounts":[131906],"content":"Connected from 207.248.204.207 - BEE5DD1153B1EF069DFB2D20CAAC61F3","factions":[]}
{"action":40,"origin":"ch51713","date":"2024-01-17T23:11:46","phones":[],"objects":[],"characters":[51713,51711],"vehicles":[],"interiors":[],"accounts":[],"content":"500 pesos presiona la llave para desbloquear el vehículo. ((2003 Mazda RX-8))","factions":[]}
{"action":31,"origin":"ch51713","date":"2024-01-17T23:11:46","phones":[],"objects":[],"characters":[],"vehicles":[29204],"interiors":[],"accounts":[],"content":"DESBLOQUEO DESDE EL EXTERIOR","factions":[]}
{"action":27,"origin":"ac131906","date":"2024-01-17T23:11:50","phones":[],"objects":[],"characters":[51716],"vehicles":[],"interiors":[],"accounts":[131906],"content":"Spawned","factions":[]}
{"action":31,"origin":"ch51713","date":"2024-01-17T23:11:51","phones":[],"objects":[],"characters":[51713],"vehicles":[29204],"interiors":[],"accounts":[],"content":"STARTED ENGINE","factions":[]}
{"action":40,"origin":"ch51716","date":"2024-01-17T23:12:30","phones":[],"objects":[],"characters":[51713,51711,51716],"vehicles":[],"interiors":[],"accounts":[],"content":"Trial Joaquin buckles in their seatbelt.","factions":[]}
{"action":40,"origin":"ch51716","date":"2024-01-17T23:12:46","phones":[],"objects":[],"characters":[51713,51711,51716],"vehicles":[],"interiors":[],"accounts":[],"content":"Trial Joaquin unbuckles their seatbelt.","factions":[]}
{"action":40,"origin":"ch51716","date":"2024-01-17T23:12:46","phones":[],"objects":[],"characters":[51713,51711,51716],"vehicles":[],"interiors":[],"accounts":[],"content":"Trial Joaquin buckles in their seatbelt.","factions":[]}
{"action":40,"origin":"ch51716","date":"2024-01-17T23:12:47","phones":[],"objects":[],"characters":[51713,51711,51716],"vehicles":[],"interiors":[],"accounts":[],"content":"Trial Joaquin unbuckles their seatbelt.","factions":[]}
{"action":40,"origin":"ch51716","date":"2024-01-17T23:12:48","phones":[],"objects":[],"characters":[51713,51711,51716],"vehicles":[],"interiors":[],"accounts":[],"content":"Trial Joaquin buckles in their seatbelt.","factions":[]}
{"action":40,"origin":"ch51716","date":"2024-01-17T23:13:51","phones":[],"objects":[],"characters":[51713,51711,51716],"vehicles":[],"interiors":[],"accounts":[],"content":"Trial Joaquin unbuckles their seatbelt.","factions":[]}
{"action":31,"origin":"ch51713","date":"2024-01-17T23:14:09","phones":[],"objects":[],"characters":[51713],"vehicles":[],"interiors":[4],"accounts":[],"content":"ENTERED","factions":[]}
{"action":26,"origin":"ch51711","date":"2024-01-17T23:15:13","phones":[],"objects":[],"characters":[51711],"vehicles":[],"interiors":[],"accounts":[],"content":"Purchase logs: Instant driver's licenses & fishing permit - Cost: -50 GCs","factions":[]}
{"action":31,"origin":"ch51713","date":"2024-01-17T23:15:24","phones":[],"objects":[],"characters":[51713],"vehicles":[],"interiors":[4],"accounts":[],"content":"EXITED","factions":[]}
{"action":31,"origin":"ch51713","date":"2024-01-17T23:15:30","phones":[],"objects":[],"characters":[51713],"vehicles":[],"interiors":[4],"accounts":[],"content":"ENTERED","factions":[]}
{"action":31,"origin":"ch51711","date":"2024-01-17T23:16:18","phones":[],"objects":[],"characters":[51711],"vehicles":[],"interiors":[4],"accounts":[],"content":"EXITED","factions":[]}
{"action":31,"origin":"ch51711","date":"2024-01-17T23:16:21","phones":[],"objects":[],"characters":[51711],"vehicles":[],"interiors":[4],"accounts":[],"content":"ENTERED","factions":[]}
{"action":31,"origin":"ch51711","date":"2024-01-17T23:16:34","phones":[],"objects":[],"characters":[51711],"vehicles":[],"interiors":[4],"accounts":[],"content":"EXITED","factions":[]}
{"action":31,"origin":"ch51713","date":"2024-01-17T23:17:21","phones":[],"objects":[],"characters":[51713],"vehicles":[],"interiors":[4],"accounts":[],"content":"EXITED","factions":[]}
{"action":7,"origin":"ch51713","date":"2024-01-17T23:17:29","phones":[],"objects":[],"characters":[51713,51711],"vehicles":[],"interiors":[],"accounts":[],"content":"Español: Sapd","factions":[]}
{"action":7,"origin":"ch51713","date":"2024-01-17T23:17:31","phones":[],"objects":[],"characters":[51713,51711],"vehicles":[],"interiors":[],"accounts":[],"content":"Español: Sapt","factions":[]}
{"action":27,"origin":"ac131904","date":"2024-01-17T23:19:19","phones":[],"objects":[],"characters":[0],"vehicles":[],"interiors":[],"accounts":[131904],"content":"Went to character selection","factions":[]}
{"action":27,"origin":"ac131904","date":"2024-01-17T23:19:24","phones":[],"objects":[],"characters":[51717],"vehicles":[],"interiors":[],"accounts":[131904],"content":"Spawned","factions":[]}
{"action":31,"origin":"ch51717","date":"2024-01-17T23:19:31","phones":[],"objects":[],"characters":[51717],"vehicles":[],"interiors":[4],"accounts":[],"content":"ENTERED","factions":[]}
{"action":31,"origin":"ch51711","date":"2024-01-17T23:20:12","phones":[],"objects":[],"characters":[51711],"vehicles":[],"interiors":[4],"accounts":[],"content":"ENTERED","factions":[]}
{"action":31,"origin":"ch51711","date":"2024-01-17T23:20:14","phones":[],"objects":[],"characters":[51711],"vehicles":[],"interiors":[4],"accounts":[],"content":"EXITED","factions":[]}
{"action":31,"origin":"ch51711","date":"2024-01-17T23:20:15","phones":[],"objects":[],"characters":[51711],"vehicles":[],"interiors":[4],"accounts":[],"content":"ENTERED","factions":[]}
{"action":7,"origin":"ch51711","date":"2024-01-17T23:20:35","phones":[],"objects":[],"characters":[51711,51717,51716],"vehicles":[],"interiors":[4],"accounts":[],"content":"Español: Khjkh","factions":[]}
{"action":7,"origin":"ch51711","date":"2024-01-17T23:20:43","phones":[],"objects":[],"characters":[51711,51717,51716],"vehicles":[],"interiors":[4],"accounts":[],"content":"Español: Lkjlkjkljjlk","factions":[]}
{"action":8,"origin":"ch51717","date":"2024-01-17T23:20:49","phones":[],"objects":[],"characters":[51717,51711,51716],"vehicles":[],"interiors":[],"accounts":[],"content":"khjkh","factions":[]}
{"action":7,"origin":"ch51717","date":"2024-01-17T23:21:00","phones":[],"objects":[],"characters":[51717,51711,51716],"vehicles":[],"interiors":[4],"accounts":[],"content":"Español: Asdasdnajfhalf","factions":[]}
{"action":7,"origin":"ch51717","date":"2024-01-17T23:21:08","phones":[],"objects":[],"characters":[51717,51711,51716],"vehicles":[],"interiors":[4],"accounts":[],"content":"Español: Teta gan","factions":[]}
{"action":7,"origin":"ch51711","date":"2024-01-17T23:21:22","phones":[],"objects":[],"characters":[51711,51717,51716],"vehicles":[],"interiors":[4],"accounts":[],"content":"Español: Xd","factions":[]}
{"action":31,"origin":"ch51711","date":"2024-01-17T23:21:25","phones":[],"objects":[],"characters":[51711],"vehicles":[],"interiors":[4],"accounts":[],"content":"EXITED","factions":[]}
{"action":26,"origin":"ch51711","date":"2024-01-17T23:21:41","phones":[],"objects":[],"characters":[51711],"vehicles":[],"interiors":[],"accounts":[],"content":"Purchase logs: Customized country flags typing icon - Cost: -150 GCs","factions":[]}
{"action":7,"origin":"ch51711","date":"2024-01-17T23:21:43","phones":[],"objects":[],"characters":[51711],"vehicles":[],"interiors":[],"accounts":[],"content":"Español: Dfsdasd","factions":[]}
{"action":26,"origin":"ch51711","date":"2024-01-17T23:21:51","phones":[],"objects":[],"characters":[51711],"vehicles":[],"interiors":[],"accounts":[],"content":"Purchase logs: Customized country flags typing icon - Cost: -150 GCs","factions":[]}
{"action":7,"origin":"ch51711","date":"2024-01-17T23:22:02","phones":[],"objects":[],"characters":[51711],"vehicles":[],"interiors":[],"accounts":[],"content":"Español: Saddsad","factions":[]}
{"action":26,"origin":"ch51711","date":"2024-01-17T23:22:24","phones":[],"objects":[],"characters":[51711],"vehicles":[],"interiors":[],"accounts":[],"content":"Purchase logs: Increase vehicle slots (6) - Cost: -200 GCs","factions":[]}
{"action":31,"origin":"ch51716","date":"2024-01-17T23:23:01","phones":[],"objects":[],"characters":[51716],"vehicles":[],"interiors":[4],"accounts":[],"content":"EXITED","factions":[]}
{"action":31,"origin":"ch51717","date":"2024-01-17T23:23:05","phones":[],"objects":[],"characters":[51717],"vehicles":[],"interiors":[4],"accounts":[],"content":"EXITED","factions":[]}
{"action":31,"origin":"ch51716","date":"2024-01-17T23:23:23","phones":[],"objects":[],"characters":[51716],"vehicles":[29203],"interiors":[],"accounts":[],"content":"STARTED ENGINE","factions":[]}
{"action":40,"origin":"ch51717","date":"2024-01-17T23:23:33","phones":[],"objects":[],"characters":[51717,51716],"vehicles":[],"interiors":[],"accounts":[],"content":"Carlos Smith rolls their windows down.","factions":[]}
{"action":40,"origin":"ch51717","date":"2024-01-17T23:23:35","phones":[],"objects":[],"characters":[51717,51716],"vehicles":[],"interiors":[],"accounts":[],"content":"Carlos Smith rolls their windows up.","factions":[]}
{"action":40,"origin":"ch51717","date":"2024-01-17T23:23:35","phones":[],"objects":[],"characters":[51717,51716],"vehicles":[],"interiors":[],"accounts":[],"content":"Carlos Smith buckles in their seatbelt.","factions":[]}
{"action":40,"origin":"ch51716","date":"2024-01-17T23:23:37","phones":[],"objects":[],"characters":[51717,51716],"vehicles":[],"interiors":[],"accounts":[],"content":"Trial Joaquin buckles in their seatbelt.","factions":[]}
{"action":7,"origin":"ch51717","date":"2024-01-17T23:25:16","phones":[],"objects":[],"characters":[51717,51716],"vehicles":[29203,29203],"interiors":[],"accounts":[],"content":"Español: INCAR Asd","factions":[]}
{"action":7,"origin":"ch51717","date":"2024-01-17T23:25:28","phones":[],"objects":[],"characters":[51717,51716],"vehicles":[29203,29203],"interiors":[],"accounts":[],"content":"Español: INCAR A ram sam sam","factions":[]}
{"action":26,"origin":"ch51711","date":"2024-01-17T23:26:28","phones":[],"objects":[],"characters":[51711],"vehicles":[],"interiors":[],"accounts":[],"content":"Purchase logs: Customized country flags typing icon - Cost: -150 GCs","factions":[]}
{"action":7,"origin":"ch51717","date":"2024-01-17T23:27:14","phones":[],"objects":[],"characters":[51717,51716],"vehicles":[29203,29203],"interiors":[],"accounts":[],"content":"Español: INCAR A ram sam sam","factions":[]}
{"action":7,"origin":"ch51717","date":"2024-01-17T23:27:15","phones":[],"objects":[],"characters":[51717,51716],"vehicles":[29203,29203],"interiors":[],"accounts":[],"content":"Español: INCAR A ram sam sam","factions":[]}
{"action":7,"origin":"ch51717","date":"2024-01-17T23:27:27","phones":[],"objects":[],"characters":[51717,51716],"vehicles":[29203,29203],"interiors":[],"accounts":[],"content":"Español: INCAR Guli guli guli guli ram sam sam","factions":[]}
{"action":40,"origin":"ch51717","date":"2024-01-17T23:27:53","phones":[],"objects":[],"characters":[51717,51716],"vehicles":[],"interiors":[],"accounts":[],"content":"Carlos Smith unbuckles their seatbelt.","factions":[]}
{"action":6,"origin":"ch51716","date":"2024-01-17T23:29:01","phones":[],"objects":[],"characters":[51716],"vehicles":[],"interiors":[],"accounts":[],"content":"VEH 33 created with ID -1","factions":[]}
{"action":31,"origin":"ch51716","date":"2024-01-17T23:29:05","phones":[],"objects":[],"characters":[51716],"vehicles":[-1],"interiors":[],"accounts":[],"content":"STARTED ENGINE","factions":[]}
{"action":27,"origin":"ac131904","date":"2024-01-17T23:29:11","phones":[],"objects":[],"characters":[51717],"vehicles":[],"interiors":[],"accounts":[131904],"content":"Disconnected (Quit) (Name: Carlos_Smith)","factions":[]}
{"action":27,"origin":"ac131904","date":"2024-01-17T23:29:35","phones":[],"objects":[],"characters":[],"vehicles":[],"interiors":[],"accounts":[131904],"content":"Connected from 186.172.17.253 - D07C3066987A767946F05743B08A1FA4","factions":[]}
{"action":27,"origin":"ac131904","date":"2024-01-17T23:29:43","phones":[],"objects":[],"characters":[51717],"vehicles":[],"interiors":[],"accounts":[131904],"content":"Spawned","factions":[]}
{"action":40,"origin":"ch51716","date":"2024-01-17T23:29:43","phones":[],"objects":[],"characters":[51716],"vehicles":[],"interiors":[],"accounts":[],"content":"Trial Joaquin unbuckles their seatbelt.","factions":[]}
{"action":26,"origin":"ch51711","date":"2024-01-17T23:31:11","phones":[],"objects":[],"characters":[51711],"vehicles":[],"interiors":[],"accounts":[],"content":"Purchase logs: Increase interior slots (11) - Cost: -200 GCs","factions":[]}
{"action":26,"origin":"ch51711","date":"2024-01-17T23:31:25","phones":[],"objects":[],"characters":[51711],"vehicles":[],"interiors":[],"accounts":[],"content":"Purchase logs: Increase vehicle slots (7) - Cost: -400 GCs","factions":[]}
{"action":26,"origin":"ch51717","date":"2024-01-17T23:32:22","phones":[],"objects":[],"characters":[51717],"vehicles":[],"interiors":[],"accounts":[],"content":"Purchase logs: Toggle-able adverts - Cost: -50 GCs","factions":[]}
{"action":26,"origin":"ch51717","date":"2024-01-17T23:32:41","phones":[],"objects":[],"characters":[51717],"vehicles":[],"interiors":[],"accounts":[],"content":"Purchase logs: Game Coins Transferred (100000 GCs to Medicinas) - Cost: -135000 GCs","factions":[]}
{"action":26,"origin":"ch51716","date":"2024-01-17T23:32:41","phones":[],"objects":[],"characters":[51716],"vehicles":[],"interiors":[],"accounts":[],"content":"Purchase logs: Game Coins received from remedio (100000 GCs) - Cost: 100000 GCs","factions":[]}
{"action":26,"origin":"ch51711","date":"2024-01-17T23:32:53","phones":[],"objects":[],"characters":[51711],"vehicles":[],"interiors":[],"accounts":[],"content":"Purchase logs: Increase interior slots (12) - Cost: -400 GCs","factions":[]}
{"action":26,"origin":"ch51711","date":"2024-01-17T23:33:00","phones":[],"objects":[],"characters":[51711],"vehicles":[],"interiors":[],"accounts":[],"content":"Purchase logs: Customized country flags typing icon - Cost: -150 GCs","factions":[]}
{"action":7,"origin":"ch51711","date":"2024-01-17T23:33:03","phones":[],"objects":[],"characters":[51711],"vehicles":[],"interiors":[],"accounts":[],"content":"Español: Dsadsa","factions":[]}
{"action":26,"origin":"ch51717","date":"2024-01-17T23:33:24","phones":[],"objects":[],"characters":[51717],"vehicles":[],"interiors":[],"accounts":[],"content":"Purchase logs: Game Coins Transferred (1000000000 GCs to Medicinas) - Cost: -1350000000 GCs","factions":[]}
{"action":26,"origin":"ch51716","date":"2024-01-17T23:33:24","phones":[],"objects":[],"characters":[51716],"vehicles":[],"interiors":[],"accounts":[],"content":"Purchase logs: Game Coins received from remedio (1000000000 GCs) - Cost: 1000000000 GCs","factions":[]}
{"action":6,"origin":"ch51717","date":"2024-01-17T23:35:04","phones":[],"objects":[],"characters":[51717],"vehicles":[],"interiors":[],"accounts":[],"content":"VEH 880 created with ID -2","factions":[]}
{"action":6,"origin":"ch51717","date":"2024-01-17T23:35:07","phones":[],"objects":[],"characters":[51717],"vehicles":[],"interiors":[],"accounts":[],"content":"VEH 880 created with ID -3","factions":[]}
{"action":31,"origin":"ch51717","date":"2024-01-17T23:35:26","phones":[],"objects":[],"characters":[51717],"vehicles":[-3],"interiors":[],"accounts":[],"content":"STARTED ENGINE","factions":[]}
{"action":40,"origin":"ch51717","date":"2024-01-17T23:35:30","phones":[],"objects":[],"characters":[51716,51717],"vehicles":[],"interiors":[],"accounts":[],"content":"Carlos Smith buckles in their seatbelt.","factions":[]}
{"action":31,"origin":"ch51716","date":"2024-01-17T23:35:36","phones":[],"objects":[],"characters":[51716],"vehicles":[-2],"interiors":[],"accounts":[],"content":"STARTED ENGINE","factions":[]}
{"action":6,"origin":"ch51717","date":"2024-01-17T23:35:49","phones":[],"objects":[],"characters":[51717],"vehicles":[-3],"interiors":[],"accounts":[],"content":"FIXVEH","factions":[]}
{"action":4,"origin":"ch51717","date":"2024-01-17T23:36:03","phones":[],"objects":[],"characters":[51717],"vehicles":[],"interiors":[],"accounts":[],"content":"SETHP 100","factions":[]}
{"action":4,"origin":"ch51716","date":"2024-01-17T23:36:30","phones":[],"objects":[],"characters":[51716],"vehicles":[],"interiors":[],"accounts":[],"content":"SETHP 100","factions":[]}
{"action":40,"origin":"ch51716","date":"2024-01-17T23:36:53","phones":[],"objects":[],"characters":[51711,51716,51717],"vehicles":[],"interiors":[],"accounts":[],"content":"Trial Joaquin buckles in their seatbelt.","factions":[]}
{"action":40,"origin":"ch51711","date":"2024-01-17T23:36:55","phones":[],"objects":[],"characters":[51711,51716,51717],"vehicles":[],"interiors":[],"accounts":[],"content":"Danny Occean rolls their windows up.","factions":[]}
{"action":40,"origin":"ch51711","date":"2024-01-17T23:36:59","phones":[],"objects":[],"characters":[51711,51716,51717],"vehicles":[],"interiors":[],"accounts":[],"content":"Danny Occean buckles in their seatbelt.","factions":[]}
{"action":40,"origin":"ch51711","date":"2024-01-17T23:37:02","phones":[],"objects":[],"characters":[51711,51716,51717],"vehicles":[],"interiors":[],"accounts":[],"content":"Danny Occean rolls their windows down.","factions":[]}
{"action":40,"origin":"ch51711","date":"2024-01-17T23:37:03","phones":[],"objects":[],"characters":[51711,51716,51717],"vehicles":[],"interiors":[],"accounts":[],"content":"Danny Occean rolls their windows up.","factions":[]}
{"action":40,"origin":"ch51717","date":"2024-01-17T23:37:19","phones":[],"objects":[],"characters":[51711,51716,51717],"vehicles":[],"interiors":[],"accounts":[],"content":"Carlos Smith unbuckles their seatbelt.","factions":[]}
{"action":6,"origin":"ch51711","date":"2024-01-17T23:37:20","phones":[],"objects":[],"characters":[51717],"vehicles":[-3],"interiors":[],"accounts":[],"content":"FIXVEH","factions":[]}
{"action":7,"origin":"ch51717","date":"2024-01-17T23:37:20","phones":[],"objects":[],"characters":[51717,51711,51716],"vehicles":[-3,-3],"interiors":[],"accounts":[],"content":"Español: INCAR Asd","factions":[]}
{"action":6,"origin":"ch51711","date":"2024-01-17T23:37:21","phones":[],"objects":[],"characters":[51717],"vehicles":[-3],"interiors":[],"accounts":[],"content":"FIXVEH","factions":[]}
{"action":6,"origin":"ch51711","date":"2024-01-17T23:37:27","phones":[],"objects":[],"characters":[51717],"vehicles":[-3],"interiors":[],"accounts":[],"content":"FIXVEH","factions":[]}
{"action":4,"origin":"ch51716","date":"2024-01-17T23:37:37","phones":[],"objects":[],"characters":[51716],"vehicles":[-3],"interiors":[],"accounts":[],"content":"N\/A","factions":[]}
{"action":4,"origin":"ch51716","date":"2024-01-17T23:37:39","phones":[],"objects":[],"characters":[51716],"vehicles":[-3],"interiors":[],"accounts":[],"content":"N\/A","factions":[]}
{"action":4,"origin":"ch51716","date":"2024-01-17T23:37:46","phones":[],"objects":[],"characters":[51716],"vehicles":[-3],"interiors":[],"accounts":[],"content":"N\/A","factions":[]}
{"action":4,"origin":"ch51716","date":"2024-01-17T23:37:48","phones":[],"objects":[],"characters":[51716],"vehicles":[-3],"interiors":[],"accounts":[],"content":"N\/A","factions":[]}
{"action":6,"origin":"ch51711","date":"2024-01-17T23:37:49","phones":[],"objects":[],"characters":[51717],"vehicles":[-3],"interiors":[],"accounts":[],"content":"FIXVEH","factions":[]}
{"action":40,"origin":"ch51717","date":"2024-01-17T23:38:24","phones":[],"objects":[],"characters":[51711,51716,51717],"vehicles":[],"interiors":[],"accounts":[],"content":"Carlos Smith buckles in their seatbelt.","factions":[]}
{"action":4,"origin":"ch51716","date":"2024-01-17T23:38:47","phones":[],"objects":[],"characters":[51716],"vehicles":[-3],"interiors":[],"accounts":[],"content":"N\/A","factions":[]}
{"action":4,"origin":"ch51716","date":"2024-01-17T23:38:49","phones":[],"objects":[],"characters":[51716],"vehicles":[-3],"interiors":[],"accounts":[],"content":"N\/A","factions":[]}
{"action":6,"origin":"ch51711","date":"2024-01-17T23:38:50","phones":[],"objects":[],"characters":[51717],"vehicles":[-3],"interiors":[],"accounts":[],"content":"FIXVEH","factions":[]}
{"action":6,"origin":"ch51711","date":"2024-01-17T23:38:51","phones":[],"objects":[],"characters":[51717],"vehicles":[-3],"interiors":[],"accounts":[],"content":"FIXVEH","factions":[]}
{"action":4,"origin":"ch51717","date":"2024-01-17T23:38:53","phones":[],"objects":[],"characters":[51717],"vehicles":[],"interiors":[],"accounts":[],"content":"SETHP 100","factions":[]}
{"action":4,"origin":"ch51717","date":"2024-01-17T23:39:20","phones":[],"objects":[],"characters":[51717],"vehicles":[],"interiors":[],"accounts":[],"content":"SETHP 100","factions":[]}
{"action":4,"origin":"ch51717","date":"2024-01-17T23:39:20","phones":[],"objects":[],"characters":[51717],"vehicles":[],"interiors":[],"accounts":[],"content":"SETHP 100","factions":[]}
{"action":4,"origin":"ch51717","date":"2024-01-17T23:39:21","phones":[],"objects":[],"characters":[51717],"vehicles":[],"interiors":[],"accounts":[],"content":"SETHP 100","factions":[]}
{"action":40,"origin":"ch51716","date":"2024-01-17T23:39:32","phones":[],"objects":[],"characters":[51711,51716,51717],"vehicles":[],"interiors":[],"accounts":[],"content":"Trial Joaquin unbuckles their seatbelt.","factions":[]}
{"action":34,"origin":"ch51711","date":"2024-01-17T23:39:45","phones":[],"objects":[],"characters":[51711],"vehicles":[],"interiors":[],"accounts":[],"content":" died","factions":[]}
{"action":6,"origin":"ch51717","date":"2024-01-17T23:40:07","phones":[],"objects":[],"characters":[51717],"vehicles":[-3],"interiors":[],"accounts":[],"content":"FIXVEH","factions":[]}
{"action":4,"origin":"ch51717","date":"2024-01-17T23:40:18","phones":[],"objects":[],"characters":[51711],"vehicles":[],"interiors":[],"accounts":[],"content":"REVIVIDO desde PK","factions":[]}
{"action":4,"origin":"ch51717","date":"2024-01-17T23:40:35","phones":[],"objects":[],"characters":[51711],"vehicles":[],"interiors":[],"accounts":[],"content":"SETHP 100","factions":[]}
{"action":4,"origin":"ch51717","date":"2024-01-17T23:40:38","phones":[],"objects":[],"characters":[51717],"vehicles":[],"interiors":[],"accounts":[],"content":"SETHP 100","factions":[]}
{"action":4,"origin":"ch51716","date":"2024-01-17T23:41:14","phones":[],"objects":[],"characters":[51716],"vehicles":[-3],"interiors":[],"accounts":[],"content":"N\/A","factions":[]}
{"action":4,"origin":"ch51716","date":"2024-01-17T23:41:18","phones":[],"objects":[],"characters":[51716],"vehicles":[-3],"interiors":[],"accounts":[],"content":"N\/A","factions":[]}
{"action":4,"origin":"ch51717","date":"2024-01-17T23:41:35","phones":[],"objects":[],"characters":[51717],"vehicles":[],"interiors":[],"accounts":[],"content":"SETHP 100","factions":[]}
{"action":4,"origin":"ch51711","date":"2024-01-17T23:41:49","phones":[],"objects":[],"characters":[51711],"vehicles":[],"interiors":[],"accounts":[],"content":"SETHP 100","factions":[]}
{"action":4,"origin":"ch51711","date":"2024-01-17T23:41:53","phones":[],"objects":[],"characters":[51711],"vehicles":[],"interiors":[],"accounts":[],"content":"FREECAM","factions":[]}
{"action":4,"origin":"ch51717","date":"2024-01-17T23:41:59","phones":[],"objects":[],"characters":[51717],"vehicles":[],"interiors":[],"accounts":[],"content":"SETHP 100","factions":[]}
{"action":40,"origin":"ch51717","date":"2024-01-17T23:42:14","phones":[],"objects":[],"characters":[51711,51716,51717],"vehicles":[],"interiors":[],"accounts":[],"content":"Carlos Smith unbuckles their seatbelt.","factions":[]}
{"action":6,"origin":"ch51716","date":"2024-01-17T23:43:19","phones":[],"objects":[],"characters":[51716],"vehicles":[],"interiors":[],"accounts":[],"content":"VEH 3321 created with ID -4","factions":[]}
{"action":31,"origin":"ch51716","date":"2024-01-17T23:43:30","phones":[],"objects":[],"characters":[51716],"vehicles":[-4],"interiors":[],"accounts":[],"content":"STARTED ENGINE","factions":[]}
{"action":4,"origin":"ch51716","date":"2024-01-17T23:43:37","phones":[],"objects":[],"characters":[51716],"vehicles":[],"interiors":[],"accounts":[],"content":"SETHP 100","factions":[]}
{"action":7,"origin":"ch51717","date":"2024-01-17T23:43:44","phones":[],"objects":[],"characters":[51717,51711,51716],"vehicles":[],"interiors":[],"accounts":[],"content":"Español: Tralka","factions":[]}
{"action":4,"origin":"ch51711","date":"2024-01-17T23:44:17","phones":[],"objects":[],"characters":[51711],"vehicles":[],"interiors":[],"accounts":[],"content":"FREECAM","factions":[]}
{"action":4,"origin":"ch51716","date":"2024-01-17T23:44:23","phones":[],"objects":[],"characters":[51716],"vehicles":[-4],"interiors":[],"accounts":[],"content":"N\/A","factions":[]}
{"action":4,"origin":"ch51716","date":"2024-01-17T23:44:25","phones":[],"objects":[],"characters":[51716],"vehicles":[-4],"interiors":[],"accounts":[],"content":"N\/A","factions":[]}
{"action":7,"origin":"ch51717","date":"2024-01-17T23:45:40","phones":[],"objects":[],"characters":[51717,51716],"vehicles":[],"interiors":[],"accounts":[],"content":"Español: Tralka","factions":[]}
{"action":7,"origin":"ch51717","date":"2024-01-17T23:45:50","phones":[],"objects":[],"characters":[51717,51711,51716],"vehicles":[],"interiors":[],"accounts":[],"content":"Español: Tralka","factions":[]}
{"action":6,"origin":"ch51716","date":"2024-01-17T23:46:42","phones":[],"objects":[],"characters":[51716],"vehicles":[],"interiors":[],"accounts":[],"content":"VEH 3317 created with ID -5","factions":[]}
{"action":31,"origin":"ch51716","date":"2024-01-17T23:46:48","phones":[],"objects":[],"characters":[51716],"vehicles":[-5],"interiors":[],"accounts":[],"content":"STARTED ENGINE","factions":[]}
{"action":4,"origin":"ch51716","date":"2024-01-17T23:49:58","phones":[],"objects":[],"characters":[51716],"vehicles":[],"interiors":[],"accounts":[],"content":"SETHP 100","factions":[]}
{"action":6,"origin":"ch51716","date":"2024-01-17T23:51:51","phones":[],"objects":[],"characters":[51716],"vehicles":[],"interiors":[],"accounts":[],"content":" Updated vehicle #880 from library.","factions":[]}
{"action":4,"origin":"ch51717","date":"2024-01-17T23:52:18","phones":[],"objects":[],"characters":[51717],"vehicles":[],"interiors":[],"accounts":[],"content":"FREECAM","factions":[]}
{"action":6,"origin":"ch51716","date":"2024-01-17T23:52:27","phones":[],"objects":[],"characters":[51716],"vehicles":[],"interiors":[],"accounts":[],"content":" Updated vehicle #880 from library.","factions":[]}
{"action":24,"origin":"ch51717","date":"2024-01-17T23:53:02","phones":[],"objects":[],"characters":[51711,51716,51717],"vehicles":[],"interiors":[],"accounts":[],"content":"freecam","factions":[]}
{"action":24,"origin":"ch51717","date":"2024-01-17T23:53:10","phones":[],"objects":[],"characters":[51711,51716,51717],"vehicles":[],"interiors":[],"accounts":[],"content":"teni ese comand=","factions":[]}
{"action":7,"origin":"ch51717","date":"2024-01-17T23:53:12","phones":[],"objects":[],"characters":[51717],"vehicles":[],"interiors":[],"accounts":[],"content":"Español: ?","factions":[]}
{"action":6,"origin":"ch51716","date":"2024-01-17T23:53:19","phones":[],"objects":[],"characters":[51716],"vehicles":[],"interiors":[],"accounts":[],"content":" Updated vehicle #1009 from library.","factions":[]}
{"action":4,"origin":"ch51717","date":"2024-01-17T23:53:31","phones":[],"objects":[],"characters":[51717],"vehicles":[],"interiors":[],"accounts":[],"content":"FREECAM","factions":[]}
{"action":6,"origin":"ch51716","date":"2024-01-17T23:54:35","phones":[],"objects":[],"characters":[51716],"vehicles":[],"interiors":[],"accounts":[],"content":" Updated vehicle #528 from library.","factions":[]}
{"action":6,"origin":"ch51716","date":"2024-01-17T23:56:00","phones":[],"objects":[],"characters":[51716],"vehicles":[],"interiors":[],"accounts":[],"content":" Updated vehicle #117 from library.","factions":[]}
{"action":6,"origin":"ch51716","date":"2024-01-17T23:57:56","phones":[],"objects":[],"characters":[51716],"vehicles":[],"interiors":[],"accounts":[],"content":" Updated vehicle #383 from library.","factions":[]}
{"action":4,"origin":"ch51716","date":"2024-01-17T23:58:05","phones":[],"objects":[],"characters":[51716],"vehicles":[],"interiors":[],"accounts":[],"content":"FREECAM","factions":[]}
{"action":4,"origin":"ch51717","date":"2024-01-17T23:58:24","phones":[],"objects":[],"characters":[51717],"vehicles":[],"interiors":[],"accounts":[],"content":"FREECAM","factions":[]}
{"action":4,"origin":"ch51716","date":"2024-01-17T23:59:48","phones":[],"objects":[],"characters":[51716],"vehicles":[],"interiors":[],"accounts":[],"content":"FREECAM","factions":[]}
{"action":4,"origin":"ch51717","date":"2024-01-17T23:59:57","phones":[],"objects":[],"characters":[51717],"vehicles":[],"interiors":[],"accounts":[],"content":"FREECAM","factions":[]}
{"action":8,"origin":"ch51717","date":"2024-01-18T00:00:51","phones":[],"objects":[],"characters":[51717],"vehicles":[],"interiors":[],"accounts":[],"content":"\/bind 0 freecam","factions":[]}
