{"action":27,"origin":"ac131903","date":"2024-01-28T02:15:53","phones":[],"objects":[],"characters":[51711],"vehicles":[],"interiors":[],"accounts":[131903],"content":"Spawned","factions":[]}
{"action":6,"origin":"ch51711","date":"2024-01-28T02:18:57","phones":[],"objects":[],"characters":[51711],"vehicles":[-4],"interiors":[],"accounts":[],"content":"FIXVEH","factions":[]}
{"action":4,"origin":"ch51711","date":"2024-01-28T02:32:12","phones":[],"objects":[],"characters":[51711],"vehicles":[],"interiors":[],"accounts":[],"content":"FREECAM","factions":[]}
{"action":4,"origin":"ch51711","date":"2024-01-28T02:40:07","phones":[],"objects":[],"characters":[51711],"vehicles":[],"interiors":[],"accounts":[],"content":"FREECAM","factions":[]}
{"action":4,"origin":"ch51711","date":"2024-01-28T02:44:58","phones":[],"objects":[],"characters":[],"vehicles":[],"interiors":[],"accounts":[],"content":"MAKE FACTION","factions":[2]}
{"action":4,"origin":"ch51711","date":"2024-01-28T02:46:12","phones":[],"objects":[],"characters":[],"vehicles":[],"interiors":[],"accounts":[],"content":"MAKE FACTION","factions":[3]}
{"action":4,"origin":"ch51711","date":"2024-01-28T02:46:24","phones":[],"objects":[],"characters":[51711],"vehicles":[],"interiors":[],"accounts":[],"content":"SET TO FACTION","factions":[3]}
{"action":6,"origin":"ch51711","date":"2024-01-28T02:51:22","phones":[],"objects":[],"characters":[],"vehicles":[29221],"interiors":[],"accounts":[],"content":"BOUGHTNEWCAR Vincent (Custom Model ID #630, Price: $40,000)","factions":[]}
{"action":6,"origin":"ch51711","date":"2024-01-28T02:51:43","phones":[],"objects":[],"characters":[],"vehicles":[29221],"interiors":[],"accounts":[],"content":"getveh","factions":[]}
{"action":40,"origin":"ch51711","date":"2024-01-28T02:52:21","phones":[],"objects":[],"characters":[51711],"vehicles":[],"interiors":[],"accounts":[],"content":"Danny Occean presiona la llave para desbloquear el vehículo. ((2014 Chrysler 300c))","factions":[]}
{"action":31,"origin":"ch51711","date":"2024-01-28T02:52:21","phones":[],"objects":[],"characters":[],"vehicles":[29221],"interiors":[],"accounts":[],"content":"DESBLOQUEO DESDE EL EXTERIOR","factions":[]}
{"action":4,"origin":"ch51711","date":"2024-01-28T02:54:03","phones":[],"objects":[],"characters":[51711],"vehicles":[],"interiors":[],"accounts":[],"content":"SET INTO FACTION LEADER","factions":[3]}
{"action":35,"origin":"ch51711","date":"2024-01-28T02:55:09","phones":[],"objects":[],"characters":[],"vehicles":[],"interiors":[],"accounts":[],"content":"Added location, Name:DutyBennys Database ID:135 x:2474.4719 y:-1968.937 z:13.4 radius:10 interior:0 dimension:0","factions":[3]}
{"action":35,"origin":"ch51711","date":"2024-01-28T02:55:24","phones":[],"objects":[],"characters":[],"vehicles":[],"interiors":[],"accounts":[],"content":"Added duty Mecanicardo Database ID #80","factions":[3]}
{"action":35,"origin":"ch51711","date":"2024-01-28T02:55:43","phones":[],"objects":[],"characters":[],"vehicles":[],"interiors":[],"accounts":[],"content":"Revised duty Mecanicardo Database ID #80","factions":[3]}
{"action":35,"origin":"ch51711","date":"2024-01-28T03:00:13","phones":[],"objects":[],"characters":[],"vehicles":[],"interiors":[],"accounts":[],"content":"Revised duty Mecanicardo Database ID #80","factions":[3]}
{"action":31,"origin":"ch51711","date":"2024-01-28T03:01:28","phones":[],"objects":[],"characters":[51711],"vehicles":[29221],"interiors":[],"accounts":[],"content":"STARTED ENGINE","factions":[]}
{"action":6,"origin":"ch51711","date":"2024-01-28T03:12:12","phones":[],"objects":[],"characters":[],"vehicles":[29221],"interiors":[],"accounts":[],"content":"REPAIR PAYNSPRAY","factions":[]}
{"action":31,"origin":"ch51711","date":"2024-01-28T03:12:34","phones":[],"objects":[],"characters":[51711],"vehicles":[29221],"interiors":[],"accounts":[],"content":"STARTED ENGINE","factions":[]}
{"action":40,"origin":"ch51711","date":"2024-01-28T03:16:10","phones":[],"objects":[],"characters":[51711],"vehicles":[],"interiors":[],"accounts":[],"content":"Danny Occean bloquea las puertas del vehículo.","factions":[]}
{"action":31,"origin":"ch51711","date":"2024-01-28T03:16:10","phones":[],"objects":[],"characters":[],"vehicles":[29221],"interiors":[],"accounts":[],"content":"BLOQUEA DESDE DENTRO","factions":[]}
{"action":40,"origin":"ch51711","date":"2024-01-28T03:16:12","phones":[],"objects":[],"characters":[51711],"vehicles":[],"interiors":[],"accounts":[],"content":"Danny Occean desbloquea las puertas del vehículo.","factions":[]}
{"action":31,"origin":"ch51711","date":"2024-01-28T03:16:12","phones":[],"objects":[],"characters":[],"vehicles":[29221],"interiors":[],"accounts":[],"content":"DESBLOQUEA DESDE EL INTERIOR","factions":[]}
{"action":6,"origin":"ch51711","date":"2024-01-28T03:19:22","phones":[],"objects":[],"characters":[],"vehicles":[29221],"interiors":[],"accounts":[],"content":"MODDING REPAINT [ [ 101, 106, 121, 101, 106, 121, 0, 0, 0, 0, 0, 0 ] ]","factions":[]}
{"action":31,"origin":"ch51711","date":"2024-01-28T03:19:29","phones":[],"objects":[],"characters":[],"vehicles":[29221],"interiors":[],"accounts":[],"content":"REPAIR TIRESWAP","factions":[]}
{"action":31,"origin":"ch51711","date":"2024-01-28T03:19:35","phones":[],"objects":[],"characters":[],"vehicles":[29221],"interiors":[],"accounts":[],"content":"REPAIR QUICK-SERVICE","factions":[]}
{"action":6,"origin":"ch51711","date":"2024-01-28T03:19:45","phones":[],"objects":[],"characters":[],"vehicles":[29221],"interiors":[],"accounts":[],"content":"MODDING HEADLIGHT 201 34 34","factions":[]}
{"action":31,"origin":"ch51711","date":"2024-01-28T03:19:52","phones":[],"objects":[],"characters":[],"vehicles":[29221],"interiors":[],"accounts":[],"content":"REPAIR TIRESWAP","factions":[]}
{"action":6,"origin":"ch51711","date":"2024-01-28T03:20:03","phones":[],"objects":[],"characters":[51711],"vehicles":[29221],"interiors":[],"accounts":[],"content":"SETVEHTINT 1","factions":[]}
{"action":6,"origin":"ch51711","date":"2024-01-28T03:20:26","phones":[],"objects":[],"characters":[51711],"vehicles":[],"interiors":[],"accounts":[],"content":"VEH 880 created with ID -5","factions":[]}
{"action":6,"origin":"ch51711","date":"2024-01-28T03:20:36","phones":[],"objects":[],"characters":[],"vehicles":[-5],"interiors":[],"accounts":[],"content":"MODDING PAINTJOB 1","factions":[]}
{"action":6,"origin":"ch51711","date":"2024-01-28T03:24:13","phones":[],"objects":[],"characters":[],"vehicles":[29221],"interiors":[],"accounts":[],"content":"MODDING HEADLIGHT 232 10 135","factions":[]}
{"action":39,"origin":"ch51711","date":"2024-01-28T03:36:56","phones":[],"objects":[],"characters":[51711],"vehicles":[],"interiors":[],"accounts":[],"content":"Danny_Occean -> ~World #875646 - Shell Casing - .45 casing @ (2490.7095, -1969.9969, 12.4) in (int 0, dim 0)","factions":[]}
{"action":40,"origin":"ch51711","date":"2024-01-28T03:36:56","phones":[],"objects":[],"characters":[51711],"vehicles":[],"interiors":[],"accounts":[],"content":"Danny Occean dropped a Shell Casing.","factions":[]}
{"action":39,"origin":"ch51711","date":"2024-01-28T03:36:57","phones":[],"objects":[],"characters":[51711],"vehicles":[],"interiors":[],"accounts":[],"content":"Danny_Occean -> ~World #875647 - Shell Casing - .45 casing @ (2492.1489, -1970.9532, 12.4) in (int 0, dim 0)","factions":[]}
{"action":40,"origin":"ch51711","date":"2024-01-28T03:36:57","phones":[],"objects":[],"characters":[51711],"vehicles":[],"interiors":[],"accounts":[],"content":"Danny Occean dropped a Shell Casing.","factions":[]}
{"action":39,"origin":"ch51711","date":"2024-01-28T03:36:58","phones":[],"objects":[],"characters":[51711],"vehicles":[],"interiors":[],"accounts":[],"content":"Danny_Occean -> ~World #875648 - Shell Casing - 9 casings of 9mm @ (2492.9863, -1970.5841, 12.4) in (int 0, dim 0)","factions":[]}
{"action":40,"origin":"ch51711","date":"2024-01-28T03:36:58","phones":[],"objects":[],"characters":[51711],"vehicles":[],"interiors":[],"accounts":[],"content":"Danny Occean dropped a Shell Casing.","factions":[]}
{"action":39,"origin":"ch51711","date":"2024-01-28T03:37:00","phones":[],"objects":[],"characters":[51711],"vehicles":[],"interiors":[],"accounts":[],"content":"Danny_Occean -> ~World #875649 - Clothes - 15 @ (2493.1782, -1969.7433, 12.4) in (int 0, dim 0)","factions":[]}
{"action":40,"origin":"ch51711","date":"2024-01-28T03:37:00","phones":[],"objects":[],"characters":[51711],"vehicles":[],"interiors":[],"accounts":[],"content":"Danny Occean dropped a Clothes.","factions":[]}
{"action":40,"origin":"ch51711","date":"2024-01-28T03:37:02","phones":[],"objects":[],"characters":[51711],"vehicles":[],"interiors":[],"accounts":[],"content":"Danny Occean changes their clothes.","factions":[]}
{"action":39,"origin":"ch51711","date":"2024-01-28T03:37:04","phones":[],"objects":[],"characters":[51711],"vehicles":[],"interiors":[],"accounts":[],"content":"Danny_Occean->player #51711 - Item ID: 16 - Clothes @ (2491.884765625, -1967.09765625, 13.39999961853) in (int 0, dim 0)","factions":[]}
{"action":39,"origin":"ch51711","date":"2024-01-28T03:37:05","phones":[],"objects":[],"characters":[51711],"vehicles":[],"interiors":[],"accounts":[],"content":"Danny_Occean->player #51711 - Item ID: 16 - Clothes @ (2491.884765625, -1967.09765625, 13.39999961853) in (int 0, dim 0)","factions":[]}
{"action":39,"origin":"ch51711","date":"2024-01-28T03:37:06","phones":[],"objects":[],"characters":[51711],"vehicles":[],"interiors":[],"accounts":[],"content":"Danny_Occean -> ~World #875650 - Clothes - 7 @ (2493.895, -1971.0763, 12.4) in (int 0, dim 0)","factions":[]}
{"action":40,"origin":"ch51711","date":"2024-01-28T03:37:06","phones":[],"objects":[],"characters":[51711],"vehicles":[],"interiors":[],"accounts":[],"content":"Danny Occean dropped a Clothes.","factions":[]}
{"action":4,"origin":"ch51711","date":"2024-01-28T03:37:09","phones":[],"objects":[],"characters":[51711],"vehicles":[],"interiors":[],"accounts":[],"content":"GIVEITEM Duffle Bag 1","factions":[]}
{"action":39,"origin":"ch51711","date":"2024-01-28T03:37:13","phones":[],"objects":[875649],"characters":[],"vehicles":[],"interiors":[],"accounts":[],"content":"~World #875649 @ (2493.1782226562, -1969.7432861328, 12.5) in (int 0, dim 0) ->Danny_Occean - Clothes - 15","factions":[]}
{"action":40,"origin":"ch51711","date":"2024-01-28T03:37:13","phones":[],"objects":[],"characters":[51711],"vehicles":[],"interiors":[],"accounts":[],"content":"Danny Occean bends over and picks up a Clothes.","factions":[]}
{"action":40,"origin":"ch51711","date":"2024-01-28T03:37:15","phones":[],"objects":[],"characters":[51711],"vehicles":[],"interiors":[],"accounts":[],"content":"Danny Occean changes their clothes.","factions":[]}
{"action":39,"origin":"ch51711","date":"2024-01-28T03:37:18","phones":[],"objects":[],"characters":[51711],"vehicles":[],"interiors":[],"accounts":[],"content":"Danny_Occean -> ~World #875651 - Clothes - 15 @ (2494.969, -1970.2705, 12.4) in (int 0, dim 0)","factions":[]}
{"action":40,"origin":"ch51711","date":"2024-01-28T03:37:18","phones":[],"objects":[],"characters":[51711],"vehicles":[],"interiors":[],"accounts":[],"content":"Danny Occean dropped a Clothes.","factions":[]}
{"action":39,"origin":"ch51711","date":"2024-01-28T03:37:24","phones":[],"objects":[875650],"characters":[],"vehicles":[],"interiors":[],"accounts":[],"content":"~World #875650 @ (2493.8950195312, -1971.0762939453, 12.5) in (int 0, dim 0) ->Danny_Occean - Clothes - 7","factions":[]}
{"action":40,"origin":"ch51711","date":"2024-01-28T03:37:24","phones":[],"objects":[],"characters":[51711],"vehicles":[],"interiors":[],"accounts":[],"content":"Danny Occean bends over and picks up a Clothes.","factions":[]}
{"action":40,"origin":"ch51711","date":"2024-01-28T03:37:26","phones":[],"objects":[],"characters":[51711],"vehicles":[],"interiors":[],"accounts":[],"content":"Danny Occean changes their clothes.","factions":[]}
{"action":40,"origin":"ch51711","date":"2024-01-28T03:37:30","phones":[],"objects":[],"characters":[51711],"vehicles":[],"interiors":[],"accounts":[],"content":"Danny Occean eats a hotdog.","factions":[]}
{"action":40,"origin":"ch51711","date":"2024-01-28T03:37:31","phones":[],"objects":[],"characters":[51711],"vehicles":[],"interiors":[],"accounts":[],"content":"Danny Occean eats a hotdog.","factions":[]}
{"action":40,"origin":"ch51711","date":"2024-01-28T03:37:31","phones":[],"objects":[],"characters":[51711],"vehicles":[],"interiors":[],"accounts":[],"content":"Danny Occean eats a hotdog.","factions":[]}
{"action":40,"origin":"ch51711","date":"2024-01-28T03:37:31","phones":[],"objects":[],"characters":[51711],"vehicles":[],"interiors":[],"accounts":[],"content":"Danny Occean eats a hotdog.","factions":[]}
{"action":40,"origin":"ch51711","date":"2024-01-28T03:37:32","phones":[],"objects":[],"characters":[51711],"vehicles":[],"interiors":[],"accounts":[],"content":"Danny Occean eats a hotdog.","factions":[]}
{"action":40,"origin":"ch51711","date":"2024-01-28T03:37:32","phones":[],"objects":[],"characters":[51711],"vehicles":[],"interiors":[],"accounts":[],"content":"Danny Occean eats a hotdog.","factions":[]}
{"action":40,"origin":"ch51711","date":"2024-01-28T03:37:32","phones":[],"objects":[],"characters":[51711],"vehicles":[],"interiors":[],"accounts":[],"content":"Danny Occean eats a hotdog.","factions":[]}
{"action":40,"origin":"ch51711","date":"2024-01-28T03:37:33","phones":[],"objects":[],"characters":[51711],"vehicles":[],"interiors":[],"accounts":[],"content":"Danny Occean eats a hotdog.","factions":[]}
{"action":40,"origin":"ch51711","date":"2024-01-28T03:37:33","phones":[],"objects":[],"characters":[51711],"vehicles":[],"interiors":[],"accounts":[],"content":"Danny Occean eats a hotdog.","factions":[]}
{"action":4,"origin":"ch51711","date":"2024-01-28T03:37:53","phones":[],"objects":[],"characters":[51711],"vehicles":[],"interiors":[],"accounts":[],"content":"GIVEITEM Vehicle Upgrade 1","factions":[]}
{"action":31,"origin":"ch51711","date":"2024-01-28T03:37:59","phones":[],"objects":[],"characters":[51711],"vehicles":[-5],"interiors":[],"accounts":[],"content":"STARTED ENGINE","factions":[]}
{"action":6,"origin":"ch51711","date":"2024-01-28T03:38:04","phones":[],"objects":[],"characters":[],"vehicles":[-5],"interiors":[],"accounts":[],"content":"REPAIR PAYNSPRAY","factions":[]}
{"action":6,"origin":"ch51711","date":"2024-01-28T03:38:15","phones":[],"objects":[],"characters":[],"vehicles":[-5],"interiors":[],"accounts":[],"content":"REPAIR PAYNSPRAY","factions":[]}
{"action":4,"origin":"ch51711","date":"2024-01-28T03:39:34","phones":[],"objects":[],"characters":[51711],"vehicles":[],"interiors":[],"accounts":[],"content":"GIVEITEM Vehicle Upgrade 999","factions":[]}
{"action":40,"origin":"ch51711","date":"2024-01-28T03:39:45","phones":[],"objects":[],"characters":[51711],"vehicles":[],"interiors":[],"accounts":[],"content":"Danny Occean destroyed a Red Bandana.","factions":[]}
{"action":40,"origin":"ch51711","date":"2024-01-28T03:39:47","phones":[],"objects":[],"characters":[51711],"vehicles":[],"interiors":[],"accounts":[],"content":"Danny Occean destroyed a Vehicle Upgrade.","factions":[]}
{"action":40,"origin":"ch51711","date":"2024-01-28T03:39:50","phones":[],"objects":[],"characters":[51711],"vehicles":[],"interiors":[],"accounts":[],"content":"Danny Occean destroyed a Vehicle Upgrade.","factions":[]}
{"action":4,"origin":"ch51711","date":"2024-01-28T03:40:30","phones":[],"objects":[],"characters":[51711],"vehicles":[],"interiors":[],"accounts":[],"content":"GIVEITEM Vehicle Upgrade 2","factions":[]}
{"action":40,"origin":"ch51711","date":"2024-01-28T03:40:44","phones":[],"objects":[],"characters":[51711],"vehicles":[],"interiors":[],"accounts":[],"content":"Danny Occean puts a Vehicle Upgrade inside the 2014 Chrysler 300c.","factions":[]}
{"action":39,"origin":"ch51711","date":"2024-01-28T03:40:44","phones":[],"objects":[],"characters":[51711],"vehicles":[],"interiors":[],"accounts":[],"content":"Danny_Occean->2014 Chrysler 300c #29221 - Item ID: 114 - Vehicle Upgrade @ (2490.9873046875, -1955.7021484375, 13.265942573547) in (int 0, dim 0)","factions":[]}
{"action":4,"origin":"ch51711","date":"2024-01-28T03:40:52","phones":[],"objects":[],"characters":[51711],"vehicles":[],"interiors":[],"accounts":[],"content":"GIVEITEM Vehicle Upgrade 0","factions":[]}
{"action":40,"origin":"ch51711","date":"2024-01-28T03:40:55","phones":[],"objects":[],"characters":[51711],"vehicles":[],"interiors":[],"accounts":[],"content":"Danny Occean puts a Vehicle Upgrade inside the 2014 Chrysler 300c.","factions":[]}
{"action":39,"origin":"ch51711","date":"2024-01-28T03:40:55","phones":[],"objects":[],"characters":[51711],"vehicles":[],"interiors":[],"accounts":[],"content":"Danny_Occean->2014 Chrysler 300c #29221 - Item ID: 114 - Vehicle Upgrade @ (2490.978515625, -1955.7119140625, 13.264691352844) in (int 0, dim 0)","factions":[]}
{"action":40,"origin":"ch51711","date":"2024-01-28T03:41:09","phones":[],"objects":[],"characters":[51711],"vehicles":[],"interiors":[],"accounts":[],"content":"Danny Occean Presiona la llave para bloquear el vehículo.. ((2014 Chrysler 300c))","factions":[]}
{"action":31,"origin":"ch51711","date":"2024-01-28T03:41:09","phones":[],"objects":[],"characters":[],"vehicles":[29221],"interiors":[],"accounts":[],"content":"BLOQUEO DESDE EL EXTERIOR","factions":[]}
{"action":40,"origin":"ch51711","date":"2024-01-28T03:41:10","phones":[],"objects":[],"characters":[51711],"vehicles":[],"interiors":[],"accounts":[],"content":"Danny Occean presiona la llave para desbloquear el vehículo. ((2014 Chrysler 300c))","factions":[]}
{"action":31,"origin":"ch51711","date":"2024-01-28T03:41:10","phones":[],"objects":[],"characters":[],"vehicles":[29221],"interiors":[],"accounts":[],"content":"DESBLOQUEO DESDE EL EXTERIOR","factions":[]}
{"action":4,"origin":"ch51711","date":"2024-01-28T03:41:24","phones":[],"objects":[],"characters":[51711],"vehicles":[],"interiors":[],"accounts":[],"content":"GIVEITEM Vehicle Upgrade Hood","factions":[]}
{"action":40,"origin":"ch51711","date":"2024-01-28T03:41:26","phones":[],"objects":[],"characters":[51711],"vehicles":[],"interiors":[],"accounts":[],"content":"Danny Occean puts a Vehicle Upgrade inside the 2014 Chrysler 300c.","factions":[]}
{"action":39,"origin":"ch51711","date":"2024-01-28T03:41:26","phones":[],"objects":[],"characters":[51711],"vehicles":[],"interiors":[],"accounts":[],"content":"Danny_Occean->2014 Chrysler 300c #29221 - Item ID: 114 - Vehicle Upgrade @ (2490.978515625, -1955.7119140625, 13.264691352844) in (int 0, dim 0)","factions":[]}
{"action":4,"origin":"ch51711","date":"2024-01-28T03:41:33","phones":[],"objects":[],"characters":[51711],"vehicles":[],"interiors":[],"accounts":[],"content":"GIVEITEM Vehicle Upgrade Spoiler","factions":[]}
{"action":40,"origin":"ch51711","date":"2024-01-28T03:41:35","phones":[],"objects":[],"characters":[51711],"vehicles":[],"interiors":[],"accounts":[],"content":"Danny Occean puts a Vehicle Upgrade inside the 2014 Chrysler 300c.","factions":[]}
{"action":39,"origin":"ch51711","date":"2024-01-28T03:41:35","phones":[],"objects":[],"characters":[51711],"vehicles":[],"interiors":[],"accounts":[],"content":"Danny_Occean->2014 Chrysler 300c #29221 - Item ID: 114 - Vehicle Upgrade @ (2490.978515625, -1955.7119140625, 13.264691352844) in (int 0, dim 0)","factions":[]}
{"action":40,"origin":"ch51711","date":"2024-01-28T03:41:53","phones":[],"objects":[],"characters":[51711],"vehicles":[],"interiors":[],"accounts":[],"content":"Danny Occean takes a Vehicle Upgrade from the 2014 Chrysler 300c.","factions":[]}
{"action":39,"origin":"ch51711","date":"2024-01-28T03:41:53","phones":[],"objects":[],"characters":[51711],"vehicles":[],"interiors":[],"accounts":[],"content":"2014 Chrysler 300c #29221->Danny_Occean - Vehicle Upgrade - 0","factions":[]}
{"action":40,"origin":"ch51711","date":"2024-01-28T03:41:54","phones":[],"objects":[],"characters":[51711],"vehicles":[],"interiors":[],"accounts":[],"content":"Danny Occean takes a Vehicle Upgrade from the 2014 Chrysler 300c.","factions":[]}
{"action":39,"origin":"ch51711","date":"2024-01-28T03:41:54","phones":[],"objects":[],"characters":[51711],"vehicles":[],"interiors":[],"accounts":[],"content":"2014 Chrysler 300c #29221->Danny_Occean - Vehicle Upgrade - 2","factions":[]}
{"action":40,"origin":"ch51711","date":"2024-01-28T03:41:54","phones":[],"objects":[],"characters":[51711],"vehicles":[],"interiors":[],"accounts":[],"content":"Danny Occean takes a Vehicle Upgrade from the 2014 Chrysler 300c.","factions":[]}
{"action":39,"origin":"ch51711","date":"2024-01-28T03:41:54","phones":[],"objects":[],"characters":[51711],"vehicles":[],"interiors":[],"accounts":[],"content":"2014 Chrysler 300c #29221->Danny_Occean - Vehicle Upgrade - Hood","factions":[]}
{"action":40,"origin":"ch51711","date":"2024-01-28T03:41:55","phones":[],"objects":[],"characters":[51711],"vehicles":[],"interiors":[],"accounts":[],"content":"Danny Occean takes a Vehicle Upgrade from the 2014 Chrysler 300c.","factions":[]}
{"action":39,"origin":"ch51711","date":"2024-01-28T03:41:55","phones":[],"objects":[],"characters":[51711],"vehicles":[],"interiors":[],"accounts":[],"content":"2014 Chrysler 300c #29221->Danny_Occean - Vehicle Upgrade - Spoiler","factions":[]}
{"action":40,"origin":"ch51711","date":"2024-01-28T03:42:00","phones":[],"objects":[],"characters":[51711],"vehicles":[],"interiors":[],"accounts":[],"content":"Danny Occean puts a Vehicle Upgrade inside the 2014 Chrysler 300c.","factions":[]}
{"action":39,"origin":"ch51711","date":"2024-01-28T03:42:00","phones":[],"objects":[],"characters":[51711],"vehicles":[],"interiors":[],"accounts":[],"content":"Danny_Occean->2014 Chrysler 300c #29221 - Item ID: 114 - Vehicle Upgrade @ (2490.9365234375, -1955.771484375, 13.255899429321) in (int 0, dim 0)","factions":[]}
{"action":4,"origin":"ch51711","date":"2024-01-28T03:42:27","phones":[],"objects":[],"characters":[51711],"vehicles":[],"interiors":[],"accounts":[],"content":"GIVEITEM Vehicle Upgrade 4","factions":[]}
{"action":40,"origin":"ch51711","date":"2024-01-28T03:42:32","phones":[],"objects":[],"characters":[51711],"vehicles":[],"interiors":[],"accounts":[],"content":"Danny Occean puts a Vehicle Upgrade inside the 2014 Chrysler 300c.","factions":[]}
{"action":39,"origin":"ch51711","date":"2024-01-28T03:42:32","phones":[],"objects":[],"characters":[51711],"vehicles":[],"interiors":[],"accounts":[],"content":"Danny_Occean->2014 Chrysler 300c #29221 - Item ID: 114 - Vehicle Upgrade @ (2490.9365234375, -1955.771484375, 13.255899429321) in (int 0, dim 0)","factions":[]}
{"action":4,"origin":"ch51711","date":"2024-01-28T03:42:50","phones":[],"objects":[],"characters":[51711],"vehicles":[],"interiors":[],"accounts":[],"content":"GIVEITEM Vehicle Upgrade 4","factions":[]}
{"action":40,"origin":"ch51711","date":"2024-01-28T03:42:54","phones":[],"objects":[],"characters":[51711],"vehicles":[],"interiors":[],"accounts":[],"content":"Danny Occean puts a Vehicle Upgrade inside the 2014 Chrysler 300c.","factions":[]}
{"action":39,"origin":"ch51711","date":"2024-01-28T03:42:54","phones":[],"objects":[],"characters":[51711],"vehicles":[],"interiors":[],"accounts":[],"content":"Danny_Occean->2014 Chrysler 300c #29221 - Item ID: 114 - Vehicle Upgrade @ (2490.9365234375, -1955.771484375, 13.255899429321) in (int 0, dim 0)","factions":[]}
{"action":40,"origin":"ch51711","date":"2024-01-28T03:42:55","phones":[],"objects":[],"characters":[51711],"vehicles":[],"interiors":[],"accounts":[],"content":"Danny Occean puts a Vehicle Upgrade inside the 2014 Chrysler 300c.","factions":[]}
{"action":39,"origin":"ch51711","date":"2024-01-28T03:42:55","phones":[],"objects":[],"characters":[51711],"vehicles":[],"interiors":[],"accounts":[],"content":"Danny_Occean->2014 Chrysler 300c #29221 - Item ID: 114 - Vehicle Upgrade @ (2490.9365234375, -1955.771484375, 13.255899429321) in (int 0, dim 0)","factions":[]}
{"action":40,"origin":"ch51711","date":"2024-01-28T03:42:56","phones":[],"objects":[],"characters":[51711],"vehicles":[],"interiors":[],"accounts":[],"content":"Danny Occean puts a Vehicle Upgrade inside the 2014 Chrysler 300c.","factions":[]}
{"action":39,"origin":"ch51711","date":"2024-01-28T03:42:56","phones":[],"objects":[],"characters":[51711],"vehicles":[],"interiors":[],"accounts":[],"content":"Danny_Occean->2014 Chrysler 300c #29221 - Item ID: 114 - Vehicle Upgrade @ (2490.9365234375, -1955.771484375, 13.255899429321) in (int 0, dim 0)","factions":[]}
{"action":40,"origin":"ch51711","date":"2024-01-28T03:42:58","phones":[],"objects":[],"characters":[51711],"vehicles":[],"interiors":[],"accounts":[],"content":"Danny Occean puts a Vehicle Upgrade inside the 2014 Chrysler 300c.","factions":[]}
{"action":39,"origin":"ch51711","date":"2024-01-28T03:42:58","phones":[],"objects":[],"characters":[51711],"vehicles":[],"interiors":[],"accounts":[],"content":"Danny_Occean->2014 Chrysler 300c #29221 - Item ID: 114 - Vehicle Upgrade @ (2490.9365234375, -1955.771484375, 13.255899429321) in (int 0, dim 0)","factions":[]}
{"action":4,"origin":"ch51711","date":"2024-01-28T03:44:25","phones":[],"objects":[],"characters":[51711],"vehicles":[],"interiors":[],"accounts":[],"content":"GIVEITEM Vehicle Upgrade 4","factions":[]}
{"action":40,"origin":"ch51711","date":"2024-01-28T03:44:28","phones":[],"objects":[],"characters":[51711],"vehicles":[],"interiors":[],"accounts":[],"content":"Danny Occean puts a Vehicle Upgrade inside the 2014 Chrysler 300c.","factions":[]}
{"action":39,"origin":"ch51711","date":"2024-01-28T03:44:28","phones":[],"objects":[],"characters":[51711],"vehicles":[],"interiors":[],"accounts":[],"content":"Danny_Occean->2014 Chrysler 300c #29221 - Item ID: 114 - Vehicle Upgrade @ (2490.9375, -1955.7705078125, 13.256732940674) in (int 0, dim 0)","factions":[]}
{"action":4,"origin":"ch51711","date":"2024-01-28T03:44:32","phones":[],"objects":[],"characters":[51711],"vehicles":[],"interiors":[],"accounts":[],"content":"GIVEITEM Vehicle Upgrade 4","factions":[]}
{"action":39,"origin":"ch51711","date":"2024-01-28T03:45:39","phones":[],"objects":[],"characters":[51711],"vehicles":[],"interiors":[],"accounts":[],"content":"Danny_Occean -> ~World #875652 - Vehicle Upgrade - 4 @ (2485.8711, -1960.1863, 12.4) in (int 0, dim 0)","factions":[]}
{"action":40,"origin":"ch51711","date":"2024-01-28T03:45:39","phones":[],"objects":[],"characters":[51711],"vehicles":[],"interiors":[],"accounts":[],"content":"Danny Occean dropped a Vehicle Upgrade.","factions":[]}
{"action":4,"origin":"ch51711","date":"2024-01-28T03:45:42","phones":[],"objects":[],"characters":[51711],"vehicles":[],"interiors":[],"accounts":[],"content":"GIVEITEM Vehicle Upgrade Spoiler","factions":[]}
{"action":4,"origin":"ch51711","date":"2024-01-28T03:46:58","phones":[],"objects":[],"characters":[51711],"vehicles":[],"interiors":[],"accounts":[],"content":"GIVEITEM Vehicle Upgrade Nitrous","factions":[]}
{"action":4,"origin":"ch51711","date":"2024-01-28T03:47:17","phones":[],"objects":[],"characters":[51711],"vehicles":[],"interiors":[],"accounts":[],"content":"GIVEITEM Vehicle Upgrade Hydraulics","factions":[]}
{"action":4,"origin":"ch51711","date":"2024-01-28T03:47:46","phones":[],"objects":[],"characters":[51711],"vehicles":[],"interiors":[],"accounts":[],"content":"GIVEITEM Vehicle Upgrade hydraulics","factions":[]}
{"action":40,"origin":"ch51711","date":"2024-01-28T03:47:52","phones":[],"objects":[],"characters":[51711],"vehicles":[],"interiors":[],"accounts":[],"content":"Danny Occean destroyed a Vehicle Upgrade.","factions":[]}
{"action":40,"origin":"ch51711","date":"2024-01-28T03:47:53","phones":[],"objects":[],"characters":[51711],"vehicles":[],"interiors":[],"accounts":[],"content":"Danny Occean destroyed a Vehicle Upgrade.","factions":[]}
{"action":40,"origin":"ch51711","date":"2024-01-28T03:47:55","phones":[],"objects":[],"characters":[51711],"vehicles":[],"interiors":[],"accounts":[],"content":"Danny Occean destroyed a Vehicle Upgrade.","factions":[]}
{"action":40,"origin":"ch51711","date":"2024-01-28T03:47:56","phones":[],"objects":[],"characters":[51711],"vehicles":[],"interiors":[],"accounts":[],"content":"Danny Occean destroyed a Vehicle Upgrade.","factions":[]}
{"action":4,"origin":"ch51711","date":"2024-01-28T03:48:13","phones":[],"objects":[],"characters":[51711],"vehicles":[],"interiors":[],"accounts":[],"content":"GIVEITEM Vehicle Upgrade all","factions":[]}
{"action":40,"origin":"ch51711","date":"2024-01-28T03:48:16","phones":[],"objects":[],"characters":[51711],"vehicles":[],"interiors":[],"accounts":[],"content":"Danny Occean puts a Vehicle Upgrade inside the 2014 Chrysler 300c.","factions":[]}
{"action":39,"origin":"ch51711","date":"2024-01-28T03:48:16","phones":[],"objects":[],"characters":[51711],"vehicles":[],"interiors":[],"accounts":[],"content":"Danny_Occean->2014 Chrysler 300c #29221 - Item ID: 114 - Vehicle Upgrade @ (2490.9580078125, -1957.3173828125, 13.266612052917) in (int 0, dim 0)","factions":[]}
{"action":4,"origin":"ch51711","date":"2024-01-28T03:48:21","phones":[],"objects":[],"characters":[51711],"vehicles":[],"interiors":[],"accounts":[],"content":"GIVEITEM Vehicle Upgrade all","factions":[]}
{"action":40,"origin":"ch51711","date":"2024-01-28T03:48:58","phones":[],"objects":[],"characters":[51711],"vehicles":[],"interiors":[],"accounts":[],"content":"Danny Occean takes a Vehicle Upgrade from the 2014 Chrysler 300c.","factions":[]}
{"action":39,"origin":"ch51711","date":"2024-01-28T03:48:58","phones":[],"objects":[],"characters":[51711],"vehicles":[],"interiors":[],"accounts":[],"content":"2014 Chrysler 300c #29221->Danny_Occean - Vehicle Upgrade - Hood","factions":[]}
{"action":6,"origin":"ch51711","date":"2024-01-28T03:49:11","phones":[],"objects":[],"characters":[51711],"vehicles":[29221],"interiors":[],"accounts":[],"content":"REMOVEUPGRADE 1020 Exhaust | Only cause of being an admin = true","factions":[]}
{"action":40,"origin":"ch51711","date":"2024-01-28T03:49:11","phones":[],"objects":[],"characters":[51711],"vehicles":[],"interiors":[],"accounts":[],"content":"Danny Occean takes a Vehicle Upgrade from the 2014 Chrysler 300c.","factions":[]}
{"action":40,"origin":"ch51711","date":"2024-01-28T03:49:23","phones":[],"objects":[],"characters":[51711],"vehicles":[],"interiors":[],"accounts":[],"content":"Danny Occean takes a Vehicle Upgrade from the 2014 Chrysler 300c.","factions":[]}
{"action":39,"origin":"ch51711","date":"2024-01-28T03:49:23","phones":[],"objects":[],"characters":[51711],"vehicles":[],"interiors":[],"accounts":[],"content":"2014 Chrysler 300c #29221->Danny_Occean - Vehicle Upgrade - all","factions":[]}
{"action":6,"origin":"ch51711","date":"2024-01-28T03:49:28","phones":[],"objects":[],"characters":[51711],"vehicles":[29221],"interiors":[],"accounts":[],"content":"REMOVEUPGRADE 1024 Headlights | Only cause of being an admin = true","factions":[]}
{"action":40,"origin":"ch51711","date":"2024-01-28T03:49:28","phones":[],"objects":[],"characters":[51711],"vehicles":[],"interiors":[],"accounts":[],"content":"Danny Occean takes a Vehicle Upgrade from the 2014 Chrysler 300c.","factions":[]}
{"action":6,"origin":"ch51711","date":"2024-01-28T03:49:30","phones":[],"objects":[],"characters":[51711],"vehicles":[29221],"interiors":[],"accounts":[],"content":"REMOVEUPGRADE 1006 Roof | Only cause of being an admin = true","factions":[]}
{"action":40,"origin":"ch51711","date":"2024-01-28T03:49:30","phones":[],"objects":[],"characters":[51711],"vehicles":[],"interiors":[],"accounts":[],"content":"Danny Occean takes a Vehicle Upgrade from the 2014 Chrysler 300c.","factions":[]}
{"action":6,"origin":"ch51711","date":"2024-01-28T03:49:30","phones":[],"objects":[],"characters":[51711],"vehicles":[29221],"interiors":[],"accounts":[],"content":"REMOVEUPGRADE 1017 Sideskirt | Only cause of being an admin = true","factions":[]}
{"action":40,"origin":"ch51711","date":"2024-01-28T03:49:30","phones":[],"objects":[],"characters":[51711],"vehicles":[],"interiors":[],"accounts":[],"content":"Danny Occean takes a Vehicle Upgrade from the 2014 Chrysler 300c.","factions":[]}
{"action":6,"origin":"ch51711","date":"2024-01-28T03:49:32","phones":[],"objects":[],"characters":[51711],"vehicles":[29221],"interiors":[],"accounts":[],"content":"REMOVEUPGRADE 1004 Vent | Only cause of being an admin = true","factions":[]}
{"action":40,"origin":"ch51711","date":"2024-01-28T03:49:32","phones":[],"objects":[],"characters":[51711],"vehicles":[],"interiors":[],"accounts":[],"content":"Danny Occean takes a Vehicle Upgrade from the 2014 Chrysler 300c.","factions":[]}
{"action":6,"origin":"ch51711","date":"2024-01-28T03:49:32","phones":[],"objects":[],"characters":[51711],"vehicles":[29221],"interiors":[],"accounts":[],"content":"REMOVEUPGRADE 1145 Hood | Only cause of being an admin = true","factions":[]}
{"action":40,"origin":"ch51711","date":"2024-01-28T03:49:32","phones":[],"objects":[],"characters":[51711],"vehicles":[],"interiors":[],"accounts":[],"content":"Danny Occean takes a Vehicle Upgrade from the 2014 Chrysler 300c.","factions":[]}
{"action":40,"origin":"ch51711","date":"2024-01-28T03:49:34","phones":[],"objects":[],"characters":[51711],"vehicles":[],"interiors":[],"accounts":[],"content":"Danny Occean takes a Vehicle Upgrade from the 2014 Chrysler 300c.","factions":[]}
{"action":39,"origin":"ch51711","date":"2024-01-28T03:49:34","phones":[],"objects":[],"characters":[51711],"vehicles":[],"interiors":[],"accounts":[],"content":"2014 Chrysler 300c #29221->Danny_Occean - Vehicle Upgrade - 0","factions":[]}
{"action":40,"origin":"ch51711","date":"2024-01-28T03:49:35","phones":[],"objects":[],"characters":[51711],"vehicles":[],"interiors":[],"accounts":[],"content":"Danny Occean takes a Vehicle Upgrade from the 2014 Chrysler 300c.","factions":[]}
{"action":39,"origin":"ch51711","date":"2024-01-28T03:49:35","phones":[],"objects":[],"characters":[51711],"vehicles":[],"interiors":[],"accounts":[],"content":"2014 Chrysler 300c #29221->Danny_Occean - Vehicle Upgrade - 4","factions":[]}
{"action":40,"origin":"ch51711","date":"2024-01-28T03:49:35","phones":[],"objects":[],"characters":[51711],"vehicles":[],"interiors":[],"accounts":[],"content":"Danny Occean takes a Vehicle Upgrade from the 2014 Chrysler 300c.","factions":[]}
{"action":39,"origin":"ch51711","date":"2024-01-28T03:49:35","phones":[],"objects":[],"characters":[51711],"vehicles":[],"interiors":[],"accounts":[],"content":"2014 Chrysler 300c #29221->Danny_Occean - Vehicle Upgrade - 4","factions":[]}
{"action":40,"origin":"ch51711","date":"2024-01-28T03:49:44","phones":[],"objects":[],"characters":[51711],"vehicles":[],"interiors":[],"accounts":[],"content":"Danny Occean destroyed a Vehicle Upgrade.","factions":[]}
{"action":40,"origin":"ch51711","date":"2024-01-28T03:49:46","phones":[],"objects":[],"characters":[51711],"vehicles":[],"interiors":[],"accounts":[],"content":"Danny Occean destroyed a Vehicle Upgrade.","factions":[]}
{"action":40,"origin":"ch51711","date":"2024-01-28T03:49:47","phones":[],"objects":[],"characters":[51711],"vehicles":[],"interiors":[],"accounts":[],"content":"Danny Occean destroyed a Vehicle Upgrade.","factions":[]}
{"action":40,"origin":"ch51711","date":"2024-01-28T03:49:49","phones":[],"objects":[],"characters":[51711],"vehicles":[],"interiors":[],"accounts":[],"content":"Danny Occean destroyed a Vehicle Upgrade.","factions":[]}
{"action":40,"origin":"ch51711","date":"2024-01-28T03:49:51","phones":[],"objects":[],"characters":[51711],"vehicles":[],"interiors":[],"accounts":[],"content":"Danny Occean destroyed a Vehicle Upgrade.","factions":[]}
{"action":40,"origin":"ch51711","date":"2024-01-28T03:49:53","phones":[],"objects":[],"characters":[51711],"vehicles":[],"interiors":[],"accounts":[],"content":"Danny Occean destroyed a Vehicle Upgrade.","factions":[]}
{"action":40,"origin":"ch51711","date":"2024-01-28T03:49:55","phones":[],"objects":[],"characters":[51711],"vehicles":[],"interiors":[],"accounts":[],"content":"Danny Occean destroyed a Vehicle Upgrade.","factions":[]}
{"action":40,"origin":"ch51711","date":"2024-01-28T03:49:56","phones":[],"objects":[],"characters":[51711],"vehicles":[],"interiors":[],"accounts":[],"content":"Danny Occean destroyed a Vehicle Upgrade.","factions":[]}
{"action":40,"origin":"ch51711","date":"2024-01-28T03:49:59","phones":[],"objects":[],"characters":[51711],"vehicles":[],"interiors":[],"accounts":[],"content":"Danny Occean destroyed a Vehicle Upgrade.","factions":[]}
{"action":40,"origin":"ch51711","date":"2024-01-28T03:50:00","phones":[],"objects":[],"characters":[51711],"vehicles":[],"interiors":[],"accounts":[],"content":"Danny Occean destroyed a Vehicle Upgrade.","factions":[]}
{"action":40,"origin":"ch51711","date":"2024-01-28T03:50:02","phones":[],"objects":[],"characters":[51711],"vehicles":[],"interiors":[],"accounts":[],"content":"Danny Occean destroyed a Vehicle Upgrade.","factions":[]}
{"action":40,"origin":"ch51711","date":"2024-01-28T03:50:08","phones":[],"objects":[],"characters":[51711],"vehicles":[],"interiors":[],"accounts":[],"content":"Danny Occean takes a Vehicle Upgrade from the 2014 Chrysler 300c.","factions":[]}
{"action":39,"origin":"ch51711","date":"2024-01-28T03:50:08","phones":[],"objects":[],"characters":[51711],"vehicles":[],"interiors":[],"accounts":[],"content":"2014 Chrysler 300c #29221->Danny_Occean - Vehicle Upgrade - 2","factions":[]}
{"action":40,"origin":"ch51711","date":"2024-01-28T03:50:09","phones":[],"objects":[],"characters":[51711],"vehicles":[],"interiors":[],"accounts":[],"content":"Danny Occean takes a Vehicle Upgrade from the 2014 Chrysler 300c.","factions":[]}
{"action":39,"origin":"ch51711","date":"2024-01-28T03:50:09","phones":[],"objects":[],"characters":[51711],"vehicles":[],"interiors":[],"accounts":[],"content":"2014 Chrysler 300c #29221->Danny_Occean - Vehicle Upgrade - 4","factions":[]}
{"action":6,"origin":"ch51711","date":"2024-01-28T03:50:11","phones":[],"objects":[],"characters":[51711],"vehicles":[29221],"interiors":[],"accounts":[],"content":"REMOVEUPGRADE 1010 Nitro | Only cause of being an admin = true","factions":[]}
{"action":40,"origin":"ch51711","date":"2024-01-28T03:50:11","phones":[],"objects":[],"characters":[51711],"vehicles":[],"interiors":[],"accounts":[],"content":"Danny Occean takes a Vehicle Upgrade from the 2014 Chrysler 300c.","factions":[]}
{"action":6,"origin":"ch51711","date":"2024-01-28T03:50:12","phones":[],"objects":[],"characters":[51711],"vehicles":[29221],"interiors":[],"accounts":[],"content":"REMOVEUPGRADE 1087 Hydraulics | Only cause of being an admin = true","factions":[]}
{"action":40,"origin":"ch51711","date":"2024-01-28T03:50:12","phones":[],"objects":[],"characters":[51711],"vehicles":[],"interiors":[],"accounts":[],"content":"Danny Occean takes a Vehicle Upgrade from the 2014 Chrysler 300c.","factions":[]}
{"action":6,"origin":"ch51711","date":"2024-01-28T03:50:14","phones":[],"objects":[],"characters":[51711],"vehicles":[29221],"interiors":[],"accounts":[],"content":"REMOVEUPGRADE 1086 Stereo | Only cause of being an admin = true","factions":[]}
{"action":40,"origin":"ch51711","date":"2024-01-28T03:50:14","phones":[],"objects":[],"characters":[51711],"vehicles":[],"interiors":[],"accounts":[],"content":"Danny Occean takes a Vehicle Upgrade from the 2014 Chrysler 300c.","factions":[]}
{"action":6,"origin":"ch51711","date":"2024-01-28T03:50:15","phones":[],"objects":[],"characters":[51711],"vehicles":[29221],"interiors":[],"accounts":[],"content":"REMOVEUPGRADE 1098 Wheels | Only cause of being an admin = true","factions":[]}
{"action":40,"origin":"ch51711","date":"2024-01-28T03:50:15","phones":[],"objects":[],"characters":[51711],"vehicles":[],"interiors":[],"accounts":[],"content":"Danny Occean takes a Vehicle Upgrade from the 2014 Chrysler 300c.","factions":[]}
{"action":40,"origin":"ch51711","date":"2024-01-28T03:50:16","phones":[],"objects":[],"characters":[51711],"vehicles":[],"interiors":[],"accounts":[],"content":"Danny Occean takes a Vehicle Upgrade from the 2014 Chrysler 300c.","factions":[]}
{"action":39,"origin":"ch51711","date":"2024-01-28T03:50:16","phones":[],"objects":[],"characters":[51711],"vehicles":[],"interiors":[],"accounts":[],"content":"2014 Chrysler 300c #29221->Danny_Occean - Vehicle Upgrade - Spoiler","factions":[]}
{"action":40,"origin":"ch51711","date":"2024-01-28T03:50:21","phones":[],"objects":[],"characters":[51711],"vehicles":[],"interiors":[],"accounts":[],"content":"Danny Occean puts a Vehicle Upgrade inside the 2014 Chrysler 300c.","factions":[]}
{"action":39,"origin":"ch51711","date":"2024-01-28T03:50:21","phones":[],"objects":[],"characters":[51711],"vehicles":[],"interiors":[],"accounts":[],"content":"Danny_Occean->2014 Chrysler 300c #29221 - Item ID: 114 - Vehicle Upgrade @ (2477.2021484375, -1930.361328125, 13.252782821655) in (int 0, dim 0)","factions":[]}
{"action":6,"origin":"ch51711","date":"2024-01-28T03:50:25","phones":[],"objects":[],"characters":[],"vehicles":[29221],"interiors":[],"accounts":[],"content":"MODDING ADDUPGRADE 1086 Stereo System","factions":[]}
{"action":6,"origin":"ch51711","date":"2024-01-28T03:50:32","phones":[],"objects":[],"characters":[],"vehicles":[29221],"interiors":[],"accounts":[],"content":"MODDING ADDUPGRADE 1087 Hydraulics","factions":[]}
{"action":6,"origin":"ch51711","date":"2024-01-28T03:50:36","phones":[],"objects":[],"characters":[],"vehicles":[29221],"interiors":[],"accounts":[],"content":"MODDING ADDUPGRADE 1010 10x Nitro","factions":[]}
{"action":40,"origin":"ch51711","date":"2024-01-28T03:50:45","phones":[],"objects":[],"characters":[51711],"vehicles":[],"interiors":[],"accounts":[],"content":"Danny Occean destroyed a Vehicle Upgrade.","factions":[]}
{"action":40,"origin":"ch51711","date":"2024-01-28T03:50:47","phones":[],"objects":[],"characters":[51711],"vehicles":[],"interiors":[],"accounts":[],"content":"Danny Occean destroyed a Vehicle Upgrade.","factions":[]}
{"action":40,"origin":"ch51711","date":"2024-01-28T03:50:48","phones":[],"objects":[],"characters":[51711],"vehicles":[],"interiors":[],"accounts":[],"content":"Danny Occean destroyed a Vehicle Upgrade.","factions":[]}
{"action":6,"origin":"ch51711","date":"2024-01-28T03:51:15","phones":[],"objects":[],"characters":[51711],"vehicles":[29221],"interiors":[],"accounts":[],"content":"REMOVEUPGRADE 1010 Nitro | Only cause of being an admin = false","factions":[]}
{"action":40,"origin":"ch51711","date":"2024-01-28T03:51:15","phones":[],"objects":[],"characters":[51711],"vehicles":[],"interiors":[],"accounts":[],"content":"Danny Occean takes a Vehicle Upgrade from the 2014 Chrysler 300c.","factions":[]}
{"action":6,"origin":"ch51711","date":"2024-01-28T03:51:28","phones":[],"objects":[],"characters":[],"vehicles":[29221],"interiors":[],"accounts":[],"content":"MODDING ADDUPGRADE 1010 10x Nitro","factions":[]}
{"action":40,"origin":"ch51711","date":"2024-01-28T03:51:58","phones":[],"objects":[],"characters":[51711],"vehicles":[],"interiors":[],"accounts":[],"content":"Danny Occean puts a Dice inside the 2014 Chrysler 300c.","factions":[]}
{"action":39,"origin":"ch51711","date":"2024-01-28T03:51:58","phones":[],"objects":[],"characters":[51711],"vehicles":[],"interiors":[],"accounts":[],"content":"Danny_Occean->2014 Chrysler 300c #29221 - Item ID: 10 - Dice @ (2488.939453125, -1964.6796875, 13.233580589294) in (int 0, dim 0)","factions":[]}
{"action":40,"origin":"ch51711","date":"2024-01-28T03:52:01","phones":[],"objects":[],"characters":[51711],"vehicles":[],"interiors":[],"accounts":[],"content":"Danny Occean puts a 9mm Ammopack inside the 2014 Chrysler 300c.","factions":[]}
{"action":39,"origin":"ch51711","date":"2024-01-28T03:52:01","phones":[],"objects":[],"characters":[51711],"vehicles":[],"interiors":[],"accounts":[],"content":"Danny_Occean->2014 Chrysler 300c #29221 - Item ID: 116 - 9mm Ammopack @ (2488.939453125, -1964.6796875, 13.233580589294) in (int 0, dim 0)","factions":[]}
{"action":40,"origin":"ch51711","date":"2024-01-28T03:52:01","phones":[],"objects":[],"characters":[51711],"vehicles":[],"interiors":[],"accounts":[],"content":"Danny Occean puts a .45 ACP Ammopack inside the 2014 Chrysler 300c.","factions":[]}
{"action":39,"origin":"ch51711","date":"2024-01-28T03:52:01","phones":[],"objects":[],"characters":[51711],"vehicles":[],"interiors":[],"accounts":[],"content":"Danny_Occean->2014 Chrysler 300c #29221 - Item ID: 116 - .45 ACP Ammopack @ (2488.939453125, -1964.6796875, 13.233580589294) in (int 0, dim 0)","factions":[]}
{"action":40,"origin":"ch51711","date":"2024-01-28T03:52:02","phones":[],"objects":[],"characters":[51711],"vehicles":[],"interiors":[],"accounts":[],"content":"Danny Occean puts a 12 Gauge Ammopack inside the 2014 Chrysler 300c.","factions":[]}
{"action":39,"origin":"ch51711","date":"2024-01-28T03:52:02","phones":[],"objects":[],"characters":[51711],"vehicles":[],"interiors":[],"accounts":[],"content":"Danny_Occean->2014 Chrysler 300c #29221 - Item ID: 116 - 12 Gauge Ammopack @ (2488.939453125, -1964.6796875, 13.233580589294) in (int 0, dim 0)","factions":[]}
{"action":40,"origin":"ch51711","date":"2024-01-28T03:52:02","phones":[],"objects":[],"characters":[51711],"vehicles":[],"interiors":[],"accounts":[],"content":"Danny Occean puts a .45 ACP Ammopack inside the 2014 Chrysler 300c.","factions":[]}
{"action":39,"origin":"ch51711","date":"2024-01-28T03:52:02","phones":[],"objects":[],"characters":[51711],"vehicles":[],"interiors":[],"accounts":[],"content":"Danny_Occean->2014 Chrysler 300c #29221 - Item ID: 116 - .45 ACP Ammopack @ (2488.939453125, -1964.6796875, 13.233580589294) in (int 0, dim 0)","factions":[]}
{"action":6,"origin":"ch51711","date":"2024-01-28T03:52:08","phones":[],"objects":[],"characters":[51711],"vehicles":[29221],"interiors":[],"accounts":[],"content":"REMOVEUPGRADE 1010 Nitro | Only cause of being an admin = false","factions":[]}
{"action":40,"origin":"ch51711","date":"2024-01-28T03:52:08","phones":[],"objects":[],"characters":[51711],"vehicles":[],"interiors":[],"accounts":[],"content":"Danny Occean takes a Vehicle Upgrade from the 2014 Chrysler 300c.","factions":[]}
{"action":6,"origin":"ch51711","date":"2024-01-28T03:52:13","phones":[],"objects":[],"characters":[],"vehicles":[29221],"interiors":[],"accounts":[],"content":"MODDING ADDUPGRADE 1010 10x Nitro","factions":[]}
{"action":27,"origin":"ac131903","date":"2024-01-28T03:56:04","phones":[],"objects":[],"characters":[51711],"vehicles":[],"interiors":[],"accounts":[131903],"content":"Desconectado (Quit) (Nombre: Danny_Occean)","factions":[]}
{"action":27,"origin":"ac131903","date":"2024-01-28T03:56:58","phones":[],"objects":[],"characters":[],"vehicles":[],"interiors":[],"accounts":[131903],"content":"Conectado desde 192.168.56.1 - 7CFC369BF14E7B5B0D5192186B1891F2","factions":[]}
{"action":27,"origin":"ac131903","date":"2024-01-28T03:57:05","phones":[],"objects":[],"characters":[51711],"vehicles":[],"interiors":[],"accounts":[131903],"content":"Spawned","factions":[]}
{"action":4,"origin":"ch51711","date":"2024-01-28T04:05:16","phones":[],"objects":[],"characters":[51711],"vehicles":[],"interiors":[],"accounts":[],"content":"GIVEITEM Vehicle Upgrade Right Square Hoods","factions":[]}
{"action":4,"origin":"ch51711","date":"2024-01-28T04:05:44","phones":[],"objects":[],"characters":[51711],"vehicles":[],"interiors":[],"accounts":[],"content":"GIVEITEM Vehicle Upgrade 1145","factions":[]}
{"action":6,"origin":"ch51711","date":"2024-01-28T04:05:47","phones":[],"objects":[],"characters":[],"vehicles":[29221],"interiors":[],"accounts":[],"content":"MODDING ADDUPGRADE 1145 Right Square Vents","factions":[]}
{"action":4,"origin":"ch51711","date":"2024-01-28T04:12:39","phones":[],"objects":[],"characters":[51711],"vehicles":[],"interiors":[],"accounts":[],"content":"GIVEITEM Vehicle Upgrade all","factions":[]}
{"action":6,"origin":"ch51711","date":"2024-01-28T04:16:25","phones":[],"objects":[],"characters":[51711],"vehicles":[29221],"interiors":[],"accounts":[],"content":"FIXVEH","factions":[]}
{"action":4,"origin":"ch51711","date":"2024-01-28T04:17:01","phones":[],"objects":[],"characters":[51711],"vehicles":[29221],"interiors":[],"accounts":[],"content":"SETVEHTINT 0","factions":[]}
{"action":31,"origin":"ch51711","date":"2024-01-28T04:17:08","phones":[],"objects":[],"characters":[],"vehicles":[29221],"interiors":[],"accounts":[],"content":"REPAIR QUICK-SERVICE","factions":[]}
{"action":6,"origin":"ch51711","date":"2024-01-28T04:17:50","phones":[],"objects":[],"characters":[],"vehicles":[29221],"interiors":[],"accounts":[],"content":"MODDING REPAINT [ [ 23, 75, 231, 101, 106, 121, 0, 0, 0, 0, 0, 0 ] ]","factions":[]}
{"action":6,"origin":"ch51711","date":"2024-01-28T04:21:39","phones":[],"objects":[],"characters":[],"vehicles":[29221],"interiors":[],"accounts":[],"content":"RESPAWN","factions":[]}
{"action":40,"origin":"ch51711","date":"2024-01-28T04:22:29","phones":[],"objects":[],"characters":[51711],"vehicles":[],"interiors":[],"accounts":[],"content":"Danny Occean Presiona la llave para bloquear el vehículo.. ((2014 Chrysler 300c))","factions":[]}
{"action":31,"origin":"ch51711","date":"2024-01-28T04:22:29","phones":[],"objects":[],"characters":[],"vehicles":[29221],"interiors":[],"accounts":[],"content":"BLOQUEO DESDE EL EXTERIOR","factions":[]}
{"action":40,"origin":"ch51711","date":"2024-01-28T04:22:37","phones":[],"objects":[],"characters":[51711],"vehicles":[],"interiors":[],"accounts":[],"content":"Danny Occean presiona la llave para desbloquear el vehículo. ((2014 Chrysler 300c))","factions":[]}
{"action":31,"origin":"ch51711","date":"2024-01-28T04:22:37","phones":[],"objects":[],"characters":[],"vehicles":[29221],"interiors":[],"accounts":[],"content":"DESBLOQUEO DESDE EL EXTERIOR","factions":[]}
{"action":31,"origin":"ch51711","date":"2024-01-28T04:22:42","phones":[],"objects":[],"characters":[51711],"vehicles":[29221],"interiors":[],"accounts":[],"content":"STARTED ENGINE","factions":[]}
{"action":6,"origin":"ch51711","date":"2024-01-28T04:22:47","phones":[],"objects":[],"characters":[51711],"vehicles":[29221],"interiors":[],"accounts":[],"content":"FIXVEH","factions":[]}
{"action":40,"origin":"ch51711","date":"2024-01-28T04:24:53","phones":[],"objects":[],"characters":[51711],"vehicles":[],"interiors":[],"accounts":[],"content":"Danny Occean buckles in their seatbelt.","factions":[]}
{"action":40,"origin":"ch51711","date":"2024-01-28T04:24:55","phones":[],"objects":[],"characters":[51711],"vehicles":[],"interiors":[],"accounts":[],"content":"Danny Occean baja las ventanillas.","factions":[]}
{"action":40,"origin":"ch51711","date":"2024-01-28T04:24:56","phones":[],"objects":[],"characters":[51711],"vehicles":[],"interiors":[],"accounts":[],"content":"Danny Occean sube las ventanillas.","factions":[]}
{"action":40,"origin":"ch51711","date":"2024-01-28T04:24:59","phones":[],"objects":[],"characters":[51711],"vehicles":[],"interiors":[],"accounts":[],"content":"Danny Occean unbuckles their seatbelt.","factions":[]}
{"action":27,"origin":"ac131903","date":"2024-01-28T04:25:18","phones":[],"objects":[],"characters":[51711],"vehicles":[],"interiors":[],"accounts":[131903],"content":"Desconectado (Quit) (Nombre: Danny_Occean)","factions":[]}
{"action":27,"origin":"ac131903","date":"2024-01-28T15:07:00","phones":[],"objects":[],"characters":[],"vehicles":[],"interiors":[],"accounts":[131903],"content":"Conectado desde 192.168.56.1 - 7CFC369BF14E7B5B0D5192186B1891F2","factions":[]}
{"action":27,"origin":"ac131903","date":"2024-01-28T15:07:14","phones":[],"objects":[],"characters":[51711],"vehicles":[],"interiors":[],"accounts":[131903],"content":"Spawned","factions":[]}
{"action":6,"origin":"ch51711","date":"2024-01-28T15:07:28","phones":[],"objects":[],"characters":[51711],"vehicles":[29221],"interiors":[],"accounts":[],"content":"FIXVEH","factions":[]}
{"action":4,"origin":"ch51711","date":"2024-01-28T15:43:42","phones":[],"objects":[],"characters":[51711],"vehicles":[],"interiors":[],"accounts":[],"content":"SETHP 100","factions":[]}
{"action":40,"origin":"ch51711","date":"2024-01-28T15:44:55","phones":[],"objects":[],"characters":[51711],"vehicles":[],"interiors":[],"accounts":[],"content":"Danny Occean pierna izquierda fue golpeada.","factions":[]}
{"action":34,"origin":"ch51711","date":"2024-01-28T15:44:56","phones":[],"objects":[],"characters":[51711],"vehicles":[],"interiors":[],"accounts":[],"content":" got killed by an unknown source","factions":[]}
{"action":4,"origin":"ch51711","date":"2024-01-28T15:44:59","phones":[],"objects":[],"characters":[51711],"vehicles":[],"interiors":[],"accounts":[],"content":"REVIVIDO desde PK","factions":[]}
{"action":4,"origin":"ch51711","date":"2024-01-28T15:45:01","phones":[],"objects":[],"characters":[51711],"vehicles":[],"interiors":[],"accounts":[],"content":"SETHP 100","factions":[]}
{"action":27,"origin":"ac131903","date":"2024-01-28T20:16:43","phones":[],"objects":[],"characters":[51711],"vehicles":[],"interiors":[],"accounts":[131903],"content":"Desconectado (Quit) (Nombre: Danny_Occean)","factions":[]}
