{"action":31,"origin":"ch51711","date":"2023-12-21T00:39:47","phones":[],"objects":[],"characters":[51711],"vehicles":[],"interiors":[67],"accounts":[],"content":"EXITED","factions":[]}
{"action":27,"origin":"ac131905","date":"2023-12-21T00:47:19","phones":[],"objects":[],"characters":[],"vehicles":[],"interiors":[],"accounts":[131905],"content":"Connected from 186.78.143.77 - AACEF8FD0D0F25184D4129D4AD2E8D02","factions":[]}
{"action":27,"origin":"ac131905","date":"2023-12-21T00:49:59","phones":[],"objects":[],"characters":[51715],"vehicles":[],"interiors":[],"accounts":[131905],"content":"Created","factions":[]}
{"action":27,"origin":"ac131905","date":"2023-12-21T00:49:59","phones":[],"objects":[],"characters":[51715],"vehicles":[],"interiors":[],"accounts":[131905],"content":"Spawned","factions":[]}
{"action":6,"origin":"ch51711","date":"2023-12-21T00:51:46","phones":[],"objects":[],"characters":[51711],"vehicles":[],"interiors":[],"accounts":[],"content":"VEH 422 created with ID -1","factions":[]}
{"action":40,"origin":"ch51711","date":"2023-12-21T00:51:49","phones":[],"objects":[],"characters":[51711,51715],"vehicles":[],"interiors":[],"accounts":[],"content":"Danny Occean Presiona la llave para bloquear el vehículo.. ((1989 Coachmen Coachmen))","factions":[]}
{"action":31,"origin":"ch51711","date":"2023-12-21T00:51:49","phones":[],"objects":[],"characters":[],"vehicles":[-1],"interiors":[],"accounts":[],"content":"BLOQUEO DESDE EL EXTERIOR","factions":[]}
{"action":40,"origin":"ch51711","date":"2023-12-21T00:51:52","phones":[],"objects":[],"characters":[51711,51715],"vehicles":[],"interiors":[],"accounts":[],"content":"Danny Occean presiona la llave para desbloquear el vehículo. ((1989 Coachmen Coachmen))","factions":[]}
{"action":31,"origin":"ch51711","date":"2023-12-21T00:51:52","phones":[],"objects":[],"characters":[],"vehicles":[-1],"interiors":[],"accounts":[],"content":"DESBLOQUEO DESDE EL EXTERIOR","factions":[]}
{"action":40,"origin":"ch51711","date":"2023-12-21T00:52:17","phones":[],"objects":[],"characters":[51711],"vehicles":[],"interiors":[],"accounts":[],"content":"Danny Occean bloquea las puertas del vehículo.","factions":[]}
{"action":31,"origin":"ch51711","date":"2023-12-21T00:52:17","phones":[],"objects":[],"characters":[],"vehicles":[-1],"interiors":[],"accounts":[],"content":"BLOQUEA DESDE DENTRO","factions":[]}
{"action":31,"origin":"ch51711","date":"2023-12-21T00:52:19","phones":[],"objects":[],"characters":[51711],"vehicles":[-1],"interiors":[],"accounts":[],"content":"STARTED ENGINE","factions":[]}
{"action":40,"origin":"ch51711","date":"2023-12-21T00:52:45","phones":[],"objects":[],"characters":[51711],"vehicles":[],"interiors":[],"accounts":[],"content":"Danny Occean desbloquea las puertas del vehículo.","factions":[]}
{"action":31,"origin":"ch51711","date":"2023-12-21T00:52:45","phones":[],"objects":[],"characters":[],"vehicles":[-1],"interiors":[],"accounts":[],"content":"DESBLOQUEA DESDE EL INTERIOR","factions":[]}
{"action":40,"origin":"ch51711","date":"2023-12-21T00:53:50","phones":[],"objects":[],"characters":[51711,51715],"vehicles":[],"interiors":[],"accounts":[],"content":"Danny Occean rolls their windows up.","factions":[]}
{"action":40,"origin":"ch51711","date":"2023-12-21T00:53:53","phones":[],"objects":[],"characters":[51711,51715],"vehicles":[],"interiors":[],"accounts":[],"content":"Danny Occean rolls their windows down.","factions":[]}
{"action":40,"origin":"ch51711","date":"2023-12-21T00:53:53","phones":[],"objects":[],"characters":[51711,51715],"vehicles":[],"interiors":[],"accounts":[],"content":"Danny Occean rolls their windows up.","factions":[]}
{"action":40,"origin":"ch51711","date":"2023-12-21T00:53:54","phones":[],"objects":[],"characters":[51711,51715],"vehicles":[],"interiors":[],"accounts":[],"content":"Danny Occean rolls their windows down.","factions":[]}
{"action":40,"origin":"ch51711","date":"2023-12-21T00:53:58","phones":[],"objects":[],"characters":[51711,51715],"vehicles":[],"interiors":[],"accounts":[],"content":"Danny Occean buckles in their seatbelt.","factions":[]}
{"action":40,"origin":"ch51715","date":"2023-12-21T00:54:00","phones":[],"objects":[],"characters":[51711,51715],"vehicles":[],"interiors":[],"accounts":[],"content":"Mohamen Nazal buckles in their seatbelt.","factions":[]}
{"action":40,"origin":"ch51711","date":"2023-12-21T00:54:08","phones":[],"objects":[],"characters":[51711,51715],"vehicles":[],"interiors":[],"accounts":[],"content":"Danny Occean rolls their windows up.","factions":[]}
{"action":40,"origin":"ch51711","date":"2023-12-21T00:54:09","phones":[],"objects":[],"characters":[51711,51715],"vehicles":[],"interiors":[],"accounts":[],"content":"Danny Occean rolls their windows down.","factions":[]}
{"action":40,"origin":"ch51711","date":"2023-12-21T00:54:35","phones":[],"objects":[],"characters":[51711,51715],"vehicles":[],"interiors":[],"accounts":[],"content":"Danny Occean rolls their windows up.","factions":[]}
{"action":40,"origin":"ch51715","date":"2023-12-21T00:55:54","phones":[],"objects":[],"characters":[51711,51715],"vehicles":[],"interiors":[],"accounts":[],"content":"Mohamen Nazal rolls their windows down.","factions":[]}
{"action":7,"origin":"ch51715","date":"2023-12-21T00:56:00","phones":[],"objects":[],"characters":[51715,51711],"vehicles":[],"interiors":[],"accounts":[],"content":"Español: Ehm, me gustaría algo de gasolina, por favor.","factions":[]}
{"action":7,"origin":"ch51715","date":"2023-12-21T00:56:06","phones":[],"objects":[],"characters":[51715,51711],"vehicles":[],"interiors":[],"accounts":[],"content":"Español: Claro, no hay problema.","factions":[]}
{"action":40,"origin":"ch51715","date":"2023-12-21T00:56:06","phones":[],"objects":[],"characters":[51711,51715],"vehicles":[],"interiors":[],"accounts":[],"content":"Mohamen Nazal apaga el motor.","factions":[]}
{"action":7,"origin":"ch51715","date":"2023-12-21T00:56:08","phones":[],"objects":[],"characters":[51715,51711],"vehicles":[],"interiors":[],"accounts":[],"content":"Español: ¡En efectivo, por favor!","factions":[]}
{"action":7,"origin":"ch51715","date":"2023-12-21T00:56:12","phones":[],"objects":[],"characters":[51715,51711],"vehicles":[],"interiors":[],"accounts":[],"content":"Español: $40","factions":[]}
{"action":31,"origin":"ch51715","date":"2023-12-21T00:56:24","phones":[],"objects":[],"characters":[51715],"vehicles":[-1],"interiors":[],"accounts":[],"content":"STARTED ENGINE","factions":[]}
{"action":40,"origin":"ch51711","date":"2023-12-21T00:56:35","phones":[],"objects":[],"characters":[51711,51715],"vehicles":[],"interiors":[],"accounts":[],"content":"Danny Occean takes out his Cellphone.","factions":[]}
{"action":40,"origin":"ch51711","date":"2023-12-21T00:56:39","phones":[],"objects":[],"characters":[51711,51715],"vehicles":[],"interiors":[],"accounts":[],"content":"Danny Occean puts down his Cellphone.","factions":[]}
{"action":40,"origin":"ch51711","date":"2023-12-21T00:56:42","phones":[],"objects":[],"characters":[51711,51715],"vehicles":[],"interiors":[],"accounts":[],"content":"Danny Occean looks at their Watch.","factions":[]}
{"action":40,"origin":"ch51711","date":"2023-12-21T00:58:20","phones":[],"objects":[],"characters":[51711,51715],"vehicles":[],"interiors":[],"accounts":[],"content":"Danny Occean unbuckles their seatbelt.","factions":[]}
{"action":40,"origin":"ch51715","date":"2023-12-21T00:58:21","phones":[],"objects":[],"characters":[51711,51715],"vehicles":[],"interiors":[],"accounts":[],"content":"Mohamen Nazal unbuckles their seatbelt.","factions":[]}
{"action":4,"origin":"ch51711","date":"2023-12-21T00:58:49","phones":[],"objects":[],"characters":[51711],"vehicles":[],"interiors":[],"accounts":[],"content":"RESETCARSHOP","factions":[]}
{"action":6,"origin":"ch51715","date":"2023-12-21T00:59:20","phones":[],"objects":[],"characters":[],"vehicles":[29200],"interiors":[],"accounts":[],"content":"BOUGHTNEWCAR Savanna (Custom Model ID #68, Price: $29,799)","factions":[]}
{"action":40,"origin":"ch51715","date":"2023-12-21T00:59:33","phones":[],"objects":[],"characters":[51711,51715],"vehicles":[],"interiors":[],"accounts":[],"content":"Mohamen Nazal presiona la llave para desbloquear el vehículo. ((1964 Chevrolet Impala))","factions":[]}
{"action":31,"origin":"ch51715","date":"2023-12-21T00:59:33","phones":[],"objects":[],"characters":[],"vehicles":[29200],"interiors":[],"accounts":[],"content":"DESBLOQUEO DESDE EL EXTERIOR","factions":[]}
{"action":31,"origin":"ch51715","date":"2023-12-21T00:59:40","phones":[],"objects":[],"characters":[51715],"vehicles":[29200],"interiors":[],"accounts":[],"content":"STARTED ENGINE","factions":[]}
{"action":40,"origin":"ch51715","date":"2023-12-21T01:00:03","phones":[],"objects":[],"characters":[51711,51715],"vehicles":[],"interiors":[],"accounts":[],"content":"Mohamen Nazal buckles in their seatbelt.","factions":[]}
{"action":40,"origin":"ch51711","date":"2023-12-21T01:00:04","phones":[],"objects":[],"characters":[51711,51715],"vehicles":[],"interiors":[],"accounts":[],"content":"Danny Occean rolls their windows down.","factions":[]}
{"action":40,"origin":"ch51711","date":"2023-12-21T01:00:04","phones":[],"objects":[],"characters":[51711,51715],"vehicles":[],"interiors":[],"accounts":[],"content":"Danny Occean buckles in their seatbelt.","factions":[]}
{"action":40,"origin":"ch51711","date":"2023-12-21T01:00:05","phones":[],"objects":[],"characters":[51711,51715],"vehicles":[],"interiors":[],"accounts":[],"content":"Danny Occean rolls their windows up.","factions":[]}
{"action":40,"origin":"ch51711","date":"2023-12-21T01:00:06","phones":[],"objects":[],"characters":[51711,51715],"vehicles":[],"interiors":[],"accounts":[],"content":"Danny Occean rolls their windows down.","factions":[]}
{"action":40,"origin":"ch51711","date":"2023-12-21T01:00:07","phones":[],"objects":[],"characters":[51711,51715],"vehicles":[],"interiors":[],"accounts":[],"content":"Danny Occean rolls their windows up.","factions":[]}
{"action":40,"origin":"ch51711","date":"2023-12-21T01:01:05","phones":[],"objects":[],"characters":[51711,51715],"vehicles":[],"interiors":[],"accounts":[],"content":"Danny Occean unbuckles their seatbelt.","factions":[]}
{"action":40,"origin":"ch51715","date":"2023-12-21T01:01:06","phones":[],"objects":[],"characters":[51711,51715],"vehicles":[],"interiors":[],"accounts":[],"content":"Mohamen Nazal unbuckles their seatbelt.","factions":[]}
{"action":37,"origin":"ch51715","date":"2023-12-21T01:01:49","phones":[],"objects":[],"characters":[],"vehicles":[],"interiors":[43],"accounts":[],"content":"BUYPROPERTY TOKEN USED","factions":[]}
{"action":31,"origin":"ch51711","date":"2023-12-21T01:01:50","phones":[],"objects":[],"characters":[51711],"vehicles":[],"interiors":[43],"accounts":[],"content":"ENTERED","factions":[]}
{"action":31,"origin":"ch51715","date":"2023-12-21T01:01:51","phones":[],"objects":[],"characters":[51715],"vehicles":[],"interiors":[43],"accounts":[],"content":"ENTERED","factions":[]}
{"action":39,"origin":"ch51711","date":"2023-12-21T01:03:04","phones":[],"objects":[],"characters":[51711],"vehicles":[],"interiors":[],"accounts":[],"content":"Danny_Occean -> ~World #875601 - Dice - 1 @ (2190.6448, -1202.5265, 1048.0234) in (int 6, dim 43)","factions":[]}
{"action":40,"origin":"ch51711","date":"2023-12-21T01:03:04","phones":[],"objects":[],"characters":[51711,51715],"vehicles":[],"interiors":[],"accounts":[],"content":"Danny Occean dropped a Dice.","factions":[]}
{"action":39,"origin":"ch51711","date":"2023-12-21T01:03:09","phones":[],"objects":[875601],"characters":[],"vehicles":[],"interiors":[],"accounts":[],"content":"~World #875601 @ (2190.6447753906, -1202.5264892578, 1048.3083496094) in (int 6, dim 43) ->Danny_Occean - Dice - 1","factions":[]}
{"action":40,"origin":"ch51711","date":"2023-12-21T01:03:09","phones":[],"objects":[],"characters":[51711,51715],"vehicles":[],"interiors":[],"accounts":[],"content":"Danny Occean bends over and picks up a Dice.","factions":[]}
{"action":31,"origin":"ch51715","date":"2023-12-21T01:03:28","phones":[],"objects":[],"characters":[51715],"vehicles":[],"interiors":[43],"accounts":[],"content":"EXITED","factions":[]}
{"action":31,"origin":"ch51711","date":"2023-12-21T01:03:30","phones":[],"objects":[],"characters":[51711],"vehicles":[],"interiors":[43],"accounts":[],"content":"EXITED","factions":[]}
{"action":7,"origin":"ch51715","date":"2023-12-21T01:04:15","phones":[],"objects":[],"characters":[51715],"vehicles":[29200],"interiors":[],"accounts":[],"content":"Español: T","factions":[]}
{"action":40,"origin":"ch51715","date":"2023-12-21T01:04:21","phones":[],"objects":[],"characters":[51715],"vehicles":[],"interiors":[],"accounts":[],"content":"Mohamen Nazal bloquea las puertas del vehículo.","factions":[]}
{"action":31,"origin":"ch51715","date":"2023-12-21T01:04:21","phones":[],"objects":[],"characters":[],"vehicles":[29200],"interiors":[],"accounts":[],"content":"BLOQUEA DESDE DENTRO","factions":[]}
{"action":40,"origin":"ch51715","date":"2023-12-21T01:04:21","phones":[],"objects":[],"characters":[51715],"vehicles":[],"interiors":[],"accounts":[],"content":"Mohamen Nazal desbloquea las puertas del vehículo.","factions":[]}
{"action":31,"origin":"ch51715","date":"2023-12-21T01:04:21","phones":[],"objects":[],"characters":[],"vehicles":[29200],"interiors":[],"accounts":[],"content":"DESBLOQUEA DESDE EL INTERIOR","factions":[]}
{"action":40,"origin":"ch51715","date":"2023-12-21T01:04:22","phones":[],"objects":[],"characters":[51715],"vehicles":[],"interiors":[],"accounts":[],"content":"Mohamen Nazal bloquea las puertas del vehículo.","factions":[]}
{"action":31,"origin":"ch51715","date":"2023-12-21T01:04:22","phones":[],"objects":[],"characters":[],"vehicles":[29200],"interiors":[],"accounts":[],"content":"BLOQUEA DESDE DENTRO","factions":[]}
{"action":40,"origin":"ch51715","date":"2023-12-21T01:04:22","phones":[],"objects":[],"characters":[51715],"vehicles":[],"interiors":[],"accounts":[],"content":"Mohamen Nazal desbloquea las puertas del vehículo.","factions":[]}
{"action":31,"origin":"ch51715","date":"2023-12-21T01:04:22","phones":[],"objects":[],"characters":[],"vehicles":[29200],"interiors":[],"accounts":[],"content":"DESBLOQUEA DESDE EL INTERIOR","factions":[]}
{"action":40,"origin":"ch51715","date":"2023-12-21T01:04:22","phones":[],"objects":[],"characters":[51715],"vehicles":[],"interiors":[],"accounts":[],"content":"Mohamen Nazal bloquea las puertas del vehículo.","factions":[]}
{"action":31,"origin":"ch51715","date":"2023-12-21T01:04:22","phones":[],"objects":[],"characters":[],"vehicles":[29200],"interiors":[],"accounts":[],"content":"BLOQUEA DESDE DENTRO","factions":[]}
{"action":4,"origin":"ch51711","date":"2023-12-21T01:04:23","phones":[],"objects":[],"characters":[51715],"vehicles":[],"interiors":[],"accounts":[],"content":"SETMONEY 500000","factions":[]}
{"action":40,"origin":"ch51715","date":"2023-12-21T01:04:23","phones":[],"objects":[],"characters":[51715],"vehicles":[],"interiors":[],"accounts":[],"content":"Mohamen Nazal desbloquea las puertas del vehículo.","factions":[]}
{"action":31,"origin":"ch51715","date":"2023-12-21T01:04:23","phones":[],"objects":[],"characters":[],"vehicles":[29200],"interiors":[],"accounts":[],"content":"DESBLOQUEA DESDE EL INTERIOR","factions":[]}
{"action":40,"origin":"ch51715","date":"2023-12-21T01:04:23","phones":[],"objects":[],"characters":[51715],"vehicles":[],"interiors":[],"accounts":[],"content":"Mohamen Nazal bloquea las puertas del vehículo.","factions":[]}
{"action":31,"origin":"ch51715","date":"2023-12-21T01:04:23","phones":[],"objects":[],"characters":[],"vehicles":[29200],"interiors":[],"accounts":[],"content":"BLOQUEA DESDE DENTRO","factions":[]}
{"action":40,"origin":"ch51715","date":"2023-12-21T01:04:23","phones":[],"objects":[],"characters":[51715],"vehicles":[],"interiors":[],"accounts":[],"content":"Mohamen Nazal desbloquea las puertas del vehículo.","factions":[]}
{"action":31,"origin":"ch51715","date":"2023-12-21T01:04:23","phones":[],"objects":[],"characters":[],"vehicles":[29200],"interiors":[],"accounts":[],"content":"DESBLOQUEA DESDE EL INTERIOR","factions":[]}
{"action":40,"origin":"ch51715","date":"2023-12-21T01:04:23","phones":[],"objects":[],"characters":[51715],"vehicles":[],"interiors":[],"accounts":[],"content":"Mohamen Nazal bloquea las puertas del vehículo.","factions":[]}
{"action":31,"origin":"ch51715","date":"2023-12-21T01:04:23","phones":[],"objects":[],"characters":[],"vehicles":[29200],"interiors":[],"accounts":[],"content":"BLOQUEA DESDE DENTRO","factions":[]}
{"action":40,"origin":"ch51715","date":"2023-12-21T01:04:24","phones":[],"objects":[],"characters":[51715],"vehicles":[],"interiors":[],"accounts":[],"content":"Mohamen Nazal desbloquea las puertas del vehículo.","factions":[]}
{"action":31,"origin":"ch51715","date":"2023-12-21T01:04:24","phones":[],"objects":[],"characters":[],"vehicles":[29200],"interiors":[],"accounts":[],"content":"DESBLOQUEA DESDE EL INTERIOR","factions":[]}
{"action":26,"origin":"ch51715","date":"2023-12-21T01:05:01","phones":[],"objects":[],"characters":[51715],"vehicles":[],"interiors":[],"accounts":[],"content":"Purchase logs: FREE GAMECOINS AWARD! (FABIANCETOX) - Cost: 10000 GCs","factions":[]}
{"action":4,"origin":"ch51711","date":"2023-12-21T01:05:01","phones":[],"objects":[],"characters":[51715],"vehicles":[],"interiors":[],"accounts":[],"content":"givegc GCs: 10000 Reason: Maquinon","factions":[]}
{"action":26,"origin":"ch51715","date":"2023-12-21T01:06:05","phones":[],"objects":[],"characters":[51715],"vehicles":[],"interiors":[],"accounts":[],"content":"Purchase logs: Customized country flags typing icon - Cost: -150 GCs","factions":[]}
{"action":26,"origin":"ch51715","date":"2023-12-21T01:06:42","phones":[],"objects":[],"characters":[51715],"vehicles":[],"interiors":[],"accounts":[],"content":"Purchase logs: Unique character selection screen (Grove St) - Cost: -750 GCs","factions":[]}
{"action":26,"origin":"ch51715","date":"2023-12-21T01:07:03","phones":[],"objects":[],"characters":[51715],"vehicles":[],"interiors":[],"accounts":[],"content":"Purchase logs: Toggle-able golden nametag - Cost: -50 GCs","factions":[]}
{"action":27,"origin":"ac131905","date":"2023-12-21T01:07:45","phones":[],"objects":[],"characters":[0],"vehicles":[],"interiors":[],"accounts":[131905],"content":"Went to character selection","factions":[]}
{"action":27,"origin":"ac131905","date":"2023-12-21T01:07:57","phones":[],"objects":[],"characters":[51715],"vehicles":[],"interiors":[],"accounts":[131905],"content":"Spawned","factions":[]}
{"action":4,"origin":"ch51711","date":"2023-12-21T01:08:59","phones":[],"objects":[],"characters":[51711],"vehicles":[],"interiors":[],"accounts":[],"content":"ANN All vehicles repaired by Admin Danny_Occean.","factions":[]}
{"action":27,"origin":"ac131903","date":"2023-12-21T01:11:38","phones":[],"objects":[],"characters":[51711],"vehicles":[],"interiors":[],"accounts":[131903],"content":"Disconnected (Quit) (Name: Danny_Occean)","factions":[]}
{"action":27,"origin":"ac131905","date":"2023-12-21T01:11:40","phones":[],"objects":[],"characters":[51715],"vehicles":[],"interiors":[],"accounts":[131905],"content":"Disconnected (Quit) (Name: Mohamen_Nazal)","factions":[]}
{"action":27,"origin":"ac131903","date":"2023-12-21T20:29:50","phones":[],"objects":[],"characters":[],"vehicles":[],"interiors":[],"accounts":[131903],"content":"Connected from 192.168.56.1 - 7CFC369BF14E7B5B0D5192186B1891F2","factions":[]}
{"action":27,"origin":"ac131903","date":"2023-12-21T20:29:58","phones":[],"objects":[],"characters":[51711],"vehicles":[],"interiors":[],"accounts":[131903],"content":"Spawned","factions":[]}
{"action":40,"origin":"ch51711","date":"2023-12-21T20:30:02","phones":[],"objects":[],"characters":[51711],"vehicles":[],"interiors":[],"accounts":[],"content":"Danny Occean pierna derecha fue golpeada.","factions":[]}
{"action":4,"origin":"ch51711","date":"2023-12-21T20:30:12","phones":[],"objects":[],"characters":[51711],"vehicles":[],"interiors":[],"accounts":[],"content":"SETHP 100","factions":[]}
{"action":40,"origin":"ch51711","date":"2023-12-22T02:48:44","phones":[],"objects":[],"characters":[51711],"vehicles":[],"interiors":[],"accounts":[],"content":"Danny Occean pierna derecha fue golpeada.","factions":[]}
