{"action":27,"origin":"ac131903","date":"2024-01-27T00:03:22","phones":[],"objects":[],"characters":[],"vehicles":[],"interiors":[],"accounts":[131903],"content":"Conectado desde 192.168.56.1 - 7CFC369BF14E7B5B0D5192186B1891F2","factions":[]}
{"action":27,"origin":"ac131903","date":"2024-01-27T00:03:38","phones":[],"objects":[],"characters":[51711],"vehicles":[],"interiors":[],"accounts":[131903],"content":"Spawned","factions":[]}
{"action":27,"origin":"ac131903","date":"2024-01-27T00:11:06","phones":[],"objects":[],"characters":[0],"vehicles":[],"interiors":[],"accounts":[131903],"content":"Fue a la selección de personajes.","factions":[]}
{"action":27,"origin":"ac131903","date":"2024-01-27T00:11:22","phones":[],"objects":[],"characters":[],"vehicles":[],"interiors":[],"accounts":[131903],"content":"Conectado desde 192.168.56.1 - 7CFC369BF14E7B5B0D5192186B1891F2","factions":[]}
{"action":27,"origin":"ac131903","date":"2024-01-27T00:11:36","phones":[],"objects":[],"characters":[51720],"vehicles":[],"interiors":[],"accounts":[131903],"content":"Creada","factions":[]}
{"action":27,"origin":"ac131903","date":"2024-01-27T00:11:36","phones":[],"objects":[],"characters":[51720],"vehicles":[],"interiors":[],"accounts":[131903],"content":"Spawned","factions":[]}
{"action":27,"origin":"ac131903","date":"2024-01-27T00:12:30","phones":[],"objects":[],"characters":[0],"vehicles":[],"interiors":[],"accounts":[131903],"content":"Fue a la selección de personajes.","factions":[]}
{"action":27,"origin":"ac131903","date":"2024-01-27T00:13:44","phones":[],"objects":[],"characters":[],"vehicles":[],"interiors":[],"accounts":[131903],"content":"Conectado desde 192.168.56.1 - 7CFC369BF14E7B5B0D5192186B1891F2","factions":[]}
{"action":27,"origin":"ac131903","date":"2024-01-27T00:13:57","phones":[],"objects":[],"characters":[51721],"vehicles":[],"interiors":[],"accounts":[131903],"content":"Creada","factions":[]}
{"action":27,"origin":"ac131903","date":"2024-01-27T00:13:57","phones":[],"objects":[],"characters":[51721],"vehicles":[],"interiors":[],"accounts":[131903],"content":"Spawned","factions":[]}
{"action":27,"origin":"ac131903","date":"2024-01-27T01:07:01","phones":[],"objects":[],"characters":[51721],"vehicles":[],"interiors":[],"accounts":[131903],"content":"Desconectado (Quit) (Nombre: Daniel_Rios)","factions":[]}
{"action":27,"origin":"ac131903","date":"2024-01-27T03:04:16","phones":[],"objects":[],"characters":[],"vehicles":[],"interiors":[],"accounts":[131903],"content":"Conectado desde 25.18.135.60 - 7CFC369BF14E7B5B0D5192186B1891F2","factions":[]}
{"action":27,"origin":"ac131903","date":"2024-01-27T03:08:31","phones":[],"objects":[],"characters":[0],"vehicles":[],"interiors":[],"accounts":[131903],"content":"Desconectado (Quit) (Nombre: CLStreet.Player.0879)","factions":[]}
{"action":27,"origin":"ac131903","date":"2024-01-27T03:29:51","phones":[],"objects":[],"characters":[],"vehicles":[],"interiors":[],"accounts":[131903],"content":"Conectado desde 25.18.135.60 - 7CFC369BF14E7B5B0D5192186B1891F2","factions":[]}
{"action":27,"origin":"ac131903","date":"2024-01-27T03:30:48","phones":[],"objects":[],"characters":[51722],"vehicles":[],"interiors":[],"accounts":[131903],"content":"Creada","factions":[]}
{"action":27,"origin":"ac131903","date":"2024-01-27T03:30:48","phones":[],"objects":[],"characters":[51722],"vehicles":[],"interiors":[],"accounts":[131903],"content":"Spawned","factions":[]}
{"action":6,"origin":"ch51722","date":"2024-01-27T03:36:11","phones":[],"objects":[],"characters":[51722],"vehicles":[],"interiors":[],"accounts":[],"content":"VEH 325 created with ID -1","factions":[]}
{"action":31,"origin":"ch51722","date":"2024-01-27T03:36:16","phones":[],"objects":[],"characters":[51722],"vehicles":[-1],"interiors":[],"accounts":[],"content":"STARTED ENGINE","factions":[]}
{"action":27,"origin":"ac131903","date":"2024-01-27T03:38:50","phones":[],"objects":[],"characters":[51722],"vehicles":[],"interiors":[],"accounts":[131903],"content":"Desconectado (Quit) (Nombre: Juanito_Pereira)","factions":[]}
{"action":27,"origin":"ac131903","date":"2024-01-27T15:15:41","phones":[],"objects":[],"characters":[],"vehicles":[],"interiors":[],"accounts":[131903],"content":"Conectado desde 192.168.56.1 - 7CFC369BF14E7B5B0D5192186B1891F2","factions":[]}
{"action":27,"origin":"ac131903","date":"2024-01-27T15:16:41","phones":[],"objects":[],"characters":[51711],"vehicles":[],"interiors":[],"accounts":[131903],"content":"Spawned","factions":[]}
{"action":27,"origin":"ac131903","date":"2024-01-27T15:40:05","phones":[],"objects":[],"characters":[51711],"vehicles":[],"interiors":[],"accounts":[131903],"content":"Desconectado (Quit) (Nombre: Danny_Occean)","factions":[]}
{"action":27,"origin":"ac131903","date":"2024-01-27T15:42:19","phones":[],"objects":[],"characters":[],"vehicles":[],"interiors":[],"accounts":[131903],"content":"Conectado desde 192.168.56.1 - 7CFC369BF14E7B5B0D5192186B1891F2","factions":[]}
{"action":27,"origin":"ac131903","date":"2024-01-27T15:42:36","phones":[],"objects":[],"characters":[51711],"vehicles":[],"interiors":[],"accounts":[131903],"content":"Spawned","factions":[]}
{"action":6,"origin":"ch51711","date":"2024-01-27T15:42:44","phones":[],"objects":[],"characters":[51711],"vehicles":[],"interiors":[],"accounts":[],"content":"VEH 358 created with ID -1","factions":[]}
{"action":31,"origin":"ch51711","date":"2024-01-27T15:42:50","phones":[],"objects":[],"characters":[51711],"vehicles":[-1],"interiors":[],"accounts":[],"content":"STARTED ENGINE","factions":[]}
{"action":27,"origin":"ac131903","date":"2024-01-27T16:03:46","phones":[],"objects":[],"characters":[51711],"vehicles":[],"interiors":[],"accounts":[131903],"content":"Desconectado (Quit) (Nombre: Danny_Occean)","factions":[]}
{"action":27,"origin":"ac131903","date":"2024-01-27T16:04:17","phones":[],"objects":[],"characters":[],"vehicles":[],"interiors":[],"accounts":[131903],"content":"Conectado desde 192.168.56.1 - 7CFC369BF14E7B5B0D5192186B1891F2","factions":[]}
{"action":27,"origin":"ac131903","date":"2024-01-27T16:04:25","phones":[],"objects":[],"characters":[51711],"vehicles":[],"interiors":[],"accounts":[131903],"content":"Spawned","factions":[]}
{"action":40,"origin":"ch51711","date":"2024-01-27T16:39:40","phones":[],"objects":[],"characters":[51711],"vehicles":[],"interiors":[],"accounts":[],"content":"Danny Occean pierna derecha fue golpeada.","factions":[]}
{"action":4,"origin":"ch51711","date":"2024-01-27T16:39:58","phones":[],"objects":[],"characters":[51711],"vehicles":[],"interiors":[],"accounts":[],"content":"SETHP 100","factions":[]}
{"action":39,"origin":"ch51711","date":"2024-01-27T16:47:07","phones":[],"objects":[],"characters":[51711],"vehicles":[],"interiors":[],"accounts":[],"content":"Danny_Occean -> ~World #875645 - Shell Casing - .45 casing @ (2509.884, -1958.5685, 12.4) in (int 0, dim 0)","factions":[]}
{"action":6,"origin":"ch51711","date":"2024-01-27T16:49:52","phones":[],"objects":[],"characters":[51711],"vehicles":[],"interiors":[],"accounts":[],"content":"VEH 1008 created with ID -2","factions":[]}
{"action":31,"origin":"ch51711","date":"2024-01-27T16:49:58","phones":[],"objects":[],"characters":[51711],"vehicles":[-2],"interiors":[],"accounts":[],"content":"STARTED ENGINE","factions":[]}
{"action":27,"origin":"ac131903","date":"2024-01-27T17:09:09","phones":[],"objects":[],"characters":[0],"vehicles":[],"interiors":[],"accounts":[131903],"content":"Fue a la selección de personajes.","factions":[]}
{"action":27,"origin":"ac131903","date":"2024-01-27T17:09:16","phones":[],"objects":[],"characters":[51711],"vehicles":[],"interiors":[],"accounts":[131903],"content":"Spawned","factions":[]}
{"action":27,"origin":"ac131903","date":"2024-01-27T17:10:22","phones":[],"objects":[],"characters":[51711],"vehicles":[],"interiors":[],"accounts":[131903],"content":"Desconectado (Quit) (Nombre: Danny_Occean)","factions":[]}
{"action":27,"origin":"ac131903","date":"2024-01-27T17:11:16","phones":[],"objects":[],"characters":[],"vehicles":[],"interiors":[],"accounts":[131903],"content":"Conectado desde 192.168.56.1 - 7CFC369BF14E7B5B0D5192186B1891F2","factions":[]}
{"action":27,"origin":"ac131903","date":"2024-01-27T17:11:41","phones":[],"objects":[],"characters":[],"vehicles":[],"interiors":[],"accounts":[131903],"content":"Conectado desde 192.168.56.1 - 7CFC369BF14E7B5B0D5192186B1891F2","factions":[]}
{"action":27,"origin":"ac131903","date":"2024-01-27T17:11:48","phones":[],"objects":[],"characters":[51711],"vehicles":[],"interiors":[],"accounts":[131903],"content":"Spawned","factions":[]}
{"action":27,"origin":"ac131903","date":"2024-01-27T17:13:29","phones":[],"objects":[],"characters":[0],"vehicles":[],"interiors":[],"accounts":[131903],"content":"Fue a la selección de personajes.","factions":[]}
{"action":27,"origin":"ac131903","date":"2024-01-27T17:13:37","phones":[],"objects":[],"characters":[51711],"vehicles":[],"interiors":[],"accounts":[131903],"content":"Spawned","factions":[]}
{"action":27,"origin":"ac131903","date":"2024-01-27T17:20:45","phones":[],"objects":[],"characters":[0],"vehicles":[],"interiors":[],"accounts":[131903],"content":"Fue a la selección de personajes.","factions":[]}
{"action":27,"origin":"ac131903","date":"2024-01-27T17:20:52","phones":[],"objects":[],"characters":[51711],"vehicles":[],"interiors":[],"accounts":[131903],"content":"Spawned","factions":[]}
{"action":27,"origin":"ac131903","date":"2024-01-27T17:23:16","phones":[],"objects":[],"characters":[0],"vehicles":[],"interiors":[],"accounts":[131903],"content":"Fue a la selección de personajes.","factions":[]}
{"action":27,"origin":"ac131903","date":"2024-01-27T17:23:23","phones":[],"objects":[],"characters":[51711],"vehicles":[],"interiors":[],"accounts":[131903],"content":"Spawned","factions":[]}
{"action":27,"origin":"ac131903","date":"2024-01-27T17:23:47","phones":[],"objects":[],"characters":[0],"vehicles":[],"interiors":[],"accounts":[131903],"content":"Fue a la selección de personajes.","factions":[]}
{"action":27,"origin":"ac131903","date":"2024-01-27T17:23:54","phones":[],"objects":[],"characters":[51711],"vehicles":[],"interiors":[],"accounts":[131903],"content":"Spawned","factions":[]}
{"action":4,"origin":"ch51711","date":"2024-01-27T17:27:53","phones":[],"objects":[],"characters":[51711],"vehicles":[],"interiors":[],"accounts":[],"content":"GIVEITEM Portable GPS 1","factions":[]}
{"action":27,"origin":"ac131903","date":"2024-01-27T17:29:28","phones":[],"objects":[],"characters":[0],"vehicles":[],"interiors":[],"accounts":[131903],"content":"Fue a la selección de personajes.","factions":[]}
{"action":27,"origin":"ac131903","date":"2024-01-27T17:29:46","phones":[],"objects":[],"characters":[51723],"vehicles":[],"interiors":[],"accounts":[131903],"content":"Creada","factions":[]}
{"action":27,"origin":"ac131903","date":"2024-01-27T17:29:47","phones":[],"objects":[],"characters":[51723],"vehicles":[],"interiors":[],"accounts":[131903],"content":"Spawned","factions":[]}
{"action":27,"origin":"ac131903","date":"2024-01-27T17:29:58","phones":[],"objects":[],"characters":[51723],"vehicles":[],"interiors":[],"accounts":[131903],"content":"Desconectado (Quit) (Nombre: Javier_Olivares)","factions":[]}
{"action":27,"origin":"ac131903","date":"2024-01-27T17:30:45","phones":[],"objects":[],"characters":[],"vehicles":[],"interiors":[],"accounts":[131903],"content":"Conectado desde 192.168.56.1 - 7CFC369BF14E7B5B0D5192186B1891F2","factions":[]}
{"action":27,"origin":"ac131903","date":"2024-01-27T17:31:57","phones":[],"objects":[],"characters":[51724],"vehicles":[],"interiors":[],"accounts":[131903],"content":"Creada","factions":[]}
{"action":27,"origin":"ac131903","date":"2024-01-27T17:31:57","phones":[],"objects":[],"characters":[51724],"vehicles":[],"interiors":[],"accounts":[131903],"content":"Spawned","factions":[]}
{"action":6,"origin":"ch51724","date":"2024-01-27T17:34:45","phones":[],"objects":[],"characters":[51724],"vehicles":[],"interiors":[],"accounts":[],"content":"VEH 1005 created with ID -3","factions":[]}
{"action":31,"origin":"ch51724","date":"2024-01-27T17:34:50","phones":[],"objects":[],"characters":[51724],"vehicles":[-3],"interiors":[],"accounts":[],"content":"STARTED ENGINE","factions":[]}
{"action":6,"origin":"ch51724","date":"2024-01-27T17:35:32","phones":[],"objects":[],"characters":[51724],"vehicles":[-3],"interiors":[],"accounts":[],"content":"FIXVEH","factions":[]}
{"action":6,"origin":"ch51724","date":"2024-01-27T17:36:20","phones":[],"objects":[],"characters":[51724],"vehicles":[-3],"interiors":[],"accounts":[],"content":"FIXVEH","factions":[]}
{"action":6,"origin":"ch51724","date":"2024-01-27T17:36:22","phones":[],"objects":[],"characters":[51724],"vehicles":[-3],"interiors":[],"accounts":[],"content":"FIXVEH","factions":[]}
{"action":6,"origin":"ch51724","date":"2024-01-27T17:37:13","phones":[],"objects":[],"characters":[51724],"vehicles":[-3],"interiors":[],"accounts":[],"content":"FIXVEH","factions":[]}
{"action":27,"origin":"ac131903","date":"2024-01-27T18:13:43","phones":[],"objects":[],"characters":[0],"vehicles":[],"interiors":[],"accounts":[131903],"content":"Fue a la selección de personajes.","factions":[]}
{"action":27,"origin":"ac131903","date":"2024-01-27T18:13:48","phones":[],"objects":[],"characters":[51711],"vehicles":[],"interiors":[],"accounts":[131903],"content":"Spawned","factions":[]}
{"action":6,"origin":"ch51711","date":"2024-01-27T18:20:42","phones":[],"objects":[],"characters":[],"vehicles":[29174],"interiors":[],"accounts":[],"content":"DELVEH","factions":[]}
{"action":6,"origin":"ch51711","date":"2024-01-27T18:21:00","phones":[],"objects":[],"characters":[51711],"vehicles":[-2],"interiors":[],"accounts":[],"content":"FIXVEH","factions":[]}
{"action":6,"origin":"ch51711","date":"2024-01-27T18:22:29","phones":[],"objects":[],"characters":[51711],"vehicles":[-2],"interiors":[],"accounts":[],"content":"FIXVEH","factions":[]}
{"action":40,"origin":"ch51711","date":"2024-01-27T18:23:34","phones":[],"objects":[],"characters":[51711],"vehicles":[],"interiors":[],"accounts":[],"content":"Danny Occean wraps a red bandana around their head.","factions":[]}
{"action":40,"origin":"ch51711","date":"2024-01-27T18:23:35","phones":[],"objects":[],"characters":[51711],"vehicles":[],"interiors":[],"accounts":[],"content":"Danny Occean removes a red bandana from their head.","factions":[]}
{"action":4,"origin":"ch51711","date":"2024-01-27T18:37:43","phones":[],"objects":[],"characters":[51711],"vehicles":[],"interiors":[],"accounts":[],"content":"GIVEMONEY 15000","factions":[]}
{"action":40,"origin":"ch51711","date":"2024-01-27T18:37:50","phones":[],"objects":[],"characters":[51711],"vehicles":[],"interiors":[],"accounts":[],"content":"Danny Occean pierna izquierda fue golpeada.","factions":[]}
{"action":4,"origin":"ch51711","date":"2024-01-27T18:44:00","phones":[],"objects":[],"characters":[51711],"vehicles":[],"interiors":[],"accounts":[],"content":"SETHP 100","factions":[]}
{"action":40,"origin":"ch51711","date":"2024-01-27T19:37:14","phones":[],"objects":[],"characters":[51711],"vehicles":[],"interiors":[],"accounts":[],"content":"Danny Occean pierna izquierda fue golpeada.","factions":[]}
{"action":4,"origin":"ch51711","date":"2024-01-27T19:37:26","phones":[],"objects":[],"characters":[51711],"vehicles":[],"interiors":[],"accounts":[],"content":"SETHP 100","factions":[]}
{"action":27,"origin":"ac131903","date":"2024-01-27T21:09:52","phones":[],"objects":[],"characters":[51711],"vehicles":[],"interiors":[],"accounts":[131903],"content":"Desconectado (Quit) (Nombre: Danny_Occean)","factions":[]}
{"action":27,"origin":"ac131903","date":"2024-01-27T21:11:18","phones":[],"objects":[],"characters":[],"vehicles":[],"interiors":[],"accounts":[131903],"content":"Conectado desde 192.168.56.1 - 7CFC369BF14E7B5B0D5192186B1891F2","factions":[]}
{"action":27,"origin":"ac131903","date":"2024-01-27T21:11:25","phones":[],"objects":[],"characters":[51711],"vehicles":[],"interiors":[],"accounts":[131903],"content":"Spawned","factions":[]}
{"action":6,"origin":"ch51711","date":"2024-01-27T21:12:26","phones":[],"objects":[],"characters":[51711],"vehicles":[],"interiors":[],"accounts":[],"content":"VEH 1008 created with ID -4","factions":[]}
{"action":31,"origin":"ch51711","date":"2024-01-27T21:12:32","phones":[],"objects":[],"characters":[51711],"vehicles":[-4],"interiors":[],"accounts":[],"content":"STARTED ENGINE","factions":[]}
{"action":6,"origin":"ch51711","date":"2024-01-27T21:13:30","phones":[],"objects":[],"characters":[51711],"vehicles":[-4],"interiors":[],"accounts":[],"content":"FIXVEH","factions":[]}
{"action":27,"origin":"ac131903","date":"2024-01-27T21:52:12","phones":[],"objects":[],"characters":[51711],"vehicles":[],"interiors":[],"accounts":[131903],"content":"Desconectado (Quit) (Nombre: Danny_Occean)","factions":[]}
{"action":27,"origin":"ac131903","date":"2024-01-27T21:54:54","phones":[],"objects":[],"characters":[],"vehicles":[],"interiors":[],"accounts":[131903],"content":"Conectado desde 192.168.56.1 - 7CFC369BF14E7B5B0D5192186B1891F2","factions":[]}
{"action":27,"origin":"ac131903","date":"2024-01-27T21:55:08","phones":[],"objects":[],"characters":[51711],"vehicles":[],"interiors":[],"accounts":[131903],"content":"Spawned","factions":[]}
{"action":27,"origin":"ac131903","date":"2024-01-27T21:59:50","phones":[],"objects":[],"characters":[51711],"vehicles":[],"interiors":[],"accounts":[131903],"content":"Desconectado (Quit) (Nombre: Danny_Occean)","factions":[]}
{"action":27,"origin":"ac131903","date":"2024-01-28T02:15:39","phones":[],"objects":[],"characters":[],"vehicles":[],"interiors":[],"accounts":[131903],"content":"Conectado desde 192.168.56.1 - 7CFC369BF14E7B5B0D5192186B1891F2","factions":[]}
